[ T-Track ]
    title = [t-track] in r-z mesh
     mesh =  r-z            # mesh type is r-z scoring mesh
       x0 =   0.000000      # center x-position of r-z mesh
       y0 =   0.000000      # center y-position of r-z mesh
   r-type =    2            # r-mesh is linear given by rmin, rmax and nr
     rmin =   0.000000      # minimum value of r-mesh points
     rmax =   5.500000      # maximum value of r-mesh points
#    rdel =   5.500000      # mesh width of r-mesh points
       nr =      1          # number of r-mesh points
#    data = ( r(i), i = 1, nr + 1 )
#           0.00000E+00  5.50000E+00
   z-type =    2            # z-mesh is linear given by zmin, zmax and nz
     zmin =  -41.00000      # minimum value of z-mesh points
     zmax =   15.00000      # maximum value of z-mesh points
#    zdel =   1.217391      # mesh width of z-mesh points
       nz =     46          # number of z-mesh points
#    data = ( z(i), i = 1, nz + 1 )
#          -4.10000E+01 -3.97826E+01 -3.85652E+01 -3.73478E+01 -3.61304E+01
#          -3.49130E+01 -3.36957E+01 -3.24783E+01 -3.12609E+01 -3.00435E+01
#          -2.88261E+01 -2.76087E+01 -2.63913E+01 -2.51739E+01 -2.39565E+01
#          -2.27391E+01 -2.15217E+01 -2.03043E+01 -1.90870E+01 -1.78696E+01
#          -1.66522E+01 -1.54348E+01 -1.42174E+01 -1.30000E+01 -1.17826E+01
#          -1.05652E+01 -9.34783E+00 -8.13043E+00 -6.91304E+00 -5.69565E+00
#          -4.47826E+00 -3.26087E+00 -2.04348E+00 -8.26087E-01  3.91304E-01
#           1.60870E+00  2.82609E+00  4.04348E+00  5.26087E+00  6.47826E+00
#           7.69565E+00  8.91304E+00  1.01304E+01  1.13478E+01  1.25652E+01
#           1.37826E+01  1.50000E+01
     trcl =   2004          # transform ID
   e-type =    2            # e-mesh is linear given by emin, emax and ne
     emin =   0.000000      # minimum value of e-mesh points
     emax =   1000.000      # maximum value of e-mesh points
#    edel =   1000.000      # mesh width of e-mesh points
       ne =      1          # number of e-mesh points
#    data = ( e(i), i = 1, ne + 1 )
#           0.00000E+00  1.00000E+03
     unit =    1            # unit is [1/cm^2/source]
 material =  all            # (D=all) number of specific material
     axis =       z            # axis of output
     file = total_neutron_flux.out  # file name of output for the above axis
     part =  neutron  
# kf/name :  2112     
    gshow =    1            # 0: no 1:bnd, 2:bnd+mat, 3:bnd+reg 4:bnd+lat 5:bmp style
    ginfo =    1            # (D=0) 0:no, 1:show in graph, 2:add file
    resol =    1            # (D=1) resolution of gshow or rshow
    width = 0.5000000       # (D=0.5) width of lines for gshow or rshow
   epsout =    1            # (D=0) generate eps file by ANGEL
#    used :        main (  %)        temp (  %)       total (  %)
#  memory :          55 (  0)           0 (  0)          55 (  0)

#------------------------------------------------------------------------------
#newpage:
#   no. =  1   ie  =  1   ir  =  1
#   e = (   0.0000E+00  -   1.0000E+03  )
#   r = (   0.0000E+00  -   5.5000E+00  )

x: z [cm]
y: Flux [1/cm^2/source]              
p: xlin ylog afac(0.8) form(0.9)
h: n            x            y(neutron ),hh0l n  
#  z-lower      z-upper        neutron   r.err 
  -4.1000E+01  -3.9783E+01   1.9921E+10  0.0161
  -3.9783E+01  -3.8565E+01   1.6889E+10  0.0223
  -3.8565E+01  -3.7348E+01   1.6961E+10  0.0225
  -3.7348E+01  -3.6130E+01   1.6691E+10  0.0229
  -3.6130E+01  -3.4913E+01   1.5937E+10  0.0234
  -3.4913E+01  -3.3696E+01   1.5220E+10  0.0237
  -3.3696E+01  -3.2478E+01   1.4208E+10  0.0245
  -3.2478E+01  -3.1261E+01   1.3157E+10  0.0251
  -3.1261E+01  -3.0043E+01   1.1696E+10  0.0254
  -3.0043E+01  -2.8826E+01   1.0647E+10  0.0272
  -2.8826E+01  -2.7609E+01   9.4243E+09  0.0273
  -2.7609E+01  -2.6391E+01   8.1441E+09  0.0282
  -2.6391E+01  -2.5174E+01   6.7608E+09  0.0291
  -2.5174E+01  -2.3957E+01   5.4613E+09  0.0291
  -2.3957E+01  -2.2739E+01   4.0910E+09  0.0291
  -2.2739E+01  -2.1522E+01   3.2274E+09  0.0319
  -2.1522E+01  -2.0304E+01   2.6695E+09  0.0364
  -2.0304E+01  -1.9087E+01   2.2143E+09  0.0398
  -1.9087E+01  -1.7870E+01   1.9880E+09  0.0489
  -1.7870E+01  -1.6652E+01   1.6655E+09  0.0477
  -1.6652E+01  -1.5435E+01   1.5830E+09  0.0511
  -1.5435E+01  -1.4217E+01   1.4551E+09  0.0525
  -1.4217E+01  -1.3000E+01   1.4034E+09  0.0559
  -1.3000E+01  -1.1783E+01   1.2827E+09  0.0607
  -1.1783E+01  -1.0565E+01   1.1939E+09  0.0816
  -1.0565E+01  -9.3478E+00   9.5079E+08  0.0998
  -9.3478E+00  -8.1304E+00   8.4997E+08  0.1142
  -8.1304E+00  -6.9130E+00   5.9450E+08  0.1409
  -6.9130E+00  -5.6957E+00   5.4156E+08  0.1438
  -5.6957E+00  -4.4783E+00   3.6953E+08  0.1843
  -4.4783E+00  -3.2609E+00   2.8126E+08  0.1868
  -3.2609E+00  -2.0435E+00   2.1415E+08  0.2123
  -2.0435E+00  -8.2609E-01   1.9699E+08  0.2324
  -8.2609E-01   3.9130E-01   1.7934E+08  0.2469
   3.9130E-01   1.6087E+00   1.1922E+08  0.2965
   1.6087E+00   2.8261E+00   8.9535E+07  0.2884
   2.8261E+00   4.0435E+00   8.4256E+07  0.2676
   4.0435E+00   5.2609E+00   5.5583E+07  0.3590
   5.2609E+00   6.4783E+00   5.4335E+07  0.3047
   6.4783E+00   7.6957E+00   5.3566E+07  0.3259
   7.6957E+00   8.9130E+00   2.3271E+07  0.3223
   8.9130E+00   1.0130E+01   1.7046E+07  0.3657
   1.0130E+01   1.1348E+01   1.4755E+07  0.3970
   1.1348E+01   1.2565E+01   1.3426E+07  0.4255
   1.2565E+01   1.3783E+01   1.2486E+07  0.4513
   1.3783E+01   1.5000E+01   1.3072E+07  0.4334

#   sum over    5.3219E+03   4.5352E+09

'no. =  1,  ie =  1,  ir =  1'
msuc: {\huge [t-track] in r-z mesh}
msdr: {\it plotted by \ANGEL \version}
msdl: {\it calculated by \PHITS  3.31}
wt: s(0.7)
\vspace{-3}
  emin  &=&   0.0000E+00 [MeV]
  emax  &=&   1.0000E+03 [MeV]
  rmin  &=&   0.0000E+00 [cm]
  rmax  &=&   5.5000E+00 [cm]
e:
 
# Information for Restart Calculation
# This calculation was newly started
# istdev =  2 # 1:Batch variance, 2:History variance
# resc2  = 4.27247102920542940E-09 # Total source weight or Total source weight / maxcas
# resc3  = 4.00000000000000000E+07 # Total history number or Total batch number
# maxcas =    10000000 # History / Batch, only used for istdev=1
# bitrseed = 0101001101111000100111010100100100100000111001011001010000100001 # bit data of rseed
