[ T-Deposit ]
    title = [t-deposit] in region mesh
     mesh =  reg            # mesh type is region-wise
      reg = 63 64 80 81 86 190 191 222 { 1001 - 1003 }
   volume                   # combined, lattice or level structure 
   non     reg      vol     # reg definition
    1       63   9.2000E+02 # 63
    2       64   6.9400E+02 # 64
    3       80   1.5600E+03 # 80
    4       81   1.8100E+03 # 81
    5       86   7.4000E+02 # 86
    6      190   2.3654E+02 # 190
    7      191   2.3654E+02 # 191
    8      222   1.4100E+03 # 222
    9     1001   8.1810E+00 # 1001
   10     1002   5.9560E+00 # 1002
   11     1003   8.3130E+00 # 1003
     unit =    0            # unit is [Gy/source]
   letmat =    0            # (D=0) mat ID for LET, 0:real mat, <0: electron for H2O
  dedxfnc =    0            # (D=0) user defined multiplier, 0(no), 1, 2
 material =  all            # (D=all) number of specific material
   output =  dose           # total deposit energy
  deposit =    0            # (D=0) 0-> total deposit dist, 1-> each process
     axis =   reg           # axis of output
     file = dose.out        # file name of output for the above axis
     part =  all        neutron    photon     proton    ( alpha      7Li      ) 
# kf/name :  0          2112       22         2212      ( 2000004    3000007  ) 
   epsout =    1            # (D=0) generate eps file by ANGEL
#    used :        main (  %)        temp (  %)       total (  %)
#  memory :          15 (  0)           0 (  0)          15 (  0)

#------------------------------------------------------------------------------
#newpage:
#   no. =  1

x: Serial Num. of Region
y: Dose [Gy/source]      
p: xlin ylog afac(0.8) form(0.9)
h:   x      n     n          y(all     ),l3 n   y(neutron ),d4r n   y(photon  ),u5b n   y(proton  ),m6g n   y(p5-group),q7rr n   
#  num    reg     volume       all       r.err      neutron   r.err      photon    r.err      proton    r.err      p5-group  r.err 
    1      63   9.2000E+02   3.1071E-04  0.3019   7.4469E-05  0.9639   2.3624E-04  0.2228   0.0000E+00  0.0000   0.0000E+00  0.0000
    2      64   6.9400E+02   6.6463E-04  0.0943   2.3099E-04  0.1836   4.3259E-04  0.0963   0.0000E+00  0.0000   0.0000E+00  0.0000
    3      80   1.5600E+03   1.9611E-03  0.1432   7.7521E-04  0.2901   1.1859E-03  0.1397   0.0000E+00  0.0000   0.0000E+00  0.0000
    4      81   1.8100E+03   3.0399E-04  0.2834   1.3391E-04  0.5863   1.7008E-04  0.2033   0.0000E+00  0.0000   0.0000E+00  0.0000
    5      86   7.4000E+02   2.0650E-03  0.2057   1.0239E-03  0.3801   1.0411E-03  0.1520   0.0000E+00  0.0000   0.0000E+00  0.0000
    6     190   2.3654E+02   5.1075E-03  0.1315   1.9574E-03  0.2939   3.1501E-03  0.1100   0.0000E+00  0.0000   0.0000E+00  0.0000
    7     191   2.3654E+02   3.8845E-04  0.4155   2.2871E-05  0.9098   3.6557E-04  0.4378   0.0000E+00  0.0000   0.0000E+00  0.0000
    8     222   1.4100E+03   4.5633E-04  0.0762   1.8456E-04  0.1393   2.7177E-04  0.0776   0.0000E+00  0.0000   0.0000E+00  0.0000
    9    1001   8.1810E+00   1.6572E-02  0.2327   1.0214E-02  0.3044   6.3584E-03  0.3152   0.0000E+00  0.0000   0.0000E+00  0.0000
   10    1002   5.9560E+00   7.3843E-03  0.2611   1.7885E-03  0.5335   5.5958E-03  0.2986   0.0000E+00  0.0000   0.0000E+00  0.0000
   11    1003   8.3130E+00   9.8242E-03  0.3462   5.8635E-03  0.5523   3.9607E-03  0.2616   0.0000E+00  0.0000   0.0000E+00  0.0000

#   sum over                 8.0894E+00           3.3098E+00           4.7789E+00           0.0000E+00           0.0000E+00

'no. =  1'
msuc: {\huge [t-deposit] in region mesh}
msdr: {\it plotted by \ANGEL \version}
msdl: {\it calculated by \PHITS  3.31}
 
# Information for Restart Calculation
# This calculation was newly started
# istdev =  2 # 1:Batch variance, 2:History variance
# resc2  = 2.76642499143853010E-09 # Total source weight or Total source weight / maxcas
# resc3  = 2.59000000000000000E+07 # Total history number or Total batch number
# maxcas =      100000 # History / Batch, only used for istdev=1
# bitrseed = 1011010011000000110001011010111100101000101101010011010110111011 # bit data of rseed
