** warning : in [transform] section,
   non-orthogonality of transformation.
   transform id =       3:  r =  0.15E-03 > 2.e-6
** warning : in [transform] section,
   non-orthogonality of transformation.
   transform id =       4:  r =  0.56E-04 > 2.e-6
           _________________________________________________________
          |                                                         |
          |       _/_/_/_/                                          |
          |      _/      _/                  _/_/_/_/_/_/           |
          |     _/      _/  _/      _/   _/      _/      _/_/_/_/_/ |
          |    _/_/_/_/    _/      _/   _/      _/      _/          |
          |   _/          _/_/_/_/_/   _/      _/       _/_/_/_/    |
          |  _/          _/      _/   _/      _/              _/    |
          | _/          _/      _/   _/      _/      _/_/_/_/_/     |
          |                                                         |
          |                                                         |
          |       Particle and Heavy Ion Transport code System      |
          |                      Version =  3.300                   |
          |                       developed by                      |
          |                                                         |
          |  Tatsuhiko SATO, Yosuke IWAMOTO, Shintaro HASHIMOTO,    |
          |    Tatsuhiko OGAWA, Takuya FURUTA, Shinichiro ABE,      |
          |    Takeshi KAI, Norihiro MATSUDA, Yusuke MATSUYA,       |
          | Yuho HIRATA, Lan YAO, Pi-En TSAI, Hunter RATLIFF (JAEA),|
          |                                                         |
          |            Hiroshi IWASE, Yasuhito SAKAKI (KEK),        |
          |                                                         |
          |           Nobuhiro SHIGYO (Kyushu University),          |
          |                                                         |
          |      Lembit SIHVER (Technische Universitat Wien), and   |
          |                                                         |
          |                     Koji NIITA (RIST)                   |
          |                                                         |
          |                 Last Revised  2023-01-10                |
          |_________________________________________________________|

                        Starting Date = 2023-04-04
                        Starting Time = 03h 37m 43

>>> Input Echo >>>=============================================================

[ Parameters ]
 icntl    =           0     # (D=0) 3:ECH 5:NOR 6:SRC 7,8:GSH 11:DSH 12:DUMP
 maxcas   =        1000     # (D=10) number of particles per one batch
 maxbch   =           1     # (D=10) number of batches

[ Source ]
  totfact =  6.24100E+15    # (D=1.0) global factor
   s-type =   1             # cylindrical source
     proj =  proton         # kind of incident particle         
       e0 =   30.000        # energy of beam [MeV/n]
       r0 =   0.0000        # radius [cm]
       x0 =   154.00        # (D=0.0) center position of x-axis [cm]
       y0 =  -10.000        # (D=0.0) center position of y-axis [cm]
       z0 =   0.0000        # minimum position of z-axis [cm]
       z1 =   0.0000        # maximum position of z-axis [cm]
      dir =   all           # z-direction of beam [isotropic]
     trcl =   2003          # transform ID

[ Material ]
MAT[ 1 ] 
            C        -1.2400000E-04
            N        -7.5526800E-01
            O        -2.3178100E-01
           Ar        -1.2827000E-02
MAT[ 2 ] 
            H        -7.3370000E-02
            C        -2.5475000E-01
            N        -3.0570000E-02
            O        -4.7893000E-01
            F        -2.5000000E-04
           Na        -3.2600000E-03
           Mg        -1.1200000E-03
           Si        -2.0000000E-05
            P        -5.0950000E-02
            S        -1.7300000E-03
           Cl        -1.4300000E-03
            K        -1.5300000E-03
           Ca        -1.0190000E-01
           Fe        -8.0000000E-05
           Zn        -5.0000000E-05
           Rb        -2.0000000E-05
           Sr        -3.0000000E-05
           Pb        -1.0000000E-05
MAT[ 4 ] 
            C        -1.2400000E-04
            N        -7.5526700E-01
            O        -2.3178100E-01
           Ar        -1.2827000E-02
MAT[ 5 ] 
            H        -8.8955000E-02
            C        -2.4069000E-01
            N        -2.7735000E-02
            O        -5.5709000E-01
            F        -1.2500000E-04
           Na        -2.1900000E-03
           Mg        -6.2500000E-04
           Si        -1.6000000E-04
            P        -2.6145000E-02
            S        -1.8850000E-03
           Cl        -1.3800000E-03
            K        -1.8050000E-03
           Ca        -5.1070000E-02
           Fe        -6.5000000E-05
           Zn        -4.0000000E-05
           Rb        -1.5000000E-05
           Sr        -1.5000000E-05
           Zr        -1.0000000E-05
           Pb        -5.0000000E-06
MAT[ 6 ] 
            H        -1.0700000E-01
            C        -1.4500000E-01
            N        -2.2000000E-02
            O        -7.1200000E-01
           Na        -2.0000000E-03
            P        -4.0000000E-03
            S        -2.0000000E-03
           Cl        -3.0000000E-03
            K        -3.0000000E-03
MAT[ 7 ] 
            H        -9.6000000E-02
            C        -1.9500000E-01
            N        -5.7000000E-02
            O        -6.4600000E-01
           Na        -1.0000000E-03
            P        -1.0000000E-03
            S        -3.0000000E-03
           Cl        -1.0000000E-03
MAT[ 8 ] 
            H        -9.6000000E-02
            C        -9.9000000E-02
            N        -2.2000000E-02
            O        -7.4400000E-01
           Na        -5.0000000E-03
            P        -2.2000000E-02
            S        -9.0000000E-03
           Cl        -3.0000000E-03
MAT[ 9 ] 
            H        -1.0500000E-01
            C        -2.5600000E-01
            N        -2.7000000E-02
            O        -6.0200000E-01
           Na        -1.0000000E-03
            P        -2.0000000E-03
            S        -3.0000000E-03
           Cl        -2.0000000E-03
            K        -2.0000000E-03
MAT[ 10 ] 
            H        -1.0400000E-01
            C        -1.1900000E-01
            N        -2.4000000E-02
            O        -7.4500000E-01
           Na        -2.0000000E-03
            P        -1.0000000E-03
            S        -1.0000000E-03
           Cl        -2.0000000E-03
            K        -1.0000000E-03
            I        -1.0000000E-03
MAT[ 11 ] 
            H        -1.0000000E-01
            C        -2.0400000E-01
            N        -4.2000000E-02
            O        -6.4500000E-01
           Na        -2.0000000E-03
            P        -1.0000000E-03
            S        -2.0000000E-03
           Cl        -3.0000000E-03
            K        -1.0000000E-03
MAT[ 12 ] 
            H        -1.0500000E-01
            C        -2.5600000E-01
            N        -2.7000000E-02
            O        -6.0200000E-01
           Na        -1.0000000E-03
            P        -2.0000000E-03
            S        -3.0000000E-03
           Cl        -2.0000000E-03
            K        -2.0000000E-03
MAT[ 13 ] 
            H        -1.0200000E-01
            C        -1.4300000E-01
            N        -3.4000000E-02
            O        -7.1000000E-01
           Na        -1.0000000E-03
            P        -2.0000000E-03
            S        -3.0000000E-03
           Cl        -1.0000000E-03
            K        -4.0000000E-03
MAT[ 14 ] 
            H        -1.0300000E-01
            C        -1.0500000E-01
            N        -3.1000000E-02
            O        -7.4900000E-01
           Na        -2.0000000E-03
            P        -2.0000000E-03
            S        -3.0000000E-03
           Cl        -3.0000000E-03
            K        -2.0000000E-03
MAT[ 15 ] 
            H        -1.0400000E-01
            C        -1.3900000E-01
            N        -2.9000000E-02
            O        -7.1800000E-01
           Na        -1.0000000E-03
            P        -2.0000000E-03
            S        -2.0000000E-03
           Cl        -2.0000000E-03
            K        -3.0000000E-03
MAT[ 16 ] 
            H        -1.0300000E-01
            C        -1.3200000E-01
            N        -3.0000000E-02
            O        -7.2400000E-01
           Na        -2.0000000E-03
            P        -2.0000000E-03
            S        -2.0000000E-03
           Cl        -2.0000000E-03
            K        -2.0000000E-03
           Ca        -1.0000000E-03
MAT[ 17 ] 
            H        -1.0300000E-01
            C        -1.8600000E-01
            N        -2.8000000E-02
            O        -6.7100000E-01
           Na        -2.0000000E-03
            P        -2.0000000E-03
            S        -3.0000000E-03
           Cl        -2.0000000E-03
            K        -3.0000000E-03
MAT[ 18 ] 
            H        -1.0600000E-01
            C        -1.6900000E-01
            N        -2.2000000E-02
            O        -6.9400000E-01
           Na        -2.0000000E-03
            P        -2.0000000E-03
            S        -1.0000000E-03
           Cl        -2.0000000E-03
            K        -2.0000000E-03
MAT[ 19 ] 
            H        -1.0300000E-01
            C        -1.1300000E-01
            N        -3.2000000E-02
            O        -7.4100000E-01
           Na        -1.0000000E-03
            P        -3.0000000E-03
            S        -2.0000000E-03
           Cl        -2.0000000E-03
            K        -3.0000000E-03
MAT[ 20 ] 
            H        -1.0600000E-01
            C        -1.1500000E-01
            N        -2.2000000E-02
            O        -7.5100000E-01
           Na        -1.0000000E-03
            P        -1.0000000E-03
            S        -1.0000000E-03
           Cl        -2.0000000E-03
            K        -1.0000000E-03
MAT[ 21 ] 
            H        -1.0500000E-01
            C        -9.6000000E-02
            N        -2.6000000E-02
            O        -7.6100000E-01
           Na        -2.0000000E-03
            P        -2.0000000E-03
            S        -2.0000000E-03
           Cl        -3.0000000E-03
            K        -3.0000000E-03
MAT[ 22 ] 
            H        -1.0600000E-01
            C        -9.9000000E-02
            N        -2.0000000E-02
            O        -7.6600000E-01
           Na        -2.0000000E-03
            P        -1.0000000E-03
            S        -2.0000000E-03
           Cl        -2.0000000E-03
            K        -2.0000000E-03
MAT[ 23 ] 
            H        -1.0500000E-01
            C        -9.3000000E-02
            N        -2.4000000E-02
            O        -7.6800000E-01
           Na        -2.0000000E-03
            P        -2.0000000E-03
            S        -2.0000000E-03
           Cl        -2.0000000E-03
            K        -2.0000000E-03
MAT[ 24 ] 
            H        -1.0600000E-01
            C        -3.1500000E-01
            N        -2.4000000E-02
            O        -5.4700000E-01
           Na        -1.0000000E-03
            P        -2.0000000E-03
            S        -2.0000000E-03
           Cl        -1.0000000E-03
            K        -2.0000000E-03
MAT[ 25 ] 
            H        -1.1600000E-01
            C        -5.1900000E-01
            O        -3.6500000E-01
MAT[ 2001 ] 
          9Be        -1.0000000E+00
MAT[ 2002 ] 
        206Pb        -2.4400000E-01
        207Pb        -2.2400000E-01
        208Pb        -5.3200000E-01
MAT[ 2003 ] 
        209Bi        -1.0000000E+00
MAT[ 2004 ] 
           1H        -5.2620000E-01
            C        -2.9690000E-01
          16O        -1.0070000E-01
          6Li        -7.2400000E-02
          7Li        -3.8000000E-03
MAT[ 2005 ] 
           Ni        -9.5000000E-01
         55Mn        -1.5000000E-02
           Fe        -1.0000000E-02
           Si        -5.0000000E-03
           Cu        -1.0000000E-02
          12C        -5.0000000E-03
           Ti        -5.0000000E-03
MAT[ 2006 ] 
           Pb        -3.3300000E-01
          19F        -6.6700000E-01
MAT[ 2007 ] 
         27Al        -1.0000000E+00
MAT[ 2008 ] 
          7Li        -2.6785000E-01
          19F        -7.3241500E-01
MAT[ 2009 ] 
          10B        -7.8261000E-01
          12C        -2.1739000E-01
MAT[ 2010 ] 
           1H        -8.1000000E-02
          12C        -4.6900000E-01
          10B        -4.5000000E-01

[ Cell ]
 1          11 -1.0900000E+00  ( ( -509 510 ) : -508 )
                              -501 513 ( 502 : 505 : 508 : ( -507 512 )
                              ) ( 506 : ( -511 512 ) : -513 )
                              ( -506 : 508 : -505 : ( -515 70 516 )
                              : ( 502 -501 -516 ) )
                              #8 #9 #2  vol=280.1 
 2           2 -1.4000000E+00  ( 522 -526 508 )
                              : ( 523 -527 524 528 -508 )
                              : ( -527 -524 528 -508 )  vol=364.6 
 3           2 -1.4000000E+00  -529 530 531 -532 -533  vol=31.2 
 4           2 -1.4000000E+00  ( -534 536 ( ( 535 -531 -533 )
                              : ( 537 -528 533 -525 ) )
                              )  vol=170.5 
 5           5 -1.2200000E+00  -538 532 -528 -533 539 540 ( 600 601 )
                              ( 602 603 ) ( 604 605 )
                              ( 606 607 )  vol=226.89 
 7           6 -1.0400000E+00  ( 508 -541 )
                              : ( -508 -542 543 )  vol=1467.6 
 8           7 -1.0700000E+00  -539  vol=7.6 
 9           7 -1.0700000E+00  -540  vol=7.6 
 12          4 -1.2050000E-03  ( -600
                              : -601
                              : -602
                              : -603
                              : -604 : -605 : -606 : -607 )  vol=38.605 
 13         13 -1.0500000E+00  -563 568 513 -565  vol=14.51985958 
 14          4 -1.2050000E-03  -564 513 -565  vol=49.763 
 15         13 -1.0500000E+00  -568 564 513 -565  vol=8.370140424 
 16          8 -1.1000000E+00  571 -558 559 -506  vol=3.906692150 
 17          4 -1.2050000E-03  -557 559 -506  vol=7.775 
 18          8 -1.1000000E+00  557 -571 559 -506  vol=2.141307850 
 19         12 -1.0300000E+00  572 -560 562 -559  vol=11.24032117 
 20          4 -1.2050000E-03  -561 562 -559  vol=19.925 
 21         12 -1.0300000E+00  561 -572 562 -559  vol=2.509678833 
 22         10 -1.0500000E+00  ( 1 -506 555 -548 549 -550 -554 )
                              : ( -1 -506 555 -548 549 -551 -554 )
                              : ( 1 556 -555 -548 549 552 -554 ( 559
                              : 560 ) )
                              : ( -1 556 -555 -548 549 553 -554 ( 559
                              : 560 )
                              )  vol=19.9 
 24          4 -1.2050000E-03  -608 -609 613 501 -624 ( -614
                              : 615 )  vol=4.4879 
 25         13 -1.0500000E+00  -611 -612 613 501 -624 ( -615 : 609 )
                              ( 614 : 608 )  vol=6.904 
 27         12 -1.0300000E+00  ( ( ( -537 536 -528 533 -525 )
                              : ( -533 -530 531 -532 )
                              : ( -533 -535 -531 536 ) ) ( ( 636 641 )
                              : -531 : 565 ) ( ( 637 642 )
                              : 638 : -536 ) ( ( 639 643 )
                              : -640 : 533 )
                              )  vol=252.2692308 
 56         12 -1.0300000E+00  ( ( ( -636 : -641 ) 531 -565 )
                              : ( ( -637 : -642 ) -638 536 )
                              : ( ( -639 : -643 ) 640 -533 )
                              )  vol=81.73076924 
 50         13 -1.0500000E+00  ( -510 : -508 )
                              -502 513 ( 507 : -512 : -513 )
                              ( -505 : 508 : -506 : -516 )
                              ( -522 : 526 : -508 )
                              ( -523 : 527 : -524 : -528 : 508 )
                              ( 527 : 524 : -528 : 508 )
                              ( 529 : -530 : -531 : 532 : 533 )
                              ( 534 : -535 : -536 : 531 : 533 )
                              ( 534 : -537 : -536 : 528 : -533 : 525 )
                              ( 538 : -532 : 528 : 533 : -539 : -540 )
                              ( 70 : 74 : -73 ) ( -508 : 541 )
                              ( 508 : 542 : -543 ) ( 539 540 )
                              ( 558 : -559 : 506 ) ( 560 : -562 : 559 )
                              ( 563 : -513 : 565 )
                              #22 #27 #56  vol=1361.68 
 60          2 -1.4000000E+00  -70 -74 73  vol=165.562 
 61          2 -1.4000000E+00  -70 -73 72  vol=548.208 
 62          2 -1.4000000E+00  -70 -72 71  vol=205.774 
 64          2 -1.4000000E+00  81 -80 ( ( 83 -82 ) : ( 85 -84 )
                              : ( 87 -86 ) : ( 89 -88 ) : ( 91 -90 )
                              : ( 93 -92 ) : ( 95 -94 ) : ( 97 -96 )
                              : ( 99 -98 ) : ( 101 -100 )
                              : ( 103 -102 ) : ( 105 -104 )
                              )  vol=694 
 65          2 -1.4000000E+00  -110 ( ( 111 -113 ) : ( -112 114 )
                              )  vol=54.7 
 67          2 -1.4000000E+00  80 -121 126 -127 ( ( 122 -124 )
                              : ( -123 125 )
                              )  vol=202 
 69          2 -1.4000000E+00  130 -131 132 3 -134 ( 135
                              : -133 )  vol=606 
 71          2 -1.4000000E+00  -142 143 ( -140 : -141 )  vol=360.6 
 72          2 -1.4000000E+00  144 -143 ( -140 : -141 )  vol=270.71 
 73          2 -1.4000000E+00  3 -144 ( -140 : -141 )  vol=324.29 
 75          2 -1.4000000E+00  -3 153 ( -150 : -151 )  vol=776.8 
 76          2 -1.4000000E+00  -153 154 ( -150 : -151 )  vol=1135.7 
 77          2 -1.4000000E+00  -154 152 ( -150 : -151 )  vol=885.7 
 78         12 -1.0300000E+00  ( 573 -616 -618 619 180 -562 1 )
                              : ( -620 574 -622 623 181 -562 -1 ) 
                              vol=12.34678 
 79          4 -1.2050000E-03  ( -617 -618 619 180 -562 1 )
                              : ( -621 -622 623 181 -562 -1 ) 
                              vol=13.53 
 82         12 -1.0300000E+00  ( 617 -573 -618 619 180 -562 1 )
                              : ( -574 621 -622 623 181 -562 -1 ) 
                              vol=3.01194 
 80         14 -3.5200000E-01  -180 182 ( 189 : 188 : 187 )  vol=1560 
 81         14 -3.5200000E-01  -181 182 ( -185
                              : 186 : 184 : -183 )  vol=1810 
 83         12 -1.0300000E+00  -195  vol=24.73061222 
 84         15 -1.0500000E+00  ( 200 ( ( -201 203 -202 ) : ( 205 -204 )
                              ) ) : ( -200 ( ( -201 211 -210 )
                              : ( 201 207 -206 ) : ( -201 -208 209 ) )
                              )  vol=303 
 85         15 -1.0500000E+00  ( 200 ( ( -201 -203 204 ) : ( -205 ) ) )
                              : ( -200 ( ( -201 -211 208 )
                              : ( 201 -207 ) : ( -201 -209 ) )
                              )  vol=437 
 89         12 -1.0300000E+00  214 -212  vol=6.76463438 
 90         12 -1.0300000E+00  214 -213  vol=6.76463438 
 98         16 -1.0400000E+00  ( -215 217 )  vol=143.98 
 99         16 -1.0400000E+00  ( -216 -218 )  vol=143.98 
 100        17 -1.0500000E+00  -240 -241 243 -242  vol=1830 
 102        12 -1.0300000E+00  ( -254 250 -251 )
                              : ( 254 -255 252 -253 )  vol=10.1 
 103        12 -1.0300000E+00  ( -254 -250 )
                              : ( 254 -252 -255 )  vol=53.6 
 106        18 -1.0400000E+00  -260 261 280 ( 262 : -263 )  vol=117.264 
 108        19 -1.0600000E+00  -270  vol=144.3121701 
 109        12 -1.0300000E+00  ( -406 408 242 -73 )  vol=6.775235850 
 110        12 -1.0300000E+00  ( -405 410 -411 )  vol=0.136 
 111        12 -1.0300000E+00  ( -407 406 242 -73 )
                              : ( -409 405 410 -411 70 ) 
                              vol=37.78876415 
 113         4 -1.2050000E-03  -408 242 -73  vol=8.856 
 114        20 -1.0300000E+00  -279 281  vol=52.729 
 115        20 -1.0300000E+00  -280 279  vol=99.271 
 116        20 -1.0300000E+00  -281  vol=250 
 119        20 -1.0300000E+00  -130 291 -292 293 -243 ( 300
                              : 303 : -293 ) ( 310 : 312 : -313 )
                              ( 320 : 303 : -293 )  vol=1060 
 120        20 -1.0300000E+00  ( -299 301 302 -303 )  vol=22.4520296 
 121        20 -1.0300000E+00  ( -300 299 302 -303 )  vol=68.75 
 122        20 -1.0300000E+00  ( -301 302 -303 )  vol=96.3 
 124        20 -1.0300000E+00  -309 311 -312 313 -1  vol=14.9305684 
 125        20 -1.0300000E+00  -310 309 -312 313 -1  vol=45.5694316 
 126        20 -1.0300000E+00  -311 -312 313 -1  vol=63.5 
 128        20 -1.0300000E+00  -309 311 -312 313 1  vol=14.9305684 
 129        20 -1.0300000E+00  -310 309 -312 313 1  vol=45.5694316 
 130        20 -1.0300000E+00  -311 -312 313 1  vol=63.5 
 132        20 -1.0300000E+00  ( -319 321 322 -303 )  vol=26.2342 
 133        20 -1.0300000E+00  ( -320 319 322 -303 )  vol=60.0758 
 134        20 -1.0300000E+00  ( -321 322 -303 )  vol=75.73 
 136        20 -1.0300000E+00  ( -328 331 322 )
                              : ( -329 333 -322 )  vol=12.03774000 
 137        20 -1.0300000E+00  ( -330 328 322 )
                              : ( -332 329 -322 )  vol=36.66920000 
 138        20 -1.0300000E+00  ( -331 322 )
                              : ( -333 -322 )  vol=54.320 
 140        20 -1.0300000E+00  -335 337 -322 3  vol=4.92719506 
 141        20 -1.0300000E+00  -336 335 -322 3  vol=14.14280494 
 142         4 -1.2050000E-03  -337 -322 3  vol=48.46 
 157        21 -1.0400000E+00  -342 341  vol=7.3330349 
 158        21 -1.0400000E+00  -340 342  vol=38.3669651 
 159        21 -1.0400000E+00  -341  vol=203 
 172        13 -1.0500000E+00  -3 32 ( -30 : -31 ) ( 3 : 150 : -152 )
                              ( 3 : 151 : -152 )  vol=18000 
 184        23 -1.0500000E+00  -360  vol=5.05 
 185        23 -1.0500000E+00  -361  vol=5.05 
 188        24 -1.0200000E+00  -363 364  vol=76 
 190        25 -9.4000000E-01  -371 10 #1001 #1002 #1003  vol=236.543 
 191        25 -9.4000000E-01  -373 10  vol=236.543 
 200        12 -1.0300000E+00  3 -73 -10 ( 70 : -71 : 73 )
                              ( 560 : -562 : 559 )
                              ( 80 : -81 : 82 : -83 )
                              ( 80 : -81 : 84 : -85 )
                              ( 80 : -81 : 86 : -87 )
                              ( 80 : -81 : 88 : -89 )
                              ( 80 : -81 : 90 : -91 )
                              ( 80 : -81 : 92 : -93 )
                              ( 80 : -81 : 94 : -95 )
                              ( 80 : -81 : 96 : -97 )
                              ( 80 : -81 : 98 : -99 )
                              ( 80 : -81 : 100 : -101 )
                              ( 80 : -81 : 102 : -103 )
                              ( 80 : -81 : 104 : -105 )
                              ( 110 : -111 : 113 ) ( 110 : 112 : -114 )
                              ( -80 : 121 : -122 : 124 : -126 : 127 )
                              ( -80 : 121 : 123 : -125 : -126 : 127 )
                              #69 ( -3 : 140 : 142 ) ( -3 : 141 : 142 )
                              ( 3 : 150 : -152 ) ( 3 : 151 : -152 )
                              ( 616 : 618 : -619 : 562 : -180 : -1 )
                              ( 620 : 622 : -623 : 562 : -181 : 1 )
                              ( 180 : -182 : ( -189 -188 -187 ) )
                              ( 181 : -182 : ( 185 -186 -184 183 ) )
                              195 #84 #85 ( 212 : -214 ) ( 213 : -214 )
                              ( 216 : 218 ) ( 215 : -217 )
                              ( 240 : 241 : 242 : -243 ) ( 254 : 251 )
                              ( -254 : 253 : 255 )
                              ( 260 : -261 : -280 : ( -262 263 ) )
                              270 ( 407 : -242 : 73 )
                              ( 409 : -410 : 411 )
                              280 ( 130 : -291 : 292 : -293 : 243 )
                              ( 293 : 300 : -302 ) ( 293 : 320 : -322 )
                              ( 330 : -322 ) ( 332 : 322 )
                              ( 336 : 322 : -3 )
                              339 340 360 361 ( 363
                              : -364 )  vol=31429.929 
 222        11 -1.0900000E+00  ( ( -384 -394 3 ( 10 : 73 : -3 ) )
                              : ( 10 ( ( -370 371 ) : ( -372 373 ) ) )
                              ) ( 511 : -73 : 394 ) ( -10 : 384 : 371 )
                              ( -10 : 384 : 373 )  vol=1410 
 226        11 -1.0900000E+00  -3 398 ( -390 : -392 ) ( 3 : 150 : -152 )
                              ( 3 : 151 : -152 ) ( 3 : -32 : 31 )
                              ( 3 : -32 : 30 )  vol=1190 
 230         4 -1.2050000E-03  -400 ( ( 501 : -513 : ( 509 508 ) )
                              : ( 501 : -513 : ( -506 511 513 ) )
                              : ( 501 : -513 : ( 505 -508 506 515 ) ) )
                              ( 611 : 612 : -613 : -501 : 624 )
                              ( -3 : 384 : 394 ) ( -384 : ( 370 372 ) )
                              ( 3 : -398 : ( 390 392 ) )
                              ( 2
                              : 3
                              : -412 : 413 : -414 : 415 : -390 : -392 )
                              #20001 #20002 #20003 #20004 #20005 #20006
                              #20007 #20008 #20009 #20011 #20012 #20013
                              #20014 #20018 #20023 #20024 
 231         0                 400 
 1001        4 -1.2050000E-03  -1001 
 1002        4 -1.2050000E-03  1001 -1002 
 1003        4 -1.2050000E-03  1002 -1003 
 20001    2004 -9.8430000E-01  ( 2011 -2002 2003 -2006 )
                              : ( -2009 -2001 2006 2014 )
                              : ( -2009 -2014 2016 2024 )  trcl=2002 
 20002    2006 -8.4500000E+00  ( -2024 2022 -2014 2019 2038 )
                              : ( 2019 -2035 2038 -2024 )  trcl=2002 
 20003    2006 -8.4500000E+00  -2006 2007 -2003 2014  trcl=2002 
 20004    2006 -8.4500000E+00  ( -2014 2035 2027 -2022 2038 )
                              : ( 2038 -2022 2035 -2018 )  trcl=2002 
 20005    2006 -8.4500000E+00  ( 2011 -2003 2004 -2007 )
                              : ( -2003 2010 -2007 2013 )
                              : ( 2027 -2007 2014 -2013 )  trcl=2002 
 20006    2007 -2.7000000E+00  -2013 2031 -2027  trcl=2002 
 20007    2007 -2.7000000E+00  ( 2013 -2010 -2004 2025 )
                              : ( 2013 -2010 -2005 )  trcl=2002 
 20008    2009 -2.5200000E+00  -2027 -2034 2018  trcl=2002 
 20009    2008 -2.6530000E+00  -2032 -2027 2017  trcl=2002 
 20011       0                 2004 -2012 -2026  trcl=2002 
 20012    2001 -1.8500000E+00  2005 -2004 -2025  trcl=2002 
 20013    2003 -9.8000000E+00  -2026 2004 2012 -2011  trcl=2002 
 20014    2003 -9.8000000E+00  2030 -2018 -2038  trcl=2002 
 20018    2005 -8.8600000E+00  2036 -2028 2037 -2038  trcl=2002 
 20023    2010 -9.3000000E-01  2038 -2009 -2019 2042  trcl=2002 
 20024    2002 -1.1340000E+01  2038 -2009 -2042 2043  trcl=2002 
 10001      -1                 10000 

[ Surface ]
 1             px    0.0000000E+00
 2             py    0.0000000E+00
 3             pz    0.0000000E+00
 10            sq    1.0000000E+00  4.0000000E+00  0.0000000E+00
                     0.0000000E+00  0.0000000E+00  0.0000000E+00
                    -4.0000000E+02  0.0000000E+00  0.0000000E+00
                     0.0000000E+00
 501           sq    1.5862000E-02  1.0000000E-02  0.0000000E+00
                     0.0000000E+00  0.0000000E+00  0.0000000E+00
                    -1.0000000E+00  0.0000000E+00  0.0000000E+00
                     0.0000000E+00
 502           sq    1.6692373E-02  1.0412328E-02  0.0000000E+00
                     0.0000000E+00  0.0000000E+00  0.0000000E+00
                    -1.0000000E+00  0.0000000E+00  0.0000000E+00
                     0.0000000E+00
 504           py    4.8000000E+00
 505           py    5.0000000E+00
 506           pz    7.5000000E+01
 507           pz    7.5200000E+01
 508           pz    8.8000000E+01
 509           sq    1.5862000E-02  1.0000000E-02  2.7778000E-02
                     0.0000000E+00  0.0000000E+00  0.0000000E+00
                    -1.0000000E+00  0.0000000E+00  0.0000000E+00
                     8.8000000E+01
 510           sq    1.6692373E-02  1.0412328E-02  2.9727000E-02
                     0.0000000E+00  0.0000000E+00  0.0000000E+00
                    -1.0000000E+00  0.0000000E+00  0.0000000E+00
                     8.8000000E+01
 511           sq    1.0000000E+00  1.0000000E+00  0.0000000E+00
                     0.0000000E+00  0.0000000E+00  0.0000000E+00
                    -3.6120100E+01  0.0000000E+00  1.2000000E+00
                     0.0000000E+00
 512           sq    1.0000000E+00  1.0000000E+00  0.0000000E+00
                     0.0000000E+00  0.0000000E+00  0.0000000E+00
                    -3.3756100E+01  0.0000000E+00  1.2000000E+00
                     0.0000000E+00
 513           pz    7.0000000E+01
 515           k/z   0.0000000E+00  1.2000000E+00  4.6996416E+01
                     4.6059763E-02
 516           k/z   0.0000000E+00  1.2000000E+00  4.8544803E+01
                     4.7510376E-02
 522           sq    1.9236651E-02  1.1636987E-02  3.6006000E-02
                     0.0000000E+00  0.0000000E+00  0.0000000E+00
                    -1.0000000E+00  0.0000000E+00  0.0000000E+00
                     8.8000000E+01
 523           sq    1.9236651E-02  1.1636987E-02  2.4645000E-02
                     0.0000000E+00  0.0000000E+00  0.0000000E+00
                    -1.0000000E+00  0.0000000E+00  0.0000000E+00
                     8.8000000E+01
 524           p     0.0000000E+00  6.8716300E-01  1.0000000E+00
                     8.1630000E+01
 525           py    0.0000000E+00
 526           sq    1.6692373E-02  1.0412328E-02  2.9727000E-02
                     0.0000000E+00  0.0000000E+00  0.0000000E+00
                    -1.0000000E+00  0.0000000E+00  0.0000000E+00
                     8.8000000E+01
 527           sq    1.6692373E-02  1.0412328E-02  2.1004000E-02
                     0.0000000E+00  0.0000000E+00  0.0000000E+00
                    -1.0000000E+00  0.0000000E+00  0.0000000E+00
                     8.8000000E+01
 528           p     0.0000000E+00  7.0408100E-01  1.0000000E+00
                     8.1100000E+01
 529           sq    4.7259000E-02  3.6982000E-02  0.0000000E+00
                     0.0000000E+00  0.0000000E+00  0.0000000E+00
                    -1.0000000E+00  0.0000000E+00 -4.0500000E+00
                     0.0000000E+00
 530           sq    8.4505000E-02  4.5269000E-02  0.0000000E+00
                     0.0000000E+00  0.0000000E+00  0.0000000E+00
                    -1.0000000E+00  0.0000000E+00 -4.0500000E+00
                     0.0000000E+00
 531           pz    7.7400000E+01
 532           pz    8.0000000E+01
 533           py   -4.0500000E+00
 534           sq    2.4414000E-02  3.3667000E-02  0.0000000E+00
                     0.0000000E+00  0.0000000E+00  0.0000000E+00
                    -1.0000000E+00  0.0000000E+00 -4.0500000E+00
                     0.0000000E+00
 535           sq    8.6505000E-02  6.7116000E-02  0.0000000E+00
                     0.0000000E+00  0.0000000E+00  0.0000000E+00
                    -1.0000000E+00  0.0000000E+00 -4.0500000E+00
                     0.0000000E+00
 536           pz    7.5500000E+01
 537           sq    5.6689000E-02  1.6437000E-02  0.0000000E+00
                     0.0000000E+00  0.0000000E+00  0.0000000E+00
                    -1.0000000E+00  0.0000000E+00 -4.0500000E+00
                     0.0000000E+00
 538           sq    2.0822000E-02  1.0851000E-02  0.0000000E+00
                     0.0000000E+00  0.0000000E+00  0.0000000E+00
                    -1.0000000E+00  0.0000000E+00  0.0000000E+00
                     0.0000000E+00
 539           sq    1.0000000E+00  1.0000000E+00  1.0000000E+00
                     0.0000000E+00  0.0000000E+00  0.0000000E+00
                    -1.4884000E+00  3.4000000E+00 -7.5000000E+00
                     8.4200000E+01
 540           sq    1.0000000E+00  1.0000000E+00  1.0000000E+00
                     0.0000000E+00  0.0000000E+00  0.0000000E+00
                    -1.4884000E+00 -3.4000000E+00 -7.5000000E+00
                     8.4200000E+01
 541           sq    1.9726000E-02  1.1866000E-02  3.7268000E-02
                     0.0000000E+00  0.0000000E+00  0.0000000E+00
                    -1.0000000E+00  0.0000000E+00  0.0000000E+00
                     8.8000000E+01
 542           sq    1.9726000E-02  1.1866000E-02  2.5356000E-02
                     0.0000000E+00  0.0000000E+00  0.0000000E+00
                    -1.0000000E+00  0.0000000E+00  0.0000000E+00
                     8.8000000E+01
 543           p     0.0000000E+00  6.8409600E-01  1.0000000E+00
                     8.1720000E+01
 544           py    4.0500000E+00
 545           sq    2.1236400E-01  3.5856400E-01  0.0000000E+00
                     0.0000000E+00  0.0000000E+00  0.0000000E+00
                    -1.0000000E+00  0.0000000E+00  3.4100000E+00
                     0.0000000E+00
 600           sq    1.9290123E+00  9.8029605E-01  2.9726516E+00
                     0.0000000E+00  0.0000000E+00  0.0000000E+00
                    -1.0000000E+00  1.2000000E+00 -5.2000000E+00
                     8.3800000E+01
 601           sq    1.9290123E+00  9.8029605E-01  2.9726516E+00
                     0.0000000E+00  0.0000000E+00  0.0000000E+00
                    -1.0000000E+00 -1.2000000E+00 -5.2000000E+00
                     8.3800000E+01
 602           sq    7.3046019E+00  1.0000000E+00  1.3211785E+00
                     0.0000000E+00  0.0000000E+00  0.0000000E+00
                    -1.0000000E+00  1.1660000E+00 -7.2000000E+00
                     8.4200000E+01
 603           sq    7.3046019E+00  1.0000000E+00  1.3211785E+00
                     0.0000000E+00  0.0000000E+00  0.0000000E+00
                    -1.0000000E+00 -1.1660000E+00 -7.2000000E+00
                     8.4200000E+01
 604           sq    1.0000000E+00  2.9726516E+00  4.7562426E-01
                     0.0000000E+00  0.0000000E+00  0.0000000E+00
                    -1.0000000E+00  1.5000000E+00 -8.6000000E+00
                     8.5500000E+01
 605           sq    1.0000000E+00  2.9726516E+00  4.7562426E-01
                     0.0000000E+00  0.0000000E+00  0.0000000E+00
                    -1.0000000E+00 -1.5000000E+00 -8.6000000E+00
                     8.5500000E+01
 606           s     2.9300000E+00 -6.8000000E+00  8.1500000E+01
                     1.4460000E+00
 607           s    -2.9300000E+00 -6.8000000E+00  8.1500000E+01
                     1.4460000E+00
 563           c/z   0.0000000E+00  1.5450000E+00  1.4500000E+00
 564           c/z   0.0000000E+00  1.5450000E+00  1.2000000E+00
 565           pz    8.1000000E+01
 566           pz    7.3667000E+01
 567           pz    7.7344000E+01
 568           c/z   0.0000000E+00  1.5450000E+00  1.2970000E+00
 557           c/z   0.0000000E+00 -1.0900000E+00  7.5000000E-01
 558           c/z   0.0000000E+00 -1.0900000E+00  1.0000000E+00
 559           pz    7.0600000E+01
 570           pz    7.3533000E+01
 571           c/z   0.0000000E+00 -1.0900000E+00  8.4700000E-01
 560           c/z   0.0000000E+00 -1.0900000E+00  1.1700000E+00
 561           c/z   0.0000000E+00 -1.0900000E+00  9.0000000E-01
 562           pz    6.2770000E+01
 572           c/z   0.0000000E+00 -1.0900000E+00  9.5500000E-01
 548           c/z   0.0000000E+00 -1.0900000E+00  1.9630000E+00
 549           c/z   0.0000000E+00 -1.0900000E+00  1.0000000E+00
 550           p     7.0710700E-01 -1.7971070E+00  7.5000000E+01
                     0.0000000E+00 -2.0900000E+00  7.1250000E+01
                     0.0000000E+00 -3.2900000E+00  7.2750000E+01
 551           p    -7.0710700E-01 -1.7971070E+00  7.5000000E+01
                     0.0000000E+00 -2.0900000E+00  7.1250000E+01
                     0.0000000E+00 -3.2900000E+00  7.2750000E+01
 552           p     7.0710700E-01 -1.7971070E+00  7.0000000E+01
                     0.0000000E+00 -2.0900000E+00  7.1250000E+01
                     0.0000000E+00 -3.2900000E+00  7.0625000E+01
 553           p    -7.0710700E-01 -1.7971070E+00  7.0000000E+01
                     0.0000000E+00 -2.0900000E+00  7.1250000E+01
                     0.0000000E+00 -3.2900000E+00  7.0625000E+01
 554           py   -1.0900000E+00
 555           pz    7.1250000E+01
 556           pz    7.0000000E+01
 608           p     0.0000000E+00 -1.0000000E+01  8.4800000E+01
                    -1.4900000E+00 -9.8200000E+00  7.9770000E+01
                     0.0000000E+00 -1.1120000E+01  8.2285000E+01
 609           p     0.0000000E+00 -1.0000000E+01  8.4800000E+01
                     1.4900000E+00 -9.8200000E+00  7.9770000E+01
                     0.0000000E+00 -1.1120000E+01  8.2285000E+01
 610           p     0.0000000E+00 -1.2240000E+01  7.9770000E+01
                    -1.4900000E+00 -9.8200000E+00  7.9770000E+01
                     1.4900000E+00 -9.8200000E+00  7.9770000E+01
 611           p     0.0000000E+00 -1.0400000E+01  8.4800000E+01
                    -1.8900000E+00 -9.7125650E+00  7.9770000E+01
                     0.0000000E+00 -1.1520000E+01  8.2285000E+01
 612           p     0.0000000E+00 -1.0400000E+01  8.4800000E+01
                     1.8900000E+00 -9.7125650E+00  7.9770000E+01
                     0.0000000E+00 -1.1520000E+01  8.2285000E+01
 613           p     0.0000000E+00 -1.2240000E+01  7.9370000E+01
                    -1.4900000E+00 -9.8200000E+00  7.9370000E+01
                     1.4900000E+00 -9.8200000E+00  7.9370000E+01
 614           px   -2.0000000E-01
 615           px    2.0000000E-01
 624           py   -9.0000000E+00
 628           p     0.0000000E+00 -1.0001000E+01  8.4800000E+01
                    -1.4910000E+00 -9.8221051E+00  7.9770000E+01
                     0.0000000E+00 -1.1121000E+01  8.2285000E+01
 629           p     0.0000000E+00 -1.0001000E+01  8.4800000E+01
                     1.4910000E+00 -9.8221051E+00  7.9770000E+01
                     0.0000000E+00 -1.1121000E+01  8.2285000E+01
 634           px   -1.9900000E-01
 635           px    1.9900000E-01
 636           sq    8.8542386E-01  2.5000000E-01  0.0000000E+00
                     0.0000000E+00  0.0000000E+00  0.0000000E+00
                    -1.0000000E+00  2.5000000E+00 -2.0250000E+00
                     7.9200000E+01
 641           sq    8.8542386E-01  2.5000000E-01  0.0000000E+00
                     0.0000000E+00  0.0000000E+00  0.0000000E+00
                    -1.0000000E+00 -2.5000000E+00 -2.0250000E+00
                     7.9200000E+01
 637           c/z   1.8000000E+00 -2.2992000E+00  1.7608000E+00
 638           pz    7.6734000E+01
 642           c/z  -1.8000000E+00 -2.2992000E+00  1.7608000E+00
 639           c/y   8.0000000E-01  7.6734000E+01  6.6600000E-01
 640           py   -7.5000000E+00
 643           c/y  -8.0000000E-01  7.6734000E+01  6.6600000E-01
 70            sq    4.0000000E+00  6.2500000E+00  0.0000000E+00
                     0.0000000E+00  0.0000000E+00  0.0000000E+00
                    -2.5000000E+01  0.0000000E+00  5.0000000E+00
                     0.0000000E+00
 71            pz    2.2000000E+01
 72            pz    3.5100000E+01
 73            pz    7.0000000E+01
 74            pz    8.0540000E+01
 80            sq    9.6040000E+01  2.8900000E+02  0.0000000E+00
                     0.0000000E+00  0.0000000E+00  0.0000000E+00
                    -2.7755560E+04  0.0000000E+00  0.0000000E+00
                     0.0000000E+00
 81            sq    8.6490000E+01  2.7225000E+02  0.0000000E+00
                     0.0000000E+00  0.0000000E+00  0.0000000E+00
                    -2.3546903E+04  0.0000000E+00  0.0000000E+00
                     0.0000000E+00
 82            pz    6.7300000E+01
 83            pz    6.5900000E+01
 84            pz    6.4500000E+01
 85            pz    6.3100000E+01
 86            pz    6.1700000E+01
 87            pz    6.0300000E+01
 88            pz    5.8900000E+01
 89            pz    5.7500000E+01
 90            pz    5.6100000E+01
 91            pz    5.4700000E+01
 92            pz    5.3300000E+01
 93            pz    5.1900000E+01
 94            pz    5.0500000E+01
 95            pz    4.9100000E+01
 96            pz    4.7700000E+01
 97            pz    4.6300000E+01
 98            pz    4.4900000E+01
 99            pz    4.3500000E+01
 100           pz    4.2100000E+01
 101           pz    4.0700000E+01
 102           pz    3.9300000E+01
 103           pz    3.7900000E+01
 104           pz    3.6500000E+01
 105           pz    3.5100000E+01
 110           tz    0.0000000E+00  1.1100000E+01  6.8250000E+01
                     2.0000000E+01  7.8830000E-01  7.8830000E-01
 111           p     7.0342000E+00  1.0000000E+00  0.0000000E+00
                     1.1100000E+01
 112           p     7.0342000E+00 -1.0000000E+00  0.0000000E+00
                    -1.1100000E+01
 113           p     8.9415000E-01  1.0000000E+00  0.0000000E+00
                     1.1100000E+01
 114           p     8.9415000E-01 -1.0000000E+00  0.0000000E+00
                    -1.1100000E+01
 121           sq    9.6040000E+01  3.6100000E+02  0.0000000E+00
                     0.0000000E+00  0.0000000E+00  0.0000000E+00
                    -3.4670440E+04  0.0000000E+00  0.0000000E+00
                     0.0000000E+00
 122           p     2.5000000E-01  1.0000000E+00  0.0000000E+00
                     0.0000000E+00
 123           p     2.5000000E-01 -1.0000000E+00  0.0000000E+00
                     0.0000000E+00
 124           p     8.0000000E-01  1.0000000E+00  0.0000000E+00
                     0.0000000E+00
 125           p     8.0000000E-01 -1.0000000E+00  0.0000000E+00
                     0.0000000E+00
 126           pz    5.0900000E+01
 127           pz    6.7300000E+01
 130           sq    1.2769000E+02  1.2769000E+02  0.0000000E+00
                     0.0000000E+00  0.0000000E+00  0.0000000E+00
                    -1.6304736E+04  0.0000000E+00 -3.8000000E+00
                     0.0000000E+00
 131           sq    1.4400000E+02  1.4400000E+02  0.0000000E+00
                     0.0000000E+00  0.0000000E+00  0.0000000E+00
                    -2.0736000E+04  0.0000000E+00 -3.0000000E+00
                     0.0000000E+00
 132           py   -3.0000000E+00
 133           py    5.0000000E+00
 134           pz    2.2000000E+01
 135           pz    1.4000000E+01
 140           gq    5.1020400E-01  1.3717400E-01  0.0000000E+00
                     0.0000000E+00  0.0000000E+00  1.0352000E-02
                    -1.9489796E+01  0.0000000E+00 -2.0496900E-01
                     1.8587755E+02
 141           gq    5.1020400E-01  1.3717400E-01  0.0000000E+00
                     0.0000000E+00  0.0000000E+00 -1.0352000E-02
                     1.9489796E+01  0.0000000E+00 -2.0496900E-01
                     1.8587755E+02
 142           pz    6.9000000E+01
 143           pz    5.1750000E+01
 144           pz    3.4500000E+01
 150           gq    1.0000000E+00  1.0000000E+00  9.0690000E-03
                     0.0000000E+00  0.0000000E+00 -2.0050100E-01
                    -2.0000000E+01  0.0000000E+00  1.7857140E+00
                     8.7750000E+01
 151           gq    1.0000000E+00  1.0000000E+00  9.0690000E-03
                     0.0000000E+00  0.0000000E+00  2.0050100E-01
                     2.0000000E+01  0.0000000E+00  1.7857140E+00
                     8.7750000E+01
 152           pz   -7.9800000E+01
 153           pz   -1.1172000E+01
 154           pz   -3.4314000E+01
 616         7 cz    7.8000000E-01
 617         7 cz    5.3000000E-01
 618         7 pz    5.1800000E+00
 619         7 pz   -5.1800000E+00
 620         8 cz    7.8000000E-01
 621         8 cz    5.3000000E-01
 622         8 pz    5.1800000E+00
 623         8 pz   -5.1800000E+00
 573         7 cz    5.8700000E-01
 574         8 cz    5.8700000E-01
 180           sq    3.2400000E+01  1.4400000E+01  1.4062500E+00
                     0.0000000E+00  0.0000000E+00  0.0000000E+00
                    -8.1000000E+02  8.5000000E+00  0.0000000E+00
                     4.3500000E+01
 181           sq    3.2400000E+01  1.4400000E+01  1.4062500E+00
                     0.0000000E+00  0.0000000E+00  0.0000000E+00
                    -8.1000000E+02 -8.5000000E+00  0.0000000E+00
                     4.3500000E+01
 182           pz    4.3500000E+01
 183           px   -5.4000000E+00
 184           py    1.5000000E+00
 185           pz    4.6000000E+01
 186           pz    5.4000000E+01
 187           px    8.0000000E+00
 188           py    1.0000000E+00
 189           pz    5.5000000E+01
 195           sq    3.9062500E-01  1.2345679E+00  5.9488400E-02
                     0.0000000E+00  0.0000000E+00  0.0000000E+00
                    -1.0000000E+00  0.0000000E+00 -7.3000000E+00
                     5.7000000E+01
 200         4 px    0.0000000E+00
 201         4 pz    0.0000000E+00
 202         4 sq    1.2250000E+03  3.6240400E+03  1.8490000E+03
                     0.0000000E+00  0.0000000E+00  0.0000000E+00
                    -9.0601000E+04  0.0000000E+00  0.0000000E+00
                     0.0000000E+00
 203         4 sq    7.9298560E+02  2.6214400E+03  1.2390400E+03
                     0.0000000E+00  0.0000000E+00  0.0000000E+00
                    -5.0751078E+04  0.0000000E+00  0.0000000E+00
                     0.0000000E+00
 204         4 sq    1.3520822E-02  4.0000000E-02  1.0405827E-01
                     0.0000000E+00  0.0000000E+00  0.0000000E+00
                    -1.0000000E+00  0.0000000E+00  0.0000000E+00
                     0.0000000E+00
 205         4 sq    1.8765247E-02  7.3046019E-02  3.0864198E-01
                     0.0000000E+00  0.0000000E+00  0.0000000E+00
                    -1.0000000E+00  0.0000000E+00  0.0000000E+00
                     0.0000000E+00
 206         4 sq    3.4293553E-02  4.0000000E-02  1.0405827E-01
                     0.0000000E+00  0.0000000E+00  0.0000000E+00
                    -1.0000000E+00  0.0000000E+00  0.0000000E+00
                     0.0000000E+00
 207         4 sq    3.8446751E-02  4.5269353E-02  1.2755102E-01
                     0.0000000E+00  0.0000000E+00  0.0000000E+00
                    -1.0000000E+00  0.0000000E+00  0.0000000E+00
                     0.0000000E+00
 208         4 sq    3.4293553E-02  4.0000000E-02  2.2675737E-01
                     0.0000000E+00  0.0000000E+00  0.0000000E+00
                    -1.0000000E+00  0.0000000E+00  0.0000000E+00
                     0.0000000E+00
 209         4 sq    3.8446751E-02  4.5269353E-02  3.0864198E-01
                     0.0000000E+00  0.0000000E+00  0.0000000E+00
                    -1.0000000E+00  0.0000000E+00  0.0000000E+00
                     0.0000000E+00
 210         4 sq    3.4293553E-02  4.0000000E-02  2.0408163E-02
                     0.0000000E+00  0.0000000E+00  0.0000000E+00
                    -1.0000000E+00  0.0000000E+00  0.0000000E+00
                     0.0000000E+00
 211         4 sq    3.8446751E-02  4.5269353E-02  2.2276676E-02
                     0.0000000E+00  0.0000000E+00  0.0000000E+00
                    -1.0000000E+00  0.0000000E+00  0.0000000E+00
                     0.0000000E+00
 212         1 sq    4.7562426E-01  4.9382716E+00  4.0812162E-02
                     0.0000000E+00  0.0000000E+00  0.0000000E+00
                    -1.0000000E+00  0.0000000E+00  0.0000000E+00
                     0.0000000E+00
 213         2 sq    4.7562426E-01  4.9382716E+00  4.0812162E-02
                     0.0000000E+00  0.0000000E+00  0.0000000E+00
                    -1.0000000E+00  0.0000000E+00  0.0000000E+00
                     0.0000000E+00
 214           pz    3.8000000E+01
 215           sq    4.9383000E-02  4.4444400E-01  3.3058000E-02
                     0.0000000E+00  0.0000000E+00  0.0000000E+00
                    -1.0000000E+00  6.0000000E+00  6.0000000E+00
                     3.2500000E+01
 216           sq    4.9383000E-02  4.4444400E-01  3.3058000E-02
                     0.0000000E+00  0.0000000E+00  0.0000000E+00
                    -1.0000000E+00 -6.0000000E+00  6.0000000E+00
                     3.2500000E+01
 217           px    3.0000000E+00
 218           px   -3.0000000E+00
 219           sq    4.4444400E-01  2.3668640E+00  1.2755100E-01
                     0.0000000E+00  0.0000000E+00  0.0000000E+00
                    -1.0000000E+00  4.8000000E+00  6.0000000E+00
                     3.6500000E+01
 220           sq    4.4444400E-01  2.3668640E+00  1.2755100E-01
                     0.0000000E+00  0.0000000E+00  0.0000000E+00
                    -1.0000000E+00 -4.8000000E+00  6.0000000E+00
                     3.6500000E+01
 221           pz    3.6500000E+01
 222           sq    4.4444400E-01  2.3668640E+00  1.2755100E-01
                     0.0000000E+00  0.0000000E+00  0.0000000E+00
                    -1.0000000E+00  4.8000000E+00  6.0000000E+00
                     2.8500000E+01
 223           sq    4.4444400E-01  2.3668640E+00  1.2755100E-01
                     0.0000000E+00  0.0000000E+00  0.0000000E+00
                    -1.0000000E+00 -4.8000000E+00  6.0000000E+00
                     2.8500000E+01
 224           pz    2.8500000E+01
 225           sq    8.1633000E-02  1.0000000E+00  2.5000000E-01
                     0.0000000E+00  0.0000000E+00  0.0000000E+00
                    -1.0000000E+00  9.0000000E+00  6.0000000E+00
                     3.2500000E+01
 226           sq    8.1633000E-02  1.0000000E+00  2.5000000E-01
                     0.0000000E+00  0.0000000E+00  0.0000000E+00
                    -1.0000000E+00 -9.0000000E+00  6.0000000E+00
                     3.2500000E+01
 227           px    9.0000000E+00
 228           px   -9.0000000E+00
 229           sq    5.1020400E-01  1.7777780E+00  1.6000000E-01
                     0.0000000E+00  0.0000000E+00  0.0000000E+00
                    -1.0000000E+00  4.8000000E+00  7.0000000E+00
                     3.2500000E+01
 230           sq    5.1020400E-01  1.7777780E+00  1.6000000E-01
                     0.0000000E+00  0.0000000E+00  0.0000000E+00
                    -1.0000000E+00 -4.8000000E+00  7.0000000E+00
                     3.2500000E+01
 231           py    7.0000000E+00
 232           sq    5.1020400E-01  1.7777780E+00  1.6000000E-01
                     0.0000000E+00  0.0000000E+00  0.0000000E+00
                    -1.0000000E+00  4.8000000E+00  5.0000000E+00
                     3.2500000E+01
 233           sq    5.1020400E-01  1.7777780E+00  1.6000000E-01
                     0.0000000E+00  0.0000000E+00  0.0000000E+00
                    -1.0000000E+00 -4.8000000E+00  5.0000000E+00
                     3.2500000E+01
 234           py    5.0000000E+00
 235           sq    2.0661200E-01  4.9382720E+00  1.6000000E-01
                     0.0000000E+00  0.0000000E+00  0.0000000E+00
                    -1.0000000E+00  4.8000000E+00  6.0000000E+00
                     3.2500000E+01
 236           sq    2.0661200E-01  4.9382720E+00  1.6000000E-01
                     0.0000000E+00  0.0000000E+00  0.0000000E+00
                    -1.0000000E+00 -4.8000000E+00  6.0000000E+00
                     3.2500000E+01
 237           px    3.0000000E+00
 238           px   -3.0000000E+00
 240           sq    6.4000000E+01  2.7224997E+02  0.0000000E+00
                     0.0000000E+00  0.0000000E+00  0.0000000E+00
                    -1.7213998E+04  0.0000000E+00  0.0000000E+00
                     0.0000000E+00
 241           p     1.9350000E+03  1.5050000E+03 -1.5750000E+03
                    -6.7725000E+04
 242           pz    4.3000000E+01
 243           pz    2.7000000E+01
 250         3 so    2.0000000E+00
 251         3 so    2.1200000E+00
 252         3 gq    1.0000000E+00  1.0000000E+00 -5.1756000E-02
                     0.0000000E+00  0.0000000E+00  0.0000000E+00
                     0.0000000E+00  0.0000000E+00  9.1000000E-01
                    -4.0000000E+00
 253         3 gq    1.0000000E+00  1.0000000E+00 -5.1756000E-02
                     0.0000000E+00  0.0000000E+00  0.0000000E+00
                     0.0000000E+00  0.0000000E+00  9.6460000E-01
                    -4.4944000E+00
 254         3 pz    0.0000000E+00
 255         3 pz    8.0000000E+00
 260           sq    3.4602076E-03  6.9444444E-01  6.0073049E-02
                     0.0000000E+00  0.0000000E+00  0.0000000E+00
                    -1.0000000E+00 -1.0000000E+00  0.0000000E+00
                     3.5500000E+01
 261           px   -1.0000000E+00
 262           pz    3.5500000E+01
 263           px    3.0000000E+00
 270           sq    9.1827365E-02  3.0864198E-01  2.9726516E-02
                     0.0000000E+00  0.0000000E+00  0.0000000E+00
                    -1.0000000E+00  1.1000000E+01  3.0000000E+00
                     3.7000000E+01
 406           sq    1.1197895E+00  2.6298488E+01  0.0000000E+00
                     0.0000000E+00  0.0000000E+00  0.0000000E+00
                    -1.0000000E+00  0.0000000E+00  2.5750000E+00
                     0.0000000E+00
 407           sq    1.7640000E-01  1.3689000E+00  0.0000000E+00
                     0.0000000E+00  0.0000000E+00  0.0000000E+00
                    -2.4147000E-01  0.0000000E+00  2.5750000E+00
                     0.0000000E+00
 408           sq    1.4400000E-02  7.5690000E-01  0.0000000E+00
                     0.0000000E+00  0.0000000E+00  0.0000000E+00
                    -1.0900000E-02  0.0000000E+00  2.5750000E+00
                     0.0000000E+00
 409         6 cx    7.0000000E-01
 410         6 px    1.0000000E-01
 411         6 px    7.8000000E+00
 405         6 cx    7.5000000E-02
 279           sq    7.6310247E-02  1.4567916E-01  1.7222257E-02
                     0.0000000E+00  0.0000000E+00  0.0000000E+00
                    -1.0000000E+00  8.0000000E+00 -4.0000000E+00
                     3.5000000E+01
 280           sq    5.7600000E+02  1.0240000E+03  1.4400000E+02
                     0.0000000E+00  0.0000000E+00  0.0000000E+00
                    -9.2160000E+03  8.0000000E+00 -4.0000000E+00
                     3.5000000E+01
 281           sq    8.7016298E-02  1.7506696E-01  1.8310960E-02
                     0.0000000E+00  0.0000000E+00  0.0000000E+00
                    -1.0000000E+00  8.0000000E+00 -4.0000000E+00
                     3.5000000E+01
 290           sq    1.2769000E+02  1.2769000E+02  0.0000000E+00
                     0.0000000E+00  0.0000000E+00  0.0000000E+00
                    -1.6304736E+04  0.0000000E+00 -3.8000000E+00
                     0.0000000E+00
 291           py   -4.8600100E+00
 292           py    2.2000000E+00
 293           pz    1.7000000E+01
 294           pz    2.7000000E+01
 299           sq    2.5264582E-01  2.5264582E-01  0.0000000E+00
                     0.0000000E+00  0.0000000E+00  0.0000000E+00
                    -1.0000000E+00 -8.5000000E+00 -2.3600000E+00
                     0.0000000E+00
 300           sq    6.2500000E+00  6.2500000E+00  0.0000000E+00
                     0.0000000E+00  0.0000000E+00  0.0000000E+00
                    -3.9062500E+01 -8.5000000E+00 -2.3600000E+00
                     0.0000000E+00
 301           sq    3.2094720E+00  3.2094720E+00  0.0000000E+00
                     0.0000000E+00  0.0000000E+00  0.0000000E+00
                    -1.0300712E+01 -8.5000000E+00 -2.3600000E+00
                     0.0000000E+00
 302           pz    1.4450000E+01
 303           pz    2.4000000E+01
 309           sq    0.0000000E+00  2.2228935E-01  7.9577222E-01
                     0.0000000E+00  0.0000000E+00  0.0000000E+00
                    -1.0000000E+00  0.0000000E+00 -2.3600000E+00
                     2.5500000E+01
 310           sq    0.0000000E+00  2.2470000E+00  6.2500000E+00
                     0.0000000E+00  0.0000000E+00  0.0000000E+00
                    -1.4043756E+01  0.0000000E+00 -2.3600000E+00
                     2.5500000E+01
 311           sq    0.0000000E+00  9.4672900E-01  3.8927290E+00
                     0.0000000E+00  0.0000000E+00  0.0000000E+00
                    -3.6853590E+00  0.0000000E+00 -2.3600000E+00
                     2.5500000E+01
 312           px    1.0500000E+01
 313           px   -1.0500000E+01
 319           gq    5.3986323E-01  4.1038757E-01  1.2392474E-02
                     0.0000000E+00  1.3428912E-01 -5.5116927E-02
                    -8.6646635E+00 -1.1710012E+00  2.5071562E-01
                     3.4601730E+01
 320           gq    3.3029500E-01  2.6570300E-01  7.9730000E-03
                     0.0000000E+00  8.6945000E-02 -3.3721000E-02
                    -5.3011420E+00 -7.5815790E-01  1.4656400E-01
                     2.0811319E+01
 321           gq    7.4316300E-01  5.4065700E-01  1.6409000E-02
                     0.0000000E+00  1.7691700E-01 -7.5873000E-02
                    -1.1927570E+01 -1.5427140E+00  3.5646100E-01
                     4.7959090E+01
 322           pz    8.7200000E+00
 328           ty    1.5700000E+00  0.0000000E+00  8.7200000E+00
                     1.5700000E+00  1.2600000E+00  1.2600000E+00
 329           ty    5.8051000E+00  0.0000000E+00  8.7200000E+00
                     2.6650000E+00  1.2600000E+00  1.2600000E+00
 330           ty    1.5700000E+00  0.0000000E+00  8.7200000E+00
                     1.5700000E+00  1.5700000E+00  1.5700000E+00
 331           ty    1.5700000E+00  0.0000000E+00  8.7200000E+00
                     1.5700000E+00  1.1400000E+00  1.1400000E+00
 332           ty    5.8051000E+00  0.0000000E+00  8.7200000E+00
                     2.6650000E+00  1.5700000E+00  1.5700000E+00
 333           ty    5.8051000E+00  0.0000000E+00  8.7200000E+00
                     2.6650000E+00  1.1400000E+00  1.1400000E+00
 334           px    3.0000000E+00
 335           cz    1.3960000E+00
 336           cz    1.5700000E+00
 337           cz    1.3300000E+00
 338           s     0.0000000E+00 -3.2100000E+00  3.2420000E+00
                     1.4400000E+00
 339           s     0.0000000E+00 -3.2100000E+00  3.2420000E+00
                     1.5400000E+00
 340           sq    1.4298812E+02  2.9394293E+02  2.9394293E+02
                     0.0000000E+00  0.0000000E+00  0.0000000E+00
                    -3.5149002E+03  0.0000000E+00 -5.0280000E+00
                     8.0000000E+00
 341           sq    1.0564625E+02  2.2763073E+02  2.2763073E+02
                     0.0000000E+00  0.0000000E+00  0.0000000E+00
                    -2.3396878E+03  0.0000000E+00 -5.0280000E+00
                     8.0000000E+00
 342           sq    4.4302674E-02  9.4616322E-02  9.4616322E-02
                     0.0000000E+00  0.0000000E+00  0.0000000E+00
                    -1.0000000E+00  0.0000000E+00 -5.0280000E+00
                     8.0000000E+00
 30            gq    1.0000000E+00  1.0000000E+00  0.0000000E+00
                     0.0000000E+00  0.0000000E+00 -2.0000000E-01
                    -2.0000000E+01  0.0000000E+00 -1.0000000E-04
                     0.0000000E+00
 31            gq    1.0000000E+00  1.0000000E+00  0.0000000E+00
                     0.0000000E+00  0.0000000E+00  2.0000000E-01
                     2.0000000E+01  0.0000000E+00  0.0000000E+00
                     0.0000000E+00
 32            pz   -8.0000000E+01
 350           sq    1.1902500E+01  8.9401000E+00  3.8025000E+00
                     0.0000000E+00  0.0000000E+00  0.0000000E+00
                    -2.0115225E+01  1.3000000E+00 -8.0000000E+00
                    -2.3000000E+00
 351           sq    1.1902500E+01  8.9401000E+00  3.8025000E+00
                     0.0000000E+00  0.0000000E+00  0.0000000E+00
                    -2.0115225E+01 -1.3000000E+00 -8.0000000E+00
                    -2.3000000E+00
 352           pz   -4.8000000E+00
 353           p     0.0000000E+00 -1.0000000E+01 -1.0000000E+00
                     1.0000000E+02
 354           p    -1.0000000E+01  0.0000000E+00  1.0000000E+00
                    -1.0000000E+02
 355           p    -1.0000000E+01  0.0000000E+00 -1.0000000E+00
                     1.0000000E+02
 360           sq    7.3051355E-01  2.9726516E+00  3.0864198E-01
                     0.0000000E+00  0.0000000E+00  0.0000000E+00
                    -1.0000000E+00  6.0000000E+00  0.0000000E+00
                     1.5000000E+01
 361           sq    7.3051355E-01  2.9726516E+00  3.0864198E-01
                     0.0000000E+00  0.0000000E+00  0.0000000E+00
                    -1.0000000E+00 -6.0000000E+00  0.0000000E+00
                     1.5000000E+01
 363           sq    6.7164581E+01  1.6920060E+01  1.8704392E+02
                     0.0000000E+00  0.0000000E+00  0.0000000E+00
                    -4.6104455E+02  0.0000000E+00 -2.0000000E+00
                     1.4000000E+01
 364           py   -4.6200000E+00
 371           sq    3.4677791E-02  4.3950441E-02  4.7881484E-02
                     0.0000000E+00  0.0000000E+00  0.0000000E+00
                    -1.0000000E+00  1.0000000E+01 -8.6602540E+00
                     5.2000000E+01
 373           sq    3.4677791E-02  4.3950441E-02  4.7881484E-02
                     0.0000000E+00  0.0000000E+00  0.0000000E+00
                    -1.0000000E+00 -1.0000000E+01 -8.6602540E+00
                     5.2000000E+01
 384           sq    1.0404000E+02  4.0804000E+02  0.0000000E+00
                     0.0000000E+00  0.0000000E+00  0.0000000E+00
                    -4.2452482E+04  0.0000000E+00  0.0000000E+00
                     0.0000000E+00
 370           sq    3.2232175E-02  4.0484355E-02  4.3950441E-02
                     0.0000000E+00  0.0000000E+00  0.0000000E+00
                    -1.0000000E+00  1.0000000E+01 -8.6602540E+00
                     5.2000000E+01
 372           sq    3.2232175E-02  4.0484355E-02  4.3950441E-02
                     0.0000000E+00  0.0000000E+00  0.0000000E+00
                    -1.0000000E+00 -1.0000000E+01 -8.6602540E+00
                     5.2000000E+01
 390           gq    1.0000000E+00  1.0000000E+00  0.0000000E+00
                     0.0000000E+00  0.0000000E+00 -2.0000000E-01
                    -2.0040000E+01  0.0000000E+00 -4.0000000E-02
                    -4.0080000E+00
 392           gq    1.0000000E+00  1.0000000E+00  0.0000000E+00
                     0.0000000E+00  0.0000000E+00  2.0000000E-01
                     2.0040000E+01  0.0000000E+00 -4.0000000E-02
                    -4.0080000E+00
 394           pz    7.0200000E+01
 398           pz   -8.0200000E+01
 412           pz   -5.0000000E+00
 413           p     0.0000000E+00 -1.0000000E+01 -1.0000000E+00
                     1.0200000E+02
 414           p    -1.0000000E+01  0.0000000E+00  1.0000000E+00
                    -1.0200000E+02
 415           p    -1.0000000E+01  0.0000000E+00 -1.0000000E+00
                     1.0200000E+02
 400           so    5.0000000E+02
 1001          s     1.0000000E+01 -1.0660254E+01  5.2000000E+01
                     1.2500000E+00
 1002          s     1.0000000E+01 -1.0660254E+01  5.2000000E+01
                     1.5000000E+00
 1003          s     1.0000000E+01 -1.0660254E+01  5.2000000E+01
                     1.7500000E+00
 2001     2001 px    2.5210000E+02
 2002     2001 px    2.5200000E+02
 2003     2001 px    2.4200000E+02
 2004     2001 px    2.0500000E+02
 2005     2001 px    2.0450000E+02
 2006     2001 cx    5.7000000E+01
 2007     2001 cx    2.8000000E+01
 2008     2001 cx    6.7010000E+01
 2009     2001 cx    8.7000000E+01
 2010     2001 cx    2.5000000E+01
 2011     2001 cx    1.5000000E+01
 2012     2001 cx    5.0000000E+00
 2013     2001 px    1.6600000E+02
 2014     2001 px    1.5300000E+02
 2015     2001 px    1.4300000E+02
 2016     2001 px    1.2930000E+02
 2017     2001 px    1.4600000E+02
 2018     2001 px    1.4579100E+02
 2019     2001 px    1.2930000E+02
 2020     2001 px    1.3840000E+02
 2021     2001 kx    1.3300000E+02  2.0000000E+00
 2022     2001 kx    1.2500000E+02  6.0000000E-01
 2023     2001 kx    1.0590000E+02  9.0000000E-01
 2024     2001 kx    1.0600000E+02  9.0000000E-01
 2025     2001 cx    9.5000000E+00
 2026     2001 px    2.6000000E+02
 2027     2001 kx    1.3500000E+02  6.5000000E-01
 2028     2001 px    1.4529000E+02
 2029     2001 px    1.4579000E+02
 2030     2001 px    1.4529100E+02
 2031     2001 px    1.5400000E+02
 2032     2001 px    1.5399500E+02
 2033     2001 px    1.5200000E+02
 2034     2001 px    1.4599900E+02
 2035     2001 px    1.4400000E+02
 2036     2001 px    1.3830100E+02
 2037     2001 cx    5.0000000E+00
 2038     2001 cx    5.5000000E+00
 2039     2001 py    4.2000000E+00
 2040     2001 py   -4.2000000E+00
 2041     2001 px    9.8300000E+01
 2042     2001 px    1.2430000E+02
 2043     2001 px    1.1930000E+02
 10000         so    1.0000000E+03

[ Transform ]
tr1            3.5000000E+00  5.0000000E+00  3.8000000E+01
               6.1570000E-01  7.8800000E-01  0.0000000E+00
              -7.8800000E-01  6.1570000E-01  0.0000000E+00
               0.0000000E+00  0.0000000E+00  1.0000000E+00    1
tr2           -3.5000000E+00  5.0000000E+00  3.8000000E+01
               6.1570000E-01 -7.8800000E-01  0.0000000E+00
               7.8800000E-01  6.1570000E-01  0.0000000E+00
               0.0000000E+00  0.0000000E+00  1.0000000E+00    1
tr3           -4.5000000E+00 -3.2000000E+00  3.0000000E+01
               9.6150000E-01  0.0000000E+00 -2.7480000E-01
              -5.7400000E-02  9.7790000E-01 -2.0080000E-01
               2.6870000E-01  2.0900000E-01  9.4030000E-01    1
tr4            1.0000000E+00 -1.8000000E+00  5.0000000E+01
               6.7510000E-01 -4.7270000E-01 -5.6640000E-01
              -4.6400000E-01  3.2490000E-01 -8.2410000E-01
               5.7360000E-01  8.1910000E-01  0.0000000E+00    1
tr6            0.0000000E+00  2.5750000E+00  4.2300000E+01
               7.3608400E-01 -6.0496900E-01 -3.0363400E-01
               6.3494500E-01  7.7255700E-01  0.0000000E+00
               2.3457500E-01 -1.9279100E-01  9.5278900E-01    1
*tr7           1.9670000E+00 -1.0900000E+00  5.9770000E+01
               3.3000000E+01  9.0000000E+01  5.7000000E+01
               9.0000000E+01  0.0000000E+00  9.0000000E+01
               1.2300000E+02  9.0000000E+01  3.3000000E+01    1
*tr8          -1.9670000E+00 -1.0900000E+00  5.9770000E+01
               3.3000000E+01  9.0000000E+01  1.2300000E+02
               9.0000000E+01  0.0000000E+00  9.0000000E+01
               5.7000000E+01  9.0000000E+01  3.3000000E+01    1
tr2001         0.0000000E+00  0.0000000E+00  1.3830000E+02
               0.0000000E+00  0.0000000E+00 -1.0000000E+00
               0.0000000E+00  1.0000000E+00  0.0000000E+00
               1.0000000E+00  0.0000000E+00  0.0000000E+00    1
*tr2002        4.0000000E+01 -1.0000000E+01  5.2000000E+01
               0.0000000E+00  2.7000000E+02  9.0000000E+01
               0.0000000E+00  0.0000000E+00  0.0000000E+00
               0.0000000E+00  0.0000000E+00  0.0000000E+00    2
*tr2003        0.0000000E+00  0.0000000E+00  5.2000000E+01
               0.0000000E+00  9.0000000E+01  0.0000000E+00
               0.0000000E+00  0.0000000E+00  0.0000000E+00
               0.0000000E+00  0.0000000E+00  0.0000000E+00    2

[ Volume ]
    reg        vol
      1      280.1000    
      2      364.6000    
      3      31.20000    
      4      170.5000    
      5      226.8900    
      7      1467.600    
      8      7.600000    
      9      7.600000    
     12      38.60500    
     13      14.51986    
     14      49.76300    
     15      8.370140    
     16      3.906692    
     17      7.775000    
     18      2.141308    
     19      11.24032    
     20      19.92500    
     21      2.509679    
     22      19.90000    
     24      4.487900    
     25      6.904000    
     27      252.2692    
     56      81.73077    
     50      1361.680    
     60      165.5620    
     61      548.2080    
     62      205.7740    
     64      694.0000    
     65      54.70000    
     67      202.0000    
     69      606.0000    
     71      360.6000    
     72      270.7100    
     73      324.2900    
     75      776.8000    
     76      1135.700    
     77      885.7000    
     78      12.34678    
     79      13.53000    
     82      3.011940    
     80      1560.000    
     81      1810.000    
     83      24.73061    
     84      303.0000    
     85      437.0000    
     89      6.764634    
     90      6.764634    
     98      143.9800    
     99      143.9800    
    100      1830.000    
    102      10.10000    
    103      53.60000    
    106      117.2640    
    108      144.3122    
    109      6.775236    
    110     0.1360000    
    111      37.78876    
    113      8.856000    
    114      52.72900    
    115      99.27100    
    116      250.0000    
    119      1060.000    
    120      22.45203    
    121      68.75000    
    122      96.30000    
    124      14.93057    
    125      45.56943    
    126      63.50000    
    128      14.93057    
    129      45.56943    
    130      63.50000    
    132      26.23420    
    133      60.07580    
    134      75.73000    
    136      12.03774    
    137      36.66920    
    138      54.32000    
    140      4.927195    
    141      14.14280    
    142      48.46000    
    157      7.333035    
    158      38.36697    
    159      203.0000    
    172      18000.00    
    184      5.050000    
    185      5.050000    
    188      76.00000    
    190      236.5430    
    191      236.5430    
    200      31429.93    
    222      1410.000    
    226      1190.000    
    230      1.000000    
    231      1.000000    
   1001      1.000000    
   1002      1.000000    
   1003      1.000000    
  20001      1.000000    
  20002      1.000000    
  20003      1.000000    
  20004      1.000000    
  20005      1.000000    
  20006      1.000000    
  20007      1.000000    
  20008      1.000000    
  20009      1.000000    
  20011      1.000000    
  20012      1.000000    
  20013      1.000000    
  20014      1.000000    
  20018      1.000000    
  20023      1.000000    
  20024      1.000000    
  10001      1.000000    

[ T-Deposit ]
    title = Dosis pada Tiap Organ
     mesh =  reg            # mesh type is region-wise
      reg = { 1001 - 1003 }
   volume                   # combined, lattice or level structure 
   non     reg      vol     # reg definition
    1     1001   1.0000E+00 # 1001
    2     1002   1.0000E+00 # 1002
    3     1003   1.0000E+00 # 1003
     unit =    0            # unit is [Gy/source]
   letmat =    0            # (D=0) mat ID for LET, 0:real mat, <0: electron for H2O
  dedxfnc =    0            # (D=0) user defined multiplier, 0(no), 1, 2
 material =  all            # (D=all) number of specific material
   output =  dose           # total deposit energy
  deposit =    0            # (D=0) 0-> total deposit dist, 1-> each process
     axis =   reg           # axis of output
     file = Dosis_Organ30x.out  # file name of output for the above axis
     part =  all        proton     neutron    photon    ( alpha      7Li      ) 
# kf/name :  0          2212       2112       22        ( 2000004    3000007  ) 
    x-txt = Nomor Region Organ
    y-txt = Dosis (Gy/sekon)
    gshow =    1            # 0: no 1:bnd, 2:bnd+mat, 3:bnd+reg 4:bnd+lat 5:bmp style
    resol =    1            # (D=1) resolution of gshow or rshow
    width = 0.5000000       # (D=0.5) width of lines for gshow or rshow
   epsout =    1            # (D=0) generate eps file by ANGEL
#    used :        main (  %)        temp (  %)       total (  %)
#  memory :           7 (  0)           0 (  0)           7 (  0)

[ T-Track ]
    title = Track Detection using [T-track] tally
     mesh =  xyz            # mesh type is xyz scoring mesh
   x-type =    2            # x-mesh is linear given by xmin, xmax and nx
     xmin =  -30.00000      # minimum value of x-mesh points
     xmax =   180.0000      # maximum value of x-mesh points
#    xdel =  0.4200000      # mesh width of x-mesh points
       nx =    500          # number of x-mesh points
#    data = ( x(i), i = 1, nx + 1 )
#          -3.00000E+01 -2.95800E+01 -2.91600E+01 -2.87400E+01 -2.83200E+01
#          -2.79000E+01 -2.74800E+01 -2.70600E+01 -2.66400E+01 -2.62200E+01
#          -2.58000E+01 -2.53800E+01 -2.49600E+01 -2.45400E+01 -2.41200E+01
#          -2.37000E+01 -2.32800E+01 -2.28600E+01 -2.24400E+01 -2.20200E+01
#          -2.16000E+01 -2.11800E+01 -2.07600E+01 -2.03400E+01 -1.99200E+01
#          -1.95000E+01 -1.90800E+01 -1.86600E+01 -1.82400E+01 -1.78200E+01
#          -1.74000E+01 -1.69800E+01 -1.65600E+01 -1.61400E+01 -1.57200E+01
#          -1.53000E+01 -1.48800E+01 -1.44600E+01 -1.40400E+01 -1.36200E+01
#          -1.32000E+01 -1.27800E+01 -1.23600E+01 -1.19400E+01 -1.15200E+01
#          -1.11000E+01 -1.06800E+01 -1.02600E+01 -9.84000E+00 -9.42000E+00
#          -9.00000E+00 -8.58000E+00 -8.16000E+00 -7.74000E+00 -7.32000E+00
#          -6.90000E+00 -6.48000E+00 -6.06000E+00 -5.64000E+00 -5.22000E+00
#          -4.80000E+00 -4.38000E+00 -3.96000E+00 -3.54000E+00 -3.12000E+00
#          -2.70000E+00 -2.28000E+00 -1.86000E+00 -1.44000E+00 -1.02000E+00
#          -6.00000E-01 -1.80000E-01  2.40000E-01  6.60000E-01  1.08000E+00
#           1.50000E+00  1.92000E+00  2.34000E+00  2.76000E+00  3.18000E+00
#           3.60000E+00  4.02000E+00  4.44000E+00  4.86000E+00  5.28000E+00
#           5.70000E+00  6.12000E+00  6.54000E+00  6.96000E+00  7.38000E+00
#           7.80000E+00  8.22000E+00  8.64000E+00  9.06000E+00  9.48000E+00
#           9.90000E+00  1.03200E+01  1.07400E+01  1.11600E+01  1.15800E+01
#           1.20000E+01  1.24200E+01  1.28400E+01  1.32600E+01  1.36800E+01
#           1.41000E+01  1.45200E+01  1.49400E+01  1.53600E+01  1.57800E+01
#           1.62000E+01  1.66200E+01  1.70400E+01  1.74600E+01  1.78800E+01
#           1.83000E+01  1.87200E+01  1.91400E+01  1.95600E+01  1.99800E+01
#           2.04000E+01  2.08200E+01  2.12400E+01  2.16600E+01  2.20800E+01
#           2.25000E+01  2.29200E+01  2.33400E+01  2.37600E+01  2.41800E+01
#           2.46000E+01  2.50200E+01  2.54400E+01  2.58600E+01  2.62800E+01
#           2.67000E+01  2.71200E+01  2.75400E+01  2.79600E+01  2.83800E+01
#           2.88000E+01  2.92200E+01  2.96400E+01  3.00600E+01  3.04800E+01
#           3.09000E+01  3.13200E+01  3.17400E+01  3.21600E+01  3.25800E+01
#           3.30000E+01  3.34200E+01  3.38400E+01  3.42600E+01  3.46800E+01
#           3.51000E+01  3.55200E+01  3.59400E+01  3.63600E+01  3.67800E+01
#           3.72000E+01  3.76200E+01  3.80400E+01  3.84600E+01  3.88800E+01
#           3.93000E+01  3.97200E+01  4.01400E+01  4.05600E+01  4.09800E+01
#           4.14000E+01  4.18200E+01  4.22400E+01  4.26600E+01  4.30800E+01
#           4.35000E+01  4.39200E+01  4.43400E+01  4.47600E+01  4.51800E+01
#           4.56000E+01  4.60200E+01  4.64400E+01  4.68600E+01  4.72800E+01
#           4.77000E+01  4.81200E+01  4.85400E+01  4.89600E+01  4.93800E+01
#           4.98000E+01  5.02200E+01  5.06400E+01  5.10600E+01  5.14800E+01
#           5.19000E+01  5.23200E+01  5.27400E+01  5.31600E+01  5.35800E+01
#           5.40000E+01  5.44200E+01  5.48400E+01  5.52600E+01  5.56800E+01
#           5.61000E+01  5.65200E+01  5.69400E+01  5.73600E+01  5.77800E+01
#           5.82000E+01  5.86200E+01  5.90400E+01  5.94600E+01  5.98800E+01
#           6.03000E+01  6.07200E+01  6.11400E+01  6.15600E+01  6.19800E+01
#           6.24000E+01  6.28200E+01  6.32400E+01  6.36600E+01  6.40800E+01
#           6.45000E+01  6.49200E+01  6.53400E+01  6.57600E+01  6.61800E+01
#           6.66000E+01  6.70200E+01  6.74400E+01  6.78600E+01  6.82800E+01
#           6.87000E+01  6.91200E+01  6.95400E+01  6.99600E+01  7.03800E+01
#           7.08000E+01  7.12200E+01  7.16400E+01  7.20600E+01  7.24800E+01
#           7.29000E+01  7.33200E+01  7.37400E+01  7.41600E+01  7.45800E+01
#           7.50000E+01  7.54200E+01  7.58400E+01  7.62600E+01  7.66800E+01
#           7.71000E+01  7.75200E+01  7.79400E+01  7.83600E+01  7.87800E+01
#           7.92000E+01  7.96200E+01  8.00400E+01  8.04600E+01  8.08800E+01
#           8.13000E+01  8.17200E+01  8.21400E+01  8.25600E+01  8.29800E+01
#           8.34000E+01  8.38200E+01  8.42400E+01  8.46600E+01  8.50800E+01
#           8.55000E+01  8.59200E+01  8.63400E+01  8.67600E+01  8.71800E+01
#           8.76000E+01  8.80200E+01  8.84400E+01  8.88600E+01  8.92800E+01
#           8.97000E+01  9.01200E+01  9.05400E+01  9.09600E+01  9.13800E+01
#           9.18000E+01  9.22200E+01  9.26400E+01  9.30600E+01  9.34800E+01
#           9.39000E+01  9.43200E+01  9.47400E+01  9.51600E+01  9.55800E+01
#           9.60000E+01  9.64200E+01  9.68400E+01  9.72600E+01  9.76800E+01
#           9.81000E+01  9.85200E+01  9.89400E+01  9.93600E+01  9.97800E+01
#           1.00200E+02  1.00620E+02  1.01040E+02  1.01460E+02  1.01880E+02
#           1.02300E+02  1.02720E+02  1.03140E+02  1.03560E+02  1.03980E+02
#           1.04400E+02  1.04820E+02  1.05240E+02  1.05660E+02  1.06080E+02
#           1.06500E+02  1.06920E+02  1.07340E+02  1.07760E+02  1.08180E+02
#           1.08600E+02  1.09020E+02  1.09440E+02  1.09860E+02  1.10280E+02
#           1.10700E+02  1.11120E+02  1.11540E+02  1.11960E+02  1.12380E+02
#           1.12800E+02  1.13220E+02  1.13640E+02  1.14060E+02  1.14480E+02
#           1.14900E+02  1.15320E+02  1.15740E+02  1.16160E+02  1.16580E+02
#           1.17000E+02  1.17420E+02  1.17840E+02  1.18260E+02  1.18680E+02
#           1.19100E+02  1.19520E+02  1.19940E+02  1.20360E+02  1.20780E+02
#           1.21200E+02  1.21620E+02  1.22040E+02  1.22460E+02  1.22880E+02
#           1.23300E+02  1.23720E+02  1.24140E+02  1.24560E+02  1.24980E+02
#           1.25400E+02  1.25820E+02  1.26240E+02  1.26660E+02  1.27080E+02
#           1.27500E+02  1.27920E+02  1.28340E+02  1.28760E+02  1.29180E+02
#           1.29600E+02  1.30020E+02  1.30440E+02  1.30860E+02  1.31280E+02
#           1.31700E+02  1.32120E+02  1.32540E+02  1.32960E+02  1.33380E+02
#           1.33800E+02  1.34220E+02  1.34640E+02  1.35060E+02  1.35480E+02
#           1.35900E+02  1.36320E+02  1.36740E+02  1.37160E+02  1.37580E+02
#           1.38000E+02  1.38420E+02  1.38840E+02  1.39260E+02  1.39680E+02
#           1.40100E+02  1.40520E+02  1.40940E+02  1.41360E+02  1.41780E+02
#           1.42200E+02  1.42620E+02  1.43040E+02  1.43460E+02  1.43880E+02
#           1.44300E+02  1.44720E+02  1.45140E+02  1.45560E+02  1.45980E+02
#           1.46400E+02  1.46820E+02  1.47240E+02  1.47660E+02  1.48080E+02
#           1.48500E+02  1.48920E+02  1.49340E+02  1.49760E+02  1.50180E+02
#           1.50600E+02  1.51020E+02  1.51440E+02  1.51860E+02  1.52280E+02
#           1.52700E+02  1.53120E+02  1.53540E+02  1.53960E+02  1.54380E+02
#           1.54800E+02  1.55220E+02  1.55640E+02  1.56060E+02  1.56480E+02
#           1.56900E+02  1.57320E+02  1.57740E+02  1.58160E+02  1.58580E+02
#           1.59000E+02  1.59420E+02  1.59840E+02  1.60260E+02  1.60680E+02
#           1.61100E+02  1.61520E+02  1.61940E+02  1.62360E+02  1.62780E+02
#           1.63200E+02  1.63620E+02  1.64040E+02  1.64460E+02  1.64880E+02
#           1.65300E+02  1.65720E+02  1.66140E+02  1.66560E+02  1.66980E+02
#           1.67400E+02  1.67820E+02  1.68240E+02  1.68660E+02  1.69080E+02
#           1.69500E+02  1.69920E+02  1.70340E+02  1.70760E+02  1.71180E+02
#           1.71600E+02  1.72020E+02  1.72440E+02  1.72860E+02  1.73280E+02
#           1.73700E+02  1.74120E+02  1.74540E+02  1.74960E+02  1.75380E+02
#           1.75800E+02  1.76220E+02  1.76640E+02  1.77060E+02  1.77480E+02
#           1.77900E+02  1.78320E+02  1.78740E+02  1.79160E+02  1.79580E+02
#           1.80000E+02
   y-type =    2            # y-mesh is linear given by ymin, ymax and ny
     ymin =  -120.0000      # minimum value of y-mesh points
     ymax =   90.00000      # maximum value of y-mesh points
#    ydel =  0.4200000      # mesh width of y-mesh points
       ny =    500          # number of y-mesh points
#    data = ( y(i), i = 1, ny + 1 )
#          -1.20000E+02 -1.19580E+02 -1.19160E+02 -1.18740E+02 -1.18320E+02
#          -1.17900E+02 -1.17480E+02 -1.17060E+02 -1.16640E+02 -1.16220E+02
#          -1.15800E+02 -1.15380E+02 -1.14960E+02 -1.14540E+02 -1.14120E+02
#          -1.13700E+02 -1.13280E+02 -1.12860E+02 -1.12440E+02 -1.12020E+02
#          -1.11600E+02 -1.11180E+02 -1.10760E+02 -1.10340E+02 -1.09920E+02
#          -1.09500E+02 -1.09080E+02 -1.08660E+02 -1.08240E+02 -1.07820E+02
#          -1.07400E+02 -1.06980E+02 -1.06560E+02 -1.06140E+02 -1.05720E+02
#          -1.05300E+02 -1.04880E+02 -1.04460E+02 -1.04040E+02 -1.03620E+02
#          -1.03200E+02 -1.02780E+02 -1.02360E+02 -1.01940E+02 -1.01520E+02
#          -1.01100E+02 -1.00680E+02 -1.00260E+02 -9.98400E+01 -9.94200E+01
#          -9.90000E+01 -9.85800E+01 -9.81600E+01 -9.77400E+01 -9.73200E+01
#          -9.69000E+01 -9.64800E+01 -9.60600E+01 -9.56400E+01 -9.52200E+01
#          -9.48000E+01 -9.43800E+01 -9.39600E+01 -9.35400E+01 -9.31200E+01
#          -9.27000E+01 -9.22800E+01 -9.18600E+01 -9.14400E+01 -9.10200E+01
#          -9.06000E+01 -9.01800E+01 -8.97600E+01 -8.93400E+01 -8.89200E+01
#          -8.85000E+01 -8.80800E+01 -8.76600E+01 -8.72400E+01 -8.68200E+01
#          -8.64000E+01 -8.59800E+01 -8.55600E+01 -8.51400E+01 -8.47200E+01
#          -8.43000E+01 -8.38800E+01 -8.34600E+01 -8.30400E+01 -8.26200E+01
#          -8.22000E+01 -8.17800E+01 -8.13600E+01 -8.09400E+01 -8.05200E+01
#          -8.01000E+01 -7.96800E+01 -7.92600E+01 -7.88400E+01 -7.84200E+01
#          -7.80000E+01 -7.75800E+01 -7.71600E+01 -7.67400E+01 -7.63200E+01
#          -7.59000E+01 -7.54800E+01 -7.50600E+01 -7.46400E+01 -7.42200E+01
#          -7.38000E+01 -7.33800E+01 -7.29600E+01 -7.25400E+01 -7.21200E+01
#          -7.17000E+01 -7.12800E+01 -7.08600E+01 -7.04400E+01 -7.00200E+01
#          -6.96000E+01 -6.91800E+01 -6.87600E+01 -6.83400E+01 -6.79200E+01
#          -6.75000E+01 -6.70800E+01 -6.66600E+01 -6.62400E+01 -6.58200E+01
#          -6.54000E+01 -6.49800E+01 -6.45600E+01 -6.41400E+01 -6.37200E+01
#          -6.33000E+01 -6.28800E+01 -6.24600E+01 -6.20400E+01 -6.16200E+01
#          -6.12000E+01 -6.07800E+01 -6.03600E+01 -5.99400E+01 -5.95200E+01
#          -5.91000E+01 -5.86800E+01 -5.82600E+01 -5.78400E+01 -5.74200E+01
#          -5.70000E+01 -5.65800E+01 -5.61600E+01 -5.57400E+01 -5.53200E+01
#          -5.49000E+01 -5.44800E+01 -5.40600E+01 -5.36400E+01 -5.32200E+01
#          -5.28000E+01 -5.23800E+01 -5.19600E+01 -5.15400E+01 -5.11200E+01
#          -5.07000E+01 -5.02800E+01 -4.98600E+01 -4.94400E+01 -4.90200E+01
#          -4.86000E+01 -4.81800E+01 -4.77600E+01 -4.73400E+01 -4.69200E+01
#          -4.65000E+01 -4.60800E+01 -4.56600E+01 -4.52400E+01 -4.48200E+01
#          -4.44000E+01 -4.39800E+01 -4.35600E+01 -4.31400E+01 -4.27200E+01
#          -4.23000E+01 -4.18800E+01 -4.14600E+01 -4.10400E+01 -4.06200E+01
#          -4.02000E+01 -3.97800E+01 -3.93600E+01 -3.89400E+01 -3.85200E+01
#          -3.81000E+01 -3.76800E+01 -3.72600E+01 -3.68400E+01 -3.64200E+01
#          -3.60000E+01 -3.55800E+01 -3.51600E+01 -3.47400E+01 -3.43200E+01
#          -3.39000E+01 -3.34800E+01 -3.30600E+01 -3.26400E+01 -3.22200E+01
#          -3.18000E+01 -3.13800E+01 -3.09600E+01 -3.05400E+01 -3.01200E+01
#          -2.97000E+01 -2.92800E+01 -2.88600E+01 -2.84400E+01 -2.80200E+01
#          -2.76000E+01 -2.71800E+01 -2.67600E+01 -2.63400E+01 -2.59200E+01
#          -2.55000E+01 -2.50800E+01 -2.46600E+01 -2.42400E+01 -2.38200E+01
#          -2.34000E+01 -2.29800E+01 -2.25600E+01 -2.21400E+01 -2.17200E+01
#          -2.13000E+01 -2.08800E+01 -2.04600E+01 -2.00400E+01 -1.96200E+01
#          -1.92000E+01 -1.87800E+01 -1.83600E+01 -1.79400E+01 -1.75200E+01
#          -1.71000E+01 -1.66800E+01 -1.62600E+01 -1.58400E+01 -1.54200E+01
#          -1.50000E+01 -1.45800E+01 -1.41600E+01 -1.37400E+01 -1.33200E+01
#          -1.29000E+01 -1.24800E+01 -1.20600E+01 -1.16400E+01 -1.12200E+01
#          -1.08000E+01 -1.03800E+01 -9.96000E+00 -9.54000E+00 -9.12000E+00
#          -8.70000E+00 -8.28000E+00 -7.86000E+00 -7.44000E+00 -7.02000E+00
#          -6.60000E+00 -6.18000E+00 -5.76000E+00 -5.34000E+00 -4.92000E+00
#          -4.50000E+00 -4.08000E+00 -3.66000E+00 -3.24000E+00 -2.82000E+00
#          -2.40000E+00 -1.98000E+00 -1.56000E+00 -1.14000E+00 -7.20000E-01
#          -3.00000E-01  1.20000E-01  5.40000E-01  9.60000E-01  1.38000E+00
#           1.80000E+00  2.22000E+00  2.64000E+00  3.06000E+00  3.48000E+00
#           3.90000E+00  4.32000E+00  4.74000E+00  5.16000E+00  5.58000E+00
#           6.00000E+00  6.42000E+00  6.84000E+00  7.26000E+00  7.68000E+00
#           8.10000E+00  8.52000E+00  8.94000E+00  9.36000E+00  9.78000E+00
#           1.02000E+01  1.06200E+01  1.10400E+01  1.14600E+01  1.18800E+01
#           1.23000E+01  1.27200E+01  1.31400E+01  1.35600E+01  1.39800E+01
#           1.44000E+01  1.48200E+01  1.52400E+01  1.56600E+01  1.60800E+01
#           1.65000E+01  1.69200E+01  1.73400E+01  1.77600E+01  1.81800E+01
#           1.86000E+01  1.90200E+01  1.94400E+01  1.98600E+01  2.02800E+01
#           2.07000E+01  2.11200E+01  2.15400E+01  2.19600E+01  2.23800E+01
#           2.28000E+01  2.32200E+01  2.36400E+01  2.40600E+01  2.44800E+01
#           2.49000E+01  2.53200E+01  2.57400E+01  2.61600E+01  2.65800E+01
#           2.70000E+01  2.74200E+01  2.78400E+01  2.82600E+01  2.86800E+01
#           2.91000E+01  2.95200E+01  2.99400E+01  3.03600E+01  3.07800E+01
#           3.12000E+01  3.16200E+01  3.20400E+01  3.24600E+01  3.28800E+01
#           3.33000E+01  3.37200E+01  3.41400E+01  3.45600E+01  3.49800E+01
#           3.54000E+01  3.58200E+01  3.62400E+01  3.66600E+01  3.70800E+01
#           3.75000E+01  3.79200E+01  3.83400E+01  3.87600E+01  3.91800E+01
#           3.96000E+01  4.00200E+01  4.04400E+01  4.08600E+01  4.12800E+01
#           4.17000E+01  4.21200E+01  4.25400E+01  4.29600E+01  4.33800E+01
#           4.38000E+01  4.42200E+01  4.46400E+01  4.50600E+01  4.54800E+01
#           4.59000E+01  4.63200E+01  4.67400E+01  4.71600E+01  4.75800E+01
#           4.80000E+01  4.84200E+01  4.88400E+01  4.92600E+01  4.96800E+01
#           5.01000E+01  5.05200E+01  5.09400E+01  5.13600E+01  5.17800E+01
#           5.22000E+01  5.26200E+01  5.30400E+01  5.34600E+01  5.38800E+01
#           5.43000E+01  5.47200E+01  5.51400E+01  5.55600E+01  5.59800E+01
#           5.64000E+01  5.68200E+01  5.72400E+01  5.76600E+01  5.80800E+01
#           5.85000E+01  5.89200E+01  5.93400E+01  5.97600E+01  6.01800E+01
#           6.06000E+01  6.10200E+01  6.14400E+01  6.18600E+01  6.22800E+01
#           6.27000E+01  6.31200E+01  6.35400E+01  6.39600E+01  6.43800E+01
#           6.48000E+01  6.52200E+01  6.56400E+01  6.60600E+01  6.64800E+01
#           6.69000E+01  6.73200E+01  6.77400E+01  6.81600E+01  6.85800E+01
#           6.90000E+01  6.94200E+01  6.98400E+01  7.02600E+01  7.06800E+01
#           7.11000E+01  7.15200E+01  7.19400E+01  7.23600E+01  7.27800E+01
#           7.32000E+01  7.36200E+01  7.40400E+01  7.44600E+01  7.48800E+01
#           7.53000E+01  7.57200E+01  7.61400E+01  7.65600E+01  7.69800E+01
#           7.74000E+01  7.78200E+01  7.82400E+01  7.86600E+01  7.90800E+01
#           7.95000E+01  7.99200E+01  8.03400E+01  8.07600E+01  8.11800E+01
#           8.16000E+01  8.20200E+01  8.24400E+01  8.28600E+01  8.32800E+01
#           8.37000E+01  8.41200E+01  8.45400E+01  8.49600E+01  8.53800E+01
#           8.58000E+01  8.62200E+01  8.66400E+01  8.70600E+01  8.74800E+01
#           8.79000E+01  8.83200E+01  8.87400E+01  8.91600E+01  8.95800E+01
#           9.00000E+01
   z-type =    1            # z-mesh is given by the below data
       nz =      1          # number of z-mesh points
#    data = ( z(i), i = 1, nz + 1 )
            4.00000E+01  6.00000E+01
   e-type =    1            # e-mesh is given by the below data
       ne =      1          # number of e-mesh points
#    data = ( e(i), i = 1, ne + 1 )
            0.00000E+00  3.00000E+01
     unit =    1            # unit is [1/cm^2/source]
 material =  all            # (D=all) number of specific material
  2D-type =    3            # 1:Cont, 2:Clust, 3:Color, 4:xyz, 5:mat, 6:Clust+Cont, 7:Col+Cont
     axis =      xy            # axis of output
     file = track_xz_BSAORNL.out  # file name of output for the above axis
     part =  all        proton     neutron    photon     electron 
# kf/name :  0          2212       2112       22         11       
    gshow =    3            # 0: no 1:bnd, 2:bnd+mat, 3:bnd+reg 4:bnd+lat 5:bmp style
    resol =    1            # (D=1) resolution of gshow or rshow
    width = 0.5000000       # (D=0.5) width of lines for gshow or rshow
   epsout =    1            # (D=0) generate eps file by ANGEL
#    used :        main (  %)        temp (  %)       total (  %)
#  memory :        1010 (  0)           0 (  0)        1010 (  0)

[ T-Gshow ]
    title = [t-gshow] in xyz mesh
     mesh =  xyz            # mesh type is xyz scoring mesh
   x-type =    2            # x-mesh is linear given by xmin, xmax and nx
     xmin =  -30.00000      # minimum value of x-mesh points
     xmax =   180.0000      # maximum value of x-mesh points
#    xdel =  0.4200000      # mesh width of x-mesh points
       nx =    500          # number of x-mesh points
   y-type =    2            # y-mesh is linear given by ymin, ymax and ny
     ymin =  -120.0000      # minimum value of y-mesh points
     ymax =   90.00000      # maximum value of y-mesh points
#    ydel =  0.4200000      # mesh width of y-mesh points
       ny =    500          # number of y-mesh points
   z-type =    1            # z-mesh is given by the below data
       nz =      1          # number of z-mesh points
#    data = ( z(i), i = 1, nz + 1 )
            4.00000E+01  6.00000E+01
     axis =   xy            # axis of output
     file = 2d_xy_BSAORNL.dat  # file name of output for the above axis
   output =    2            # (D=2) 1:bnd, 2:bnd+mat, 3:bnd+num 4:bnd+mat+num
    ginfo =    1            # (D=0) 0:no, 1:show in graph, 2:add file
    resol =    1            # (D=1) resolution of gshow or rshow
    width = 0.5000000       # (D=0.5) width of lines for gshow or rshow
   epsout =    1            # (D=0) generate eps file by ANGEL
#    used :        main (  %)        temp (  %)       total (  %)
#  memory :        1004 (  0)      125501 (  0)      126505 (  0)

[ T-Gshow ]
    title = [t-gshow] in xyz mesh
     mesh =  xyz            # mesh type is xyz scoring mesh
   x-type =    2            # x-mesh is linear given by xmin, xmax and nx
     xmin =  -30.00000      # minimum value of x-mesh points
     xmax =   180.0000      # maximum value of x-mesh points
#    xdel =  0.4200000      # mesh width of x-mesh points
       nx =    500          # number of x-mesh points
   y-type =    1            # y-mesh is given by the below data
       ny =      1          # number of y-mesh points
#    data = ( y(i), i = 1, ny + 1 )
           -2.00000E+01  0.00000E+00
   z-type =    2            # z-mesh is linear given by zmin, zmax and nz
     zmin =  -80.00000      # minimum value of z-mesh points
     zmax =   150.0000      # maximum value of z-mesh points
#    zdel =  0.4600000      # mesh width of z-mesh points
       nz =    500          # number of z-mesh points
     axis =   xz            # axis of output
     file = 2d_xz_BSAORNL.dat  # file name of output for the above axis
   output =    2            # (D=2) 1:bnd, 2:bnd+mat, 3:bnd+num 4:bnd+mat+num
    ginfo =    1            # (D=0) 0:no, 1:show in graph, 2:add file
    resol =    1            # (D=1) resolution of gshow or rshow
    width = 0.5000000       # (D=0.5) width of lines for gshow or rshow
   epsout =    1            # (D=0) generate eps file by ANGEL
#    used :        main (  %)        temp (  %)       total (  %)
#  memory :        1004 (  0)      125501 (  0)      126505 (  0)

[END] of Input Echo <<<========================================================

<<< Report of real Geometry memory >>>
*           GG/CG memory =        2
*     total memory: mdas = 80000000
*                percent =     0.00 %

<<< Report of material memory for high energy>>>
*   high energy material =        1
*     total memory: mdas = 80000000
*                percent =     0.00 %

<<< Report of material memory for low energy>>>
*    low energy material =    32585
*     total memory: mdas = 80000000
*                percent =     0.04 %

<<< Report of real tally memory >>>
*      real tally memory =     3025
*     total memory: mdas = 80000000
*                percent =     0.00 %

<<< Report of temporary tally memory >>>
* temporary tally memory =   153091
*     total memory: mdas = 80000000
*                percent =     0.19 %

<<< Report of total memory >>>
*      used total memory =   158092
*     total memory: mdas = 80000000
*                percent =     0.20 %
*                ---------------------
