[ T-Track ]
    title = [t-track] in r-z mesh
     mesh =  r-z            # mesh type is r-z scoring mesh
       x0 =   0.000000      # center x-position of r-z mesh
       y0 =   0.000000      # center y-position of r-z mesh
   r-type =    2            # r-mesh is linear given by rmin, rmax and nr
     rmin =   0.000000      # minimum value of r-mesh points
     rmax =   5.500000      # maximum value of r-mesh points
#    rdel =   5.500000      # mesh width of r-mesh points
       nr =      1          # number of r-mesh points
#    data = ( r(i), i = 1, nr + 1 )
#           0.00000E+00  5.50000E+00
   z-type =    2            # z-mesh is linear given by zmin, zmax and nz
     zmin =  -41.00000      # minimum value of z-mesh points
     zmax =   15.00000      # maximum value of z-mesh points
#    zdel =   1.000000      # mesh width of z-mesh points
       nz =     56          # number of z-mesh points
#    data = ( z(i), i = 1, nz + 1 )
#          -4.10000E+01 -4.00000E+01 -3.90000E+01 -3.80000E+01 -3.70000E+01
#          -3.60000E+01 -3.50000E+01 -3.40000E+01 -3.30000E+01 -3.20000E+01
#          -3.10000E+01 -3.00000E+01 -2.90000E+01 -2.80000E+01 -2.70000E+01
#          -2.60000E+01 -2.50000E+01 -2.40000E+01 -2.30000E+01 -2.20000E+01
#          -2.10000E+01 -2.00000E+01 -1.90000E+01 -1.80000E+01 -1.70000E+01
#          -1.60000E+01 -1.50000E+01 -1.40000E+01 -1.30000E+01 -1.20000E+01
#          -1.10000E+01 -1.00000E+01 -9.00000E+00 -8.00000E+00 -7.00000E+00
#          -6.00000E+00 -5.00000E+00 -4.00000E+00 -3.00000E+00 -2.00000E+00
#          -1.00000E+00  0.00000E+00  1.00000E+00  2.00000E+00  3.00000E+00
#           4.00000E+00  5.00000E+00  6.00000E+00  7.00000E+00  8.00000E+00
#           9.00000E+00  1.00000E+01  1.10000E+01  1.20000E+01  1.30000E+01
#           1.40000E+01  1.50000E+01
     trcl =   2004          # transform ID
   e-type =    2            # e-mesh is linear given by emin, emax and ne
     emin =  1.0000000E-02  # minimum value of e-mesh points
     emax =   1000.000      # maximum value of e-mesh points
#    edel =   999.9900      # mesh width of e-mesh points
       ne =      1          # number of e-mesh points
#    data = ( e(i), i = 1, ne + 1 )
#           1.00000E-02  1.00000E+03
     unit =    1            # unit is [1/cm^2/source]
 material =  all            # (D=all) number of specific material
     axis =       z            # axis of output
     file = fast_neutron_dose.out  # file name of output for the above axis
     part =  neutron  
# kf/name :  2112     
  multiplier =   1          # number of material group
     part =  all      
# kf/name :  0        
     emax =   1.00000E+10
      mat                mset1  
        1 ( 1.82881E-11 1 1 -4 )
    y-txt = Dose [Gy/source]
    gshow =    1            # 0: no 1:bnd, 2:bnd+mat, 3:bnd+reg 4:bnd+lat 5:bmp style
    ginfo =    1            # (D=0) 0:no, 1:show in graph, 2:add file
    resol =    1            # (D=1) resolution of gshow or rshow
    width = 0.5000000       # (D=0.5) width of lines for gshow or rshow
   epsout =    1            # (D=0) generate eps file by ANGEL
#    used :        main (  %)        temp (  %)       total (  %)
#  memory :          84 (  0)           0 (  0)          84 (  0)

#------------------------------------------------------------------------------
#newpage:
#   no. =  1   ie  =  1   ir  =  1
#   e = (   1.0000E-02  -   1.0000E+03  )
#   r = (   0.0000E+00  -   5.5000E+00  )
#   mset =  1

x: z [cm]
y: Dose [Gy/source]
p: xlin ylog afac(0.8) form(0.9)
h: n            x            y(neutron ),hh0l n  
#  z-lower      z-upper        neutron   r.err 
  -4.1000E+01  -4.0000E+01   2.0891E-05  0.0232
  -4.0000E+01  -3.9000E+01   1.4620E-02  0.0201
  -3.9000E+01  -3.8000E+01   1.3631E-02  0.0204
  -3.8000E+01  -3.7000E+01   1.2625E-02  0.0214
  -3.7000E+01  -3.6000E+01   1.1466E-02  0.0221
  -3.6000E+01  -3.5000E+01   1.0383E-02  0.0229
  -3.5000E+01  -3.4000E+01   9.4701E-03  0.0236
  -3.4000E+01  -3.3000E+01   8.7968E-03  0.0253
  -3.3000E+01  -3.2000E+01   9.1466E-03  0.0246
  -3.2000E+01  -3.1000E+01   8.4805E-03  0.0259
  -3.1000E+01  -3.0000E+01   7.7763E-03  0.0272
  -3.0000E+01  -2.9000E+01   7.3002E-03  0.0279
  -2.9000E+01  -2.8000E+01   6.7429E-03  0.0291
  -2.8000E+01  -2.7000E+01   6.1792E-03  0.0301
  -2.7000E+01  -2.6000E+01   5.5706E-03  0.0309
  -2.6000E+01  -2.5000E+01   5.0838E-03  0.0332
  -2.5000E+01  -2.4000E+01   4.7024E-03  0.0357
  -2.4000E+01  -2.3000E+01   4.2471E-03  0.0361
  -2.3000E+01  -2.2000E+01   3.8685E-03  0.0378
  -2.2000E+01  -2.1000E+01   3.6238E-03  0.0397
  -2.1000E+01  -2.0000E+01   3.3754E-03  0.0413
  -2.0000E+01  -1.9000E+01   3.1397E-03  0.0435
  -1.9000E+01  -1.8000E+01   2.8292E-03  0.0446
  -1.8000E+01  -1.7000E+01   2.6233E-03  0.0467
  -1.7000E+01  -1.6000E+01   2.4706E-03  0.0482
  -1.6000E+01  -1.5000E+01   2.3193E-03  0.0499
  -1.5000E+01  -1.4000E+01   2.1597E-03  0.0517
  -1.4000E+01  -1.3000E+01   2.0427E-03  0.0532
  -1.3000E+01  -1.2000E+01   1.9586E-03  0.0544
  -1.2000E+01  -1.1000E+01   1.8611E-03  0.0556
  -1.1000E+01  -1.0000E+01   1.6728E-03  0.0585
  -1.0000E+01  -9.0000E+00   1.5995E-03  0.0603
  -9.0000E+00  -8.0000E+00   1.5055E-03  0.0622
  -8.0000E+00  -7.0000E+00   1.4538E-03  0.0636
  -7.0000E+00  -6.0000E+00   1.3990E-03  0.0650
  -6.0000E+00  -5.0000E+00   1.3417E-03  0.0666
  -5.0000E+00  -4.0000E+00   1.2878E-03  0.0680
  -4.0000E+00  -3.0000E+00   1.1959E-03  0.0703
  -3.0000E+00  -2.0000E+00   1.1407E-03  0.0722
  -2.0000E+00  -1.0000E+00   1.1100E-03  0.0733
  -1.0000E+00   0.0000E+00   1.0591E-03  0.0751
   0.0000E+00   1.0000E+00   1.0019E-03  0.0775
   1.0000E+00   2.0000E+00   9.4969E-04  0.0791
   2.0000E+00   3.0000E+00   9.1950E-04  0.0809
   3.0000E+00   4.0000E+00   9.0074E-04  0.0822
   4.0000E+00   5.0000E+00   8.7690E-04  0.0831
   5.0000E+00   6.0000E+00   8.4941E-04  0.0841
   6.0000E+00   7.0000E+00   8.1382E-04  0.0860
   7.0000E+00   8.0000E+00   8.0287E-04  0.0869
   8.0000E+00   9.0000E+00   7.8479E-04  0.0882
   9.0000E+00   1.0000E+01   7.4795E-04  0.0900
   1.0000E+01   1.1000E+01   7.0876E-04  0.0933
   1.1000E+01   1.2000E+01   6.7253E-04  0.0951
   1.2000E+01   1.3000E+01   6.5504E-04  0.0959
   1.3000E+01   1.4000E+01   6.4148E-04  0.0969
   1.4000E+01   1.5000E+01   6.2228E-04  0.0983

#   sum over    5.3219E+03   3.6648E-03

'no. =  1,  ie =  1,  ir =  1,  mset =  1'
msuc: {\huge [t-track] in r-z mesh}
msdr: {\it plotted by \ANGEL \version}
msdl: {\it calculated by \PHITS  3.31}
wt: s(0.7)
\vspace{-3}
  emin  &=&   1.0000E-02 [MeV]
  emax  &=&   1.0000E+03 [MeV]
  rmin  &=&   0.0000E+00 [cm]
  rmax  &=&   5.5000E+00 [cm]
  mset  &=&   1
e:
 
# Information for Restart Calculation
# This calculation was newly started
# istdev =  2 # 1:Batch variance, 2:History variance
# resc2  = 1.06811775968502986E-07 # Total source weight or Total source weight / maxcas
# resc3  = 1.00000000000000000E+09 # Total history number or Total batch number
# maxcas =      100000 # History / Batch, only used for istdev=1
# bitrseed = 0001001110011001001001110000100100110111001111011100001000101100 # bit data of rseed
