[ T-Track ]
    title = [t-track] in r-z mesh
     mesh =  r-z            # mesh type is r-z scoring mesh
       x0 =   0.000000      # center x-position of r-z mesh
       y0 =   0.000000      # center y-position of r-z mesh
   r-type =    2            # r-mesh is linear given by rmin, rmax and nr
     rmin =   0.000000      # minimum value of r-mesh points
     rmax =   5.500000      # maximum value of r-mesh points
#    rdel =   5.500000      # mesh width of r-mesh points
       nr =      1          # number of r-mesh points
#    data = ( r(i), i = 1, nr + 1 )
#           0.00000E+00  5.50000E+00
   z-type =    2            # z-mesh is linear given by zmin, zmax and nz
     zmin =  -41.00000      # minimum value of z-mesh points
     zmax =   15.00000      # maximum value of z-mesh points
#    zdel =   1.000000      # mesh width of z-mesh points
       nz =     56          # number of z-mesh points
#    data = ( z(i), i = 1, nz + 1 )
#          -4.10000E+01 -4.00000E+01 -3.90000E+01 -3.80000E+01 -3.70000E+01
#          -3.60000E+01 -3.50000E+01 -3.40000E+01 -3.30000E+01 -3.20000E+01
#          -3.10000E+01 -3.00000E+01 -2.90000E+01 -2.80000E+01 -2.70000E+01
#          -2.60000E+01 -2.50000E+01 -2.40000E+01 -2.30000E+01 -2.20000E+01
#          -2.10000E+01 -2.00000E+01 -1.90000E+01 -1.80000E+01 -1.70000E+01
#          -1.60000E+01 -1.50000E+01 -1.40000E+01 -1.30000E+01 -1.20000E+01
#          -1.10000E+01 -1.00000E+01 -9.00000E+00 -8.00000E+00 -7.00000E+00
#          -6.00000E+00 -5.00000E+00 -4.00000E+00 -3.00000E+00 -2.00000E+00
#          -1.00000E+00  0.00000E+00  1.00000E+00  2.00000E+00  3.00000E+00
#           4.00000E+00  5.00000E+00  6.00000E+00  7.00000E+00  8.00000E+00
#           9.00000E+00  1.00000E+01  1.10000E+01  1.20000E+01  1.30000E+01
#           1.40000E+01  1.50000E+01
     trcl =   2004          # transform ID
   e-type =    2            # e-mesh is linear given by emin, emax and ne
     emin =   0.000000      # minimum value of e-mesh points
     emax =   1000.000      # maximum value of e-mesh points
#    edel =   1000.000      # mesh width of e-mesh points
       ne =      1          # number of e-mesh points
#    data = ( e(i), i = 1, ne + 1 )
#           0.00000E+00  1.00000E+03
     unit =    1            # unit is [1/cm^2/source]
 material =  all            # (D=all) number of specific material
     axis =       z            # axis of output
     file = total_neutron_flux.out  # file name of output for the above axis
     part =  neutron  
# kf/name :  2112     
    gshow =    1            # 0: no 1:bnd, 2:bnd+mat, 3:bnd+reg 4:bnd+lat 5:bmp style
    ginfo =    1            # (D=0) 0:no, 1:show in graph, 2:add file
    resol =    1            # (D=1) resolution of gshow or rshow
    width = 0.5000000       # (D=0.5) width of lines for gshow or rshow
   epsout =    1            # (D=0) generate eps file by ANGEL
#    used :        main (  %)        temp (  %)       total (  %)
#  memory :          65 (  0)           0 (  0)          65 (  0)

#------------------------------------------------------------------------------
#newpage:
#   no. =  1   ie  =  1   ir  =  1
#   e = (   0.0000E+00  -   1.0000E+03  )
#   r = (   0.0000E+00  -   5.5000E+00  )

x: z [cm]
y: Flux [1/cm^2/source]              
p: xlin ylog afac(0.8) form(0.9)
h: n            x            y(neutron ),hh0l n  
#  z-lower      z-upper        neutron   r.err 
  -4.1000E+01  -4.0000E+01   2.1175E+10  0.0031
  -4.0000E+01  -3.9000E+01   1.7847E+10  0.0045
  -3.9000E+01  -3.8000E+01   1.7791E+10  0.0046
  -3.8000E+01  -3.7000E+01   1.7416E+10  0.0046
  -3.7000E+01  -3.6000E+01   1.6839E+10  0.0047
  -3.6000E+01  -3.5000E+01   1.6042E+10  0.0048
  -3.5000E+01  -3.4000E+01   1.5132E+10  0.0049
  -3.4000E+01  -3.3000E+01   1.4097E+10  0.0049
  -3.3000E+01  -3.2000E+01   1.3411E+10  0.0050
  -3.2000E+01  -3.1000E+01   1.2677E+10  0.0051
  -3.1000E+01  -3.0000E+01   1.1708E+10  0.0053
  -3.0000E+01  -2.9000E+01   1.0645E+10  0.0054
  -2.9000E+01  -2.8000E+01   9.6167E+09  0.0056
  -2.8000E+01  -2.7000E+01   8.5378E+09  0.0058
  -2.7000E+01  -2.6000E+01   7.4050E+09  0.0059
  -2.6000E+01  -2.5000E+01   6.3254E+09  0.0061
  -2.5000E+01  -2.4000E+01   5.2240E+09  0.0061
  -2.4000E+01  -2.3000E+01   4.1996E+09  0.0061
  -2.3000E+01  -2.2000E+01   3.4286E+09  0.0064
  -2.2000E+01  -2.1000E+01   2.9147E+09  0.0070
  -2.1000E+01  -2.0000E+01   2.4639E+09  0.0076
  -2.0000E+01  -1.9000E+01   2.0650E+09  0.0078
  -1.9000E+01  -1.8000E+01   1.7322E+09  0.0079
  -1.8000E+01  -1.7000E+01   1.4655E+09  0.0082
  -1.7000E+01  -1.6000E+01   1.2575E+09  0.0086
  -1.6000E+01  -1.5000E+01   1.0910E+09  0.0091
  -1.5000E+01  -1.4000E+01   9.5287E+08  0.0097
  -1.4000E+01  -1.3000E+01   8.3877E+08  0.0102
  -1.3000E+01  -1.2000E+01   7.4559E+08  0.0108
  -1.2000E+01  -1.1000E+01   6.6504E+08  0.0114
  -1.1000E+01  -1.0000E+01   5.9309E+08  0.0120
  -1.0000E+01  -9.0000E+00   5.3565E+08  0.0127
  -9.0000E+00  -8.0000E+00   4.8692E+08  0.0133
  -8.0000E+00  -7.0000E+00   4.4546E+08  0.0138
  -7.0000E+00  -6.0000E+00   4.0705E+08  0.0145
  -6.0000E+00  -5.0000E+00   3.6992E+08  0.0151
  -5.0000E+00  -4.0000E+00   3.3852E+08  0.0158
  -4.0000E+00  -3.0000E+00   3.1098E+08  0.0164
  -3.0000E+00  -2.0000E+00   2.8881E+08  0.0171
  -2.0000E+00  -1.0000E+00   2.7035E+08  0.0176
  -1.0000E+00   0.0000E+00   2.5115E+08  0.0182
   0.0000E+00   1.0000E+00   2.3550E+08  0.0189
   1.0000E+00   2.0000E+00   2.1974E+08  0.0197
   2.0000E+00   3.0000E+00   2.0611E+08  0.0202
   3.0000E+00   4.0000E+00   1.9277E+08  0.0209
   4.0000E+00   5.0000E+00   1.8056E+08  0.0216
   5.0000E+00   6.0000E+00   1.7084E+08  0.0222
   6.0000E+00   7.0000E+00   1.6156E+08  0.0230
   7.0000E+00   8.0000E+00   1.5319E+08  0.0234
   8.0000E+00   9.0000E+00   1.4587E+08  0.0240
   9.0000E+00   1.0000E+01   1.3807E+08  0.0246
   1.0000E+01   1.1000E+01   1.3123E+08  0.0253
   1.1000E+01   1.2000E+01   1.2506E+08  0.0259
   1.2000E+01   1.3000E+01   1.2007E+08  0.0264
   1.3000E+01   1.4000E+01   1.1393E+08  0.0271
   1.4000E+01   1.5000E+01   1.0942E+08  0.0277

#   sum over    5.3219E+03   4.5073E+09

'no. =  1,  ie =  1,  ir =  1'
msuc: {\huge [t-track] in r-z mesh}
msdr: {\it plotted by \ANGEL \version}
msdl: {\it calculated by \PHITS  3.31}
wt: s(0.7)
\vspace{-3}
  emin  &=&   0.0000E+00 [MeV]
  emax  &=&   1.0000E+03 [MeV]
  rmin  &=&   0.0000E+00 [cm]
  rmax  &=&   5.5000E+00 [cm]
e:
 
# Information for Restart Calculation
# This calculation was newly started
# istdev =  2 # 1:Batch variance, 2:History variance
# resc2  = 1.06811775968502986E-07 # Total source weight or Total source weight / maxcas
# resc3  = 1.00000000000000000E+09 # Total history number or Total batch number
# maxcas =      100000 # History / Batch, only used for istdev=1
# bitrseed = 0001001110011001001001110000100100110111001111011100001000101100 # bit data of rseed
