[ T-Cross ]
    title = [t-cross] in r-z mesh
     mesh =  r-z            # mesh type is r-z scoring mesh
       x0 =   0.000000      # center x-position of r-z mesh
       y0 =   0.000000      # center y-position of r-z mesh
   r-type =    2            # r-mesh is linear given by rmin, rmax and nr
     rmin =   0.000000      # minimum value of r-mesh points
     rmax =   5.500000      # maximum value of r-mesh points
#    rdel =   5.500000      # mesh width of r-mesh points
       nr =      1          # number of r-mesh points
#    data = ( r(i), i = 1, nr + 1 )
#           0.00000E+00  5.50000E+00
   z-type =    2            # z-mesh is linear given by zmin, zmax and nz
     zmin =  -41.00000      # minimum value of z-mesh points
     zmax =   15.00000      # maximum value of z-mesh points
#    zdel =   1.000000      # mesh width of z-mesh points
       nz =     56          # number of z-mesh points
#    data = ( z(i), i = 1, nz + 1 )
#          -4.10000E+01 -4.00000E+01 -3.90000E+01 -3.80000E+01 -3.70000E+01
#          -3.60000E+01 -3.50000E+01 -3.40000E+01 -3.30000E+01 -3.20000E+01
#          -3.10000E+01 -3.00000E+01 -2.90000E+01 -2.80000E+01 -2.70000E+01
#          -2.60000E+01 -2.50000E+01 -2.40000E+01 -2.30000E+01 -2.20000E+01
#          -2.10000E+01 -2.00000E+01 -1.90000E+01 -1.80000E+01 -1.70000E+01
#          -1.60000E+01 -1.50000E+01 -1.40000E+01 -1.30000E+01 -1.20000E+01
#          -1.10000E+01 -1.00000E+01 -9.00000E+00 -8.00000E+00 -7.00000E+00
#          -6.00000E+00 -5.00000E+00 -4.00000E+00 -3.00000E+00 -2.00000E+00
#          -1.00000E+00  0.00000E+00  1.00000E+00  2.00000E+00  3.00000E+00
#           4.00000E+00  5.00000E+00  6.00000E+00  7.00000E+00  8.00000E+00
#           9.00000E+00  1.00000E+01  1.10000E+01  1.20000E+01  1.30000E+01
#           1.40000E+01  1.50000E+01
     trcl =   2004          # transform ID
   e-type =    2            # e-mesh is linear given by emin, emax and ne
     emin =   0.000000      # minimum value of e-mesh points
     emax =   1000.000      # maximum value of e-mesh points
#    edel =   1000.000      # mesh width of e-mesh points
       ne =      1          # number of e-mesh points
#    data = ( e(i), i = 1, ne + 1 )
#           0.00000E+00  1.00000E+03
  eng2let =    0            # (D=0) Flag to convert energy to LET, 0: not convert, 1: convert
     unit =    1            # unit is [1/cm^2/source]
     axis =    z            # axis of output
     file = total_neutron_current.out  # file name of output for the above axis
   output = current         # surface crossing current spectrum
     part =  neutron  
# kf/name :  2112     
    gshow =    1            # 0: no 1:bnd, 2:bnd+mat, 3:bnd+reg 4:bnd+lat 5:bmp style
    ginfo =    1            # (D=0) 0:no, 1:show in graph, 2:add file
    resol =    1            # (D=1) resolution of gshow
    width = 0.5000000       # (D=0.5) width of lines for gshow
   epsout =    1            # (D=0) generate eps file by ANGEL
#    used :        main (  %)        temp (  %)       total (  %)
#  memory :          65 (  0)           0 (  0)          65 (  0)

#------------------------------------------------------------------------------
#newpage:
#   no. =  1   ir  =  1
#   r = (   0.0000E+00  -   5.5000E+00  )
#  ie =  1
#   e = (   0.0000E+00  -   1.0000E+03  )

x: z [cm]
y: Current [1/cm^2/source]                 
p: xlin ylog afac(0.8) form(0.9)
h:              x            y(neutron ),l3 n 
#       z surface position     neutron   r.err 
               -4.1000E+01   1.7567E+10  0.0026
               -4.0000E+01   8.7450E+09  0.0039
               -3.9000E+01   8.6318E+09  0.0040
               -3.8000E+01   8.4501E+09  0.0040
               -3.7000E+01   8.2494E+09  0.0041
               -3.6000E+01   7.9230E+09  0.0041
               -3.5000E+01   7.5592E+09  0.0042
               -3.4000E+01   7.1492E+09  0.0043
               -3.3000E+01   6.5867E+09  0.0043
               -3.2000E+01   6.3085E+09  0.0043
               -3.1000E+01   5.9239E+09  0.0044
               -3.0000E+01   5.5104E+09  0.0045
               -2.9000E+01   5.0730E+09  0.0046
               -2.8000E+01   4.6447E+09  0.0047
               -2.7000E+01   4.2031E+09  0.0048
               -2.6000E+01   3.7576E+09  0.0050
               -2.5000E+01   3.3372E+09  0.0051
               -2.4000E+01   2.9837E+09  0.0053
               -2.3000E+01   2.6065E+09  0.0057
               -2.2000E+01   2.2740E+09  0.0061
               -2.1000E+01   1.9693E+09  0.0065
               -2.0000E+01   1.7021E+09  0.0069
               -1.9000E+01   1.4882E+09  0.0073
               -1.8000E+01   1.3124E+09  0.0078
               -1.7000E+01   1.1525E+09  0.0084
               -1.6000E+01   1.0218E+09  0.0089
               -1.5000E+01   9.0467E+08  0.0094
               -1.4000E+01   8.0579E+08  0.0100
               -1.3000E+01   7.2135E+08  0.0106
               -1.2000E+01   6.4975E+08  0.0112
               -1.1000E+01   5.8355E+08  0.0118
               -1.0000E+01   5.2813E+08  0.0124
               -9.0000E+00   4.8139E+08  0.0130
               -8.0000E+00   4.4152E+08  0.0136
               -7.0000E+00   4.0481E+08  0.0142
               -6.0000E+00   3.7042E+08  0.0149
               -5.0000E+00   3.3935E+08  0.0156
               -4.0000E+00   3.1341E+08  0.0162
               -3.0000E+00   2.8898E+08  0.0169
               -2.0000E+00   2.7134E+08  0.0174
               -1.0000E+00   2.5327E+08  0.0180
                0.0000E+00   2.3697E+08  0.0187
                1.0000E+00   2.2155E+08  0.0193
                2.0000E+00   2.0740E+08  0.0200
                3.0000E+00   1.9471E+08  0.0206
                4.0000E+00   1.8232E+08  0.0213
                5.0000E+00   1.7206E+08  0.0220
                6.0000E+00   1.6233E+08  0.0226
                7.0000E+00   1.5394E+08  0.0232
                8.0000E+00   1.4698E+08  0.0238
                9.0000E+00   1.4025E+08  0.0244
                1.0000E+01   1.3240E+08  0.0251
                1.1000E+01   1.2639E+08  0.0257
                1.2000E+01   1.2082E+08  0.0263
                1.3000E+01   1.1590E+08  0.0268
                1.4000E+01   1.0968E+08  0.0276
                1.5000E+01   1.0600E+08  0.0281

#   sum over    5.4169E+03   2.5617E+09

'no. =  1,  ie =  1,  ir =  1'
msuc: {\huge [t-cross] in r-z mesh}
msdr: {\it plotted by \ANGEL \version}
msdl: {\it calculated by \PHITS  3.31}
wt: s(0.7)
\vspace{-3}
  z surface crossing
  area  &=&   9.5033E+01 [cm^2]
  rmin  &=&   0.0000E+00 [cm]
  rmax  &=&   5.5000E+00 [cm]
  emin  &=&   0.0000E+00 [MeV]
  emax  &=&   1.0000E+03 [MeV]
e:

#------------------------------------------------------------------------------
 newpage:
#   no. =  2   ir surf =  2
#   rmesh =    5.5000E+00
#  ie =  1
#   e = (   0.0000E+00  -   1.0000E+03  )

x: z [cm]
y: Current [1/cm^2/source]                 
p: xlin ylog afac(0.8) form(0.9)
h:              x            y(neutron ),hh0l n 
#  z-lower      z-upper        neutron   r.err 
  -4.1000E+01  -4.0000E+01   1.0932E+10  0.0052
  -4.0000E+01  -3.9000E+01   1.0329E+10  0.0063
  -3.9000E+01  -3.8000E+01   1.0364E+10  0.0064
  -3.8000E+01  -3.7000E+01   1.0129E+10  0.0065
  -3.7000E+01  -3.6000E+01   9.6539E+09  0.0066
  -3.6000E+01  -3.5000E+01   8.9897E+09  0.0068
  -3.5000E+01  -3.4000E+01   8.2462E+09  0.0071
  -3.4000E+01  -3.3000E+01   7.3936E+09  0.0074
  -3.3000E+01  -3.2000E+01   6.7967E+09  0.0071
  -3.2000E+01  -3.1000E+01   6.5192E+09  0.0072
  -3.1000E+01  -3.0000E+01   5.8486E+09  0.0075
  -3.0000E+01  -2.9000E+01   5.3787E+09  0.0078
  -2.9000E+01  -2.8000E+01   4.7137E+09  0.0083
  -2.8000E+01  -2.7000E+01   4.1947E+09  0.0088
  -2.7000E+01  -2.6000E+01   3.6309E+09  0.0093
  -2.6000E+01  -2.5000E+01   3.0062E+09  0.0102
  -2.5000E+01  -2.4000E+01   2.3421E+09  0.0111
  -2.4000E+01  -2.3000E+01   1.4077E+09  0.0130
  -2.3000E+01  -2.2000E+01   1.1607E+09  0.0143
  -2.2000E+01  -2.1000E+01   1.1064E+09  0.0158
  -2.1000E+01  -2.0000E+01   1.0020E+09  0.0165
  -2.0000E+01  -1.9000E+01   8.3750E+08  0.0176
  -1.9000E+01  -1.8000E+01   5.9390E+08  0.0192
  -1.8000E+01  -1.7000E+01   4.8248E+08  0.0212
  -1.7000E+01  -1.6000E+01   3.9872E+08  0.0233
  -1.6000E+01  -1.5000E+01   3.5320E+08  0.0249
  -1.5000E+01  -1.4000E+01   2.8775E+08  0.0276
  -1.4000E+01  -1.3000E+01   2.4072E+08  0.0300
  -1.3000E+01  -1.2000E+01   2.0371E+08  0.0326
  -1.2000E+01  -1.1000E+01   1.8913E+08  0.0340
  -1.1000E+01  -1.0000E+01   1.5842E+08  0.0372
  -1.0000E+01  -9.0000E+00   1.3452E+08  0.0405
  -9.0000E+00  -8.0000E+00   1.1866E+08  0.0431
  -8.0000E+00  -7.0000E+00   1.0694E+08  0.0453
  -7.0000E+00  -6.0000E+00   9.8393E+07  0.0475
  -6.0000E+00  -5.0000E+00   8.7927E+07  0.0501
  -5.0000E+00  -4.0000E+00   7.2512E+07  0.0549
  -4.0000E+00  -3.0000E+00   6.7318E+07  0.0574
  -3.0000E+00  -2.0000E+00   5.1435E+07  0.0658
  -2.0000E+00  -1.0000E+00   5.0699E+07  0.0664
  -1.0000E+00   0.0000E+00   4.8126E+07  0.0676
   0.0000E+00   1.0000E+00   4.5173E+07  0.0709
   1.0000E+00   2.0000E+00   4.1434E+07  0.0732
   2.0000E+00   3.0000E+00   3.6145E+07  0.0783
   3.0000E+00   4.0000E+00   3.5345E+07  0.0799
   4.0000E+00   5.0000E+00   2.9584E+07  0.0877
   5.0000E+00   6.0000E+00   2.8075E+07  0.0898
   6.0000E+00   7.0000E+00   2.3359E+07  0.0972
   7.0000E+00   8.0000E+00   1.9632E+07  0.1062
   8.0000E+00   9.0000E+00   2.0401E+07  0.1036
   9.0000E+00   1.0000E+01   2.2204E+07  0.1005
   1.0000E+01   1.1000E+01   1.6530E+07  0.1172
   1.1000E+01   1.2000E+01   1.6108E+07  0.1192
   1.2000E+01   1.3000E+01   1.4309E+07  0.1257
   1.3000E+01   1.4000E+01   1.7923E+07  0.1129
   1.4000E+01   1.5000E+01   1.2201E+07  0.1352

#   sum over    1.9352E+03   2.2876E+09

'no. =  2,   ir surf =  2,   ie =  1'
msuc: {\huge [t-cross] in r-z mesh}
msdr: {\it plotted by \ANGEL \version}
msdl: {\it calculated by \PHITS  3.31}
wt: s(0.7)
\vspace{-3}
  r surface crossing
  r     &=&   5.5000E+00 [cm]
  emin  &=&   0.0000E+00 [MeV]
  emax  &=&   1.0000E+03 [MeV]
 tot area  &=&   1.9352E+03 [cm^2]
e:
 
# Information for Restart Calculation
# This calculation was newly started
# istdev =  2 # 1:Batch variance, 2:History variance
# resc2  = 1.06811775968502986E-07 # Total source weight or Total source weight / maxcas
# resc3  = 1.00000000000000000E+09 # Total history number or Total batch number
# maxcas =      100000 # History / Batch, only used for istdev=1
# bitrseed = 0001001110011001001001110000100100110111001111011100001000101100 # bit data of rseed
