[ T-Deposit ]
    title = [t-deposit] in region mesh
     mesh =  reg            # mesh type is region-wise
      reg = 63 64 80 81 86 190 191 222 { 1001 - 1003 }
   volume                   # combined, lattice or level structure 
   non     reg      vol     # reg definition
    1       63   9.2000E+02 # 63
    2       64   6.9400E+02 # 64
    3       80   1.5600E+03 # 80
    4       81   1.8100E+03 # 81
    5       86   7.4000E+02 # 86
    6      190   2.3654E+02 # 190
    7      191   2.3654E+02 # 191
    8      222   1.4100E+03 # 222
    9     1001   8.1810E+00 # 1001
   10     1002   5.9560E+00 # 1002
   11     1003   8.3130E+00 # 1003
     unit =    0            # unit is [Gy/source]
   letmat =    0            # (D=0) mat ID for LET, 0:real mat, <0: electron for H2O
  dedxfnc =    0            # (D=0) user defined multiplier, 0(no), 1, 2
 material =  all            # (D=all) number of specific material
   output =  dose           # total deposit energy
  deposit =    0            # (D=0) 0-> total deposit dist, 1-> each process
     axis =   reg           # axis of output
     file = dose.out        # file name of output for the above axis
     part =  all       ( neutron    photon   )   neutron    photon     proton    ( alpha      7Li      ) 
# kf/name :  0         ( 2112       22       )   2112       22         2212      ( 2000004    3000007  ) 
   epsout =    1            # (D=0) generate eps file by ANGEL
#    used :        main (  %)        temp (  %)       total (  %)
#  memory :          15 (  0)           0 (  0)          15 (  0)

#------------------------------------------------------------------------------
#newpage:
#   no. =  1

x: Serial Num. of Region
y: Dose [Gy/source]      
p: xlin ylog afac(0.8) form(0.9)
h:   x      n     n          y(all     ),l3   n   y(p2-group),d4r  n   y(neutron ),u5b  n   y(photon  ),m6g  n   y(proton  ),q7rr n   y(p6-group),v8bb n   
#  num    reg     volume     all         r.err    p2-group    r.err    neutron     r.err    photon      r.err    proton      r.err    p6-group    r.err 
    1      63   9.2000E+02   6.8912E-05  0.1443   4.6312E-05  0.0752   0.0000E+00  0.0000   4.6312E-05  0.0752   1.6109E-05  0.4684   3.9549E-06  1.0000
    2      64   6.9400E+02   2.3126E-04  0.0918   1.4050E-04  0.0357   0.0000E+00  0.0000   1.4050E-04  0.0357   4.9249E-05  0.2589   2.0550E-05  0.5037
    3      80   1.5600E+03   4.0561E-04  0.0868   2.5450E-04  0.0342   0.0000E+00  0.0000   2.5450E-04  0.0342   1.1540E-04  0.2481   1.6069E-05  0.7532
    4      81   1.8100E+03   1.7008E-04  0.1676   9.4864E-05  0.0573   0.0000E+00  0.0000   9.4864E-05  0.0573   4.8063E-05  0.4418   4.4614E-06  1.0000
    5      86   7.4000E+02   4.9064E-04  0.1072   2.6557E-04  0.0558   0.0000E+00  0.0000   2.6557E-04  0.0558   2.0329E-04  0.2375   5.5104E-06  0.7099
    6     190   2.3654E+02   1.8222E-03  0.0988   7.9578E-04  0.0443   0.0000E+00  0.0000   7.9578E-04  0.0443   8.7800E-04  0.1906   4.6741E-05  0.8082
    7     191   2.3654E+02   3.0053E-04  0.2697   1.5949E-04  0.1138   0.0000E+00  0.0000   1.5949E-04  0.1138   4.1315E-05  0.6248   6.9320E-05  1.0000
    8     222   1.4100E+03   1.7775E-04  0.1074   8.8486E-05  0.0307   0.0000E+00  0.0000   8.8486E-05  0.0307   8.2537E-05  0.2272   1.5083E-06  1.0000
    9    1001   8.1810E+00   1.2571E-03  0.2956   8.3139E-04  0.1330   0.0000E+00  0.0000   8.3139E-04  0.1330   9.3155E-05  0.4850   0.0000E+00  0.0000
   10    1002   5.9560E+00   2.4228E-03  0.4289   8.7360E-04  0.1201   0.0000E+00  0.0000   8.7360E-04  0.1201   1.5295E-03  0.6757   0.0000E+00  0.0000
   11    1003   8.3130E+00   3.7109E-03  0.6828   8.6668E-04  0.0975   0.0000E+00  0.0000   8.6668E-04  0.0975   2.8429E-03  0.8908   0.0000E+00  0.0000

'no. =  1'
msuc: {\huge [t-deposit] in region mesh}
msdr: {\it plotted by \ANGEL \version}
msdl: {\it calculated by \PHITS  3.30}
 
# Information for Restart Calculation
# This calculation was newly started
# istdev =  2 # 1:Batch variance, 2:History variance
# resc2  = 1.60230732467008367E-07 # Total source weight or Total source weight / maxcas
# resc3  = 1.00000000000000000E+09 # Total history number or Total batch number
# maxcas =    10000000 # History / Batch, only used for istdev=1
# bitrseed = 0001001110011001001001110000100100110111001111011100001000101100 # bit data of rseed
