[ T-Deposit ]
    title = [t-deposit] in region mesh
     mesh =  reg            # mesh type is region-wise
      reg = 63 64 80 81 86 190 191 222 { 1001 - 1003 }
   volume                   # combined, lattice or level structure 
   non     reg      vol     # reg definition
    1       63   9.2000E+02 # 63
    2       64   6.9400E+02 # 64
    3       80   1.5600E+03 # 80
    4       81   1.8100E+03 # 81
    5       86   7.4000E+02 # 86
    6      190   2.3654E+02 # 190
    7      191   2.3654E+02 # 191
    8      222   1.4100E+03 # 222
    9     1001   8.1810E+00 # 1001
   10     1002   5.9560E+00 # 1002
   11     1003   8.3130E+00 # 1003
     unit =    0            # unit is [Gy/source]
   letmat =    0            # (D=0) mat ID for LET, 0:real mat, <0: electron for H2O
  dedxfnc =    0            # (D=0) user defined multiplier, 0(no), 1, 2
 material =  all            # (D=all) number of specific material
   output =  dose           # total deposit energy
  deposit =    0            # (D=0) 0-> total deposit dist, 1-> each process
     axis =   reg           # axis of output
     file = dose.out        # file name of output for the above axis
     part =  all        neutron    photon     proton    ( alpha      7Li      ) 
# kf/name :  0          2112       22         2212      ( 2000004    3000007  ) 
   epsout =    1            # (D=0) generate eps file by ANGEL
#    used :        main (  %)        temp (  %)       total (  %)
#  memory :          15 (  0)           0 (  0)          15 (  0)

#------------------------------------------------------------------------------
#newpage:
#   no. =  1

x: Serial Num. of Region
y: Dose [Gy/source]      
p: xlin ylog afac(0.8) form(0.9)
h:   x      n     n          y(all     ),l3 n   y(neutron ),d4r n   y(photon  ),u5b n   y(proton  ),m6g n   y(p5-group),q7rr n   
#  num    reg     volume       all       r.err      neutron   r.err      photon    r.err      proton    r.err      p5-group  r.err 
    1      63   9.2000E+02   8.5860E-05  0.6034   0.0000E+00  0.0000   8.2119E-05  0.6172   3.2929E-07  0.9990   0.0000E+00  0.0000
    2      64   6.9400E+02   3.2625E-04  0.1994   0.0000E+00  0.0000   3.0317E-04  0.2069   2.6607E-06  0.5703   0.0000E+00  0.0000
    3      80   1.5600E+03   1.0376E-03  0.2751   0.0000E+00  0.0000   5.3986E-04  0.2508   3.5984E-04  0.5995   0.0000E+00  0.0000
    4      81   1.8100E+03   2.2449E-04  0.3554   0.0000E+00  0.0000   2.2449E-04  0.3554   4.0533E-09  1.0000   0.0000E+00  0.0000
    5      86   7.4000E+02   4.1858E-04  0.4082   0.0000E+00  0.0000   2.9093E-04  0.4524   1.2731E-04  0.8553   0.0000E+00  0.0000
    6     190   2.3654E+02   2.8334E-03  0.3555   0.0000E+00  0.0000   1.1694E-03  0.3325   1.4418E-03  0.6250   0.0000E+00  0.0000
    7     191   2.3654E+02   5.2029E-04  0.6143   0.0000E+00  0.0000   5.2029E-04  0.6143   0.0000E+00  0.0000   0.0000E+00  0.0000
    8     222   1.4100E+03   2.6271E-04  0.1784   0.0000E+00  0.0000   2.0323E-04  0.1835   5.9184E-05  0.4742   0.0000E+00  0.0000
    9    1001   8.1810E+00   1.8678E-03  0.8867   0.0000E+00  0.0000   2.2484E-04  0.9267   1.6430E-03  1.0000   0.0000E+00  0.0000
   10    1002   5.9560E+00   1.4239E-04  0.8699   0.0000E+00  0.0000   1.4238E-04  0.8700   1.2198E-08  0.8499   0.0000E+00  0.0000
   11    1003   8.3130E+00   6.8892E-03  0.9870   0.0000E+00  0.0000   8.9903E-05  0.8756   6.7993E-03  1.0000   0.0000E+00  0.0000

#   sum over                 3.8772E+00           0.0000E+00           2.4394E+00           1.1522E+00           0.0000E+00

'no. =  1'
msuc: {\huge [t-deposit] in region mesh}
msdr: {\it plotted by \ANGEL \version}
msdl: {\it calculated by \PHITS  3.31}
 
# Information for Restart Calculation
# This calculation was newly started
# istdev =  2 # 1:Batch variance, 2:History variance
# resc2  = 1.60217665304022635E-09 # Total source weight or Total source weight / maxcas
# resc3  = 2.00000000000000000E+07 # Total history number or Total batch number
# maxcas =    10000000 # History / Batch, only used for istdev=1
# bitrseed = 1100101110101011010100101011000101100001110011100000110110110010 # bit data of rseed
