[ T-Track ]
    title = [t-track] in region mesh
     mesh =  reg            # mesh type is region-wise
      reg = 63 64 80 81 86 190 191 222 { 1001 - 1003 }
   volume                   # combined, lattice or level structure 
   non     reg      vol     # reg definition
    1       63   9.2000E+02 # 63
    2       64   6.9400E+02 # 64
    3       80   1.5600E+03 # 80
    4       81   1.8100E+03 # 81
    5       86   7.4000E+02 # 86
    6      190   2.3654E+02 # 190
    7      191   2.3654E+02 # 191
    8      222   1.4100E+03 # 222
    9     1001   8.1810E+00 # 1001
   10     1002   5.9560E+00 # 1002
   11     1003   8.3130E+00 # 1003
   e-type =    1            # e-mesh is given by the below data
       ne =      1          # number of e-mesh points
#    data = ( e(i), i = 1, ne + 1 )
            0.00000E+00  1.00000E+03
     unit =    1            # unit is [1/cm^2/source]
 material =  all            # (D=all) number of specific material
     axis =     reg            # axis of output
     file = photon.out      # file name of output for the above axis
     part =  photon   
# kf/name :  22       
  multiplier =   7          # number of material group
     part =  all      
# kf/name :  0        
     emax =   1.00000E+10
      mat                    mset1  
        2    ( 3.47570E-11 2 -5 -6 )
       11   ( 4.25140E-11 11 -5 -6 )
       14   ( 4.26571E-11 14 -5 -6 )
       15   ( 4.31001E-11 15 -5 -6 )
       25   ( 4.81830E-11 25 -5 -6 )
     1001 ( 4.14435E-11 1001 -5 -6 )
     1002 ( 4.81830E-11 1002 -5 -6 )
    y-txt = Dose [Gy/source]
   epsout =    1            # (D=0) generate eps file by ANGEL
#    used :        main (  %)        temp (  %)       total (  %)
#  memory :         148 (  0)           0 (  0)         148 (  0)

#------------------------------------------------------------------------------
#newpage:
#   no. =  1
#  ie =  1
#   e = (   0.0000E+00  -   1.0000E+03  )
#   mset =  1

x: Serial Num. of Region
y: Dose [Gy/source]
p: xlin ylog afac(0.8) form(0.9)
h:   x      n     n          y(photon  ),l3 n  
#  num    reg     volume       photon    r.err 
    1      63   9.2000E+02   2.1005E-04  0.6420
    2      64   6.9400E+02   8.2410E-04  0.2082
    3      80   1.5600E+03   1.4752E-03  0.2505
    4      81   1.8100E+03   6.1609E-04  0.3546
    5      86   7.4000E+02   7.9783E-04  0.4531
    6     190   2.3654E+02   3.2146E-03  0.3324
    7     191   2.3654E+02   1.4328E-03  0.6137
    8     222   1.4100E+03   5.5602E-04  0.1827
    9    1001   8.1810E+00   5.8396E-04  0.9366
   10    1002   5.9560E+00   3.8583E-04  0.8828
   11    1003   8.3130E+00   2.4378E-04  0.8881

#   sum over    7.6295E+03   8.7351E-04

'no. =  1,  ie =  1,  mset =  1'
msuc: {\huge [t-track] in region mesh}
msdr: {\it plotted by \ANGEL \version}
msdl: {\it calculated by \PHITS  3.31}
wt: s(0.7)
\vspace{-3}
  emin  &=&   0.0000E+00 [MeV]
  emax  &=&   1.0000E+03 [MeV]
  mset  &=&   1
e:
 
# Information for Restart Calculation
# This calculation was newly started
# istdev =  2 # 1:Batch variance, 2:History variance
# resc2  = 1.60217665304022635E-09 # Total source weight or Total source weight / maxcas
# resc3  = 2.00000000000000000E+07 # Total history number or Total batch number
# maxcas =    10000000 # History / Batch, only used for istdev=1
# bitrseed = 1100101110101011010100101011000101100001110011100000110110110010 # bit data of rseed
