[ T-Track ]
    title = [t-track] in region mesh
     mesh =  reg            # mesh type is region-wise
      reg = 64 80 81 86 222 { 1001 - 1003 }
   volume                   # combined, lattice or level structure 
   non     reg      vol     # reg definition
    1       64   6.9400E+02 # 64
    2       80   1.5600E+03 # 80
    3       81   1.8100E+03 # 81
    4       86   7.4000E+02 # 86
    5      222   1.4100E+03 # 222
    6     1001   8.1810E+00 # 1001
    7     1002   5.9560E+00 # 1002
    8     1003   8.3130E+00 # 1003
   e-type =    1            # e-mesh is given by the below data
       ne =      1          # number of e-mesh points
#    data = ( e(i), i = 1, ne + 1 )
            0.00000E+00  1.00000E+03
     unit =    1            # unit is [1/cm^2/source]
 material =  all            # (D=all) number of specific material
     axis =     reg            # axis of output
     file = photon.out      # file name of output for the above axis
     part =  photon   
# kf/name :  22       
  multiplier =   6          # number of material group
     part =  photon   
# kf/name :  22       
     emax =    1000.0    
      mat                    mset1  
        3    ( 3.47570E-11 2 -5 -6 )
      111  ( 4.25140E-11 111 -5 -6 )
       14   ( 4.26571E-11 14 -5 -6 )
       15   ( 4.31001E-11 15 -5 -6 )
     1001 ( 4.81830E-11 1001 -5 -6 )
     1002 ( 4.81830E-11 1002 -5 -6 )
    y-txt = Dose [Gy/source]
   epsout =    1            # (D=0) generate eps file by ANGEL
#    used :        main (  %)        temp (  %)       total (  %)
#  memory :         125 (  0)           0 (  0)         125 (  0)

#------------------------------------------------------------------------------
#newpage:
#   no. =  1
#  ie =  1
#   e = (   0.0000E+00  -   1.0000E+03  )
#   mset =  1

x: Serial Num. of Region
y: Dose [Gy/source]
p: xlin ylog afac(0.8) form(0.9)
h:   x      n     n          y(photon  ),l3 n  
#  num    reg     volume       photon    r.err 
    1      64   6.9400E+02   1.2887E-03  0.1384
    2      80   1.5600E+03   3.5012E-03  0.1981
    3      81   1.8100E+03   2.7870E-04  0.5273
    4      86   7.4000E+02   2.3834E-03  0.2967
    5     222   1.4100E+03   6.7767E-04  0.1304
    6    1001   8.1810E+00   3.4993E-02  0.3755
    7    1002   5.9560E+00   3.5615E-02  0.3275
    8    1003   8.3130E+00   2.1973E-02  0.3190

#   sum over    6.2364E+03   1.6453E-03

'no. =  1,  ie =  1,  mset =  1'
msuc: {\huge [t-track] in region mesh}
msdr: {\it plotted by \ANGEL \version}
msdl: {\it calculated by \PHITS  3.31}
wt: s(0.7)
\vspace{-3}
  emin  &=&   0.0000E+00 [MeV]
  emax  &=&   1.0000E+03 [MeV]
  mset  &=&   1
e:
 
# Information for Restart Calculation
# This calculation was newly started
# istdev =  2 # 1:Batch variance, 2:History variance
# resc2  = 1.06811775731578069E-09 # Total source weight or Total source weight / maxcas
# resc3  = 1.00000000000000000E+07 # Total history number or Total batch number
# maxcas =       10000 # History / Batch, only used for istdev=1
# bitrseed = 1000110000001000111111101100101001110101110010000011011101101000 # bit data of rseed
