[ T-Track ]
    title = [t-track] in r-z mesh
     mesh =  r-z            # mesh type is r-z scoring mesh
       x0 =   0.000000      # center x-position of r-z mesh
       y0 =   0.000000      # center y-position of r-z mesh
   r-type =    2            # r-mesh is linear given by rmin, rmax and nr
     rmin =   0.000000      # minimum value of r-mesh points
     rmax =   5.500000      # maximum value of r-mesh points
#    rdel =   5.500000      # mesh width of r-mesh points
       nr =      1          # number of r-mesh points
#    data = ( r(i), i = 1, nr + 1 )
#           0.00000E+00  5.50000E+00
   z-type =    2            # z-mesh is linear given by zmin, zmax and nz
     zmin =  -41.00000      # minimum value of z-mesh points
     zmax =  -5.000000      # maximum value of z-mesh points
#    zdel =  0.7826087      # mesh width of z-mesh points
       nz =     46          # number of z-mesh points
#    data = ( z(i), i = 1, nz + 1 )
#          -4.10000E+01 -4.02174E+01 -3.94348E+01 -3.86522E+01 -3.78696E+01
#          -3.70870E+01 -3.63043E+01 -3.55217E+01 -3.47391E+01 -3.39565E+01
#          -3.31739E+01 -3.23913E+01 -3.16087E+01 -3.08261E+01 -3.00435E+01
#          -2.92609E+01 -2.84783E+01 -2.76957E+01 -2.69130E+01 -2.61304E+01
#          -2.53478E+01 -2.45652E+01 -2.37826E+01 -2.30000E+01 -2.22174E+01
#          -2.14348E+01 -2.06522E+01 -1.98696E+01 -1.90870E+01 -1.83043E+01
#          -1.75217E+01 -1.67391E+01 -1.59565E+01 -1.51739E+01 -1.43913E+01
#          -1.36087E+01 -1.28261E+01 -1.20435E+01 -1.12609E+01 -1.04783E+01
#          -9.69565E+00 -8.91304E+00 -8.13043E+00 -7.34783E+00 -6.56522E+00
#          -5.78261E+00 -5.00000E+00
     trcl =   2004          # transform ID
   e-type =    2            # e-mesh is linear given by emin, emax and ne
     emin =  1.0000000E-02  # minimum value of e-mesh points
     emax =   1000.000      # maximum value of e-mesh points
#    edel =   999.9900      # mesh width of e-mesh points
       ne =      1          # number of e-mesh points
#    data = ( e(i), i = 1, ne + 1 )
#           1.00000E-02  1.00000E+03
     unit =    1            # unit is [1/cm^2/source]
 material =  all            # (D=all) number of specific material
     axis =       z            # axis of output
     file = fast_neutron_dose.out  # file name of output for the above axis
     part =  neutron  
# kf/name :  2112     
  multiplier =   1          # number of material group
     part =  all      
# kf/name :  0        
     emax =   1.00000E+10
      mat                mset1  
        4 ( 1.82881E-11 4 1 -4 )
    y-txt = Dose [Gy/source]
    gshow =    1            # 0: no 1:bnd, 2:bnd+mat, 3:bnd+reg 4:bnd+lat 5:bmp style
    ginfo =    1            # (D=0) 0:no, 1:show in graph, 2:add file
    resol =    1            # (D=1) resolution of gshow or rshow
    width = 0.5000000       # (D=0.5) width of lines for gshow or rshow
   epsout =    1            # (D=0) generate eps file by ANGEL
#    used :        main (  %)        temp (  %)       total (  %)
#  memory :          74 (  0)           0 (  0)          74 (  0)

#------------------------------------------------------------------------------
#newpage:
#   no. =  1   ie  =  1   ir  =  1
#   e = (   1.0000E-02  -   1.0000E+03  )
#   r = (   0.0000E+00  -   5.5000E+00  )
#   mset =  1

x: z [cm]
y: Dose [Gy/source]
p: xlin ylog afac(0.8) form(0.9)
h: n            x            y(neutron ),hh0l n  
#  z-lower      z-upper        neutron   r.err 
  -4.1000E+01  -4.0217E+01   2.6452E-05  0.0226
  -4.0217E+01  -3.9435E+01   1.0752E-02  0.0209
  -3.9435E+01  -3.8652E+01   1.4207E-02  0.0209
  -3.8652E+01  -3.7870E+01   1.3133E-02  0.0209
  -3.7870E+01  -3.7087E+01   1.2376E-02  0.0212
  -3.7087E+01  -3.6304E+01   1.1745E-02  0.0234
  -3.6304E+01  -3.5522E+01   1.0835E-02  0.0232
  -3.5522E+01  -3.4739E+01   1.0089E-02  0.0235
  -3.4739E+01  -3.3957E+01   9.4030E-03  0.0242
  -3.3957E+01  -3.3174E+01   8.8091E-03  0.0257
  -3.3174E+01  -3.2391E+01   9.1723E-03  0.0247
  -3.2391E+01  -3.1609E+01   8.7733E-03  0.0254
  -3.1609E+01  -3.0826E+01   8.2268E-03  0.0264
  -3.0826E+01  -3.0043E+01   7.7213E-03  0.0277
  -3.0043E+01  -2.9261E+01   7.2969E-03  0.0280
  -2.9261E+01  -2.8478E+01   6.9297E-03  0.0296
  -2.8478E+01  -2.7696E+01   6.3718E-03  0.0301
  -2.7696E+01  -2.6913E+01   5.9710E-03  0.0310
  -2.6913E+01  -2.6130E+01   5.5060E-03  0.0313
  -2.6130E+01  -2.5348E+01   5.1837E-03  0.0327
  -2.5348E+01  -2.4565E+01   4.8445E-03  0.0345
  -2.4565E+01  -2.3783E+01   4.5040E-03  0.0350
  -2.3783E+01  -2.3000E+01   4.2813E-03  0.0367
  -2.3000E+01  -2.2217E+01   4.0507E-03  0.0385
  -2.2217E+01  -2.1435E+01   3.7828E-03  0.0387
  -2.1435E+01  -2.0652E+01   3.5242E-03  0.0398
  -2.0652E+01  -1.9870E+01   3.3364E-03  0.0411
  -1.9870E+01  -1.9087E+01   3.1659E-03  0.0423
  -1.9087E+01  -1.8304E+01   3.0262E-03  0.0440
  -1.8304E+01  -1.7522E+01   2.8870E-03  0.0449
  -1.7522E+01  -1.6739E+01   2.8098E-03  0.0476
  -1.6739E+01  -1.5957E+01   2.6501E-03  0.0471
  -1.5957E+01  -1.5174E+01   2.5432E-03  0.0482
  -1.5174E+01  -1.4391E+01   2.5086E-03  0.0536
  -1.4391E+01  -1.3609E+01   2.3332E-03  0.0516
  -1.3609E+01  -1.2826E+01   1.8726E-03  0.0549
  -1.2826E+01  -1.2043E+01   1.2916E-03  0.0672
  -1.2043E+01  -1.1261E+01   7.8660E-04  0.0807
  -1.1261E+01  -1.0478E+01   4.9625E-04  0.1038
  -1.0478E+01  -9.6957E+00   2.8877E-04  0.1294
  -9.6957E+00  -8.9130E+00   1.2954E-04  0.1816
  -8.9130E+00  -8.1304E+00   3.8221E-05  0.3081
  -8.1304E+00  -7.3478E+00   2.1560E-05  0.4248
  -7.3478E+00  -6.5652E+00   1.4354E-05  0.5564
  -6.5652E+00  -5.7826E+00   0.0000E+00  0.0000
  -5.7826E+00  -5.0000E+00   0.0000E+00  0.0000

#   sum over    3.4212E+03   4.9504E-03

'no. =  1,  ie =  1,  ir =  1,  mset =  1'
msuc: {\huge [t-track] in r-z mesh}
msdr: {\it plotted by \ANGEL \version}
msdl: {\it calculated by \PHITS  3.31}
wt: s(0.7)
\vspace{-3}
  emin  &=&   1.0000E-02 [MeV]
  emax  &=&   1.0000E+03 [MeV]
  rmin  &=&   0.0000E+00 [cm]
  rmax  &=&   5.5000E+00 [cm]
  mset  &=&   1
e:
 
# Information for Restart Calculation
# This calculation was newly started
# istdev =  2 # 1:Batch variance, 2:History variance
# resc2  = 1.06811775965360480E-07 # Total source weight or Total source weight / maxcas
# resc3  = 1.00000000000000000E+09 # Total history number or Total batch number
# maxcas =    10000000 # History / Batch, only used for istdev=1
# bitrseed = 0001001110011001001001110000100100110111001111011100001000101100 # bit data of rseed
