[ T-Deposit ]
    title = [t-deposit] in region mesh
     mesh =  reg            # mesh type is region-wise
      reg = 63 64 80 81 86 190 191 222 { 1001 - 1003 }
   volume                   # combined, lattice or level structure 
   non     reg      vol     # reg definition
    1       63   9.2000E+02 # 63
    2       64   6.9400E+02 # 64
    3       80   1.5600E+03 # 80
    4       81   1.8100E+03 # 81
    5       86   7.4000E+02 # 86
    6      190   2.3654E+02 # 190
    7      191   2.3654E+02 # 191
    8      222   1.4100E+03 # 222
    9     1001   8.1810E+00 # 1001
   10     1002   5.9560E+00 # 1002
   11     1003   8.3130E+00 # 1003
     unit =    0            # unit is [Gy/source]
   letmat =    0            # (D=0) mat ID for LET, 0:real mat, <0: electron for H2O
  dedxfnc =    0            # (D=0) user defined multiplier, 0(no), 1, 2
 material =  all            # (D=all) number of specific material
   output =  dose           # total deposit energy
  deposit =    0            # (D=0) 0-> total deposit dist, 1-> each process
     axis =   reg           # axis of output
     file = dose.out        # file name of output for the above axis
     part =  all        neutron    photon     proton    ( alpha      7Li      ) 
# kf/name :  0          2112       22         2212      ( 2000004    3000007  ) 
   epsout =    1            # (D=0) generate eps file by ANGEL
#    used :        main (  %)        temp (  %)       total (  %)
#  memory :          15 (  0)           0 (  0)          15 (  0)

#------------------------------------------------------------------------------
#newpage:
#   no. =  1

x: Serial Num. of Region
y: Dose [Gy/source]      
p: xlin ylog afac(0.8) form(0.9)
h:   x      n     n          y(all     ),l3 n   y(neutron ),d4r n   y(photon  ),u5b n   y(proton  ),m6g n   y(p5-group),q7rr n   
#  num    reg     volume       all       r.err      neutron   r.err      photon    r.err      proton    r.err      p5-group  r.err 
    1      63   9.2000E+02   1.0319E-04  0.2935   3.2274E-06  0.6313   9.8601E-05  0.3011   0.0000E+00  0.0000   0.0000E+00  0.0000
    2      64   6.9400E+02   4.7069E-04  0.1363   1.5114E-04  0.2762   3.1955E-04  0.1495   0.0000E+00  0.0000   0.0000E+00  0.0000
    3      80   1.5600E+03   9.8092E-04  0.1561   4.0502E-04  0.3191   5.7590E-04  0.1333   0.0000E+00  0.0000   0.0000E+00  0.0000
    4      81   1.8100E+03   3.3334E-04  0.2825   8.4782E-05  0.9381   2.4856E-04  0.2021   0.0000E+00  0.0000   0.0000E+00  0.0000
    5      86   7.4000E+02   6.9721E-04  0.2023   2.9789E-05  0.3456   6.6742E-04  0.2097   0.0000E+00  0.0000   0.0000E+00  0.0000
    6     190   2.3654E+02   2.1160E-03  0.1925   4.9351E-04  0.4657   1.5147E-03  0.2100   0.0000E+00  0.0000   0.0000E+00  0.0000
    7     191   2.3654E+02   2.1731E-04  0.6968   3.5351E-09  1.0000   2.1731E-04  0.6968   0.0000E+00  0.0000   0.0000E+00  0.0000
    8     222   1.4100E+03   3.7275E-04  0.1398   1.6665E-04  0.2776   2.0610E-04  0.1138   0.0000E+00  0.0000   0.0000E+00  0.0000
    9    1001   8.1810E+00   1.4818E-03  0.4321   6.6434E-04  0.4416   8.1750E-04  0.6894   0.0000E+00  0.0000   0.0000E+00  0.0000
   10    1002   5.9560E+00   2.9096E-03  0.4565   1.4130E-04  0.4298   2.7683E-03  0.4769   0.0000E+00  0.0000   0.0000E+00  0.0000
   11    1003   8.3130E+00   2.0237E-03  0.3843   1.5519E-04  0.3207   1.8685E-03  0.4103   0.0000E+00  0.0000   0.0000E+00  0.0000

#   sum over                 4.1949E+00           1.2745E+00           2.8937E+00           0.0000E+00           0.0000E+00

'no. =  1'
msuc: {\huge [t-deposit] in region mesh}
msdr: {\it plotted by \ANGEL \version}
msdl: {\it calculated by \PHITS  3.31}
 
# Information for Restart Calculation
# This calculation was newly started
# istdev =  2 # 1:Batch variance, 2:History variance
# resc2  = 2.36054024366075566E-09 # Total source weight or Total source weight / maxcas
# resc3  = 2.21000000000000000E+07 # Total history number or Total batch number
# maxcas =      100000 # History / Batch, only used for istdev=1
# bitrseed = 1001000101011000100110100000111100100101111110011001011001000011 # bit data of rseed
