[ T-Deposit ]
    title = [t-deposit] in region mesh
     mesh =  reg            # mesh type is region-wise
      reg = 63 64 80 81 86 190 191 222 { 1001 - 1003 }
   volume                   # combined, lattice or level structure 
   non     reg      vol     # reg definition
    1       63   9.2000E+02 # 63
    2       64   6.9400E+02 # 64
    3       80   1.5600E+03 # 80
    4       81   1.8100E+03 # 81
    5       86   7.4000E+02 # 86
    6      190   2.3654E+02 # 190
    7      191   2.3654E+02 # 191
    8      222   1.4100E+03 # 222
    9     1001   8.1810E+00 # 1001
   10     1002   5.9560E+00 # 1002
   11     1003   8.3130E+00 # 1003
     unit =    0            # unit is [Gy/source]
   letmat =    0            # (D=0) mat ID for LET, 0:real mat, <0: electron for H2O
  dedxfnc =    0            # (D=0) user defined multiplier, 0(no), 1, 2
 material =  all            # (D=all) number of specific material
   output =  dose           # total deposit energy
  deposit =    0            # (D=0) 0-> total deposit dist, 1-> each process
     axis =   reg           # axis of output
     file = dose.out        # file name of output for the above axis
     part =  all        neutron    photon     proton    ( alpha      7Li      ) 
# kf/name :  0          2112       22         2212      ( 2000004    3000007  ) 
   epsout =    1            # (D=0) generate eps file by ANGEL
#    used :        main (  %)        temp (  %)       total (  %)
#  memory :          15 (  0)           0 (  0)          15 (  0)

#------------------------------------------------------------------------------
#newpage:
#   no. =  1

x: Serial Num. of Region
y: Dose [Gy/source]      
p: xlin ylog afac(0.8) form(0.9)
h:   x      n     n          y(all     ),l3 n   y(neutron ),d4r n   y(photon  ),u5b n   y(proton  ),m6g n   y(p5-group),q7rr n   
#  num    reg     volume       all       r.err      neutron   r.err      photon    r.err      proton    r.err      p5-group  r.err 
    1      63   9.2000E+02   1.1071E-04  0.2935   3.4624E-06  0.6313   1.0578E-04  0.3011   0.0000E+00  0.0000   0.0000E+00  0.0000
    2      64   6.9400E+02   4.7100E-04  0.1444   1.4973E-04  0.2978   3.2126E-04  0.1574   0.0000E+00  0.0000   0.0000E+00  0.0000
    3      80   1.5600E+03   9.3655E-04  0.1682   4.0267E-04  0.3424   5.3389E-04  0.1333   0.0000E+00  0.0000   0.0000E+00  0.0000
    4      81   1.8100E+03   3.1335E-04  0.3117   8.9827E-05  0.9496   2.2353E-04  0.2120   0.0000E+00  0.0000   0.0000E+00  0.0000
    5      86   7.4000E+02   6.4947E-04  0.2057   2.5465E-05  0.3456   6.2401E-04  0.2126   0.0000E+00  0.0000   0.0000E+00  0.0000
    6     190   2.3654E+02   2.0586E-03  0.2049   5.2634E-04  0.4684   1.4166E-03  0.2271   0.0000E+00  0.0000   0.0000E+00  0.0000
    7     191   2.3654E+02   2.3314E-04  0.6968   3.7925E-09  1.0000   2.3313E-04  0.6968   0.0000E+00  0.0000   0.0000E+00  0.0000
    8     222   1.4100E+03   3.7914E-04  0.1464   1.7294E-04  0.2866   2.0620E-04  0.1180   0.0000E+00  0.0000   0.0000E+00  0.0000
    9    1001   8.1810E+00   1.3528E-03  0.4759   4.7597E-04  0.4416   8.7687E-04  0.6894   0.0000E+00  0.0000   0.0000E+00  0.0000
   10    1002   5.9560E+00   3.0722E-03  0.4628   1.0226E-04  0.4292   2.9699E-03  0.4769   0.0000E+00  0.0000   0.0000E+00  0.0000
   11    1003   8.3130E+00   2.1162E-03  0.3922   1.1184E-04  0.3213   2.0044E-03  0.4103   0.0000E+00  0.0000   0.0000E+00  0.0000

#   sum over                 4.0612E+00           1.2905E+00           2.7420E+00           0.0000E+00           0.0000E+00

'no. =  1'
msuc: {\huge [t-deposit] in region mesh}
msdr: {\it plotted by \ANGEL \version}
msdl: {\it calculated by \PHITS  3.31}
 
# Information for Restart Calculation
# This calculation was newly started
# istdev =  2 # 1:Batch variance, 2:History variance
# resc2  = 2.20032258006426575E-09 # Total source weight or Total source weight / maxcas
# resc3  = 2.06000000000000000E+07 # Total history number or Total batch number
# maxcas =      100000 # History / Batch, only used for istdev=1
# bitrseed = 1110001001000010010000101100101000000010110111100101100101001100 # bit data of rseed
