[ T-Track ]
    title = [t-track] in region mesh
     mesh =  reg            # mesh type is region-wise
      reg = 64 80 81 86 222 { 1001 - 1003 }
   volume                   # combined, lattice or level structure 
   non     reg      vol     # reg definition
    1       64   6.9400E+02 # 64
    2       80   1.5600E+03 # 80
    3       81   1.8100E+03 # 81
    4       86   7.4000E+02 # 86
    5      222   1.4100E+03 # 222
    6     1001   8.1810E+00 # 1001
    7     1002   5.9560E+00 # 1002
    8     1003   8.3130E+00 # 1003
   e-type =    1            # e-mesh is given by the below data
       ne =      1          # number of e-mesh points
#    data = ( e(i), i = 1, ne + 1 )
            0.00000E+00  1.00000E+03
     unit =    1            # unit is [1/cm^2/source]
 material =  all            # (D=all) number of specific material
     axis =     reg            # axis of output
     file = nitro.out       # file name of output for the above axis
     part =  neutron  
# kf/name :  2112     
  multiplier =   4          # number of material group
     part =  neutron  
# kf/name :  2112     
     emax =    1000.0    
      mat                   mset1  
        3 ( 5.80656E-13 2222 1 -4 )
      111 ( 7.97761E-13 2222 1 -4 )
       14 ( 5.88824E-13 2222 1 -4 )
       15 ( 5.50835E-13 2222 1 -4 )
    y-txt = Dose [Gy/source]
   epsout =    1            # (D=0) generate eps file by ANGEL
#    used :        main (  %)        temp (  %)       total (  %)
#  memory :          88 (  0)           0 (  0)          88 (  0)

#------------------------------------------------------------------------------
#newpage:
#   no. =  1
#  ie =  1
#   e = (   0.0000E+00  -   1.0000E+03  )
#   mset =  1

x: Serial Num. of Region
y: Dose [Gy/source]
p: xlin ylog afac(0.8) form(0.9)
h:   x      n     n          y(neutron ),l3 n  
#  num    reg     volume       neutron   r.err 
    1      64   6.9400E+02   5.2881E-05  0.0198
    2      80   1.5600E+03   1.2083E-04  0.0256
    3      81   1.8100E+03   6.2259E-06  0.1042
    4      86   7.4000E+02   4.3232E-05  0.0548
    5     222   1.4100E+03   3.0453E-05  0.0163
    6    1001   8.1810E+00   0.0000E+00  0.0000
    7    1002   5.9560E+00   0.0000E+00  0.0000
    8    1003   8.3130E+00   0.0000E+00  0.0000

#   sum over    6.2364E+03   4.9931E-05

'no. =  1,  ie =  1,  mset =  1'
msuc: {\huge [t-track] in region mesh}
msdr: {\it plotted by \ANGEL \version}
msdl: {\it calculated by \PHITS  3.31}
wt: s(0.7)
\vspace{-3}
  emin  &=&   0.0000E+00 [MeV]
  emax  &=&   1.0000E+03 [MeV]
  mset  &=&   1
e:
 
# Information for Restart Calculation
# This calculation was newly started
# istdev =  2 # 1:Batch variance, 2:History variance
# resc2  = 1.06811775968502986E-07 # Total source weight or Total source weight / maxcas
# resc3  = 1.00000000000000000E+09 # Total history number or Total batch number
# maxcas =      100000 # History / Batch, only used for istdev=1
# bitrseed = 0001001110011001001001110000100100110111001111011100001000101100 # bit data of rseed
