[ T-Track ]
    title = [t-track] in region mesh
     mesh =  reg            # mesh type is region-wise
      reg = 63 64 80 81 86 190 191 222 { 1001 - 1003 }
   volume                   # combined, lattice or level structure 
   non     reg      vol     # reg definition
    1       63   9.2000E+02 # 63
    2       64   6.9400E+02 # 64
    3       80   1.5600E+03 # 80
    4       81   1.8100E+03 # 81
    5       86   7.4000E+02 # 86
    6      190   2.3654E+02 # 190
    7      191   2.3654E+02 # 191
    8      222   1.4100E+03 # 222
    9     1001   8.1810E+00 # 1001
   10     1002   5.9560E+00 # 1002
   11     1003   8.3130E+00 # 1003
   e-type =    1            # e-mesh is given by the below data
       ne =      1          # number of e-mesh points
#    data = ( e(i), i = 1, ne + 1 )
            0.00000E+00  1.00000E+03
     unit =    1            # unit is [1/cm^2/source]
 material =  all            # (D=all) number of specific material
     axis =     reg            # axis of output
     file = boron.out       # file name of output for the above axis
     part =  neutron  
# kf/name :  2112     
  multiplier =   7          # number of material group
     part =  neutron  
# kf/name :  2112     
     emax =   1.00000E+10
      mat                   mset1  
        2 ( 3.98556E-17 3333 1 -4 )
       11 ( 3.98556E-17 3333 1 -4 )
       14 ( 3.98556E-17 3333 1 -4 )
       15 ( 3.98556E-17 3333 1 -4 )
       25 ( 3.98556E-17 3333 1 -4 )
     1001 ( 3.98556E-16 3333 1 -4 )
     1002 ( 3.98556E-17 3333 1 -4 )
    y-txt = Dose [Gy/source]
   epsout =    1            # (D=0) generate eps file by ANGEL
#    used :        main (  %)        temp (  %)       total (  %)
#  memory :         148 (  0)           0 (  0)         148 (  0)

#------------------------------------------------------------------------------
#newpage:
#   no. =  1
#  ie =  1
#   e = (   0.0000E+00  -   1.0000E+03  )
#   mset =  1

x: Serial Num. of Region
y: Dose [Gy/source]
p: xlin ylog afac(0.8) form(0.9)
h:   x      n     n          y(neutron ),l3 n  
#  num    reg     volume       neutron   r.err 
    1      63   9.2000E+02   1.2864E-06  0.8075
    2      64   6.9400E+02   1.8992E-05  0.1029
    3      80   1.5600E+03   3.9485E-05  0.1461
    4      81   1.8100E+03   1.8428E-06  0.6096
    5      86   7.4000E+02   8.8765E-06  0.3015
    6     190   2.3654E+02   1.2109E-04  0.1439
    7     191   2.3654E+02   3.1793E-07  0.5191
    8     222   1.4100E+03   6.8966E-06  0.0739
    9    1001   8.1810E+00   7.2308E-04  0.5066
   10    1002   5.9560E+00   5.4651E-05  0.5401
   11    1003   8.3130E+00   5.2847E-05  0.3875

#   sum over    7.6295E+03   1.7168E-05

'no. =  1,  ie =  1,  mset =  1'
msuc: {\huge [t-track] in region mesh}
msdr: {\it plotted by \ANGEL \version}
msdl: {\it calculated by \PHITS  3.31}
wt: s(0.7)
\vspace{-3}
  emin  &=&   0.0000E+00 [MeV]
  emax  &=&   1.0000E+03 [MeV]
  mset  &=&   1
e:
 
# Information for Restart Calculation
# This calculation was newly started
# istdev =  2 # 1:Batch variance, 2:History variance
# resc2  = 8.01088326423139237E-09 # Total source weight or Total source weight / maxcas
# resc3  = 1.00000000000000000E+08 # Total history number or Total batch number
# maxcas =     1000000 # History / Batch, only used for istdev=1
# bitrseed = 1101111110010001010110101011011001110100110101001100011110000101 # bit data of rseed
