[ T-Deposit ]
    title = [t-deposit] in region mesh
     mesh =  reg            # mesh type is region-wise
      reg = 63 64 80 81 86 190 191 222 { 1001 - 1003 }
   volume                   # combined, lattice or level structure 
   non     reg      vol     # reg definition
    1       63   9.2000E+02 # 63
    2       64   6.9400E+02 # 64
    3       80   1.5600E+03 # 80
    4       81   1.8100E+03 # 81
    5       86   7.4000E+02 # 86
    6      190   2.3654E+02 # 190
    7      191   2.3654E+02 # 191
    8      222   1.4100E+03 # 222
    9     1001   8.1810E+00 # 1001
   10     1002   5.9560E+00 # 1002
   11     1003   8.3130E+00 # 1003
     unit =    0            # unit is [Gy/source]
   letmat =    0            # (D=0) mat ID for LET, 0:real mat, <0: electron for H2O
  dedxfnc =    0            # (D=0) user defined multiplier, 0(no), 1, 2
 material =  all            # (D=all) number of specific material
   output =  dose           # total deposit energy
  deposit =    0            # (D=0) 0-> total deposit dist, 1-> each process
     axis =   reg           # axis of output
     file = dose.out        # file name of output for the above axis
     part =  all        neutron    photon     proton    ( alpha      7Li      ) 
# kf/name :  0          2112       22         2212      ( 2000004    3000007  ) 
   epsout =    1            # (D=0) generate eps file by ANGEL
#    used :        main (  %)        temp (  %)       total (  %)
#  memory :          15 (  0)           0 (  0)          15 (  0)

#------------------------------------------------------------------------------
#newpage:
#   no. =  1

x: Serial Num. of Region
y: Dose [Gy/source]      
p: xlin ylog afac(0.8) form(0.9)
h:   x      n     n          y(all     ),l3 n   y(neutron ),d4r n   y(photon  ),u5b n   y(proton  ),m6g n   y(p5-group),q7rr n   
#  num    reg     volume       all       r.err      neutron   r.err      photon    r.err      proton    r.err      p5-group  r.err 
    1      63   9.2000E+02   1.2911E-04  0.2992   4.1642E-06  0.6258   1.2320E-04  0.3074   0.0000E+00  0.0000   0.0000E+00  0.0000
    2      64   6.9400E+02   4.3002E-04  0.1687   1.5912E-04  0.3323   2.7091E-04  0.1807   0.0000E+00  0.0000   0.0000E+00  0.0000
    3      80   1.5600E+03   9.6690E-04  0.1908   4.2015E-04  0.3880   5.4675E-04  0.1488   0.0000E+00  0.0000   0.0000E+00  0.0000
    4      81   1.8100E+03   3.0120E-04  0.3739   1.0562E-04  0.9614   1.9558E-04  0.2480   0.0000E+00  0.0000   0.0000E+00  0.0000
    5      86   7.4000E+02   5.6534E-04  0.2344   2.1438E-05  0.3601   5.4390E-04  0.2420   0.0000E+00  0.0000   0.0000E+00  0.0000
    6     190   2.3654E+02   1.8774E-03  0.2234   4.1660E-04  0.4998   1.4608E-03  0.2487   0.0000E+00  0.0000   0.0000E+00  0.0000
    7     191   2.3654E+02   2.7761E-04  0.6968   4.5159E-09  1.0000   2.7760E-04  0.6968   0.0000E+00  0.0000   0.0000E+00  0.0000
    8     222   1.4100E+03   3.4300E-04  0.1067   1.3362E-04  0.1757   2.0938E-04  0.1313   0.0000E+00  0.0000   0.0000E+00  0.0000
    9    1001   8.1810E+00   1.3088E-03  0.5598   2.6491E-04  0.4688   1.0439E-03  0.6893   0.0000E+00  0.0000   0.0000E+00  0.0000
   10    1002   5.9560E+00   3.2296E-03  0.5106   6.1300E-05  0.4363   3.1683E-03  0.5195   0.0000E+00  0.0000   0.0000E+00  0.0000
   11    1003   8.3130E+00   1.7979E-03  0.4116   5.9448E-05  0.3524   1.7385E-03  0.4222   0.0000E+00  0.0000   0.0000E+00  0.0000

#   sum over                 3.9274E+00           1.2667E+00           2.6591E+00           0.0000E+00           0.0000E+00

'no. =  1'
msuc: {\huge [t-deposit] in region mesh}
msdr: {\it plotted by \ANGEL \version}
msdl: {\it calculated by \PHITS  3.31}
 
# Information for Restart Calculation
# This calculation was newly started
# istdev =  2 # 1:Batch variance, 2:History variance
# resc2  = 1.84784372015198795E-09 # Total source weight or Total source weight / maxcas
# resc3  = 1.73000000000000000E+07 # Total history number or Total batch number
# maxcas =      100000 # History / Batch, only used for istdev=1
# bitrseed = 1100101110111001000001110100011101001001111110110001011101011111 # bit data of rseed
