
Errors of cell definition in EPS Page No. =   4
Overlapped Cell IDs  x, y, z  coodinates
(Cells 0       0  indicate undefined region)
     230    1003     9.038592E+00 -1.150000E+01  5.117427E+01
     230    1002     9.038592E+00 -1.150000E+01  5.218257E+01
     230    1003     9.038592E+00 -1.150000E+01  5.319087E+01
     230    1001     1.000000E+01 -1.150000E+01  5.117427E+01
     230    1001     1.000000E+01 -1.150000E+01  5.218257E+01
     230    1002     1.000000E+01 -1.150000E+01  5.319087E+01
     230    1003     1.096141E+01 -1.150000E+01  5.117427E+01
     230    1002     1.096141E+01 -1.150000E+01  5.218257E+01
     230    1003     1.096141E+01 -1.150000E+01  5.319087E+01

Errors of cell definition in EPS Page No. =   5
Overlapped Cell IDs  x, y, z  coodinates
(Cells 0       0  indicate undefined region)
     230    1002     9.038592E+00 -1.050000E+01  5.117427E+01
     230    1001     9.038592E+00 -1.050000E+01  5.218257E+01
     230    1003     9.038592E+00 -1.050000E+01  5.319087E+01
     230    1001     1.000000E+01 -1.050000E+01  5.117427E+01
     230    1001     1.000000E+01 -1.050000E+01  5.218257E+01
     230    1001     1.000000E+01 -1.050000E+01  5.319087E+01
     230    1002     1.096141E+01 -1.050000E+01  5.117427E+01
     230    1001     1.096141E+01 -1.050000E+01  5.218257E+01
     230    1003     1.096141E+01 -1.050000E+01  5.319087E+01

Errors of cell definition in EPS Page No. =   6
Overlapped Cell IDs  x, y, z  coodinates
(Cells 0       0  indicate undefined region)
     230    1003     9.038592E+00 -9.500000E+00  5.117427E+01
     230    1003     9.038592E+00 -9.500000E+00  5.218257E+01
     230    1002     1.000000E+01 -9.500000E+00  5.117427E+01
     230    1001     1.000000E+01 -9.500000E+00  5.218257E+01
     230    1003     1.000000E+01 -9.500000E+00  5.319087E+01
     230    1003     1.096141E+01 -9.500000E+00  5.117427E+01
     230    1003     1.096141E+01 -9.500000E+00  5.218257E+01
