
Errors of cell definition in EPS Page No. =   9
Overlapped Cell IDs  x, y, z  coodinates
(Cells 0       0  indicate undefined region)
     230    1003     8.500000E+00 -1.134031E+01  5.218257E+01
     230    1003     8.500000E+00 -1.032984E+01  5.117427E+01
     230    1003     8.500000E+00 -1.032984E+01  5.218257E+01

Errors of cell definition in EPS Page No. =  10
Overlapped Cell IDs  x, y, z  coodinates
(Cells 0       0  indicate undefined region)
     230    1001     9.500000E+00 -1.134031E+01  5.117427E+01
     230    1001     9.500000E+00 -1.134031E+01  5.218257E+01
     230    1002     9.500000E+00 -1.134031E+01  5.319087E+01
     230    1001     9.500000E+00 -1.032984E+01  5.117427E+01
     230    1001     9.500000E+00 -1.032984E+01  5.218257E+01
     230    1002     9.500000E+00 -1.032984E+01  5.319087E+01
     230    1003     9.500000E+00 -9.319372E+00  5.117427E+01
     230    1002     9.500000E+00 -9.319372E+00  5.218257E+01

Errors of cell definition in EPS Page No. =  11
Overlapped Cell IDs  x, y, z  coodinates
(Cells 0       0  indicate undefined region)
     230    1001     1.050000E+01 -1.134031E+01  5.117427E+01
     230    1001     1.050000E+01 -1.134031E+01  5.218257E+01
     230    1002     1.050000E+01 -1.134031E+01  5.319087E+01
     230    1001     1.050000E+01 -1.032984E+01  5.117427E+01
     230    1001     1.050000E+01 -1.032984E+01  5.218257E+01
     230    1002     1.050000E+01 -1.032984E+01  5.319087E+01
     230    1003     1.050000E+01 -9.319372E+00  5.117427E+01
     230    1002     1.050000E+01 -9.319372E+00  5.218257E+01

Errors of cell definition in EPS Page No. =  12
Overlapped Cell IDs  x, y, z  coodinates
(Cells 0       0  indicate undefined region)
     230    1003     1.150000E+01 -1.134031E+01  5.218257E+01
     230    1003     1.150000E+01 -1.032984E+01  5.117427E+01
     230    1003     1.150000E+01 -1.032984E+01  5.218257E+01
