[ T-Track ]
    title = [t-track] in r-z mesh
     mesh =  r-z            # mesh type is r-z scoring mesh
       x0 =   0.000000      # center x-position of r-z mesh
       y0 =   0.000000      # center y-position of r-z mesh
   r-type =    2            # r-mesh is linear given by rmin, rmax and nr
     rmin =   0.000000      # minimum value of r-mesh points
     rmax =   5.500000      # maximum value of r-mesh points
#    rdel =   5.500000      # mesh width of r-mesh points
       nr =      1          # number of r-mesh points
#    data = ( r(i), i = 1, nr + 1 )
#           0.00000E+00  5.50000E+00
   z-type =    2            # z-mesh is linear given by zmin, zmax and nz
     zmin =  -41.00000      # minimum value of z-mesh points
     zmax =   15.00000      # maximum value of z-mesh points
#    zdel =   1.000000      # mesh width of z-mesh points
       nz =     56          # number of z-mesh points
#    data = ( z(i), i = 1, nz + 1 )
#          -4.10000E+01 -4.00000E+01 -3.90000E+01 -3.80000E+01 -3.70000E+01
#          -3.60000E+01 -3.50000E+01 -3.40000E+01 -3.30000E+01 -3.20000E+01
#          -3.10000E+01 -3.00000E+01 -2.90000E+01 -2.80000E+01 -2.70000E+01
#          -2.60000E+01 -2.50000E+01 -2.40000E+01 -2.30000E+01 -2.20000E+01
#          -2.10000E+01 -2.00000E+01 -1.90000E+01 -1.80000E+01 -1.70000E+01
#          -1.60000E+01 -1.50000E+01 -1.40000E+01 -1.30000E+01 -1.20000E+01
#          -1.10000E+01 -1.00000E+01 -9.00000E+00 -8.00000E+00 -7.00000E+00
#          -6.00000E+00 -5.00000E+00 -4.00000E+00 -3.00000E+00 -2.00000E+00
#          -1.00000E+00  0.00000E+00  1.00000E+00  2.00000E+00  3.00000E+00
#           4.00000E+00  5.00000E+00  6.00000E+00  7.00000E+00  8.00000E+00
#           9.00000E+00  1.00000E+01  1.10000E+01  1.20000E+01  1.30000E+01
#           1.40000E+01  1.50000E+01
     trcl =   2004          # transform ID
   e-type =    2            # e-mesh is linear given by emin, emax and ne
     emin =   0.000000      # minimum value of e-mesh points
     emax =  5.0000000E-07  # maximum value of e-mesh points
#    edel =  5.0000000E-07  # mesh width of e-mesh points
       ne =      1          # number of e-mesh points
#    data = ( e(i), i = 1, ne + 1 )
#           0.00000E+00  5.00000E-07
     unit =    1            # unit is [1/cm^2/source]
 material =  all            # (D=all) number of specific material
     axis =       z            # axis of output
     file = thermal_neutron_flux.out  # file name of output for the above axis
     part =  neutron  
# kf/name :  2112     
    gshow =    1            # 0: no 1:bnd, 2:bnd+mat, 3:bnd+reg 4:bnd+lat 5:bmp style
    ginfo =    1            # (D=0) 0:no, 1:show in graph, 2:add file
    resol =    1            # (D=1) resolution of gshow or rshow
    width = 0.5000000       # (D=0.5) width of lines for gshow or rshow
   epsout =    1            # (D=0) generate eps file by ANGEL
#    used :        main (  %)        temp (  %)       total (  %)
#  memory :          65 (  0)           0 (  0)          65 (  0)

#------------------------------------------------------------------------------
#newpage:
#   no. =  1   ie  =  1   ir  =  1
#   e = (   0.0000E+00  -   5.0000E-07  )
#   r = (   0.0000E+00  -   5.5000E+00  )

x: z [cm]
y: Flux [1/cm^2/source]              
p: xlin ylog afac(0.8) form(0.9)
h: n            x            y(neutron ),hh0l n  
#  z-lower      z-upper        neutron   r.err 
  -4.1000E+01  -4.0000E+01   1.5027E+10  0.0075
  -4.0000E+01  -3.9000E+01   1.3730E+10  0.0079
  -3.9000E+01  -3.8000E+01   1.1931E+10  0.0084
  -3.8000E+01  -3.7000E+01   9.9341E+09  0.0090
  -3.7000E+01  -3.6000E+01   7.5524E+09  0.0096
  -3.6000E+01  -3.5000E+01   2.5474E+09  0.0103
  -3.5000E+01  -3.4000E+01   2.1950E+09  0.0197
  -3.4000E+01  -3.3000E+01   2.5326E+09  0.0181
  -3.3000E+01  -3.2000E+01   2.8665E+09  0.0175
  -3.2000E+01  -3.1000E+01   3.0353E+09  0.0172
  -3.1000E+01  -3.0000E+01   3.2238E+09  0.0165
  -3.0000E+01  -2.9000E+01   3.3375E+09  0.0163
  -2.9000E+01  -2.8000E+01   3.4750E+09  0.0162
  -2.8000E+01  -2.7000E+01   3.8000E+09  0.0166
  -2.7000E+01  -2.6000E+01   3.7547E+09  0.0167
  -2.6000E+01  -2.5000E+01   3.5678E+09  0.0172
  -2.5000E+01  -2.4000E+01   3.3186E+09  0.0176
  -2.4000E+01  -2.3000E+01   3.0455E+09  0.0178
  -2.3000E+01  -2.2000E+01   2.7052E+09  0.0183
  -2.2000E+01  -2.1000E+01   2.4409E+09  0.0189
  -2.1000E+01  -2.0000E+01   2.1206E+09  0.0199
  -2.0000E+01  -1.9000E+01   1.6936E+09  0.0188
  -1.9000E+01  -1.8000E+01   1.3449E+09  0.0187
  -1.8000E+01  -1.7000E+01   1.1040E+09  0.0201
  -1.7000E+01  -1.6000E+01   9.7166E+08  0.0217
  -1.6000E+01  -1.5000E+01   9.0908E+08  0.0249
  -1.5000E+01  -1.4000E+01   8.4872E+08  0.0254
  -1.4000E+01  -1.3000E+01   8.4418E+08  0.0273
  -1.3000E+01  -1.2000E+01   9.6958E+08  0.0324
  -1.2000E+01  -1.1000E+01   1.0841E+09  0.0366
  -1.1000E+01  -1.0000E+01   1.0439E+09  0.0421
  -1.0000E+01  -9.0000E+00   9.4342E+08  0.0453
  -9.0000E+00  -8.0000E+00   8.8536E+08  0.0469
  -8.0000E+00  -7.0000E+00   8.0111E+08  0.0470
  -7.0000E+00  -6.0000E+00   6.5387E+08  0.0495
  -6.0000E+00  -5.0000E+00   5.7056E+08  0.0532
  -5.0000E+00  -4.0000E+00   4.9784E+08  0.0563
  -4.0000E+00  -3.0000E+00   4.6704E+08  0.0606
  -3.0000E+00  -2.0000E+00   3.6943E+08  0.0653
  -2.0000E+00  -1.0000E+00   3.0834E+08  0.0688
  -1.0000E+00   0.0000E+00   2.6744E+08  0.0736
   0.0000E+00   1.0000E+00   2.0418E+08  0.0845
   1.0000E+00   2.0000E+00   1.6793E+08  0.0970
   2.0000E+00   3.0000E+00   1.3167E+08  0.0997
   3.0000E+00   4.0000E+00   1.1872E+08  0.1089
   4.0000E+00   5.0000E+00   9.1652E+07  0.1169
   5.0000E+00   6.0000E+00   7.5356E+07  0.1391
   6.0000E+00   7.0000E+00   5.0832E+07  0.1502
   7.0000E+00   8.0000E+00   2.3474E+07  0.1845
   8.0000E+00   9.0000E+00   1.2368E+07  0.2069
   9.0000E+00   1.0000E+01   9.4914E+06  0.2186
   1.0000E+01   1.1000E+01   5.7914E+06  0.2562
   1.1000E+01   1.2000E+01   3.9451E+06  0.2485
   1.2000E+01   1.3000E+01   3.6444E+06  0.2619
   1.3000E+01   1.4000E+01   2.6628E+06  0.2576
   1.4000E+01   1.5000E+01   2.8768E+06  0.2525

#   sum over    5.3219E+03   2.2076E+09

'no. =  1,  ie =  1,  ir =  1'
msuc: {\huge [t-track] in r-z mesh}
msdr: {\it plotted by \ANGEL \version}
msdl: {\it calculated by \PHITS  3.31}
wt: s(0.7)
\vspace{-3}
  emin  &=&   0.0000E+00 [MeV]
  emax  &=&   5.0000E-07 [MeV]
  rmin  &=&   0.0000E+00 [cm]
  rmax  &=&   5.5000E+00 [cm]
e:
 
# Information for Restart Calculation
# This calculation was newly started
# istdev =  2 # 1:Batch variance, 2:History variance
# resc2  = 2.92130206470685537E-08 # Total source weight or Total source weight / maxcas
# resc3  = 2.73500000000000000E+08 # Total history number or Total batch number
# maxcas =      100000 # History / Batch, only used for istdev=1
# bitrseed = 0110101100010101101011000001000000010010010010010101011110000101 # bit data of rseed
