[ T-Cross ]
    title = [t-cross] in r-z mesh
     mesh =  r-z            # mesh type is r-z scoring mesh
       x0 =   0.000000      # center x-position of r-z mesh
       y0 =   0.000000      # center y-position of r-z mesh
   r-type =    2            # r-mesh is linear given by rmin, rmax and nr
     rmin =   0.000000      # minimum value of r-mesh points
     rmax =   5.500000      # maximum value of r-mesh points
#    rdel =   5.500000      # mesh width of r-mesh points
       nr =      1          # number of r-mesh points
#    data = ( r(i), i = 1, nr + 1 )
#           0.00000E+00  5.50000E+00
   z-type =    2            # z-mesh is linear given by zmin, zmax and nz
     zmin =  -41.00000      # minimum value of z-mesh points
     zmax =   15.00000      # maximum value of z-mesh points
#    zdel =   1.000000      # mesh width of z-mesh points
       nz =     56          # number of z-mesh points
#    data = ( z(i), i = 1, nz + 1 )
#          -4.10000E+01 -4.00000E+01 -3.90000E+01 -3.80000E+01 -3.70000E+01
#          -3.60000E+01 -3.50000E+01 -3.40000E+01 -3.30000E+01 -3.20000E+01
#          -3.10000E+01 -3.00000E+01 -2.90000E+01 -2.80000E+01 -2.70000E+01
#          -2.60000E+01 -2.50000E+01 -2.40000E+01 -2.30000E+01 -2.20000E+01
#          -2.10000E+01 -2.00000E+01 -1.90000E+01 -1.80000E+01 -1.70000E+01
#          -1.60000E+01 -1.50000E+01 -1.40000E+01 -1.30000E+01 -1.20000E+01
#          -1.10000E+01 -1.00000E+01 -9.00000E+00 -8.00000E+00 -7.00000E+00
#          -6.00000E+00 -5.00000E+00 -4.00000E+00 -3.00000E+00 -2.00000E+00
#          -1.00000E+00  0.00000E+00  1.00000E+00  2.00000E+00  3.00000E+00
#           4.00000E+00  5.00000E+00  6.00000E+00  7.00000E+00  8.00000E+00
#           9.00000E+00  1.00000E+01  1.10000E+01  1.20000E+01  1.30000E+01
#           1.40000E+01  1.50000E+01
     trcl =   2004          # transform ID
   e-type =    2            # e-mesh is linear given by emin, emax and ne
     emin =   0.000000      # minimum value of e-mesh points
     emax =   1000.000      # maximum value of e-mesh points
#    edel =   1000.000      # mesh width of e-mesh points
       ne =      1          # number of e-mesh points
#    data = ( e(i), i = 1, ne + 1 )
#           0.00000E+00  1.00000E+03
  eng2let =    0            # (D=0) Flag to convert energy to LET, 0: not convert, 1: convert
     unit =    1            # unit is [1/cm^2/source]
     axis =    z            # axis of output
     file = total_neutron_current.out  # file name of output for the above axis
   output = current         # surface crossing current spectrum
     part =  neutron  
# kf/name :  2112     
    gshow =    1            # 0: no 1:bnd, 2:bnd+mat, 3:bnd+reg 4:bnd+lat 5:bmp style
    ginfo =    1            # (D=0) 0:no, 1:show in graph, 2:add file
    resol =    1            # (D=1) resolution of gshow
    width = 0.5000000       # (D=0.5) width of lines for gshow
   epsout =    1            # (D=0) generate eps file by ANGEL
#    used :        main (  %)        temp (  %)       total (  %)
#  memory :          65 (  0)           0 (  0)          65 (  0)

#------------------------------------------------------------------------------
#newpage:
#   no. =  1   ir  =  1
#   r = (   0.0000E+00  -   5.5000E+00  )
#  ie =  1
#   e = (   0.0000E+00  -   1.0000E+03  )

x: z [cm]
y: Current [1/cm^2/source]                 
p: xlin ylog afac(0.8) form(0.9)
h:              x            y(neutron ),l3 n 
#       z surface position     neutron   r.err 
               -4.1000E+01   4.2119E+10  0.0038
               -4.0000E+01   3.7658E+10  0.0041
               -3.9000E+01   3.2951E+10  0.0043
               -3.8000E+01   2.7975E+10  0.0045
               -3.7000E+01   2.2893E+10  0.0048
               -3.6000E+01   1.7569E+10  0.0050
               -3.5000E+01   8.7397E+09  0.0074
               -3.4000E+01   8.6173E+09  0.0076
               -3.3000E+01   8.4604E+09  0.0077
               -3.2000E+01   8.1848E+09  0.0078
               -3.1000E+01   7.9171E+09  0.0079
               -3.0000E+01   7.5749E+09  0.0081
               -2.9000E+01   7.1254E+09  0.0082
               -2.8000E+01   6.6205E+09  0.0083
               -2.7000E+01   6.3447E+09  0.0083
               -2.6000E+01   5.9499E+09  0.0085
               -2.5000E+01   5.5625E+09  0.0086
               -2.4000E+01   5.1341E+09  0.0089
               -2.3000E+01   4.7149E+09  0.0091
               -2.2000E+01   4.3060E+09  0.0094
               -2.1000E+01   3.8874E+09  0.0096
               -2.0000E+01   3.4976E+09  0.0100
               -1.9000E+01   3.1625E+09  0.0104
               -1.8000E+01   2.8081E+09  0.0112
               -1.7000E+01   2.5003E+09  0.0120
               -1.6000E+01   2.2238E+09  0.0128
               -1.5000E+01   1.9958E+09  0.0137
               -1.4000E+01   1.8385E+09  0.0146
               -1.3000E+01   1.6990E+09  0.0164
               -1.2000E+01   1.4993E+09  0.0205
               -1.1000E+01   1.2394E+09  0.0257
               -1.0000E+01   9.4268E+08  0.0324
               -9.0000E+00   7.3551E+08  0.0378
               -8.0000E+00   6.0109E+08  0.0408
               -7.0000E+00   4.7311E+08  0.0433
               -6.0000E+00   3.9161E+08  0.0482
               -5.0000E+00   3.2565E+08  0.0506
               -4.0000E+00   3.0815E+08  0.0560
               -3.0000E+00   2.5634E+08  0.0582
               -2.0000E+00   2.1444E+08  0.0616
               -1.0000E+00   1.7613E+08  0.0667
                0.0000E+00   1.4258E+08  0.0724
                1.0000E+00   1.1499E+08  0.0818
                2.0000E+00   9.1966E+07  0.0848
                3.0000E+00   8.3121E+07  0.0915
                4.0000E+00   6.7055E+07  0.1048
                5.0000E+00   5.6930E+07  0.1067
                6.0000E+00   4.6314E+07  0.1207
                7.0000E+00   2.9719E+07  0.1278
                8.0000E+00   1.7555E+07  0.1391
                9.0000E+00   1.3011E+07  0.1408
                1.0000E+01   1.0186E+07  0.1598
                1.1000E+01   8.9687E+06  0.1737
                1.2000E+01   9.2863E+06  0.1709
                1.3000E+01   8.3583E+06  0.1816
                1.4000E+01   7.7016E+06  0.1889
                1.5000E+01   7.3638E+06  0.1927

#   sum over    5.4169E+03   5.4019E+09

'no. =  1,  ie =  1,  ir =  1'
msuc: {\huge [t-cross] in r-z mesh}
msdr: {\it plotted by \ANGEL \version}
msdl: {\it calculated by \PHITS  3.31}
wt: s(0.7)
\vspace{-3}
  z surface crossing
  area  &=&   9.5033E+01 [cm^2]
  rmin  &=&   0.0000E+00 [cm]
  rmax  &=&   5.5000E+00 [cm]
  emin  &=&   0.0000E+00 [MeV]
  emax  &=&   1.0000E+03 [MeV]
e:

#------------------------------------------------------------------------------
 newpage:
#   no. =  2   ir surf =  2
#   rmesh =    5.5000E+00
#  ie =  1
#   e = (   0.0000E+00  -   1.0000E+03  )

x: z [cm]
y: Current [1/cm^2/source]                 
p: xlin ylog afac(0.8) form(0.9)
h:              x            y(neutron ),hh0l n 
#  z-lower      z-upper        neutron   r.err 
  -4.1000E+01  -4.0000E+01   4.0671E+10  0.0054
  -4.0000E+01  -3.9000E+01   3.6856E+10  0.0057
  -3.9000E+01  -3.8000E+01   3.1778E+10  0.0061
  -3.8000E+01  -3.7000E+01   2.6497E+10  0.0066
  -3.7000E+01  -3.6000E+01   2.0875E+10  0.0072
  -3.6000E+01  -3.5000E+01   1.0983E+10  0.0099
  -3.5000E+01  -3.4000E+01   1.0151E+10  0.0121
  -3.4000E+01  -3.3000E+01   1.0471E+10  0.0122
  -3.3000E+01  -3.2000E+01   9.9384E+09  0.0125
  -3.2000E+01  -3.1000E+01   9.3515E+09  0.0127
  -3.1000E+01  -3.0000E+01   8.9163E+09  0.0132
  -3.0000E+01  -2.9000E+01   8.2785E+09  0.0135
  -2.9000E+01  -2.8000E+01   7.4959E+09  0.0141
  -2.8000E+01  -2.7000E+01   6.7933E+09  0.0135
  -2.7000E+01  -2.6000E+01   6.4354E+09  0.0138
  -2.6000E+01  -2.5000E+01   5.8630E+09  0.0143
  -2.5000E+01  -2.4000E+01   5.4039E+09  0.0150
  -2.4000E+01  -2.3000E+01   4.8203E+09  0.0157
  -2.3000E+01  -2.2000E+01   4.1907E+09  0.0168
  -2.2000E+01  -2.1000E+01   3.7271E+09  0.0178
  -2.1000E+01  -2.0000E+01   3.1690E+09  0.0192
  -2.0000E+01  -1.9000E+01   2.4357E+09  0.0206
  -1.9000E+01  -1.8000E+01   1.4964E+09  0.0241
  -1.8000E+01  -1.7000E+01   1.2216E+09  0.0270
  -1.7000E+01  -1.6000E+01   1.2563E+09  0.0281
  -1.6000E+01  -1.5000E+01   1.1826E+09  0.0292
  -1.5000E+01  -1.4000E+01   1.0388E+09  0.0303
  -1.4000E+01  -1.3000E+01   8.6664E+08  0.0307
  -1.3000E+01  -1.2000E+01   7.8315E+08  0.0325
  -1.2000E+01  -1.1000E+01   7.5521E+08  0.0328
  -1.1000E+01  -1.0000E+01   6.6047E+08  0.0361
  -1.0000E+01  -9.0000E+00   5.7304E+08  0.0429
  -9.0000E+00  -8.0000E+00   5.4139E+08  0.0483
  -8.0000E+00  -7.0000E+00   4.4219E+08  0.0537
  -7.0000E+00  -6.0000E+00   4.1075E+08  0.0603
  -6.0000E+00  -5.0000E+00   3.3729E+08  0.0663
  -5.0000E+00  -4.0000E+00   2.8008E+08  0.0719
  -4.0000E+00  -3.0000E+00   2.6570E+08  0.0734
  -3.0000E+00  -2.0000E+00   2.1546E+08  0.0828
  -2.0000E+00  -1.0000E+00   1.6710E+08  0.0918
  -1.0000E+00   0.0000E+00   1.4895E+08  0.0954
   0.0000E+00   1.0000E+00   9.8525E+07  0.1097
   1.0000E+00   2.0000E+00   8.3781E+07  0.1236
   2.0000E+00   3.0000E+00   6.5939E+07  0.1229
   3.0000E+00   4.0000E+00   6.9468E+07  0.1312
   4.0000E+00   5.0000E+00   4.5206E+07  0.1457
   5.0000E+00   6.0000E+00   3.2846E+07  0.1660
   6.0000E+00   7.0000E+00   2.3349E+07  0.1809
   7.0000E+00   8.0000E+00   1.3078E+07  0.2422
   8.0000E+00   9.0000E+00   8.7149E+06  0.3262
   9.0000E+00   1.0000E+01   7.5679E+06  0.2924
   1.0000E+01   1.1000E+01   3.7006E+06  0.3649
   1.1000E+01   1.2000E+01   3.9871E+06  0.4340
   1.2000E+01   1.3000E+01   3.1143E+06  0.4274
   1.3000E+01   1.4000E+01   2.5660E+06  0.4878
   1.4000E+01   1.5000E+01   2.9478E+06  0.4706

#   sum over    1.9352E+03   5.1466E+09

'no. =  2,   ir surf =  2,   ie =  1'
msuc: {\huge [t-cross] in r-z mesh}
msdr: {\it plotted by \ANGEL \version}
msdl: {\it calculated by \PHITS  3.31}
wt: s(0.7)
\vspace{-3}
  r surface crossing
  r     &=&   5.5000E+00 [cm]
  emin  &=&   0.0000E+00 [MeV]
  emax  &=&   1.0000E+03 [MeV]
 tot area  &=&   1.9352E+03 [cm^2]
e:
 
# Information for Restart Calculation
# This calculation was newly started
# istdev =  2 # 1:Batch variance, 2:History variance
# resc2  = 2.92130206470685537E-08 # Total source weight or Total source weight / maxcas
# resc3  = 2.73500000000000000E+08 # Total history number or Total batch number
# maxcas =      100000 # History / Batch, only used for istdev=1
# bitrseed = 0110101100010101101011000001000000010010010010010101011110000101 # bit data of rseed
