[ T-Deposit ]
    title = [t-deposit] in region mesh
     mesh =  reg            # mesh type is region-wise
      reg = 63 64 80 81 86 190 191 222 { 1001 - 1003 }
   volume                   # combined, lattice or level structure 
   non     reg      vol     # reg definition
    1       63   9.2000E+02 # 63
    2       64   6.9400E+02 # 64
    3       80   1.5600E+03 # 80
    4       81   1.8100E+03 # 81
    5       86   7.4000E+02 # 86
    6      190   2.3654E+02 # 190
    7      191   2.3654E+02 # 191
    8      222   1.4100E+03 # 222
    9     1001   8.1810E+00 # 1001
   10     1002   5.9560E+00 # 1002
   11     1003   8.3130E+00 # 1003
     unit =    0            # unit is [Gy/source]
   letmat =    0            # (D=0) mat ID for LET, 0:real mat, <0: electron for H2O
  dedxfnc =    0            # (D=0) user defined multiplier, 0(no), 1, 2
 material =  all            # (D=all) number of specific material
   output =  dose           # total deposit energy
  deposit =    0            # (D=0) 0-> total deposit dist, 1-> each process
     axis =   reg           # axis of output
     file = dose.out        # file name of output for the above axis
     part =  all        neutron    photon     proton    ( alpha      7Li      ) 
# kf/name :  0          2112       22         2212      ( 2000004    3000007  ) 
   epsout =    1            # (D=0) generate eps file by ANGEL
#    used :        main (  %)        temp (  %)       total (  %)
#  memory :          15 (  0)           0 (  0)          15 (  0)

#------------------------------------------------------------------------------
#newpage:
#   no. =  1

x: Serial Num. of Region
y: Dose [Gy/source]      
p: xlin ylog afac(0.8) form(0.9)
h:   x      n     n          y(all     ),l3 n   y(neutron ),d4r n   y(photon  ),u5b n   y(proton  ),m6g n   y(p5-group),q7rr n   
#  num    reg     volume       all       r.err      neutron   r.err      photon    r.err      proton    r.err      p5-group  r.err 
    1      63   9.2000E+02   1.6857E-04  0.3183   1.9121E-05  0.4341   1.4945E-04  0.3510   0.0000E+00  0.0000   0.0000E+00  0.0000
    2      64   6.9400E+02   6.6301E-04  0.1395   2.7771E-04  0.2572   3.8530E-04  0.1394   0.0000E+00  0.0000   0.0000E+00  0.0000
    3      80   1.5600E+03   1.7227E-03  0.1868   6.9898E-04  0.4021   1.0238E-03  0.1495   0.0000E+00  0.0000   0.0000E+00  0.0000
    4      81   1.8100E+03   1.6665E-04  0.2548   2.1841E-05  0.5729   1.4481E-04  0.2764   0.0000E+00  0.0000   0.0000E+00  0.0000
    5      86   7.4000E+02   1.5489E-03  0.2279   7.1583E-04  0.3715   8.3311E-04  0.2513   0.0000E+00  0.0000   0.0000E+00  0.0000
    6     190   2.3654E+02   5.0118E-03  0.1383   1.9608E-03  0.2646   3.0510E-03  0.1453   0.0000E+00  0.0000   0.0000E+00  0.0000
    7     191   2.3654E+02   3.1513E-04  0.4766   2.7988E-05  0.4922   2.8714E-04  0.5199   0.0000E+00  0.0000   0.0000E+00  0.0000
    8     222   1.4100E+03   4.3953E-04  0.1041   2.2704E-04  0.1774   2.1249E-04  0.0948   0.0000E+00  0.0000   0.0000E+00  0.0000
    9    1001   8.1810E+00   1.8234E-02  0.3487   1.6017E-02  0.3909   2.2175E-03  0.3418   0.0000E+00  0.0000   0.0000E+00  0.0000
   10    1002   5.9560E+00   3.2854E-03  0.2386   1.5002E-03  0.2976   1.7853E-03  0.3213   0.0000E+00  0.0000   0.0000E+00  0.0000
   11    1003   8.3130E+00   4.0470E-03  0.2149   1.5958E-03  0.3123   2.4512E-03  0.2799   0.0000E+00  0.0000   0.0000E+00  0.0000

#   sum over                 6.8327E+00           2.8138E+00           4.0189E+00           0.0000E+00           0.0000E+00

'no. =  1'
msuc: {\huge [t-deposit] in region mesh}
msdr: {\it plotted by \ANGEL \version}
msdl: {\it calculated by \PHITS  3.31}
 
# Information for Restart Calculation
# This calculation was newly started
# istdev =  2 # 1:Batch variance, 2:History variance
# resc2  = 1.60217665304022635E-09 # Total source weight or Total source weight / maxcas
# resc3  = 2.00000000000000000E+07 # Total history number or Total batch number
# maxcas =    10000000 # History / Batch, only used for istdev=1
# bitrseed = 1100101110101011010100101011000101100001110011100000110110110010 # bit data of rseed
