[ T-Deposit ]
    title = [t-deposit] in region mesh
     mesh =  reg            # mesh type is region-wise
      reg = 63 64 80 81 86 190 191 222 { 1001 - 1003 }
   volume                   # combined, lattice or level structure 
   non     reg      vol     # reg definition
    1       63   9.2000E+02 # 63
    2       64   6.9400E+02 # 64
    3       80   1.5600E+03 # 80
    4       81   1.8100E+03 # 81
    5       86   7.4000E+02 # 86
    6      190   2.3654E+02 # 190
    7      191   2.3654E+02 # 191
    8      222   1.4100E+03 # 222
    9     1001   8.1810E+00 # 1001
   10     1002   5.9560E+00 # 1002
   11     1003   8.3130E+00 # 1003
     unit =    0            # unit is [Gy/source]
   letmat =    0            # (D=0) mat ID for LET, 0:real mat, <0: electron for H2O
  dedxfnc =    0            # (D=0) user defined multiplier, 0(no), 1, 2
 material =  all            # (D=all) number of specific material
   output =  dose           # total deposit energy
  deposit =    0            # (D=0) 0-> total deposit dist, 1-> each process
     axis =   reg           # axis of output
     file = dose.out        # file name of output for the above axis
     part =  all       ( neutron    photon   )   neutron    photon     proton    ( alpha      7Li      ) 
# kf/name :  0         ( 2112       22       )   2112       22         2212      ( 2000004    3000007  ) 
   epsout =    1            # (D=0) generate eps file by ANGEL
#    used :        main (  %)        temp (  %)       total (  %)
#  memory :          15 (  0)           0 (  0)          15 (  0)

#------------------------------------------------------------------------------
#newpage:
#   no. =  1

x: Serial Num. of Region
y: Dose [Gy/source]      
p: xlin ylog afac(0.8) form(0.9)
h:   x      n     n          y(all     ),l3   n   y(p2-group),d4r  n   y(neutron ),u5b  n   y(photon  ),m6g  n   y(proton  ),q7rr n   y(p6-group),v8bb n   
#  num    reg     volume     all         r.err    p2-group    r.err    neutron     r.err    photon      r.err    proton      r.err    p6-group    r.err 
    1      63   9.2000E+02   8.1843E-05  0.2560   8.1843E-05  0.2560   4.0616E-05  0.4834   4.1227E-05  0.1728   0.0000E+00  0.0000   0.0000E+00  0.0000
    2      64   6.9400E+02   2.4402E-04  0.1278   2.4402E-04  0.1278   8.3156E-05  0.2054   1.6087E-04  0.1615   0.0000E+00  0.0000   0.0000E+00  0.0000
    3      80   1.5600E+03   5.5368E-04  0.2384   4.3542E-04  0.1129   1.9879E-04  0.2222   2.3663E-04  0.0857   1.1826E-04  1.0000   0.0000E+00  0.0000
    4      81   1.8100E+03   3.0390E-04  0.5050   1.5991E-04  0.1645   4.1542E-05  0.4775   1.1837E-04  0.1436   0.0000E+00  0.0000   0.0000E+00  0.0000
    5      86   7.4000E+02   4.2733E-04  0.1568   4.2733E-04  0.1568   9.0381E-05  0.5493   3.3695E-04  0.1305   0.0000E+00  0.0000   0.0000E+00  0.0000
    6     190   2.3654E+02   2.0151E-03  0.1450   2.0151E-03  0.1450   1.1126E-03  0.2411   9.0255E-04  0.1279   0.0000E+00  0.0000   0.0000E+00  0.0000
    7     191   2.3654E+02   2.9509E-04  0.4194   2.9509E-04  0.4194   1.1588E-04  0.8827   1.7921E-04  0.3888   0.0000E+00  0.0000   0.0000E+00  0.0000
    8     222   1.4100E+03   1.7383E-04  0.0718   1.7383E-04  0.0718   8.9480E-05  0.1152   8.4349E-05  0.0764   0.0000E+00  0.0000   0.0000E+00  0.0000
    9    1001   8.1810E+00   1.3625E-03  0.3646   1.3625E-03  0.3646   6.4319E-04  0.6441   7.1933E-04  0.3810   0.0000E+00  0.0000   0.0000E+00  0.0000
   10    1002   5.9560E+00   1.2143E-03  0.3174   1.2143E-03  0.3174   4.6060E-04  0.6512   7.5374E-04  0.3203   0.0000E+00  0.0000   0.0000E+00  0.0000
   11    1003   8.3130E+00   9.6978E-04  0.2684   9.6978E-04  0.2684   3.5921E-04  0.5532   6.1056E-04  0.2747   0.0000E+00  0.0000   0.0000E+00  0.0000

'no. =  1'
msuc: {\huge [t-deposit] in region mesh}
msdr: {\it plotted by \ANGEL \version}
msdl: {\it calculated by \PHITS  3.30}
 
# Information for Restart Calculation
# This calculation was newly started
# istdev =  2 # 1:Batch variance, 2:History variance
# resc2  = 1.60230732271511456E-08 # Total source weight or Total source weight / maxcas
# resc3  = 1.00000000000000000E+08 # Total history number or Total batch number
# maxcas =     1000000 # History / Batch, only used for istdev=1
# bitrseed = 1101111110010001010110101011011001110100110101001100011110000101 # bit data of rseed
