           _________________________________________________________
          |                                                         |
          |       _/_/_/_/                                          |
          |      _/      _/                  _/_/_/_/_/_/           |
          |     _/      _/  _/      _/   _/      _/      _/_/_/_/_/ |
          |    _/_/_/_/    _/      _/   _/      _/      _/          |
          |   _/          _/_/_/_/_/   _/      _/       _/_/_/_/    |
          |  _/          _/      _/   _/      _/              _/    |
          | _/          _/      _/   _/      _/      _/_/_/_/_/     |
          |                                                         |
          |                                                         |
          |       Particle and Heavy Ion Transport code System      |
          |                      Version =  3.310                   |
          |                       developed by                      |
          |                                                         |
          |  Tatsuhiko SATO, Yosuke IWAMOTO, Shintaro HASHIMOTO,    |
          |    Tatsuhiko OGAWA, Takuya FURUTA, Shinichiro ABE,      |
          |    Takeshi KAI, Norihiro MATSUDA, Yusuke MATSUYA,       |
          | Yuho HIRATA, Lan YAO, Pi-En TSAI, Hunter RATLIFF (JAEA),|
          |                                                         |
          |            Hiroshi IWASE, Yasuhito SAKAKI (KEK),        |
          |                                                         |
          |           Nobuhiro SHIGYO (Kyushu University),          |
          |                                                         |
          |      Lembit SIHVER (Technische Universitat Wien), and   |
          |                                                         |
          |                     Koji NIITA (RIST)                   |
          |                                                         |
          |                 Last Revised  2023-04-11                |
          |_________________________________________________________|

                            __ [ Job Title ] _ 
                           |                  |
                           |  Verifikasi BSA  |
                           |__________________|

                        Starting Date = 2023-05-10
                        Starting Time = 04h 44m 31

>>> Input Echo >>>=============================================================

[ Title ]
Verifikasi BSA

[ Parameters ]
 icntl    =           0     # (D=0) 3:ECH 5:NOR 6:SRC 7,8:GSH 11:DSH 12:DUMP
 maxcas   =     1000000     # (D=10) number of particles per one batch
 maxbch   =         100     # (D=10) number of batches
 ipnint   =           1     # (D=0) 0: no, 1: consider photo-nuclear reaction
 negs     =           2     # (D=-1) =-1:original, =0:No, =1:EGS, =2:EGS(HE)
 emin(12) = 0.100000000     # (D=1.e+9) cut-off energy of electron (MeV)
 emin(13) = 0.100000000     # (D=1.e+9) cut-off energy of positron (MeV)
 emin(14) = 1.000000000E-03 # (D=1.0e-3) cut-off energy of photon (MeV)
 dmax(12) =  10000000.0     # (D=emin(12)) data max. energy of electron (MeV)
 dmax(13) =  10000000.0     # (D=emin(13)) data max. energy of positron (MeV)
 dmax(14) =  10000000.0     # (D=1.0e+3) data max. energy of photon (MeV)
 e-mode   =           0     # (D=0) 0: Normal, 1: Event generator mode Ver.1, 2: Ver.2

[ Source ]
  totfact =  1.24830E+16    # (D=1.0) global factor
   s-type =   1             # cylindrical source
     proj =  proton         # kind of incident particle         
       e0 =   30.000        # energy of beam [MeV/n]
       r0 =   2.0000        # radius [cm]
       r1 =   0.0000        # minimum radius [cm]
       x0 =   0.0000        # (D=0.0) center position of x-axis [cm]
       y0 =   0.0000        # (D=0.0) center position of y-axis [cm]
       z0 =   0.0000        # minimum position of z-axis [cm]
       z1 =   0.0000        # maximum position of z-axis [cm]
      dir =   1.0000        # z-direction of beam [cosine]
     trcl =   2003          # transform ID

[ Material ]
MAT[ 1 ] 
            C        -1.2400000E-04
            N        -7.5526700E-01
            O        -2.3178100E-01
           Ar        -1.2827000E-02
MAT[ 2001 ] 
          9Be        -1.0000000E+00
MAT[ 2002 ] 
        206Pb        -2.4400000E-01
        207Pb        -2.2400000E-01
        208Pb        -5.3200000E-01
MAT[ 2003 ] 
        209Bi        -1.0000000E+00
MAT[ 2004 ] 
           1H        -5.2620000E-01
            C        -2.9690000E-01
          16O        -1.0070000E-01
          6Li        -7.2400000E-02
          7Li        -3.8000000E-03
MAT[ 2005 ] 
           Ni        -9.5000000E-01
         55Mn        -1.5000000E-02
           Fe        -1.0000000E-02
           Si        -5.0000000E-03
           Cu        -1.0000000E-02
          12C        -5.0000000E-03
           Ti        -5.0000000E-03
MAT[ 2006 ] 
           Pb        -3.3300000E-01
          19F        -6.6700000E-01
MAT[ 2007 ] 
         27Al        -1.0000000E+00
MAT[ 2008 ] 
          7Li        -2.6785000E-01
          19F        -7.3241500E-01
MAT[ 2009 ] 
          10B        -7.8261000E-01
          12C        -2.1739000E-01
MAT[ 2010 ] 
           1H        -8.1000000E-02
          12C        -4.6900000E-01
          10B        -4.5000000E-01

[ Cell ]
 230         1 -1.2050000E-03  -400 #20001 #20002 #20003 #20004 #20005
                              #20006 #20007 #20008 #20009 #20011 #20012
                              #20013 #20014 #20018 #20023 #20024
                              #100001 
 231        -1                 400 
 20001    2004 -9.8430000E-01  ( 2011 -2002 2003 -2006 )
                              : ( -2009 -2001 2006 2014 )
                              : ( -2009 -2014 2016 2024 )  trcl=2002 
 20002    2006 -8.4500000E+00  ( -2024 2022 -2014 2019 2038 )
                              : ( 2019 -2035 2038 -2024 )  trcl=2002 
 20003    2006 -8.4500000E+00  -2006 2007 -2003 2014  trcl=2002 
 20004    2006 -8.4500000E+00  ( -2014 2035 2027 -2022 2038 )
                              : ( 2038 -2022 2035 -2018 )  trcl=2002 
 20005    2006 -8.4500000E+00  ( 2011 -2003 2004 -2007 )
                              : ( -2003 2010 -2007 2013 )
                              : ( 2027 -2007 2014 -2013 )  trcl=2002 
 20006    2007 -2.7000000E+00  -2013 2031 -2027  trcl=2002 
 20007    2007 -2.7000000E+00  ( 2013 -2010 -2004 2025 )
                              : ( 2013 -2010 -2005 )  trcl=2002 
 20008    2009 -2.5200000E+00  -2027 -2034 2018  trcl=2002 
 20009    2008 -2.6530000E+00  -2032 -2027 2017  trcl=2002 
 20011       0                 2004 -2012 -2026  trcl=2002 
 20012    2001 -1.8500000E+00  2005 -2004 -2025  trcl=2002 
 20013    2003 -9.8000000E+00  -2026 2004 2012 -2011  trcl=2002 
 20014    2003 -9.8000000E+00  2030 -2018 -2038  trcl=2002 
 20018    2005 -8.8600000E+00  2036 -2028 2037 -2038  trcl=2002 
 20023    2010 -9.3000000E-01  2038 -2009 -2019 2042  trcl=2002 
 20024    2002 -1.1340000E+01  2038 -2009 -2042 2043  trcl=2002 
 100001      1 -1.2050000E-03  -10001  vol=125 

[ Surface ]
 400           so    5.0000000E+02
 2001     2001 px    2.5210000E+02
 2002     2001 px    2.5200000E+02
 2003     2001 px    2.4200000E+02
 2004     2001 px    2.0500000E+02
 2005     2001 px    2.0450000E+02
 2006     2001 cx    5.7000000E+01
 2007     2001 cx    2.8000000E+01
 2008     2001 cx    6.7010000E+01
 2009     2001 cx    8.7000000E+01
 2010     2001 cx    2.5000000E+01
 2011     2001 cx    1.5000000E+01
 2012     2001 cx    5.0000000E+00
 2013     2001 px    1.6600000E+02
 2014     2001 px    1.5300000E+02
 2015     2001 px    1.4300000E+02
 2016     2001 px    1.2930000E+02
 2017     2001 px    1.4600000E+02
 2018     2001 px    1.4579100E+02
 2019     2001 px    1.2930000E+02
 2020     2001 px    1.3840000E+02
 2021     2001 kx    1.3300000E+02  2.0000000E+00
 2022     2001 kx    1.2500000E+02  6.0000000E-01
 2023     2001 kx    1.0590000E+02  9.0000000E-01
 2024     2001 kx    1.0600000E+02  9.0000000E-01
 2025     2001 cx    9.5000000E+00
 2026     2001 px    2.6000000E+02
 2027     2001 kx    1.3500000E+02  6.5000000E-01
 2028     2001 px    1.4529000E+02
 2029     2001 px    1.4579000E+02
 2030     2001 px    1.4529100E+02
 2031     2001 px    1.5400000E+02
 2032     2001 px    1.5399500E+02
 2033     2001 px    1.5200000E+02
 2034     2001 px    1.4599900E+02
 2035     2001 px    1.4400000E+02
 2036     2001 px    1.3830100E+02
 2037     2001 cx    5.0000000E+00
 2038     2001 cx    5.5000000E+00
 2039     2001 py    4.2000000E+00
 2040     2001 py   -4.2000000E+00
 2041     2001 px    9.8300000E+01
 2042     2001 px    1.2430000E+02
 2043     2001 px    1.1930000E+02
 10001         rpp  -3.0000000E+01  2.0000000E+01 -3.5000000E+01
                     1.5000000E+01  2.7000000E+01  7.7000000E+01

[ Transform ]
tr2001         0.0000000E+00  0.0000000E+00  1.3830000E+02
               0.0000000E+00  0.0000000E+00 -1.0000000E+00
               0.0000000E+00  1.0000000E+00  0.0000000E+00
               1.0000000E+00  0.0000000E+00  0.0000000E+00    1
*tr2002        4.0000000E+01 -1.0000000E+01  5.2000000E+01
               0.0000000E+00  2.7000000E+02  9.0000000E+01
               0.0000000E+00  0.0000000E+00  0.0000000E+00
               0.0000000E+00  0.0000000E+00  0.0000000E+00    2
*tr2003        1.6000000E+02 -1.0000000E+01  5.2000000E+01
               0.0000000E+00  2.7000000E+02  0.0000000E+00
               0.0000000E+00  0.0000000E+00  0.0000000E+00
               0.0000000E+00  0.0000000E+00  0.0000000E+00    2

[ Volume ]
    reg        vol
    230      1.000000    
    231      1.000000    
  20001      1.000000    
  20002      1.000000    
  20003      1.000000    
  20004      1.000000    
  20005      1.000000    
  20006      1.000000    
  20007      1.000000    
  20008      1.000000    
  20009      1.000000    
  20011      1.000000    
  20012      1.000000    
  20013      1.000000    
  20014      1.000000    
  20018      1.000000    
  20023      1.000000    
  20024      1.000000    
 100001      125.0000    

[ T-Gshow ]
    title = [t-gshow] in xyz mesh
     mesh =  xyz            # mesh type is xyz scoring mesh
   x-type =    2            # x-mesh is linear given by xmin, xmax and nx
     xmin =  -40.00000      # minimum value of x-mesh points
     xmax =   180.0000      # maximum value of x-mesh points
#    xdel =  0.4400000      # mesh width of x-mesh points
       nx =    500          # number of x-mesh points
   y-type =    2            # y-mesh is linear given by ymin, ymax and ny
     ymin =  -120.0000      # minimum value of y-mesh points
     ymax =   90.00000      # maximum value of y-mesh points
#    ydel =  0.4200000      # mesh width of y-mesh points
       ny =    500          # number of y-mesh points
   z-type =    1            # z-mesh is given by the below data
       nz =      1          # number of z-mesh points
#    data = ( z(i), i = 1, nz + 1 )
            0.00000E+00  1.00000E+02
     axis =   xy            # axis of output
     file = 2d_xy_BSAORNL.out  # file name of output for the above axis
   output =    2            # (D=2) 1:bnd, 2:bnd+mat, 3:bnd+num 4:bnd+mat+num
    ginfo =    1            # (D=0) 0:no, 1:show in graph, 2:add file
    resol =    1            # (D=1) resolution of gshow or rshow
    width = 0.5000000       # (D=0.5) width of lines for gshow or rshow
   epsout =    1            # (D=0) generate eps file by ANGEL
#    used :        main (  %)        temp (  %)       total (  %)
#  memory :        1004 (  0)      125501 (  0)      126505 (  0)

[ T-Gshow ]
    title = [t-gshow] in xyz mesh
     mesh =  xyz            # mesh type is xyz scoring mesh
   x-type =    2            # x-mesh is linear given by xmin, xmax and nx
     xmin =  -40.00000      # minimum value of x-mesh points
     xmax =   180.0000      # maximum value of x-mesh points
#    xdel =  0.4400000      # mesh width of x-mesh points
       nx =    500          # number of x-mesh points
   y-type =    1            # y-mesh is given by the below data
       ny =      1          # number of y-mesh points
#    data = ( y(i), i = 1, ny + 1 )
           -2.00000E+01  0.00000E+00
   z-type =    2            # z-mesh is linear given by zmin, zmax and nz
     zmin =  -100.0000      # minimum value of z-mesh points
     zmax =   150.0000      # maximum value of z-mesh points
#    zdel =  0.5000000      # mesh width of z-mesh points
       nz =    500          # number of z-mesh points
     axis =   xz            # axis of output
     file = 2d_xz_BSAORNL.out  # file name of output for the above axis
   output =    2            # (D=2) 1:bnd, 2:bnd+mat, 3:bnd+num 4:bnd+mat+num
    ginfo =    1            # (D=0) 0:no, 1:show in graph, 2:add file
    resol =    1            # (D=1) resolution of gshow or rshow
    width = 0.5000000       # (D=0.5) width of lines for gshow or rshow
   epsout =    1            # (D=0) generate eps file by ANGEL
#    used :        main (  %)        temp (  %)       total (  %)
#  memory :        1004 (  0)      125501 (  0)      126505 (  0)

[ T-Track ]
    title = [t-track] in region mesh
     mesh =  reg            # mesh type is region-wise
      reg = 100001
   volume                   # combined, lattice or level structure 
   non     reg      vol     # reg definition
    1   100001   1.2500E+02 # 100001
   e-type =    2            # e-mesh is linear given by emin, emax and ne
     emin =   0.000000      # minimum value of e-mesh points
     emax =  5.0000000E-07  # maximum value of e-mesh points
#    edel =  5.0000000E-07  # mesh width of e-mesh points
       ne =      1          # number of e-mesh points
#    data = ( e(i), i = 1, ne + 1 )
#           0.00000E+00  5.00000E-07
     unit =    1            # unit is [1/cm^2/source]
 material =  all            # (D=all) number of specific material
     axis =     reg            # axis of output
     file = thermal_neutron_flux.out  # file name of output for the above axis
     part =  neutron  
# kf/name :  2112     
#    used :        main (  %)        temp (  %)       total (  %)
#  memory :           8 (  0)           0 (  0)           8 (  0)

[ T-Track ]
    title = [t-track] in region mesh
     mesh =  reg            # mesh type is region-wise
      reg = 100001
   volume                   # combined, lattice or level structure 
   non     reg      vol     # reg definition
    1   100001   1.2500E+02 # 100001
   e-type =    2            # e-mesh is linear given by emin, emax and ne
     emin =  5.0000000E-07  # minimum value of e-mesh points
     emax =  1.0000000E-02  # maximum value of e-mesh points
#    edel =  9.9995000E-03  # mesh width of e-mesh points
       ne =      1          # number of e-mesh points
#    data = ( e(i), i = 1, ne + 1 )
#           5.00000E-07  1.00000E-02
     unit =    1            # unit is [1/cm^2/source]
 material =  all            # (D=all) number of specific material
     axis =     reg            # axis of output
     file = epithermal_neutron_flux.out  # file name of output for the above axis
     part =  neutron  
# kf/name :  2112     
#    used :        main (  %)        temp (  %)       total (  %)
#  memory :           8 (  0)           0 (  0)           8 (  0)

[ T-Track ]
    title = [t-track] in region mesh
     mesh =  reg            # mesh type is region-wise
      reg = 100001
   volume                   # combined, lattice or level structure 
   non     reg      vol     # reg definition
    1   100001   1.2500E+02 # 100001
   e-type =    2            # e-mesh is linear given by emin, emax and ne
     emin =  1.0000000E-02  # minimum value of e-mesh points
     emax =   200.0000      # maximum value of e-mesh points
#    edel =   199.9900      # mesh width of e-mesh points
       ne =      1          # number of e-mesh points
#    data = ( e(i), i = 1, ne + 1 )
#           1.00000E-02  2.00000E+02
     unit =    1            # unit is [1/cm^2/source]
 material =  all            # (D=all) number of specific material
     axis =     reg            # axis of output
     file = fast_neutron_flux.out  # file name of output for the above axis
     part =  neutron  
# kf/name :  2112     
#    used :        main (  %)        temp (  %)       total (  %)
#  memory :           8 (  0)           0 (  0)           8 (  0)

[ T-Track ]
    title = [t-track] in region mesh
     mesh =  reg            # mesh type is region-wise
      reg = 100001
   volume                   # combined, lattice or level structure 
   non     reg      vol     # reg definition
    1   100001   1.2500E+02 # 100001
   e-type =    2            # e-mesh is linear given by emin, emax and ne
     emin =   0.000000      # minimum value of e-mesh points
     emax =   200.0000      # maximum value of e-mesh points
#    edel =   200.0000      # mesh width of e-mesh points
       ne =      1          # number of e-mesh points
#    data = ( e(i), i = 1, ne + 1 )
#           0.00000E+00  2.00000E+02
     unit =    1            # unit is [1/cm^2/source]
 material =  all            # (D=all) number of specific material
     axis =     reg            # axis of output
     file = total_neutron_flux.out  # file name of output for the above axis
     part =  neutron  
# kf/name :  2112     
#    used :        main (  %)        temp (  %)       total (  %)
#  memory :           8 (  0)           0 (  0)           8 (  0)

[ T-Cross ]
    title = [t-cross] in xyz mesh
     mesh =  xyz            # mesh type is xyz scoring mesh
   x-type =    2            # x-mesh is linear given by xmin, xmax and nx
     xmin =  -30.00000      # minimum value of x-mesh points
     xmax =   20.00000      # maximum value of x-mesh points
#    xdel =   50.00000      # mesh width of x-mesh points
       nx =      1          # number of x-mesh points
#    data = ( x(i), i = 1, nx + 1 )
#          -3.00000E+01  2.00000E+01
   y-type =    2            # y-mesh is linear given by ymin, ymax and ny
     ymin =  -35.00000      # minimum value of y-mesh points
     ymax =   15.00000      # maximum value of y-mesh points
#    ydel =   50.00000      # mesh width of y-mesh points
       ny =      1          # number of y-mesh points
#    data = ( y(i), i = 1, ny + 1 )
#          -3.50000E+01  1.50000E+01
   z-type =    2            # z-mesh is linear given by zmin, zmax and nz
     zmin =   27.00000      # minimum value of z-mesh points
     zmax =   77.00000      # maximum value of z-mesh points
#    zdel =   50.00000      # mesh width of z-mesh points
       nz =      1          # number of z-mesh points
#    data = ( z(i), i = 1, nz + 1 )
#           2.70000E+01  7.70000E+01
   e-type =    2            # e-mesh is linear given by emin, emax and ne
     emin =   0.000000      # minimum value of e-mesh points
     emax =   200.0000      # maximum value of e-mesh points
#    edel =   200.0000      # mesh width of e-mesh points
       ne =      1          # number of e-mesh points
#    data = ( e(i), i = 1, ne + 1 )
#           0.00000E+00  2.00000E+02
  eng2let =    0            # (D=0) Flag to convert energy to LET, 0: not convert, 1: convert
     unit =    1            # unit is [1/cm^2/source]
     axis =  eng            # axis of output
     file = total_neutron_current.out  # file name of output for the above axis
   output = current         # surface crossing current spectrum
     part =  neutron  
# kf/name :  2112     
#    used :        main (  %)        temp (  %)       total (  %)
#  memory :          12 (  0)           0 (  0)          12 (  0)

[END] of Input Echo <<<========================================================

<<< Report of real Geometry memory >>>
*           GG/CG memory =        2
*     total memory: mdas = 80000000
*                percent =     0.00 %

<<< Report of material memory for high energy>>>
*   high energy material =        1
*     total memory: mdas = 80000000
*                percent =     0.00 %

<<< Report of material memory for low energy>>>
*    low energy material =    10479
*     total memory: mdas = 80000000
*                percent =     0.01 %

<<< Report of real tally memory >>>
*      real tally memory =     2052
*     total memory: mdas = 80000000
*                percent =     0.00 %

<<< Report of temporary tally memory >>>
* temporary tally memory =   130985
*     total memory: mdas = 80000000
*                percent =     0.16 %

<<< Report of total memory >>>
*      used total memory =   135986
*     total memory: mdas = 80000000
*                percent =     0.17 %
*                ---------------------

-------------------------------------------------------------------------------
bat[       1] ncas =        1000000.
 bitrseed = 0100001010011000001011101100011110011000110110100110010000000000
          cpu time =   1 m. 22.55 s.

-------------------------------------------------------------------------------
bat[       2] ncas =        2000000.
 bitrseed = 0101101000001110011101111011110101001001010001111010111000101101
          cpu time =   1 m. 22.52 s.

-------------------------------------------------------------------------------
bat[       3] ncas =        3000000.
 bitrseed = 0000111001110000100000000101110001100100110011010001011101101101
          cpu time =   1 m. 20.64 s.

-------------------------------------------------------------------------------
bat[       4] ncas =        4000000.
 bitrseed = 0001111010010101100111110011000000011100001100110000010100000010
          cpu time =   1 m. 22.63 s.

-------------------------------------------------------------------------------
bat[       5] ncas =        5000000.
 bitrseed = 1010101001111100000000100111110100111101110011001011111110101011
          cpu time =   1 m. 21.25 s.

-------------------------------------------------------------------------------
bat[       6] ncas =        6000000.
 bitrseed = 0110111011001101101010001011110101111001001101001110111111100011
          cpu time =   1 m. 22.07 s.

-------------------------------------------------------------------------------
bat[       7] ncas =        7000000.
 bitrseed = 1000001101001111111010001110011000000010111010110011001100011111
          cpu time =   1 m. 20.46 s.

-------------------------------------------------------------------------------
bat[       8] ncas =        8000000.
 bitrseed = 0100100110001011110001100101100111010001000111001110111010010011
          cpu time =   1 m. 20.86 s.

-------------------------------------------------------------------------------
bat[       9] ncas =        9000000.
 bitrseed = 0111100000001011101111000100001111010000101000001011011000101111
          cpu time =   1 m. 21.43 s.

-------------------------------------------------------------------------------
bat[      10] ncas =       10000000.
 bitrseed = 0110011101000010001011101011101101010010110110000011011000100001
          cpu time =   1 m. 20.67 s.

-------------------------------------------------------------------------------
bat[      11] ncas =       11000000.
 bitrseed = 1000110000001000111111101100101001110101110010000011011101101000
          cpu time =   1 m. 21.44 s.

-------------------------------------------------------------------------------
bat[      12] ncas =       12000000.
 bitrseed = 1010101111000111110010111110011110100111010000011011101011110100
          cpu time =   1 m. 21.58 s.

-------------------------------------------------------------------------------
bat[      13] ncas =       13000000.
 bitrseed = 1000011100101111010100111101101010110011111111000101111011110010
          cpu time =   1 m. 22.16 s.

-------------------------------------------------------------------------------
bat[      14] ncas =       14000000.
 bitrseed = 1110101000010101110011111010000111000110110010011001001100010001
          cpu time =   1 m. 22.53 s.

-------------------------------------------------------------------------------
bat[      15] ncas =       15000000.
 bitrseed = 0111101010001000011110101100100110011010110101010111000110011101
          cpu time =   1 m. 22.47 s.

-------------------------------------------------------------------------------
bat[      16] ncas =       16000000.
 bitrseed = 0100110000101111111011111011001001001011010101000101000110010011
          cpu time =   1 m. 20.21 s.

-------------------------------------------------------------------------------
bat[      17] ncas =       17000000.
 bitrseed = 1000101011101000000010101011101101100110100010000001010100001101
          cpu time =   1 m. 22.36 s.

-------------------------------------------------------------------------------
bat[      18] ncas =       18000000.
 bitrseed = 0001111000111111000110001111100101010111010001100111100010000011
          cpu time =   1 m. 21.79 s.

-------------------------------------------------------------------------------
bat[      19] ncas =       19000000.
 bitrseed = 0110001001100100110111101100010100111110110100000001101011100111
          cpu time =   1 m. 23.15 s.

-------------------------------------------------------------------------------
bat[      20] ncas =       20000000.
 bitrseed = 0010010100001101100000111110111110110001001010010100100000001101
          cpu time =   1 m. 23.21 s.

-------------------------------------------------------------------------------
bat[      21] ncas =       21000000.
 bitrseed = 1100101110101011010100101011000101100001110011100000110110110010
          cpu time =   1 m. 20.77 s.

-------------------------------------------------------------------------------
bat[      22] ncas =       22000000.
 bitrseed = 0000000001100011010011111000010001110011001011001111111111100010
          cpu time =   1 m. 20.94 s.

-------------------------------------------------------------------------------
bat[      23] ncas =       23000000.
 bitrseed = 0011011001111101010101010010010110100110101001010100110011110101
          cpu time =   1 m. 21.13 s.

-------------------------------------------------------------------------------
bat[      24] ncas =       24000000.
 bitrseed = 0011101110010110000110100001111001101010111101010000100001011001
          cpu time =   1 m. 21.02 s.

-------------------------------------------------------------------------------
bat[      25] ncas =       25000000.
 bitrseed = 1110000100000100100001110101100100110011100101010000001000001110
          cpu time =   1 m. 22.41 s.

-------------------------------------------------------------------------------
bat[      26] ncas =       26000000.
 bitrseed = 1010011000001101100001010110111000100010101110001011101011101011
          cpu time =   1 m. 21.71 s.

-------------------------------------------------------------------------------
bat[      27] ncas =       27000000.
 bitrseed = 1000011010010011101101110101100001001100011001110011011111100100
          cpu time =   1 m. 21.54 s.

-------------------------------------------------------------------------------
bat[      28] ncas =       28000000.
 bitrseed = 0100111111100000001101100100101000100101110001100011101111101100
          cpu time =   1 m. 20.40 s.

-------------------------------------------------------------------------------
bat[      29] ncas =       29000000.
 bitrseed = 0011111100001000010000000101000001111111001010101100110010010101
          cpu time =   1 m. 20.45 s.

-------------------------------------------------------------------------------
bat[      30] ncas =       30000000.
 bitrseed = 0011001111101011011011101100111101000000110011110101010100011101
          cpu time =   1 m. 21.20 s.

-------------------------------------------------------------------------------
bat[      31] ncas =       31000000.
 bitrseed = 0011100111001000100101100110110010101011101011100101001110011110
          cpu time =   1 m. 19.78 s.

-------------------------------------------------------------------------------
bat[      32] ncas =       32000000.
 bitrseed = 1000001110001001100011011001011110100000111000000010011100001100
          cpu time =   1 m. 20.94 s.

-------------------------------------------------------------------------------
bat[      33] ncas =       33000000.
 bitrseed = 1111010001101001010011011111110001010111000110011000110010001011
          cpu time =   1 m. 21.89 s.

-------------------------------------------------------------------------------
bat[      34] ncas =       34000000.
 bitrseed = 1111000101110110000110110110110100101001111001110001010000010010
          cpu time =   1 m. 22.13 s.

-------------------------------------------------------------------------------
bat[      35] ncas =       35000000.
 bitrseed = 1100110011111100101111100110111000010010110101111100001110011011
          cpu time =   1 m. 21.39 s.

-------------------------------------------------------------------------------
bat[      36] ncas =       36000000.
 bitrseed = 0101001001001000001010011000110000111000011011101010110001111000
          cpu time =   1 m. 20.75 s.

-------------------------------------------------------------------------------
bat[      37] ncas =       37000000.
 bitrseed = 0101000101010011010010111110001111110110010110110010110110010001
          cpu time =   1 m. 19.34 s.

-------------------------------------------------------------------------------
bat[      38] ncas =       38000000.
 bitrseed = 0100110110110000001010000011000010000010011110001000101011010000
          cpu time =   1 m. 21.17 s.

-------------------------------------------------------------------------------
bat[      39] ncas =       39000000.
 bitrseed = 1110010101011010010100010011100010101101001000111000011000100101
          cpu time =   1 m. 20.66 s.

-------------------------------------------------------------------------------
bat[      40] ncas =       40000000.
 bitrseed = 1111100010010001010010011100101010100010100111111110011101000000
          cpu time =   1 m. 21.79 s.

-------------------------------------------------------------------------------
bat[      41] ncas =       41000000.
 bitrseed = 0101001101111000100111010100100100100000111001011001010000100001
          cpu time =   1 m. 21.73 s.

-------------------------------------------------------------------------------
bat[      42] ncas =       42000000.
 bitrseed = 1100111010110110001101100100011001001011111011000000000010010110
          cpu time =   1 m. 22.38 s.

-------------------------------------------------------------------------------
bat[      43] ncas =       43000000.
 bitrseed = 0111011011100100010101100100110111100110110010011100101000011101
          cpu time =   1 m. 21.42 s.

-------------------------------------------------------------------------------
bat[      44] ncas =       44000000.
 bitrseed = 1110000011000010111001001100001000111101000000110001100101110001
          cpu time =   1 m. 20.92 s.

-------------------------------------------------------------------------------
bat[      45] ncas =       45000000.
 bitrseed = 0010101001101101110101111110101000100010000101110111100001011010
          cpu time =   1 m. 21.76 s.

-------------------------------------------------------------------------------
bat[      46] ncas =       46000000.
 bitrseed = 0101101101010010010010100011110010001000011010111011101110000010
          cpu time =   1 m. 21.11 s.

-------------------------------------------------------------------------------
bat[      47] ncas =       47000000.
 bitrseed = 1000100101100100100011000101110010000011011010011110111101010010
          cpu time =   1 m. 20.76 s.

-------------------------------------------------------------------------------
bat[      48] ncas =       48000000.
 bitrseed = 1100000011001111001001001110001010010010100011111111111011000101
          cpu time =   1 m. 21.17 s.

-------------------------------------------------------------------------------
bat[      49] ncas =       49000000.
 bitrseed = 0110101110010001110010001110010001111111001001011110001100101011
          cpu time =   1 m. 23.16 s.

-------------------------------------------------------------------------------
bat[      50] ncas =       50000000.
 bitrseed = 0100010100010101000110101111111111011001000000110111101101110011
          cpu time =   1 m. 22.93 s.

-------------------------------------------------------------------------------
bat[      51] ncas =       51000000.
 bitrseed = 1011011100110000010011010001101010111111010111000100110010000110
          cpu time =   1 m. 15.56 s.

-------------------------------------------------------------------------------
bat[      52] ncas =       52000000.
 bitrseed = 0011010101001010001111100011100111010100101111101001000110000001
          cpu time =  46.045 s.

-------------------------------------------------------------------------------
bat[      53] ncas =       53000000.
 bitrseed = 1010110110101111100101000011110100100001001100101100110000011011
          cpu time =  45.543 s.

-------------------------------------------------------------------------------
bat[      54] ncas =       54000000.
 bitrseed = 0001111100100110010010000111100011000111011001111110001001101010
          cpu time =  45.688 s.

-------------------------------------------------------------------------------
bat[      55] ncas =       55000000.
 bitrseed = 0111001100001111101100110111101110101010000111010001111000100101
          cpu time =  46.016 s.

-------------------------------------------------------------------------------
bat[      56] ncas =       56000000.
 bitrseed = 1100001001100011001100011011010011000011110001011110101001100000
          cpu time =  45.801 s.

-------------------------------------------------------------------------------
bat[      57] ncas =       57000000.
 bitrseed = 0110011110001101010111100011100011001010010000100100000101010111
          cpu time =  45.125 s.

-------------------------------------------------------------------------------
bat[      58] ncas =       58000000.
 bitrseed = 1011101111011111111011001111110101100101110010001100111100101001
          cpu time =  44.752 s.

-------------------------------------------------------------------------------
bat[      59] ncas =       59000000.
 bitrseed = 1011010010001000100010111001110101011000010011011010100101010010
          cpu time =  45.334 s.

-------------------------------------------------------------------------------
bat[      60] ncas =       60000000.
 bitrseed = 1001101101101110011001101011011100010101100110100110001000110111
          cpu time =  45.869 s.

-------------------------------------------------------------------------------
bat[      61] ncas =       61000000.
 bitrseed = 1111010001100110101111001000100001001100100111000111011111011001
          cpu time =  47.486 s.

-------------------------------------------------------------------------------
bat[      62] ncas =       62000000.
 bitrseed = 0010111011101000000110101010110011011101111010110100110111000111
          cpu time =  46.939 s.

-------------------------------------------------------------------------------
bat[      63] ncas =       63000000.
 bitrseed = 0010110100010011100011010111111101111100011001101000010000011101
          cpu time =  50.621 s.

-------------------------------------------------------------------------------
bat[      64] ncas =       64000000.
 bitrseed = 1100001011111101011100100001011011011001000100101000000010010011
          cpu time =  45.732 s.

-------------------------------------------------------------------------------
bat[      65] ncas =       65000000.
 bitrseed = 0011110111111001010101000010101011111000110111111111011001010100
          cpu time =  46.896 s.

-------------------------------------------------------------------------------
bat[      66] ncas =       66000000.
 bitrseed = 1000111010000100011011010011100001111101110111001110101000001100
          cpu time =  47.273 s.

-------------------------------------------------------------------------------
bat[      67] ncas =       67000000.
 bitrseed = 1100101011101110011110110011000010110100100011110101100111111101
          cpu time =  46.479 s.

-------------------------------------------------------------------------------
bat[      68] ncas =       68000000.
 bitrseed = 0001111110101101111101000111010011001110000101010000111110110101
          cpu time =  47.121 s.

-------------------------------------------------------------------------------
bat[      69] ncas =       69000000.
 bitrseed = 0111100110001100100010101000001001000010110011001101110101011110
          cpu time =  46.303 s.

-------------------------------------------------------------------------------
bat[      70] ncas =       70000000.
 bitrseed = 0010011111101000001000001101010111111000100011100110010000111010
          cpu time =  46.473 s.

-------------------------------------------------------------------------------
bat[      71] ncas =       71000000.
 bitrseed = 1000000100110011110101011000010011000011101101111011000010000100
          cpu time =  46.727 s.

-------------------------------------------------------------------------------
bat[      72] ncas =       72000000.
 bitrseed = 0001101111000001101001011111100110101010111001100111000111101111
          cpu time =  48.293 s.

-------------------------------------------------------------------------------
bat[      73] ncas =       73000000.
 bitrseed = 0111110110001011100001111001110000111011101111111001110010101010
          cpu time =  46.527 s.

-------------------------------------------------------------------------------
bat[      74] ncas =       74000000.
 bitrseed = 0010101100001111110010011110011100010001110101010100101101010000
          cpu time =  45.490 s.

-------------------------------------------------------------------------------
bat[      75] ncas =       75000000.
 bitrseed = 0101101000001010011010011001000101111000110001010111010110101001
          cpu time =  45.627 s.

-------------------------------------------------------------------------------
bat[      76] ncas =       76000000.
 bitrseed = 0101011101111001001010001101001101100110100111101011010111111000
          cpu time =  45.471 s.

-------------------------------------------------------------------------------
bat[      77] ncas =       77000000.
 bitrseed = 0000000000110110001100111101110000011110010100010001111001110110
          cpu time =  45.359 s.

-------------------------------------------------------------------------------
bat[      78] ncas =       78000000.
 bitrseed = 1001110001011101101111111011000100110101000101010101100000101101
          cpu time =  45.088 s.

-------------------------------------------------------------------------------
bat[      79] ncas =       79000000.
 bitrseed = 1110011011101000100000110001000001010001000001010101001110000000
          cpu time =  45.545 s.

-------------------------------------------------------------------------------
bat[      80] ncas =       80000000.
 bitrseed = 1011101110100100000010111101110011111010111101101110101101110010
          cpu time =  45.482 s.

-------------------------------------------------------------------------------
bat[      81] ncas =       81000000.
 bitrseed = 1100101101011011011011110000110001100101101111010011110111001000
          cpu time =  45.277 s.

-------------------------------------------------------------------------------
bat[      82] ncas =       82000000.
 bitrseed = 0000011101010100101101000101010000000101011010010110101011101001
          cpu time =  45.031 s.

-------------------------------------------------------------------------------
bat[      83] ncas =       83000000.
 bitrseed = 0100100000111000010000100100111111001011101011010000101110000100
          cpu time =  44.977 s.

-------------------------------------------------------------------------------
bat[      84] ncas =       84000000.
 bitrseed = 1111101000111001101011110101001111011001000110001001010001010011
          cpu time =  45.682 s.

-------------------------------------------------------------------------------
bat[      85] ncas =       85000000.
 bitrseed = 0100010010100010100000111101001001001111110000101101100110010110
          cpu time =  45.791 s.

-------------------------------------------------------------------------------
bat[      86] ncas =       86000000.
 bitrseed = 0110111000011111001000100100101110011101000100001110001111110010
          cpu time =  44.795 s.

-------------------------------------------------------------------------------
bat[      87] ncas =       87000000.
 bitrseed = 1110010011100001001110101111111101101111100110111000110101011101
          cpu time =  45.252 s.

-------------------------------------------------------------------------------
bat[      88] ncas =       88000000.
 bitrseed = 0001010111000101100000110000111011010101010010110000101110111101
          cpu time =  44.219 s.

-------------------------------------------------------------------------------
bat[      89] ncas =       89000000.
 bitrseed = 0110111010111000101100111100001001001100010110101000000001010100
          cpu time =  45.723 s.

-------------------------------------------------------------------------------
bat[      90] ncas =       90000000.
 bitrseed = 0000011000100101101100011011110001110101000110010100111110111010
          cpu time =  45.480 s.

-------------------------------------------------------------------------------
bat[      91] ncas =       91000000.
 bitrseed = 1101001110101001111101010000010011000001100110111011011001110011
          cpu time =  45.170 s.

-------------------------------------------------------------------------------
bat[      92] ncas =       92000000.
 bitrseed = 0010110001111010101101100000110000101110010100111110010110110000
          cpu time =  46.254 s.

-------------------------------------------------------------------------------
bat[      93] ncas =       93000000.
 bitrseed = 0000100110000101100010001111001010010001010001110011101110000100
          cpu time =  45.086 s.

-------------------------------------------------------------------------------
bat[      94] ncas =       94000000.
 bitrseed = 1110011111101111110001111000001001011011001010010011110000101110
          cpu time =  44.877 s.

-------------------------------------------------------------------------------
bat[      95] ncas =       95000000.
 bitrseed = 0000001101101011100000011100000010010010110011001101100001110010
          cpu time =  45.098 s.

-------------------------------------------------------------------------------
bat[      96] ncas =       96000000.
 bitrseed = 0101110000011101111000010101101110101010101001000110010010110010
          cpu time =  45.479 s.

-------------------------------------------------------------------------------
bat[      97] ncas =       97000000.
 bitrseed = 1111001001010110101000110011000010101011001010100100111101010001
          cpu time =  45.457 s.

-------------------------------------------------------------------------------
bat[      98] ncas =       98000000.
 bitrseed = 0001000011000001100101011001011010001101000001110111110111000001
          cpu time =  44.541 s.

-------------------------------------------------------------------------------
bat[      99] ncas =       99000000.
 bitrseed = 1111111010100101110100100110001100111001100110110001111001010100
          cpu time =  45.930 s.

-------------------------------------------------------------------------------
bat[     100] ncas =      100000000.
 bitrseed = 0010101011111100110100000111000000010001010000010110101110011010
          cpu time =  45.150 s.

===============================================================================

 Summary for the end of job

-------------------------------------------------------------------------------
 number of analyz call vs ncol
-------------------------------------------------------------------------------
     ncol          number
        1              1.   : start of calculation            
        2              1.   : end of calculation              
        3            100.   : end of a batch                  
        4      100000000.   : source                          
        5              0.   : detection of geometry error/warn
        6              0.   : recovery from geometry warning  
        7              0.   : termination by geometry error   
        8        1546279.   : termination by weight cut-off   
        9              0.   : termination by time cut-off     
       10      251508700.   : geometry boundary crossing      
       11      135427351.   : termination by energy cut-off   
       12          93241.   : termination by escape or leakage
       13       37021563.   : reaction : (n,x) type           
       14     1899433161.   : reaction : (n,n'x) type         
       15        1165110.   : sequential transport for tally  

-------------------------------------------------------------------------------
 List of transport particles (not including source)
-------------------------------------------------------------------------------
     Name      kf-code        mass       charge   baryon
     proton       2212        938.3         1       1
     neutron      2112        939.6         0       1
     electron       11          0.5        -1       0
     positron      -11          0.5         1       0
     photon         22          0.0         0       0
     deuteron  1000002       1875.6         1       2
     triton    1000003       2808.9         1       3
     3he       2000003       2808.4         2       3
     alpha     2000004       3727.4         2       4

     nu_ebar       -12          0.0         0       0

-------------------------------------------------------------------------------
 prod. particles       number        weight        weight per source
-------------------------------------------------------------------------------
     photon         12253466.     8.7233674E+06     1.0889393E+15
     proton          6399388.     6.3993864E+06     7.9883639E+14
     alpha           4410595.     4.4105292E+06     5.5056704E+14
     neutron         1652373.     1.6474897E+06     2.0565639E+14
     positron         824092.     4.5696938E+05     5.7043558E+13
     deuteron         637318.     6.3731800E+05     7.9556504E+13
     triton            24884.     2.4882719E+04     3.1061136E+12
     3he               23133.     2.3133000E+04     2.8876959E+12
     other                 4.     2.6732569E+00     3.3370307E+08
     electron              4.     2.6732569E+00     3.3370307E+08

-------------------------------------------------------------------------------
 the other kind of produced particles
-------------------------------------------------------------------------------
     Name      kf-code        number     mass       charge   baryon
     nu_ebar       -12             4       0.0         0       0

-------------------------------------------------------------------------------
 particle decays       number        weight        weight per source
-------------------------------------------------------------------------------
     positron         824213.     4.5704808E+05     5.7053382E+13
     neutron               4.     2.6732569E+00     3.3370307E+08

-------------------------------------------------------------------------------
 stop. particles.    number        weight        weight per source
-------------------------------------------------------------------------------
     electron      146004955.     9.7811609E+07     1.2209838E+16
     proton         99269907.     9.9269905E+07     1.2391878E+16
     nucleus         5005473.     5.0052101E+06     6.2480114E+14
     alpha           4409952.     4.4098862E+06     5.5048678E+14
     positron         824213.     4.5704808E+05     5.7053382E+13
     deuteron         633108.     6.3310800E+05     7.9030969E+13
     photon           409952.     3.5481447E+05     4.4291545E+13
     triton            24864.     2.4862719E+04     3.1036170E+12
     3he               23127.     2.3127000E+04     2.8869470E+12
     neutron             388.     1.9515391E+02     2.4361093E+10
     other                 4.     2.6732569E+00     3.3370307E+08

-------------------------------------------------------------------------------
 the other kind of stopped particles
-------------------------------------------------------------------------------
     Name      kf-code        number     mass       charge   baryon
     nu_ebar       -12             4       0.0         0       0

-------------------------------------------------------------------------------
 leak. particles       number        weight        weight per source
-------------------------------------------------------------------------------
     neutron           64200.     5.4811609E+04     6.8421416E+12
     photon            28611.     1.5454558E+04     1.9291949E+12
     electron            407.     2.1531709E+02     2.6878065E+10
     positron             22.     1.2090387E+01     1.5092449E+09
     proton                1.     1.0000000E+00     1.2483015E+08

-------------------------------------------------------------------------------
 source: maxcas    maxbch      irskip   average weight          total source
-------------------------------------------------------------------------------
     1000000         100           0    8.0108849E-17    8.0108849465169E-09

-------------------------------------------------------------------------------
 used ATIMA database
-------------------------------------------------------------------------------
     for dedx  =      109 / mdbatima =      500

-------------------------------------------------------------------------------
 Geometry error summary
-------------------------------------------------------------------------------
 Number of lost particles     =     0 / nlost =       10
 Number of geometry recovering =     0
 Number of unrecovered errors =     0

-------------------------------------------------------------------------------
 initial random seed:
   bitrseed = 0100001010011000001011101100011110011000110110100110010000000000
 next initial random seed:
   bitrseed = 1101111110010001010110101011011001110100110101001100011110000101

-------------------------------------------------------------------------------
 job termination date : 2023/05/10
                 time :   06:31:29

-------------------------------------------------------------------------------
    CPU time and number of event called in PHITS
-------------------------------------------------------------------------------

                             sec
total cpu time =         6417.09


                           count
      analysis =     2424649226.  : data processing
         nevap =        7412674.  : evaporation
        dexgam =         229743.  : de-excitation
         nreac =     1936455089.  : atomic and nuclear reactions
         dklos =         824217.  : particle decay
         hydro =              0.  : nucleon-nucleon scattering
        n-data =      593160896.  : neutron data library
        h-data =              0.  : p, d, a data library
        p-data =              0.  : photon data library
        e-data =              0.  : electron data library
        p-egs5 =       70332737.  : photon interaction with EGS5
        e-egs5 =     1264960544.  : electron interaction with EGS5
      e-tsmode =              0.  : electron track structure mode
    ion-tsmode =              0.  : ion track structure mode
     photonucl =            590.  : photo-nuclear reaction
 photonucl lib =              0.  : photo-nuclear reaction with library
       mu-reac =              0.  : muon-induced nuclear reaction
       mu-brem =              0.  : muon-induced bremsstrahlung
       mu-pprd =              0.  : muon-induced pair production
        mu-cap =              0.  : muon capture in nucleus
         elast =        4775251.  : elastic scattering
         ncasc =       13193997.  : nuclear reaction model

       bertini =            172.  : Bertini model
        isobar =              0.  : isobar model
           JAM =              0.  : JAM model
           QMD =              0.  : JQMD model
        JAMQMD =              0.  : JAMQMD model
          INCL =       13193590.  : INCL model
        INCELF =              0.  : INCELF model
     frag data =              0.  : user defined cross section
       SCINFUL =              0.  : SCINFUL mode

>>> Citation Request >>>=======================================================

 This execution uses model(s) that must be explicitly cited in addition to
 the PHITS original document: T.Sato et al., J.Nucl.Sci.Technol.55, 684-690 (2018).
 Please refer the following document(s) in your publication using this result

 The INCL model:
    A. Boudard et al., Phys. Rev C87, 014606 (2013).

 The EGS5 code:
    H. Hirayama et al., SLAC-R-730 (2005) and KEK Report 2005-8 (2005)

 The KUROTAMA model:
    K. Iida, A. Kohama, and K. Oyamatsu, J. Phys. Soc. Japan 76, 044201 (2007).

 END 
