[ T-Track ]
    title = [t-track] in region mesh
     mesh =  reg            # mesh type is region-wise
      reg = 100001
   volume                   # combined, lattice or level structure 
   non     reg      vol     # reg definition
    1   100001   1.2500E+02 # 100001
   e-type =    2            # e-mesh is linear given by emin, emax and ne
     emin =   0.000000      # minimum value of e-mesh points
     emax =   200.0000      # maximum value of e-mesh points
#    edel =   200.0000      # mesh width of e-mesh points
       ne =      1          # number of e-mesh points
#    data = ( e(i), i = 1, ne + 1 )
#           0.00000E+00  2.00000E+02
     unit =    1            # unit is [1/cm^2/source]
 material =  all            # (D=all) number of specific material
     axis =     reg            # axis of output
     file = total_neutron_flux.out  # file name of output for the above axis
     part =  neutron  
# kf/name :  2112     
#    used :        main (  %)        temp (  %)       total (  %)
#  memory :           8 (  0)           0 (  0)           8 (  0)

#------------------------------------------------------------------------------
#newpage:
#   no. =  1
#  ie =  1
#   e = (   0.0000E+00  -   2.0000E+02  )

x: Serial Num. of Region
y: Flux [1/cm^2/source]              
p: xlin ylog afac(0.8) form(0.9)
h:   x      n     n          y(neutron ),l3 n  
#  num    reg     volume       neutron   r.err 
    1  100001   1.2500E+02   6.4139E+10  0.0246

#   sum over    1.2500E+02   6.4139E+10

'no. =  1,  ie =  1'
msuc: {\huge [t-track] in region mesh}
msdr: {\it plotted by \ANGEL \version}
msdl: {\it calculated by \PHITS  3.31}
wt: s(0.7)
\vspace{-3}
  emin  &=&   0.0000E+00 [MeV]
  emax  &=&   2.0000E+02 [MeV]
e:
 
# Information for Restart Calculation
# This calculation was newly started
# istdev =  2 # 1:Batch variance, 2:History variance
# resc2  = 8.01088494651687838E-09 # Total source weight or Total source weight / maxcas
# resc3  = 1.00000000000000000E+08 # Total history number or Total batch number
# maxcas =     1000000 # History / Batch, only used for istdev=1
# bitrseed = 1101111110010001010110101011011001110100110101001100011110000101 # bit data of rseed
