[ T-Track ]
    title = [t-track] in r-z mesh
     mesh =  r-z            # mesh type is r-z scoring mesh
       x0 =   0.000000      # center x-position of r-z mesh
       y0 =   0.000000      # center y-position of r-z mesh
   r-type =    2            # r-mesh is linear given by rmin, rmax and nr
     rmin =   0.000000      # minimum value of r-mesh points
     rmax =   5.500000      # maximum value of r-mesh points
#    rdel =   5.500000      # mesh width of r-mesh points
       nr =      1          # number of r-mesh points
#    data = ( r(i), i = 1, nr + 1 )
#           0.00000E+00  5.50000E+00
   z-type =    2            # z-mesh is linear given by zmin, zmax and nz
     zmin =  -41.00000      # minimum value of z-mesh points
     zmax =   15.00000      # maximum value of z-mesh points
#    zdel =   1.000000      # mesh width of z-mesh points
       nz =     56          # number of z-mesh points
#    data = ( z(i), i = 1, nz + 1 )
#          -4.10000E+01 -4.00000E+01 -3.90000E+01 -3.80000E+01 -3.70000E+01
#          -3.60000E+01 -3.50000E+01 -3.40000E+01 -3.30000E+01 -3.20000E+01
#          -3.10000E+01 -3.00000E+01 -2.90000E+01 -2.80000E+01 -2.70000E+01
#          -2.60000E+01 -2.50000E+01 -2.40000E+01 -2.30000E+01 -2.20000E+01
#          -2.10000E+01 -2.00000E+01 -1.90000E+01 -1.80000E+01 -1.70000E+01
#          -1.60000E+01 -1.50000E+01 -1.40000E+01 -1.30000E+01 -1.20000E+01
#          -1.10000E+01 -1.00000E+01 -9.00000E+00 -8.00000E+00 -7.00000E+00
#          -6.00000E+00 -5.00000E+00 -4.00000E+00 -3.00000E+00 -2.00000E+00
#          -1.00000E+00  0.00000E+00  1.00000E+00  2.00000E+00  3.00000E+00
#           4.00000E+00  5.00000E+00  6.00000E+00  7.00000E+00  8.00000E+00
#           9.00000E+00  1.00000E+01  1.10000E+01  1.20000E+01  1.30000E+01
#           1.40000E+01  1.50000E+01
     trcl =   2004          # transform ID
   e-type =    2            # e-mesh is linear given by emin, emax and ne
     emin =  1.0000000E-02  # minimum value of e-mesh points
     emax =   1000.000      # maximum value of e-mesh points
#    edel =   999.9900      # mesh width of e-mesh points
       ne =      1          # number of e-mesh points
#    data = ( e(i), i = 1, ne + 1 )
#           1.00000E-02  1.00000E+03
     unit =    1            # unit is [1/cm^2/source]
 material =  all            # (D=all) number of specific material
     axis =       z            # axis of output
     file = fast_neutron_dose.out  # file name of output for the above axis
     part =  neutron  
# kf/name :  2112     
  multiplier =   1          # number of material group
     part =  all      
# kf/name :  0        
     emax =   1.00000E+10
      mat                mset1  
        4 ( 1.82881E-11 4 1 -4 )
    y-txt = Dose [Gy/source]
    gshow =    1            # 0: no 1:bnd, 2:bnd+mat, 3:bnd+reg 4:bnd+lat 5:bmp style
    ginfo =    1            # (D=0) 0:no, 1:show in graph, 2:add file
    resol =    1            # (D=1) resolution of gshow or rshow
    width = 0.5000000       # (D=0.5) width of lines for gshow or rshow
   epsout =    1            # (D=0) generate eps file by ANGEL
#    used :        main (  %)        temp (  %)       total (  %)
#  memory :          84 (  0)           0 (  0)          84 (  0)

#------------------------------------------------------------------------------
#newpage:
#   no. =  1   ie  =  1   ir  =  1
#   e = (   1.0000E-02  -   1.0000E+03  )
#   r = (   0.0000E+00  -   5.5000E+00  )
#   mset =  1

x: z [cm]
y: Dose [Gy/source]
p: xlin ylog afac(0.8) form(0.9)
h: n            x            y(neutron ),hh0l n  
#  z-lower      z-upper        neutron   r.err 
  -4.1000E+01  -4.0000E+01   2.0650E-05  0.0252
  -4.0000E+01  -3.9000E+01   1.4553E-02  0.0221
  -3.9000E+01  -3.8000E+01   1.3335E-02  0.0226
  -3.8000E+01  -3.7000E+01   1.2361E-02  0.0231
  -3.7000E+01  -3.6000E+01   1.1449E-02  0.0254
  -3.6000E+01  -3.5000E+01   1.0342E-02  0.0253
  -3.5000E+01  -3.4000E+01   9.4768E-03  0.0260
  -3.4000E+01  -3.3000E+01   8.7475E-03  0.0278
  -3.3000E+01  -3.2000E+01   9.1707E-03  0.0271
  -3.2000E+01  -3.1000E+01   8.3830E-03  0.0281
  -3.1000E+01  -3.0000E+01   7.8088E-03  0.0302
  -3.0000E+01  -2.9000E+01   7.2115E-03  0.0307
  -2.9000E+01  -2.8000E+01   6.6234E-03  0.0320
  -2.8000E+01  -2.7000E+01   6.0258E-03  0.0335
  -2.7000E+01  -2.6000E+01   5.4610E-03  0.0344
  -2.6000E+01  -2.5000E+01   5.0326E-03  0.0362
  -2.5000E+01  -2.4000E+01   4.4917E-03  0.0377
  -2.4000E+01  -2.3000E+01   4.1873E-03  0.0400
  -2.3000E+01  -2.2000E+01   3.8548E-03  0.0415
  -2.2000E+01  -2.1000E+01   3.5359E-03  0.0434
  -2.1000E+01  -2.0000E+01   3.2323E-03  0.0449
  -2.0000E+01  -1.9000E+01   2.9876E-03  0.0472
  -1.9000E+01  -1.8000E+01   2.7755E-03  0.0493
  -1.8000E+01  -1.7000E+01   2.6048E-03  0.0512
  -1.7000E+01  -1.6000E+01   2.4605E-03  0.0529
  -1.6000E+01  -1.5000E+01   2.3215E-03  0.0548
  -1.5000E+01  -1.4000E+01   2.1964E-03  0.0561
  -1.4000E+01  -1.3000E+01   2.0576E-03  0.0582
  -1.3000E+01  -1.2000E+01   1.9309E-03  0.0601
  -1.2000E+01  -1.1000E+01   1.8064E-03  0.0621
  -1.1000E+01  -1.0000E+01   1.6737E-03  0.0648
  -1.0000E+01  -9.0000E+00   1.6077E-03  0.0667
  -9.0000E+00  -8.0000E+00   1.5352E-03  0.0683
  -8.0000E+00  -7.0000E+00   1.4797E-03  0.0697
  -7.0000E+00  -6.0000E+00   1.3945E-03  0.0719
  -6.0000E+00  -5.0000E+00   1.3405E-03  0.0736
  -5.0000E+00  -4.0000E+00   1.3060E-03  0.0748
  -4.0000E+00  -3.0000E+00   1.2187E-03  0.0770
  -3.0000E+00  -2.0000E+00   1.1724E-03  0.0789
  -2.0000E+00  -1.0000E+00   1.1293E-03  0.0802
  -1.0000E+00   0.0000E+00   1.0591E-03  0.0824
   0.0000E+00   1.0000E+00   1.0110E-03  0.0853
   1.0000E+00   2.0000E+00   9.6723E-04  0.0872
   2.0000E+00   3.0000E+00   9.0958E-04  0.0897
   3.0000E+00   4.0000E+00   8.8022E-04  0.0916
   4.0000E+00   5.0000E+00   8.6425E-04  0.0927
   5.0000E+00   6.0000E+00   8.5089E-04  0.0938
   6.0000E+00   7.0000E+00   8.1004E-04  0.0957
   7.0000E+00   8.0000E+00   7.5543E-04  0.0985
   8.0000E+00   9.0000E+00   7.4424E-04  0.1002
   9.0000E+00   1.0000E+01   7.1822E-04  0.1017
   1.0000E+01   1.1000E+01   6.8139E-04  0.1050
   1.1000E+01   1.2000E+01   6.5426E-04  0.1072
   1.2000E+01   1.3000E+01   6.2969E-04  0.1093
   1.3000E+01   1.4000E+01   6.1117E-04  0.1116
   1.4000E+01   1.5000E+01   6.0514E-04  0.1120

#   sum over    5.3219E+03   3.6260E-03

'no. =  1,  ie =  1,  ir =  1,  mset =  1'
msuc: {\huge [t-track] in r-z mesh}
msdr: {\it plotted by \ANGEL \version}
msdl: {\it calculated by \PHITS  3.31}
wt: s(0.7)
\vspace{-3}
  emin  &=&   1.0000E-02 [MeV]
  emax  &=&   1.0000E+03 [MeV]
  rmin  &=&   0.0000E+00 [cm]
  rmax  &=&   5.5000E+00 [cm]
  mset  &=&   1
e:
 
# Information for Restart Calculation
# This calculation was newly started
# istdev =  2 # 1:Batch variance, 2:History variance
# resc2  = 8.97218917410922495E-08 # Total source weight or Total source weight / maxcas
# resc3  = 8.40000000000000000E+08 # Total history number or Total batch number
# maxcas =    10000000 # History / Batch, only used for istdev=1
# bitrseed = 1000001110011011000110101001100101111001110011011011011000110100 # bit data of rseed
