[ T-Track ]
    title = [t-track] in r-z mesh
     mesh =  r-z            # mesh type is r-z scoring mesh
       x0 =   0.000000      # center x-position of r-z mesh
       y0 =   0.000000      # center y-position of r-z mesh
   r-type =    2            # r-mesh is linear given by rmin, rmax and nr
     rmin =   0.000000      # minimum value of r-mesh points
     rmax =   5.500000      # maximum value of r-mesh points
#    rdel =   5.500000      # mesh width of r-mesh points
       nr =      1          # number of r-mesh points
#    data = ( r(i), i = 1, nr + 1 )
#           0.00000E+00  5.50000E+00
   z-type =    2            # z-mesh is linear given by zmin, zmax and nz
     zmin =  -41.00000      # minimum value of z-mesh points
     zmax =   15.00000      # maximum value of z-mesh points
#    zdel =   1.000000      # mesh width of z-mesh points
       nz =     56          # number of z-mesh points
#    data = ( z(i), i = 1, nz + 1 )
#          -4.10000E+01 -4.00000E+01 -3.90000E+01 -3.80000E+01 -3.70000E+01
#          -3.60000E+01 -3.50000E+01 -3.40000E+01 -3.30000E+01 -3.20000E+01
#          -3.10000E+01 -3.00000E+01 -2.90000E+01 -2.80000E+01 -2.70000E+01
#          -2.60000E+01 -2.50000E+01 -2.40000E+01 -2.30000E+01 -2.20000E+01
#          -2.10000E+01 -2.00000E+01 -1.90000E+01 -1.80000E+01 -1.70000E+01
#          -1.60000E+01 -1.50000E+01 -1.40000E+01 -1.30000E+01 -1.20000E+01
#          -1.10000E+01 -1.00000E+01 -9.00000E+00 -8.00000E+00 -7.00000E+00
#          -6.00000E+00 -5.00000E+00 -4.00000E+00 -3.00000E+00 -2.00000E+00
#          -1.00000E+00  0.00000E+00  1.00000E+00  2.00000E+00  3.00000E+00
#           4.00000E+00  5.00000E+00  6.00000E+00  7.00000E+00  8.00000E+00
#           9.00000E+00  1.00000E+01  1.10000E+01  1.20000E+01  1.30000E+01
#           1.40000E+01  1.50000E+01
     trcl =   2004          # transform ID
   e-type =    2            # e-mesh is linear given by emin, emax and ne
     emin =   0.000000      # minimum value of e-mesh points
     emax =  2.5000000E-08  # maximum value of e-mesh points
#    edel =  2.5000000E-08  # mesh width of e-mesh points
       ne =      1          # number of e-mesh points
#    data = ( e(i), i = 1, ne + 1 )
#           0.00000E+00  2.50000E-08
     unit =    1            # unit is [1/cm^2/source]
 material =  all            # (D=all) number of specific material
     axis =       z            # axis of output
     file = thermal_neutron_flux.out  # file name of output for the above axis
     part =  neutron  
# kf/name :  2112     
    gshow =    1            # 0: no 1:bnd, 2:bnd+mat, 3:bnd+reg 4:bnd+lat 5:bmp style
    ginfo =    1            # (D=0) 0:no, 1:show in graph, 2:add file
    resol =    1            # (D=1) resolution of gshow or rshow
    width = 0.5000000       # (D=0.5) width of lines for gshow or rshow
   epsout =    1            # (D=0) generate eps file by ANGEL
#    used :        main (  %)        temp (  %)       total (  %)
#  memory :          65 (  0)           0 (  0)          65 (  0)

#------------------------------------------------------------------------------
#newpage:
#   no. =  1   ie  =  1   ir  =  1
#   e = (   0.0000E+00  -   2.5000E-08  )
#   r = (   0.0000E+00  -   5.5000E+00  )

x: z [cm]
y: Flux [1/cm^2/source]              
p: xlin ylog afac(0.8) form(0.9)
h: n            x            y(neutron ),hh0l n  
#  z-lower      z-upper        neutron   r.err 
  -4.1000E+01  -4.0000E+01   3.3704E+08  0.0144
  -4.0000E+01  -3.9000E+01   2.7261E+08  0.0262
  -3.9000E+01  -3.8000E+01   3.4286E+08  0.0241
  -3.8000E+01  -3.7000E+01   3.8022E+08  0.0229
  -3.7000E+01  -3.6000E+01   4.1380E+08  0.0217
  -3.6000E+01  -3.5000E+01   4.4777E+08  0.0210
  -3.5000E+01  -3.4000E+01   4.7405E+08  0.0206
  -3.4000E+01  -3.3000E+01   5.0576E+08  0.0202
  -3.3000E+01  -3.2000E+01   5.6646E+08  0.0209
  -3.2000E+01  -3.1000E+01   5.8022E+08  0.0209
  -3.1000E+01  -3.0000E+01   5.8823E+08  0.0216
  -3.0000E+01  -2.9000E+01   5.4886E+08  0.0220
  -2.9000E+01  -2.8000E+01   5.1726E+08  0.0225
  -2.8000E+01  -2.7000E+01   4.6830E+08  0.0230
  -2.7000E+01  -2.6000E+01   4.0462E+08  0.0243
  -2.6000E+01  -2.5000E+01   3.3162E+08  0.0244
  -2.5000E+01  -2.4000E+01   2.6981E+08  0.0250
  -2.4000E+01  -2.3000E+01   1.9843E+08  0.0247
  -2.3000E+01  -2.2000E+01   1.5430E+08  0.0274
  -2.2000E+01  -2.1000E+01   1.2084E+08  0.0297
  -2.1000E+01  -2.0000E+01   9.9214E+07  0.0364
  -2.0000E+01  -1.9000E+01   7.8943E+07  0.0358
  -1.9000E+01  -1.8000E+01   6.3595E+07  0.0356
  -1.8000E+01  -1.7000E+01   5.2420E+07  0.0382
  -1.7000E+01  -1.6000E+01   4.3276E+07  0.0411
  -1.6000E+01  -1.5000E+01   3.6039E+07  0.0440
  -1.5000E+01  -1.4000E+01   3.0092E+07  0.0473
  -1.4000E+01  -1.3000E+01   2.6066E+07  0.0506
  -1.3000E+01  -1.2000E+01   2.2366E+07  0.0544
  -1.2000E+01  -1.1000E+01   1.9782E+07  0.0578
  -1.1000E+01  -1.0000E+01   1.7468E+07  0.0612
  -1.0000E+01  -9.0000E+00   1.4858E+07  0.0664
  -9.0000E+00  -8.0000E+00   1.3470E+07  0.0696
  -8.0000E+00  -7.0000E+00   1.1569E+07  0.0738
  -7.0000E+00  -6.0000E+00   9.9476E+06  0.0787
  -6.0000E+00  -5.0000E+00   9.0222E+06  0.0833
  -5.0000E+00  -4.0000E+00   8.4821E+06  0.0855
  -4.0000E+00  -3.0000E+00   7.8777E+06  0.0891
  -3.0000E+00  -2.0000E+00   6.8160E+06  0.0943
  -2.0000E+00  -1.0000E+00   6.2953E+06  0.0985
  -1.0000E+00   0.0000E+00   5.9945E+06  0.1005
   0.0000E+00   1.0000E+00   5.2722E+06  0.1055
   1.0000E+00   2.0000E+00   4.8713E+06  0.1112
   2.0000E+00   3.0000E+00   4.5661E+06  0.1154
   3.0000E+00   4.0000E+00   4.0540E+06  0.1208
   4.0000E+00   5.0000E+00   3.6816E+06  0.1271
   5.0000E+00   6.0000E+00   3.5629E+06  0.1295
   6.0000E+00   7.0000E+00   3.3869E+06  0.1329
   7.0000E+00   8.0000E+00   3.1242E+06  0.1358
   8.0000E+00   9.0000E+00   2.6574E+06  0.1458
   9.0000E+00   1.0000E+01   2.5261E+06  0.1492
   1.0000E+01   1.1000E+01   2.4671E+06  0.1514
   1.1000E+01   1.2000E+01   2.4116E+06  0.1538
   1.2000E+01   1.3000E+01   2.3495E+06  0.1564
   1.3000E+01   1.4000E+01   2.2526E+06  0.1576
   1.4000E+01   1.5000E+01   2.1565E+06  0.1623

#   sum over    5.3219E+03   1.5279E+08

'no. =  1,  ie =  1,  ir =  1'
msuc: {\huge [t-track] in r-z mesh}
msdr: {\it plotted by \ANGEL \version}
msdl: {\it calculated by \PHITS  3.31}
wt: s(0.7)
\vspace{-3}
  emin  &=&   0.0000E+00 [MeV]
  emax  &=&   2.5000E-08 [MeV]
  rmin  &=&   0.0000E+00 [cm]
  rmax  &=&   5.5000E+00 [cm]
e:
 
# Information for Restart Calculation
# This calculation was newly started
# istdev =  2 # 1:Batch variance, 2:History variance
# resc2  = 8.97218917410922495E-08 # Total source weight or Total source weight / maxcas
# resc3  = 8.40000000000000000E+08 # Total history number or Total batch number
# maxcas =    10000000 # History / Batch, only used for istdev=1
# bitrseed = 1000001110011011000110101001100101111001110011011011011000110100 # bit data of rseed
