[ T-Track ]
    title = [t-track] in r-z mesh
     mesh =  r-z            # mesh type is r-z scoring mesh
       x0 =   0.000000      # center x-position of r-z mesh
       y0 =   0.000000      # center y-position of r-z mesh
   r-type =    2            # r-mesh is linear given by rmin, rmax and nr
     rmin =   0.000000      # minimum value of r-mesh points
     rmax =   5.500000      # maximum value of r-mesh points
#    rdel =   5.500000      # mesh width of r-mesh points
       nr =      1          # number of r-mesh points
#    data = ( r(i), i = 1, nr + 1 )
#           0.00000E+00  5.50000E+00
   z-type =    2            # z-mesh is linear given by zmin, zmax and nz
     zmin =  -41.00000      # minimum value of z-mesh points
     zmax =   15.00000      # maximum value of z-mesh points
#    zdel =   1.000000      # mesh width of z-mesh points
       nz =     56          # number of z-mesh points
#    data = ( z(i), i = 1, nz + 1 )
#          -4.10000E+01 -4.00000E+01 -3.90000E+01 -3.80000E+01 -3.70000E+01
#          -3.60000E+01 -3.50000E+01 -3.40000E+01 -3.30000E+01 -3.20000E+01
#          -3.10000E+01 -3.00000E+01 -2.90000E+01 -2.80000E+01 -2.70000E+01
#          -2.60000E+01 -2.50000E+01 -2.40000E+01 -2.30000E+01 -2.20000E+01
#          -2.10000E+01 -2.00000E+01 -1.90000E+01 -1.80000E+01 -1.70000E+01
#          -1.60000E+01 -1.50000E+01 -1.40000E+01 -1.30000E+01 -1.20000E+01
#          -1.10000E+01 -1.00000E+01 -9.00000E+00 -8.00000E+00 -7.00000E+00
#          -6.00000E+00 -5.00000E+00 -4.00000E+00 -3.00000E+00 -2.00000E+00
#          -1.00000E+00  0.00000E+00  1.00000E+00  2.00000E+00  3.00000E+00
#           4.00000E+00  5.00000E+00  6.00000E+00  7.00000E+00  8.00000E+00
#           9.00000E+00  1.00000E+01  1.10000E+01  1.20000E+01  1.30000E+01
#           1.40000E+01  1.50000E+01
     trcl =   2004          # transform ID
   e-type =    2            # e-mesh is linear given by emin, emax and ne
     emin =   0.000000      # minimum value of e-mesh points
     emax =   1000.000      # maximum value of e-mesh points
#    edel =   1000.000      # mesh width of e-mesh points
       ne =      1          # number of e-mesh points
#    data = ( e(i), i = 1, ne + 1 )
#           0.00000E+00  1.00000E+03
     unit =    1            # unit is [1/cm^2/source]
 material =  all            # (D=all) number of specific material
     axis =       z            # axis of output
     file = total_neutron_flux.out  # file name of output for the above axis
     part =  neutron  
# kf/name :  2112     
    gshow =    1            # 0: no 1:bnd, 2:bnd+mat, 3:bnd+reg 4:bnd+lat 5:bmp style
    ginfo =    1            # (D=0) 0:no, 1:show in graph, 2:add file
    resol =    1            # (D=1) resolution of gshow or rshow
    width = 0.5000000       # (D=0.5) width of lines for gshow or rshow
   epsout =    1            # (D=0) generate eps file by ANGEL
#    used :        main (  %)        temp (  %)       total (  %)
#  memory :          65 (  0)           0 (  0)          65 (  0)

#------------------------------------------------------------------------------
#newpage:
#   no. =  1   ie  =  1   ir  =  1
#   e = (   0.0000E+00  -   1.0000E+03  )
#   r = (   0.0000E+00  -   5.5000E+00  )

x: z [cm]
y: Flux [1/cm^2/source]              
p: xlin ylog afac(0.8) form(0.9)
h: n            x            y(neutron ),hh0l n  
#  z-lower      z-upper        neutron   r.err 
  -4.1000E+01  -4.0000E+01   2.1146E+10  0.0034
  -4.0000E+01  -3.9000E+01   1.7632E+10  0.0049
  -3.9000E+01  -3.8000E+01   1.7594E+10  0.0050
  -3.8000E+01  -3.7000E+01   1.7290E+10  0.0051
  -3.7000E+01  -3.6000E+01   1.6645E+10  0.0052
  -3.6000E+01  -3.5000E+01   1.5893E+10  0.0052
  -3.5000E+01  -3.4000E+01   1.5005E+10  0.0053
  -3.4000E+01  -3.3000E+01   1.4061E+10  0.0054
  -3.3000E+01  -3.2000E+01   1.3379E+10  0.0055
  -3.2000E+01  -3.1000E+01   1.2630E+10  0.0057
  -3.1000E+01  -3.0000E+01   1.1646E+10  0.0058
  -3.0000E+01  -2.9000E+01   1.0585E+10  0.0059
  -2.9000E+01  -2.8000E+01   9.5944E+09  0.0061
  -2.8000E+01  -2.7000E+01   8.5357E+09  0.0063
  -2.7000E+01  -2.6000E+01   7.3947E+09  0.0065
  -2.6000E+01  -2.5000E+01   6.2881E+09  0.0067
  -2.5000E+01  -2.4000E+01   5.2344E+09  0.0066
  -2.4000E+01  -2.3000E+01   4.1973E+09  0.0066
  -2.3000E+01  -2.2000E+01   3.4436E+09  0.0070
  -2.2000E+01  -2.1000E+01   2.8993E+09  0.0076
  -2.1000E+01  -2.0000E+01   2.4611E+09  0.0084
  -2.0000E+01  -1.9000E+01   2.0473E+09  0.0086
  -1.9000E+01  -1.8000E+01   1.7187E+09  0.0087
  -1.8000E+01  -1.7000E+01   1.4576E+09  0.0090
  -1.7000E+01  -1.6000E+01   1.2508E+09  0.0095
  -1.6000E+01  -1.5000E+01   1.0881E+09  0.0100
  -1.5000E+01  -1.4000E+01   9.5564E+08  0.0106
  -1.4000E+01  -1.3000E+01   8.3973E+08  0.0112
  -1.3000E+01  -1.2000E+01   7.4770E+08  0.0118
  -1.2000E+01  -1.1000E+01   6.6652E+08  0.0125
  -1.1000E+01  -1.0000E+01   5.9441E+08  0.0131
  -1.0000E+01  -9.0000E+00   5.3549E+08  0.0138
  -9.0000E+00  -8.0000E+00   4.8607E+08  0.0144
  -8.0000E+00  -7.0000E+00   4.4684E+08  0.0150
  -7.0000E+00  -6.0000E+00   4.0860E+08  0.0158
  -6.0000E+00  -5.0000E+00   3.7082E+08  0.0165
  -5.0000E+00  -4.0000E+00   3.4130E+08  0.0172
  -4.0000E+00  -3.0000E+00   3.1465E+08  0.0179
  -3.0000E+00  -2.0000E+00   2.9089E+08  0.0186
  -2.0000E+00  -1.0000E+00   2.6904E+08  0.0193
  -1.0000E+00   0.0000E+00   2.4893E+08  0.0200
   0.0000E+00   1.0000E+00   2.3249E+08  0.0207
   1.0000E+00   2.0000E+00   2.1673E+08  0.0214
   2.0000E+00   3.0000E+00   2.0289E+08  0.0221
   3.0000E+00   4.0000E+00   1.8883E+08  0.0229
   4.0000E+00   5.0000E+00   1.7868E+08  0.0236
   5.0000E+00   6.0000E+00   1.6928E+08  0.0243
   6.0000E+00   7.0000E+00   1.6149E+08  0.0250
   7.0000E+00   8.0000E+00   1.5222E+08  0.0258
   8.0000E+00   9.0000E+00   1.4333E+08  0.0266
   9.0000E+00   1.0000E+01   1.3538E+08  0.0271
   1.0000E+01   1.1000E+01   1.2878E+08  0.0278
   1.1000E+01   1.2000E+01   1.2180E+08  0.0286
   1.2000E+01   1.3000E+01   1.1643E+08  0.0292
   1.3000E+01   1.4000E+01   1.1107E+08  0.0299
   1.4000E+01   1.5000E+01   1.0741E+08  0.0305

#   sum over    5.3219E+03   4.4822E+09

'no. =  1,  ie =  1,  ir =  1'
msuc: {\huge [t-track] in r-z mesh}
msdr: {\it plotted by \ANGEL \version}
msdl: {\it calculated by \PHITS  3.31}
wt: s(0.7)
\vspace{-3}
  emin  &=&   0.0000E+00 [MeV]
  emax  &=&   1.0000E+03 [MeV]
  rmin  &=&   0.0000E+00 [cm]
  rmax  &=&   5.5000E+00 [cm]
e:
 
# Information for Restart Calculation
# This calculation was newly started
# istdev =  2 # 1:Batch variance, 2:History variance
# resc2  = 8.97218917410922495E-08 # Total source weight or Total source weight / maxcas
# resc3  = 8.40000000000000000E+08 # Total history number or Total batch number
# maxcas =    10000000 # History / Batch, only used for istdev=1
# bitrseed = 1000001110011011000110101001100101111001110011011011011000110100 # bit data of rseed
