[ T-Cross ]
    title = [t-cross] in r-z mesh
     mesh =  r-z            # mesh type is r-z scoring mesh
       x0 =   0.000000      # center x-position of r-z mesh
       y0 =   0.000000      # center y-position of r-z mesh
   r-type =    2            # r-mesh is linear given by rmin, rmax and nr
     rmin =   0.000000      # minimum value of r-mesh points
     rmax =   5.500000      # maximum value of r-mesh points
#    rdel =   5.500000      # mesh width of r-mesh points
       nr =      1          # number of r-mesh points
#    data = ( r(i), i = 1, nr + 1 )
#           0.00000E+00  5.50000E+00
   z-type =    2            # z-mesh is linear given by zmin, zmax and nz
     zmin =  -41.00000      # minimum value of z-mesh points
     zmax =   15.00000      # maximum value of z-mesh points
#    zdel =   1.000000      # mesh width of z-mesh points
       nz =     56          # number of z-mesh points
#    data = ( z(i), i = 1, nz + 1 )
#          -4.10000E+01 -4.00000E+01 -3.90000E+01 -3.80000E+01 -3.70000E+01
#          -3.60000E+01 -3.50000E+01 -3.40000E+01 -3.30000E+01 -3.20000E+01
#          -3.10000E+01 -3.00000E+01 -2.90000E+01 -2.80000E+01 -2.70000E+01
#          -2.60000E+01 -2.50000E+01 -2.40000E+01 -2.30000E+01 -2.20000E+01
#          -2.10000E+01 -2.00000E+01 -1.90000E+01 -1.80000E+01 -1.70000E+01
#          -1.60000E+01 -1.50000E+01 -1.40000E+01 -1.30000E+01 -1.20000E+01
#          -1.10000E+01 -1.00000E+01 -9.00000E+00 -8.00000E+00 -7.00000E+00
#          -6.00000E+00 -5.00000E+00 -4.00000E+00 -3.00000E+00 -2.00000E+00
#          -1.00000E+00  0.00000E+00  1.00000E+00  2.00000E+00  3.00000E+00
#           4.00000E+00  5.00000E+00  6.00000E+00  7.00000E+00  8.00000E+00
#           9.00000E+00  1.00000E+01  1.10000E+01  1.20000E+01  1.30000E+01
#           1.40000E+01  1.50000E+01
     trcl =   2004          # transform ID
   e-type =    2            # e-mesh is linear given by emin, emax and ne
     emin =   0.000000      # minimum value of e-mesh points
     emax =   1000.000      # maximum value of e-mesh points
#    edel =   1000.000      # mesh width of e-mesh points
       ne =      1          # number of e-mesh points
#    data = ( e(i), i = 1, ne + 1 )
#           0.00000E+00  1.00000E+03
  eng2let =    0            # (D=0) Flag to convert energy to LET, 0: not convert, 1: convert
     unit =    1            # unit is [1/cm^2/source]
     axis =    z            # axis of output
     file = total_neutron_current.out  # file name of output for the above axis
   output = current         # surface crossing current spectrum
     part =  neutron  
# kf/name :  2112     
    gshow =    1            # 0: no 1:bnd, 2:bnd+mat, 3:bnd+reg 4:bnd+lat 5:bmp style
    ginfo =    1            # (D=0) 0:no, 1:show in graph, 2:add file
    resol =    1            # (D=1) resolution of gshow
    width = 0.5000000       # (D=0.5) width of lines for gshow
   epsout =    1            # (D=0) generate eps file by ANGEL
#    used :        main (  %)        temp (  %)       total (  %)
#  memory :          65 (  0)           0 (  0)          65 (  0)

#------------------------------------------------------------------------------
#newpage:
#   no. =  1   ir  =  1
#   r = (   0.0000E+00  -   5.5000E+00  )
#  ie =  1
#   e = (   0.0000E+00  -   1.0000E+03  )

x: z [cm]
y: Current [1/cm^2/source]                 
p: xlin ylog afac(0.8) form(0.9)
h:              x            y(neutron ),l3 n 
#       z surface position     neutron   r.err 
               -4.1000E+01   1.7580E+10  0.0028
               -4.0000E+01   8.7057E+09  0.0043
               -3.9000E+01   8.5666E+09  0.0044
               -3.8000E+01   8.4174E+09  0.0044
               -3.7000E+01   8.1972E+09  0.0045
               -3.6000E+01   7.8941E+09  0.0045
               -3.5000E+01   7.5045E+09  0.0046
               -3.4000E+01   7.0757E+09  0.0047
               -3.3000E+01   6.5783E+09  0.0047
               -3.2000E+01   6.2988E+09  0.0047
               -3.1000E+01   5.8998E+09  0.0048
               -3.0000E+01   5.4996E+09  0.0049
               -2.9000E+01   5.0632E+09  0.0050
               -2.8000E+01   4.6405E+09  0.0051
               -2.7000E+01   4.1858E+09  0.0053
               -2.6000E+01   3.7405E+09  0.0054
               -2.5000E+01   3.3472E+09  0.0056
               -2.4000E+01   2.9914E+09  0.0058
               -2.3000E+01   2.6074E+09  0.0062
               -2.2000E+01   2.2714E+09  0.0067
               -2.1000E+01   1.9562E+09  0.0071
               -2.0000E+01   1.6867E+09  0.0076
               -1.9000E+01   1.4783E+09  0.0080
               -1.8000E+01   1.3045E+09  0.0086
               -1.7000E+01   1.1502E+09  0.0091
               -1.6000E+01   1.0168E+09  0.0097
               -1.5000E+01   9.0507E+08  0.0103
               -1.4000E+01   8.0736E+08  0.0109
               -1.3000E+01   7.2244E+08  0.0115
               -1.2000E+01   6.4976E+08  0.0122
               -1.1000E+01   5.8433E+08  0.0129
               -1.0000E+01   5.2860E+08  0.0135
               -9.0000E+00   4.8128E+08  0.0142
               -8.0000E+00   4.4172E+08  0.0148
               -7.0000E+00   4.0652E+08  0.0155
               -6.0000E+00   3.7224E+08  0.0162
               -5.0000E+00   3.4131E+08  0.0169
               -4.0000E+00   3.1558E+08  0.0176
               -3.0000E+00   2.9153E+08  0.0183
               -2.0000E+00   2.7041E+08  0.0190
               -1.0000E+00   2.5138E+08  0.0198
                0.0000E+00   2.3429E+08  0.0205
                1.0000E+00   2.2005E+08  0.0212
                2.0000E+00   2.0460E+08  0.0219
                3.0000E+00   1.9147E+08  0.0227
                4.0000E+00   1.7917E+08  0.0234
                5.0000E+00   1.6975E+08  0.0240
                6.0000E+00   1.6141E+08  0.0247
                7.0000E+00   1.5348E+08  0.0253
                8.0000E+00   1.4455E+08  0.0261
                9.0000E+00   1.3639E+08  0.0269
                1.0000E+01   1.3075E+08  0.0275
                1.1000E+01   1.2323E+08  0.0283
                1.2000E+01   1.1736E+08  0.0290
                1.3000E+01   1.1182E+08  0.0297
                1.4000E+01   1.0793E+08  0.0302
                1.5000E+01   1.0444E+08  0.0307

#   sum over    5.4169E+03   2.5530E+09

'no. =  1,  ie =  1,  ir =  1'
msuc: {\huge [t-cross] in r-z mesh}
msdr: {\it plotted by \ANGEL \version}
msdl: {\it calculated by \PHITS  3.31}
wt: s(0.7)
\vspace{-3}
  z surface crossing
  area  &=&   9.5033E+01 [cm^2]
  rmin  &=&   0.0000E+00 [cm]
  rmax  &=&   5.5000E+00 [cm]
  emin  &=&   0.0000E+00 [MeV]
  emax  &=&   1.0000E+03 [MeV]
e:

#------------------------------------------------------------------------------
 newpage:
#   no. =  2   ir surf =  2
#   rmesh =    5.5000E+00
#  ie =  1
#   e = (   0.0000E+00  -   1.0000E+03  )

x: z [cm]
y: Current [1/cm^2/source]                 
p: xlin ylog afac(0.8) form(0.9)
h:              x            y(neutron ),hh0l n 
#  z-lower      z-upper        neutron   r.err 
  -4.1000E+01  -4.0000E+01   1.0959E+10  0.0056
  -4.0000E+01  -3.9000E+01   1.0366E+10  0.0069
  -3.9000E+01  -3.8000E+01   1.0174E+10  0.0070
  -3.8000E+01  -3.7000E+01   9.9996E+09  0.0071
  -3.7000E+01  -3.6000E+01   9.6369E+09  0.0072
  -3.6000E+01  -3.5000E+01   8.9767E+09  0.0075
  -3.5000E+01  -3.4000E+01   8.2615E+09  0.0077
  -3.4000E+01  -3.3000E+01   7.3806E+09  0.0081
  -3.3000E+01  -3.2000E+01   6.7555E+09  0.0078
  -3.2000E+01  -3.1000E+01   6.5006E+09  0.0079
  -3.1000E+01  -3.0000E+01   5.7915E+09  0.0082
  -3.0000E+01  -2.9000E+01   5.3202E+09  0.0086
  -2.9000E+01  -2.8000E+01   4.7456E+09  0.0091
  -2.8000E+01  -2.7000E+01   4.2298E+09  0.0095
  -2.7000E+01  -2.6000E+01   3.6535E+09  0.0101
  -2.6000E+01  -2.5000E+01   2.9537E+09  0.0111
  -2.5000E+01  -2.4000E+01   2.3189E+09  0.0121
  -2.4000E+01  -2.3000E+01   1.4222E+09  0.0141
  -2.3000E+01  -2.2000E+01   1.1704E+09  0.0157
  -2.2000E+01  -2.1000E+01   1.1036E+09  0.0172
  -2.1000E+01  -2.0000E+01   1.0226E+09  0.0180
  -2.0000E+01  -1.9000E+01   8.1930E+08  0.0194
  -1.9000E+01  -1.8000E+01   5.9934E+08  0.0208
  -1.8000E+01  -1.7000E+01   4.7514E+08  0.0234
  -1.7000E+01  -1.6000E+01   3.9263E+08  0.0257
  -1.6000E+01  -1.5000E+01   3.2928E+08  0.0280
  -1.5000E+01  -1.4000E+01   2.8687E+08  0.0301
  -1.4000E+01  -1.3000E+01   2.4323E+08  0.0329
  -1.3000E+01  -1.2000E+01   2.0828E+08  0.0354
  -1.2000E+01  -1.1000E+01   1.8797E+08  0.0371
  -1.1000E+01  -1.0000E+01   1.5796E+08  0.0406
  -1.0000E+01  -9.0000E+00   1.3768E+08  0.0437
  -9.0000E+00  -8.0000E+00   1.1537E+08  0.0477
  -8.0000E+00  -7.0000E+00   1.0590E+08  0.0495
  -7.0000E+00  -6.0000E+00   9.7041E+07  0.0526
  -6.0000E+00  -5.0000E+00   8.9362E+07  0.0543
  -5.0000E+00  -4.0000E+00   7.4568E+07  0.0595
  -4.0000E+00  -3.0000E+00   6.5247E+07  0.0642
  -3.0000E+00  -2.0000E+00   6.1626E+07  0.0655
  -2.0000E+00  -1.0000E+00   5.2333E+07  0.0709
  -1.0000E+00   0.0000E+00   4.8806E+07  0.0741
   0.0000E+00   1.0000E+00   4.1261E+07  0.0790
   1.0000E+00   2.0000E+00   4.3793E+07  0.0783
   2.0000E+00   3.0000E+00   3.6150E+07  0.0855
   3.0000E+00   4.0000E+00   3.5436E+07  0.0879
   4.0000E+00   5.0000E+00   2.8616E+07  0.0970
   5.0000E+00   6.0000E+00   2.3884E+07  0.1044
   6.0000E+00   7.0000E+00   2.3032E+07  0.1072
   7.0000E+00   8.0000E+00   2.6323E+07  0.0993
   8.0000E+00   9.0000E+00   2.3391E+07  0.1073
   9.0000E+00   1.0000E+01   1.7323E+07  0.1246
   1.0000E+01   1.1000E+01   2.1034E+07  0.1137
   1.1000E+01   1.2000E+01   1.6532E+07  0.1270
   1.2000E+01   1.3000E+01   1.6516E+07  0.1290
   1.3000E+01   1.4000E+01   1.2301E+07  0.1495
   1.4000E+01   1.5000E+01   1.0909E+07  0.1591

#   sum over    1.9352E+03   2.2798E+09

'no. =  2,   ir surf =  2,   ie =  1'
msuc: {\huge [t-cross] in r-z mesh}
msdr: {\it plotted by \ANGEL \version}
msdl: {\it calculated by \PHITS  3.31}
wt: s(0.7)
\vspace{-3}
  r surface crossing
  r     &=&   5.5000E+00 [cm]
  emin  &=&   0.0000E+00 [MeV]
  emax  &=&   1.0000E+03 [MeV]
 tot area  &=&   1.9352E+03 [cm^2]
e:
 
# Information for Restart Calculation
# This calculation was newly started
# istdev =  2 # 1:Batch variance, 2:History variance
# resc2  = 8.97218917410922495E-08 # Total source weight or Total source weight / maxcas
# resc3  = 8.40000000000000000E+08 # Total history number or Total batch number
# maxcas =    10000000 # History / Batch, only used for istdev=1
# bitrseed = 1000001110011011000110101001100101111001110011011011011000110100 # bit data of rseed
