[ T-Deposit ]
    title = [t-deposit] in region mesh
     mesh =  reg            # mesh type is region-wise
      reg = 63 64 80 81 86 190 191 222 { 1001 - 1003 }
   volume                   # combined, lattice or level structure 
   non     reg      vol     # reg definition
    1       63   9.2000E+02 # 63
    2       64   6.9400E+02 # 64
    3       80   1.5600E+03 # 80
    4       81   1.8100E+03 # 81
    5       86   7.4000E+02 # 86
    6      190   2.3654E+02 # 190
    7      191   2.3654E+02 # 191
    8      222   1.4100E+03 # 222
    9     1001   8.1810E+00 # 1001
   10     1002   5.9560E+00 # 1002
   11     1003   8.3130E+00 # 1003
     unit =    0            # unit is [Gy/source]
   letmat =    0            # (D=0) mat ID for LET, 0:real mat, <0: electron for H2O
  dedxfnc =    0            # (D=0) user defined multiplier, 0(no), 1, 2
 material =  all            # (D=all) number of specific material
   output =  dose           # total deposit energy
  deposit =    0            # (D=0) 0-> total deposit dist, 1-> each process
     axis =   reg           # axis of output
     file = dose.out        # file name of output for the above axis
     part =  all       ( neutron    photon   )   neutron    photon     proton    ( alpha      7Li      ) 
# kf/name :  0         ( 2112       22       )   2112       22         2212      ( 2000004    3000007  ) 
   epsout =    1            # (D=0) generate eps file by ANGEL
#    used :        main (  %)        temp (  %)       total (  %)
#  memory :          15 (  0)           0 (  0)          15 (  0)

#------------------------------------------------------------------------------
#newpage:
#   no. =  1

x: Serial Num. of Region
y: Dose [Gy/source]      
p: xlin ylog afac(0.8) form(0.9)
h:   x      n     n          y(all     ),l3   n   y(p2-group),d4r  n   y(neutron ),u5b  n   y(photon  ),m6g  n   y(proton  ),q7rr n   y(p6-group),v8bb n   
#  num    reg     volume     all         r.err    p2-group    r.err    neutron     r.err    photon      r.err    proton      r.err    p6-group    r.err 
    1      63   9.2000E+02   6.6263E-05  0.0720   6.6232E-05  0.0720   1.9630E-05  0.2003   4.6602E-05  0.0564   0.0000E+00  0.0000   0.0000E+00  0.0000
    2      64   6.9400E+02   2.4425E-04  0.0364   2.4373E-04  0.0364   1.0176E-04  0.0704   1.4197E-04  0.0353   0.0000E+00  0.0000   0.0000E+00  0.0000
    3      80   1.5600E+03   4.4252E-04  0.0449   4.3070E-04  0.0363   1.9249E-04  0.0710   2.3821E-04  0.0277   1.1826E-05  1.0000   0.0000E+00  0.0000
    4      81   1.8100E+03   1.6533E-04  0.0814   1.5869E-04  0.0675   5.9082E-05  0.1612   9.9606E-05  0.0459   0.0000E+00  0.0000   4.4614E-06  1.0000
    5      86   7.4000E+02   5.2999E-04  0.0769   4.9285E-04  0.0583   1.8935E-04  0.1318   3.0349E-04  0.0440   2.6864E-05  0.9480   4.1139E-06  1.0000
    6     190   2.3654E+02   1.8803E-03  0.0651   1.7552E-03  0.0461   9.2640E-04  0.0805   8.2879E-04  0.0368   1.2506E-04  0.6990   0.0000E+00  0.0000
    7     191   2.3654E+02   3.6663E-04  0.2201   2.9731E-04  0.1322   1.1817E-04  0.2955   1.7914E-04  0.1008   0.0000E+00  0.0000   6.9320E-05  1.0000
    8     222   1.4100E+03   1.8742E-04  0.0338   1.8422E-04  0.0298   1.0217E-04  0.0496   8.2056E-05  0.0234   1.9727E-07  1.0000   0.0000E+00  0.0000
    9    1001   8.1810E+00   1.8174E-03  0.1207   1.8174E-03  0.1207   1.0169E-03  0.1919   8.0055E-04  0.1222   0.0000E+00  0.0000   0.0000E+00  0.0000
   10    1002   5.9560E+00   1.4828E-03  0.1183   1.4828E-03  0.1183   7.1113E-04  0.2240   7.7165E-04  0.0946   0.0000E+00  0.0000   0.0000E+00  0.0000
   11    1003   8.3130E+00   4.0609E-03  0.6267   1.5379E-03  0.1247   7.9994E-04  0.2272   7.3798E-04  0.0826   2.5229E-03  1.0000   0.0000E+00  0.0000

'no. =  1'
msuc: {\huge [t-deposit] in region mesh}
msdr: {\it plotted by \ANGEL \version}
msdl: {\it calculated by \PHITS  3.30}
 
# Information for Restart Calculation
# This calculation was newly started
# istdev =  2 # 1:Batch variance, 2:History variance
# resc2  = 1.60230732467008367E-07 # Total source weight or Total source weight / maxcas
# resc3  = 1.00000000000000000E+09 # Total history number or Total batch number
# maxcas =    10000000 # History / Batch, only used for istdev=1
# bitrseed = 0001001110011001001001110000100100110111001111011100001000101100 # bit data of rseed
