[ T-Track ]
    title = [t-track] in r-z mesh
     mesh =  r-z            # mesh type is r-z scoring mesh
       x0 =   0.000000      # center x-position of r-z mesh
       y0 =   0.000000      # center y-position of r-z mesh
   r-type =    2            # r-mesh is linear given by rmin, rmax and nr
     rmin =   0.000000      # minimum value of r-mesh points
     rmax =   5.500000      # maximum value of r-mesh points
#    rdel =   5.500000      # mesh width of r-mesh points
       nr =      1          # number of r-mesh points
#    data = ( r(i), i = 1, nr + 1 )
#           0.00000E+00  5.50000E+00
   z-type =    2            # z-mesh is linear given by zmin, zmax and nz
     zmin =  -41.00000      # minimum value of z-mesh points
     zmax =   15.00000      # maximum value of z-mesh points
#    zdel =   1.000000      # mesh width of z-mesh points
       nz =     56          # number of z-mesh points
#    data = ( z(i), i = 1, nz + 1 )
#          -4.10000E+01 -4.00000E+01 -3.90000E+01 -3.80000E+01 -3.70000E+01
#          -3.60000E+01 -3.50000E+01 -3.40000E+01 -3.30000E+01 -3.20000E+01
#          -3.10000E+01 -3.00000E+01 -2.90000E+01 -2.80000E+01 -2.70000E+01
#          -2.60000E+01 -2.50000E+01 -2.40000E+01 -2.30000E+01 -2.20000E+01
#          -2.10000E+01 -2.00000E+01 -1.90000E+01 -1.80000E+01 -1.70000E+01
#          -1.60000E+01 -1.50000E+01 -1.40000E+01 -1.30000E+01 -1.20000E+01
#          -1.10000E+01 -1.00000E+01 -9.00000E+00 -8.00000E+00 -7.00000E+00
#          -6.00000E+00 -5.00000E+00 -4.00000E+00 -3.00000E+00 -2.00000E+00
#          -1.00000E+00  0.00000E+00  1.00000E+00  2.00000E+00  3.00000E+00
#           4.00000E+00  5.00000E+00  6.00000E+00  7.00000E+00  8.00000E+00
#           9.00000E+00  1.00000E+01  1.10000E+01  1.20000E+01  1.30000E+01
#           1.40000E+01  1.50000E+01
     trcl =   2004          # transform ID
   e-type =    2            # e-mesh is linear given by emin, emax and ne
     emin =  1.0000000E-02  # minimum value of e-mesh points
     emax =   1000.000      # maximum value of e-mesh points
#    edel =   999.9900      # mesh width of e-mesh points
       ne =      1          # number of e-mesh points
#    data = ( e(i), i = 1, ne + 1 )
#           1.00000E-02  1.00000E+03
     unit =    1            # unit is [1/cm^2/source]
 material =  all            # (D=all) number of specific material
     axis =       z            # axis of output
     file = fast_neutron_flux.out  # file name of output for the above axis
     part =  neutron  
# kf/name :  2112     
    gshow =    1            # 0: no 1:bnd, 2:bnd+mat, 3:bnd+reg 4:bnd+lat 5:bmp style
    ginfo =    1            # (D=0) 0:no, 1:show in graph, 2:add file
    resol =    1            # (D=1) resolution of gshow or rshow
    width = 0.5000000       # (D=0.5) width of lines for gshow or rshow
   epsout =    1            # (D=0) generate eps file by ANGEL
#    used :        main (  %)        temp (  %)       total (  %)
#  memory :          65 (  0)           0 (  0)          65 (  0)

#------------------------------------------------------------------------------
#newpage:
#   no. =  1   ie  =  1   ir  =  1
#   e = (   1.0000E-02  -   1.0000E+03  )
#   r = (   0.0000E+00  -   5.5000E+00  )

x: z [cm]
y: Flux [1/cm^2/source]              
p: xlin ylog afac(0.8) form(0.9)
h: n            x            y(neutron ),hh0l n  
#  z-lower      z-upper        neutron   r.err 
  -4.1000E+01  -4.0000E+01   1.7353E+10  0.0085
  -4.0000E+01  -3.9000E+01   1.4740E+10  0.0092
  -3.9000E+01  -3.8000E+01   1.2275E+10  0.0099
  -3.8000E+01  -3.7000E+01   1.0197E+10  0.0108
  -3.7000E+01  -3.6000E+01   8.2349E+09  0.0116
  -3.6000E+01  -3.5000E+01   6.1168E+09  0.0125
  -3.5000E+01  -3.4000E+01   5.0216E+09  0.0154
  -3.4000E+01  -3.3000E+01   4.5011E+09  0.0161
  -3.3000E+01  -3.2000E+01   3.9367E+09  0.0168
  -3.2000E+01  -3.1000E+01   3.4815E+09  0.0178
  -3.1000E+01  -3.0000E+01   3.0554E+09  0.0185
  -3.0000E+01  -2.9000E+01   2.6600E+09  0.0190
  -2.9000E+01  -2.8000E+01   2.3377E+09  0.0200
  -2.8000E+01  -2.7000E+01   2.0804E+09  0.0214
  -2.7000E+01  -2.6000E+01   1.8387E+09  0.0217
  -2.6000E+01  -2.5000E+01   1.6665E+09  0.0232
  -2.5000E+01  -2.4000E+01   1.5032E+09  0.0237
  -2.4000E+01  -2.3000E+01   1.3082E+09  0.0257
  -2.3000E+01  -2.2000E+01   1.1792E+09  0.0269
  -2.2000E+01  -2.1000E+01   1.0475E+09  0.0281
  -2.1000E+01  -2.0000E+01   9.1743E+08  0.0293
  -2.0000E+01  -1.9000E+01   7.7512E+08  0.0268
  -1.9000E+01  -1.8000E+01   6.7118E+08  0.0279
  -1.8000E+01  -1.7000E+01   5.8036E+08  0.0291
  -1.7000E+01  -1.6000E+01   5.2519E+08  0.0320
  -1.6000E+01  -1.5000E+01   4.5883E+08  0.0328
  -1.5000E+01  -1.4000E+01   4.1781E+08  0.0353
  -1.4000E+01  -1.3000E+01   3.6824E+08  0.0356
  -1.3000E+01  -1.2000E+01   3.0107E+08  0.0366
  -1.2000E+01  -1.1000E+01   2.4001E+08  0.0430
  -1.1000E+01  -1.0000E+01   1.6425E+08  0.0522
  -1.0000E+01  -9.0000E+00   1.1112E+08  0.0645
  -9.0000E+00  -8.0000E+00   7.5979E+07  0.0781
  -8.0000E+00  -7.0000E+00   5.9268E+07  0.0919
  -7.0000E+00  -6.0000E+00   5.3050E+07  0.1181
  -6.0000E+00  -5.0000E+00   4.0272E+07  0.1177
  -5.0000E+00  -4.0000E+00   4.2253E+07  0.1481
  -4.0000E+00  -3.0000E+00   3.2372E+07  0.1161
  -3.0000E+00  -2.0000E+00   3.0319E+07  0.1325
  -2.0000E+00  -1.0000E+00   2.6900E+07  0.1397
  -1.0000E+00   0.0000E+00   2.1963E+07  0.1491
   0.0000E+00   1.0000E+00   1.8722E+07  0.1521
   1.0000E+00   2.0000E+00   1.7287E+07  0.1562
   2.0000E+00   3.0000E+00   1.6373E+07  0.1669
   3.0000E+00   4.0000E+00   1.5357E+07  0.1833
   4.0000E+00   5.0000E+00   1.4576E+07  0.2050
   5.0000E+00   6.0000E+00   1.0742E+07  0.1888
   6.0000E+00   7.0000E+00   1.0177E+07  0.1962
   7.0000E+00   8.0000E+00   9.5189E+06  0.2295
   8.0000E+00   9.0000E+00   5.9055E+06  0.2353
   9.0000E+00   1.0000E+01   5.2650E+06  0.2495
   1.0000E+01   1.1000E+01   5.1939E+06  0.2526
   1.1000E+01   1.2000E+01   5.4204E+06  0.2449
   1.2000E+01   1.3000E+01   5.1906E+06  0.2555
   1.3000E+01   1.4000E+01   4.8067E+06  0.2650
   1.4000E+01   1.5000E+01   4.4135E+06  0.2800

#   sum over    5.3219E+03   1.9749E+09

'no. =  1,  ie =  1,  ir =  1'
msuc: {\huge [t-track] in r-z mesh}
msdr: {\it plotted by \ANGEL \version}
msdl: {\it calculated by \PHITS  3.31}
wt: s(0.7)
\vspace{-3}
  emin  &=&   1.0000E-02 [MeV]
  emax  &=&   1.0000E+03 [MeV]
  rmin  &=&   0.0000E+00 [cm]
  rmax  &=&   5.5000E+00 [cm]
e:
 
# Information for Restart Calculation
# This calculation was newly started
# istdev =  2 # 1:Batch variance, 2:History variance
# resc2  = 2.92130206470685537E-08 # Total source weight or Total source weight / maxcas
# resc3  = 2.73500000000000000E+08 # Total history number or Total batch number
# maxcas =      100000 # History / Batch, only used for istdev=1
# bitrseed = 0110101100010101101011000001000000010010010010010101011110000101 # bit data of rseed
