[ T-Deposit ]
    title = [t-deposit] in r-z mesh
     mesh =  r-z            # mesh type is r-z scoring mesh
       x0 =   0.000000      # center x-position of r-z mesh
       y0 =   0.000000      # center y-position of r-z mesh
   r-type =    2            # r-mesh is linear given by rmin, rmax and nr
     rmin =   0.000000      # minimum value of r-mesh points
     rmax =   5.500000      # maximum value of r-mesh points
#    rdel =   5.500000      # mesh width of r-mesh points
       nr =      1          # number of r-mesh points
#    data = ( r(i), i = 1, nr + 1 )
#           0.00000E+00  5.50000E+00
   z-type =    2            # z-mesh is linear given by zmin, zmax and nz
     zmin =  -41.00000      # minimum value of z-mesh points
     zmax =   15.00000      # maximum value of z-mesh points
#    zdel =   1.000000      # mesh width of z-mesh points
       nz =     56          # number of z-mesh points
#    data = ( z(i), i = 1, nz + 1 )
#          -4.10000E+01 -4.00000E+01 -3.90000E+01 -3.80000E+01 -3.70000E+01
#          -3.60000E+01 -3.50000E+01 -3.40000E+01 -3.30000E+01 -3.20000E+01
#          -3.10000E+01 -3.00000E+01 -2.90000E+01 -2.80000E+01 -2.70000E+01
#          -2.60000E+01 -2.50000E+01 -2.40000E+01 -2.30000E+01 -2.20000E+01
#          -2.10000E+01 -2.00000E+01 -1.90000E+01 -1.80000E+01 -1.70000E+01
#          -1.60000E+01 -1.50000E+01 -1.40000E+01 -1.30000E+01 -1.20000E+01
#          -1.10000E+01 -1.00000E+01 -9.00000E+00 -8.00000E+00 -7.00000E+00
#          -6.00000E+00 -5.00000E+00 -4.00000E+00 -3.00000E+00 -2.00000E+00
#          -1.00000E+00  0.00000E+00  1.00000E+00  2.00000E+00  3.00000E+00
#           4.00000E+00  5.00000E+00  6.00000E+00  7.00000E+00  8.00000E+00
#           9.00000E+00  1.00000E+01  1.10000E+01  1.20000E+01  1.30000E+01
#           1.40000E+01  1.50000E+01
     trcl =   2004          # transform ID
     unit =    0            # unit is [Gy/source]
   letmat =    0            # (D=0) mat ID for LET, 0:real mat, <0: electron for H2O
  dedxfnc =    0            # (D=0) user defined multiplier, 0(no), 1, 2
 material =  all            # (D=all) number of specific material
   output =  dose           # total deposit energy
  deposit =    0            # (D=0) 0-> total deposit dist, 1-> each process
     axis =     z           # axis of output
     file = gamma_dose.out  # file name of output for the above axis
     part =  photon   
# kf/name :  22       
    gshow =    1            # 0: no 1:bnd, 2:bnd+mat, 3:bnd+reg 4:bnd+lat 5:bmp style
    ginfo =    1            # (D=0) 0:no, 1:show in graph, 2:add file
    resol =    1            # (D=1) resolution of gshow or rshow
    width = 0.5000000       # (D=0.5) width of lines for gshow or rshow
   epsout =    1            # (D=0) generate eps file by ANGEL
#    used :        main (  %)        temp (  %)       total (  %)
#  memory :          62 (  0)           0 (  0)          62 (  0)

#------------------------------------------------------------------------------
#newpage:
#   no. =  1   ir  =  1
#   r = (   0.0000E+00  -   5.5000E+00  )

x: z [cm]
y: Dose [Gy/source]      
p: xlin ylog afac(0.8) form(0.9)
h: n            x            y(photon  ),hh0l n 
#  z-lower      z-upper        photon    r.err 
  -4.1000E+01  -4.0000E+01   3.9602E-02  0.0091
  -4.0000E+01  -3.9000E+01   3.8114E-02  0.0088
  -3.9000E+01  -3.8000E+01   3.7580E-02  0.0088
  -3.8000E+01  -3.7000E+01   3.9397E-02  0.0081
  -3.7000E+01  -3.6000E+01   4.5862E-02  0.0077
  -3.6000E+01  -3.5000E+01   8.9799E-02  0.0065
  -3.5000E+01  -3.4000E+01   2.9249E-02  0.0146
  -3.4000E+01  -3.3000E+01   2.9974E-02  0.0152
  -3.3000E+01  -3.2000E+01   3.0116E-02  0.0166
  -3.2000E+01  -3.1000E+01   2.8924E-02  0.0168
  -3.1000E+01  -3.0000E+01   2.7101E-02  0.0174
  -3.0000E+01  -2.9000E+01   2.4877E-02  0.0181
  -2.9000E+01  -2.8000E+01   2.1776E-02  0.0193
  -2.8000E+01  -2.7000E+01   1.5849E-02  0.0197
  -2.7000E+01  -2.6000E+01   1.2995E-02  0.0191
  -2.6000E+01  -2.5000E+01   1.1263E-02  0.0205
  -2.5000E+01  -2.4000E+01   9.6168E-03  0.0201
  -2.4000E+01  -2.3000E+01   8.4349E-03  0.0209
  -2.3000E+01  -2.2000E+01   7.5555E-03  0.0230
  -2.2000E+01  -2.1000E+01   6.8696E-03  0.0233
  -2.1000E+01  -2.0000E+01   6.2837E-03  0.0221
  -2.0000E+01  -1.9000E+01   6.1246E-03  0.0223
  -1.9000E+01  -1.8000E+01   6.7091E-03  0.0219
  -1.8000E+01  -1.7000E+01   6.1624E-03  0.0221
  -1.7000E+01  -1.6000E+01   5.2739E-03  0.0233
  -1.6000E+01  -1.5000E+01   4.4252E-03  0.0253
  -1.5000E+01  -1.4000E+01   3.8941E-03  0.0277
  -1.4000E+01  -1.3000E+01   3.5092E-03  0.0286
  -1.3000E+01  -1.2000E+01   3.4397E-03  0.0318
  -1.2000E+01  -1.1000E+01   3.2653E-03  0.0332
  -1.1000E+01  -1.0000E+01   3.0494E-03  0.0339
  -1.0000E+01  -9.0000E+00   2.8368E-03  0.0386
  -9.0000E+00  -8.0000E+00   2.6071E-03  0.0393
  -8.0000E+00  -7.0000E+00   2.3854E-03  0.0409
  -7.0000E+00  -6.0000E+00   2.2584E-03  0.0429
  -6.0000E+00  -5.0000E+00   2.0361E-03  0.0436
  -5.0000E+00  -4.0000E+00   1.7821E-03  0.0444
  -4.0000E+00  -3.0000E+00   1.6013E-03  0.0474
  -3.0000E+00  -2.0000E+00   1.4498E-03  0.0496
  -2.0000E+00  -1.0000E+00   1.3748E-03  0.0516
  -1.0000E+00   0.0000E+00   1.2439E-03  0.0529
   0.0000E+00   1.0000E+00   1.1137E-03  0.0565
   1.0000E+00   2.0000E+00   1.0326E-03  0.0591
   2.0000E+00   3.0000E+00   9.4099E-04  0.0580
   3.0000E+00   4.0000E+00   9.2326E-04  0.0646
   4.0000E+00   5.0000E+00   8.0634E-04  0.0641
   5.0000E+00   6.0000E+00   7.5119E-04  0.0661
   6.0000E+00   7.0000E+00   7.2312E-04  0.0679
   7.0000E+00   8.0000E+00   6.5107E-04  0.0710
   8.0000E+00   9.0000E+00   5.7079E-04  0.0751
   9.0000E+00   1.0000E+01   5.0869E-04  0.0785
   1.0000E+01   1.1000E+01   4.5487E-04  0.0820
   1.1000E+01   1.2000E+01   4.1754E-04  0.0854
   1.2000E+01   1.3000E+01   3.9154E-04  0.0885
   1.3000E+01   1.4000E+01   3.7712E-04  0.0911
   1.4000E+01   1.5000E+01   3.6496E-04  0.0932

'no. =  1,  ir =  1'
msuc: {\huge [t-deposit] in r-z mesh}
msdr: {\it plotted by \ANGEL \version}
msdl: {\it calculated by \PHITS  3.31}
wt: s(0.7)
\vspace{-3}
  rmin  &=&   0.0000E+00 [cm]
  rmax  &=&   5.5000E+00 [cm]
e:
 
# Information for Restart Calculation
# This calculation was newly started
# istdev =  2 # 1:Batch variance, 2:History variance
# resc2  = 2.92130206470685537E-08 # Total source weight or Total source weight / maxcas
# resc3  = 2.73500000000000000E+08 # Total history number or Total batch number
# maxcas =      100000 # History / Batch, only used for istdev=1
# bitrseed = 0110101100010101101011000001000000010010010010010101011110000101 # bit data of rseed
