[ T-Track ]
    title = [t-track] in r-z mesh
     mesh =  r-z            # mesh type is r-z scoring mesh
       x0 =   0.000000      # center x-position of r-z mesh
       y0 =   0.000000      # center y-position of r-z mesh
   r-type =    2            # r-mesh is linear given by rmin, rmax and nr
     rmin =   0.000000      # minimum value of r-mesh points
     rmax =   5.500000      # maximum value of r-mesh points
#    rdel =   5.500000      # mesh width of r-mesh points
       nr =      1          # number of r-mesh points
#    data = ( r(i), i = 1, nr + 1 )
#           0.00000E+00  5.50000E+00
   z-type =    2            # z-mesh is linear given by zmin, zmax and nz
     zmin =  -41.00000      # minimum value of z-mesh points
     zmax =   15.00000      # maximum value of z-mesh points
#    zdel =   1.000000      # mesh width of z-mesh points
       nz =     56          # number of z-mesh points
#    data = ( z(i), i = 1, nz + 1 )
#          -4.10000E+01 -4.00000E+01 -3.90000E+01 -3.80000E+01 -3.70000E+01
#          -3.60000E+01 -3.50000E+01 -3.40000E+01 -3.30000E+01 -3.20000E+01
#          -3.10000E+01 -3.00000E+01 -2.90000E+01 -2.80000E+01 -2.70000E+01
#          -2.60000E+01 -2.50000E+01 -2.40000E+01 -2.30000E+01 -2.20000E+01
#          -2.10000E+01 -2.00000E+01 -1.90000E+01 -1.80000E+01 -1.70000E+01
#          -1.60000E+01 -1.50000E+01 -1.40000E+01 -1.30000E+01 -1.20000E+01
#          -1.10000E+01 -1.00000E+01 -9.00000E+00 -8.00000E+00 -7.00000E+00
#          -6.00000E+00 -5.00000E+00 -4.00000E+00 -3.00000E+00 -2.00000E+00
#          -1.00000E+00  0.00000E+00  1.00000E+00  2.00000E+00  3.00000E+00
#           4.00000E+00  5.00000E+00  6.00000E+00  7.00000E+00  8.00000E+00
#           9.00000E+00  1.00000E+01  1.10000E+01  1.20000E+01  1.30000E+01
#           1.40000E+01  1.50000E+01
     trcl =   2004          # transform ID
   e-type =    2            # e-mesh is linear given by emin, emax and ne
     emin =   0.000000      # minimum value of e-mesh points
     emax =   1000.000      # maximum value of e-mesh points
#    edel =   1000.000      # mesh width of e-mesh points
       ne =      1          # number of e-mesh points
#    data = ( e(i), i = 1, ne + 1 )
#           0.00000E+00  1.00000E+03
     unit =    1            # unit is [1/cm^2/source]
 material =  all            # (D=all) number of specific material
     axis =       z            # axis of output
     file = total_neutron_flux.out  # file name of output for the above axis
     part =  neutron  
# kf/name :  2112     
    gshow =    1            # 0: no 1:bnd, 2:bnd+mat, 3:bnd+reg 4:bnd+lat 5:bmp style
    ginfo =    1            # (D=0) 0:no, 1:show in graph, 2:add file
    resol =    1            # (D=1) resolution of gshow or rshow
    width = 0.5000000       # (D=0.5) width of lines for gshow or rshow
   epsout =    1            # (D=0) generate eps file by ANGEL
#    used :        main (  %)        temp (  %)       total (  %)
#  memory :          65 (  0)           0 (  0)          65 (  0)

#------------------------------------------------------------------------------
#newpage:
#   no. =  1   ie  =  1   ir  =  1
#   e = (   0.0000E+00  -   1.0000E+03  )
#   r = (   0.0000E+00  -   5.5000E+00  )

x: z [cm]
y: Flux [1/cm^2/source]              
p: xlin ylog afac(0.8) form(0.9)
h: n            x            y(neutron ),hh0l n  
#  z-lower      z-upper        neutron   r.err 
  -4.1000E+01  -4.0000E+01   8.0375E+10  0.0041
  -4.0000E+01  -3.9000E+01   7.1359E+10  0.0043
  -3.9000E+01  -3.8000E+01   6.1650E+10  0.0046
  -3.8000E+01  -3.7000E+01   5.1551E+10  0.0049
  -3.7000E+01  -3.6000E+01   4.0322E+10  0.0052
  -3.6000E+01  -3.5000E+01   2.1150E+10  0.0060
  -3.5000E+01  -3.4000E+01   1.7774E+10  0.0087
  -3.4000E+01  -3.3000E+01   1.7786E+10  0.0088
  -3.3000E+01  -3.2000E+01   1.7401E+10  0.0089
  -3.2000E+01  -3.1000E+01   1.6688E+10  0.0090
  -3.1000E+01  -3.0000E+01   1.5988E+10  0.0092
  -3.0000E+01  -2.9000E+01   1.5057E+10  0.0093
  -2.9000E+01  -2.8000E+01   1.4126E+10  0.0095
  -2.8000E+01  -2.7000E+01   1.3470E+10  0.0097
  -2.7000E+01  -2.6000E+01   1.2680E+10  0.0098
  -2.6000E+01  -2.5000E+01   1.1748E+10  0.0100
  -2.5000E+01  -2.4000E+01   1.0745E+10  0.0104
  -2.4000E+01  -2.3000E+01   9.5891E+09  0.0106
  -2.3000E+01  -2.2000E+01   8.5948E+09  0.0112
  -2.2000E+01  -2.1000E+01   7.6190E+09  0.0115
  -2.1000E+01  -2.0000E+01   6.5717E+09  0.0117
  -2.0000E+01  -1.9000E+01   5.4135E+09  0.0114
  -1.9000E+01  -1.8000E+01   4.4257E+09  0.0115
  -1.8000E+01  -1.7000E+01   3.7221E+09  0.0123
  -1.7000E+01  -1.6000E+01   3.2766E+09  0.0137
  -1.6000E+01  -1.5000E+01   2.8821E+09  0.0146
  -1.5000E+01  -1.4000E+01   2.6012E+09  0.0155
  -1.4000E+01  -1.3000E+01   2.4391E+09  0.0165
  -1.3000E+01  -1.2000E+01   2.4371E+09  0.0196
  -1.2000E+01  -1.1000E+01   2.2887E+09  0.0238
  -1.1000E+01  -1.0000E+01   1.8855E+09  0.0289
  -1.0000E+01  -9.0000E+00   1.4956E+09  0.0344
  -9.0000E+00  -8.0000E+00   1.2463E+09  0.0387
  -8.0000E+00  -7.0000E+00   1.0275E+09  0.0410
  -7.0000E+00  -6.0000E+00   8.2397E+08  0.0445
  -6.0000E+00  -5.0000E+00   6.8941E+08  0.0483
  -5.0000E+00  -4.0000E+00   6.0284E+08  0.0510
  -4.0000E+00  -3.0000E+00   5.4974E+08  0.0549
  -3.0000E+00  -2.0000E+00   4.3813E+08  0.0592
  -2.0000E+00  -1.0000E+00   3.6748E+08  0.0629
  -1.0000E+00   0.0000E+00   3.1470E+08  0.0678
   0.0000E+00   1.0000E+00   2.4103E+08  0.0759
   1.0000E+00   2.0000E+00   1.9769E+08  0.0871
   2.0000E+00   3.0000E+00   1.6036E+08  0.0888
   3.0000E+00   4.0000E+00   1.4743E+08  0.0975
   4.0000E+00   5.0000E+00   1.1732E+08  0.1028
   5.0000E+00   6.0000E+00   9.7962E+07  0.1180
   6.0000E+00   7.0000E+00   7.0212E+07  0.1235
   7.0000E+00   8.0000E+00   3.9381E+07  0.1347
   8.0000E+00   9.0000E+00   2.1818E+07  0.1460
   9.0000E+00   1.0000E+01   1.7120E+07  0.1530
   1.0000E+01   1.1000E+01   1.3134E+07  0.1639
   1.1000E+01   1.2000E+01   1.1293E+07  0.1629
   1.2000E+01   1.3000E+01   1.0719E+07  0.1698
   1.3000E+01   1.4000E+01   9.1719E+06  0.1792
   1.4000E+01   1.5000E+01   8.8353E+06  0.1805

#   sum over    5.3219E+03   1.0042E+10

'no. =  1,  ie =  1,  ir =  1'
msuc: {\huge [t-track] in r-z mesh}
msdr: {\it plotted by \ANGEL \version}
msdl: {\it calculated by \PHITS  3.31}
wt: s(0.7)
\vspace{-3}
  emin  &=&   0.0000E+00 [MeV]
  emax  &=&   1.0000E+03 [MeV]
  rmin  &=&   0.0000E+00 [cm]
  rmax  &=&   5.5000E+00 [cm]
e:
 
# Information for Restart Calculation
# This calculation was newly started
# istdev =  2 # 1:Batch variance, 2:History variance
# resc2  = 2.92130206470685537E-08 # Total source weight or Total source weight / maxcas
# resc3  = 2.73500000000000000E+08 # Total history number or Total batch number
# maxcas =      100000 # History / Batch, only used for istdev=1
# bitrseed = 0110101100010101101011000001000000010010010010010101011110000101 # bit data of rseed
