[ T-Deposit ]
    title = [t-deposit] in r-z mesh
     mesh =  r-z            # mesh type is r-z scoring mesh
       x0 =   0.000000      # center x-position of r-z mesh
       y0 =   0.000000      # center y-position of r-z mesh
   r-type =    2            # r-mesh is linear given by rmin, rmax and nr
     rmin =   0.000000      # minimum value of r-mesh points
     rmax =   5.500000      # maximum value of r-mesh points
#    rdel =   5.500000      # mesh width of r-mesh points
       nr =      1          # number of r-mesh points
#    data = ( r(i), i = 1, nr + 1 )
#           0.00000E+00  5.50000E+00
   z-type =    2            # z-mesh is linear given by zmin, zmax and nz
     zmin =  -41.00000      # minimum value of z-mesh points
     zmax =   15.00000      # maximum value of z-mesh points
#    zdel =   1.217391      # mesh width of z-mesh points
       nz =     46          # number of z-mesh points
#    data = ( z(i), i = 1, nz + 1 )
#          -4.10000E+01 -3.97826E+01 -3.85652E+01 -3.73478E+01 -3.61304E+01
#          -3.49130E+01 -3.36957E+01 -3.24783E+01 -3.12609E+01 -3.00435E+01
#          -2.88261E+01 -2.76087E+01 -2.63913E+01 -2.51739E+01 -2.39565E+01
#          -2.27391E+01 -2.15217E+01 -2.03043E+01 -1.90870E+01 -1.78696E+01
#          -1.66522E+01 -1.54348E+01 -1.42174E+01 -1.30000E+01 -1.17826E+01
#          -1.05652E+01 -9.34783E+00 -8.13043E+00 -6.91304E+00 -5.69565E+00
#          -4.47826E+00 -3.26087E+00 -2.04348E+00 -8.26087E-01  3.91304E-01
#           1.60870E+00  2.82609E+00  4.04348E+00  5.26087E+00  6.47826E+00
#           7.69565E+00  8.91304E+00  1.01304E+01  1.13478E+01  1.25652E+01
#           1.37826E+01  1.50000E+01
     trcl =   2004          # transform ID
     unit =    0            # unit is [Gy/source]
   letmat =    0            # (D=0) mat ID for LET, 0:real mat, <0: electron for H2O
  dedxfnc =    0            # (D=0) user defined multiplier, 0(no), 1, 2
 material =  all            # (D=all) number of specific material
   output =  dose           # total deposit energy
  deposit =    0            # (D=0) 0-> total deposit dist, 1-> each process
     axis =     z           # axis of output
     file = gamma_dose.out  # file name of output for the above axis
     part =  photon   
# kf/name :  22       
    gshow =    1            # 0: no 1:bnd, 2:bnd+mat, 3:bnd+reg 4:bnd+lat 5:bmp style
    ginfo =    1            # (D=0) 0:no, 1:show in graph, 2:add file
    resol =    1            # (D=1) resolution of gshow or rshow
    width = 0.5000000       # (D=0.5) width of lines for gshow or rshow
   epsout =    1            # (D=0) generate eps file by ANGEL
#    used :        main (  %)        temp (  %)       total (  %)
#  memory :          52 (  0)           0 (  0)          52 (  0)

#------------------------------------------------------------------------------
#newpage:
#   no. =  1   ir  =  1
#   r = (   0.0000E+00  -   5.5000E+00  )

x: z [cm]
y: Dose [Gy/source]      
p: xlin ylog afac(0.8) form(0.9)
h: n            x            y(photon  ),hh0l n 
#  z-lower      z-upper        photon    r.err 
  -4.1000E+01  -3.9783E+01   8.0315E-02  0.0182
  -3.9783E+01  -3.8565E+01   3.2159E-02  0.0416
  -3.8565E+01  -3.7348E+01   3.2069E-02  0.0423
  -3.7348E+01  -3.6130E+01   3.1488E-02  0.0431
  -3.6130E+01  -3.4913E+01   2.9393E-02  0.0431
  -3.4913E+01  -3.3696E+01   2.4787E-02  0.0476
  -3.3696E+01  -3.2478E+01   1.8946E-02  0.0520
  -3.2478E+01  -3.1261E+01   1.4007E-02  0.0474
  -3.1261E+01  -3.0043E+01   1.2361E-02  0.0546
  -3.0043E+01  -2.8826E+01   1.0011E-02  0.0520
  -2.8826E+01  -2.7609E+01   8.4736E-03  0.0543
  -2.7609E+01  -2.6391E+01   7.7392E-03  0.0561
  -2.6391E+01  -2.5174E+01   7.3061E-03  0.0567
  -2.5174E+01  -2.3957E+01   7.1722E-03  0.0648
  -2.3957E+01  -2.2739E+01   7.2612E-03  0.0538
  -2.2739E+01  -2.1522E+01   6.7451E-03  0.0544
  -2.1522E+01  -2.0304E+01   6.2683E-03  0.0561
  -2.0304E+01  -1.9087E+01   5.4308E-03  0.0580
  -1.9087E+01  -1.7870E+01   4.4925E-03  0.0630
  -1.7870E+01  -1.6652E+01   3.7265E-03  0.0694
  -1.6652E+01  -1.5435E+01   3.1050E-03  0.0755
  -1.5435E+01  -1.4217E+01   2.7650E-03  0.0826
  -1.4217E+01  -1.3000E+01   2.4984E-03  0.0890
  -1.3000E+01  -1.1783E+01   2.7776E-03  0.1004
  -1.1783E+01  -1.0565E+01   2.5677E-03  0.1019
  -1.0565E+01  -9.3478E+00   2.3288E-03  0.1031
  -9.3478E+00  -8.1304E+00   2.1583E-03  0.1180
  -8.1304E+00  -6.9130E+00   2.0266E-03  0.1166
  -6.9130E+00  -5.6957E+00   1.6470E-03  0.1279
  -5.6957E+00  -4.4783E+00   1.3254E-03  0.1244
  -4.4783E+00  -3.2609E+00   1.2761E-03  0.1276
  -3.2609E+00  -2.0435E+00   1.0724E-03  0.1371
  -2.0435E+00  -8.2609E-01   9.9355E-04  0.1462
  -8.2609E-01   3.9130E-01   9.4408E-04  0.1517
   3.9130E-01   1.6087E+00   7.4087E-04  0.1703
   1.6087E+00   2.8261E+00   6.8344E-04  0.1806
   2.8261E+00   4.0435E+00   6.9734E-04  0.1794
   4.0435E+00   5.2609E+00   5.8388E-04  0.1948
   5.2609E+00   6.4783E+00   4.9508E-04  0.2387
   6.4783E+00   7.6957E+00   3.7022E-04  0.2368
   7.6957E+00   8.9130E+00   3.1723E-04  0.2630
   8.9130E+00   1.0130E+01   2.7971E-04  0.2802
   1.0130E+01   1.1348E+01   2.5540E-04  0.2997
   1.1348E+01   1.2565E+01   2.4292E-04  0.3128
   1.2565E+01   1.3783E+01   2.4706E-04  0.3079
   1.3783E+01   1.5000E+01   2.5467E-04  0.2999

'no. =  1,  ir =  1'
msuc: {\huge [t-deposit] in r-z mesh}
msdr: {\it plotted by \ANGEL \version}
msdl: {\it calculated by \PHITS  3.31}
wt: s(0.7)
\vspace{-3}
  rmin  &=&   0.0000E+00 [cm]
  rmax  &=&   5.5000E+00 [cm]
e:
 
# Information for Restart Calculation
# This calculation was newly started
# istdev =  2 # 1:Batch variance, 2:History variance
# resc2  = 4.27247102920542940E-09 # Total source weight or Total source weight / maxcas
# resc3  = 4.00000000000000000E+07 # Total history number or Total batch number
# maxcas =    10000000 # History / Batch, only used for istdev=1
# bitrseed = 0101001101111000100111010100100100100000111001011001010000100001 # bit data of rseed
