[ T-Cross ]
    title = [t-cross] in r-z mesh
     mesh =  r-z            # mesh type is r-z scoring mesh
       x0 =   0.000000      # center x-position of r-z mesh
       y0 =   0.000000      # center y-position of r-z mesh
   r-type =    2            # r-mesh is linear given by rmin, rmax and nr
     rmin =   0.000000      # minimum value of r-mesh points
     rmax =   5.500000      # maximum value of r-mesh points
#    rdel =   5.500000      # mesh width of r-mesh points
       nr =      1          # number of r-mesh points
#    data = ( r(i), i = 1, nr + 1 )
#           0.00000E+00  5.50000E+00
   z-type =    2            # z-mesh is linear given by zmin, zmax and nz
     zmin =  -41.00000      # minimum value of z-mesh points
     zmax =   15.00000      # maximum value of z-mesh points
#    zdel =   1.217391      # mesh width of z-mesh points
       nz =     46          # number of z-mesh points
#    data = ( z(i), i = 1, nz + 1 )
#          -4.10000E+01 -3.97826E+01 -3.85652E+01 -3.73478E+01 -3.61304E+01
#          -3.49130E+01 -3.36957E+01 -3.24783E+01 -3.12609E+01 -3.00435E+01
#          -2.88261E+01 -2.76087E+01 -2.63913E+01 -2.51739E+01 -2.39565E+01
#          -2.27391E+01 -2.15217E+01 -2.03043E+01 -1.90870E+01 -1.78696E+01
#          -1.66522E+01 -1.54348E+01 -1.42174E+01 -1.30000E+01 -1.17826E+01
#          -1.05652E+01 -9.34783E+00 -8.13043E+00 -6.91304E+00 -5.69565E+00
#          -4.47826E+00 -3.26087E+00 -2.04348E+00 -8.26087E-01  3.91304E-01
#           1.60870E+00  2.82609E+00  4.04348E+00  5.26087E+00  6.47826E+00
#           7.69565E+00  8.91304E+00  1.01304E+01  1.13478E+01  1.25652E+01
#           1.37826E+01  1.50000E+01
     trcl =   2004          # transform ID
   e-type =    2            # e-mesh is linear given by emin, emax and ne
     emin =   0.000000      # minimum value of e-mesh points
     emax =   1000.000      # maximum value of e-mesh points
#    edel =   1000.000      # mesh width of e-mesh points
       ne =      1          # number of e-mesh points
#    data = ( e(i), i = 1, ne + 1 )
#           0.00000E+00  1.00000E+03
  eng2let =    0            # (D=0) Flag to convert energy to LET, 0: not convert, 1: convert
     unit =    1            # unit is [1/cm^2/source]
     axis =    z            # axis of output
     file = total_neutron_current.out  # file name of output for the above axis
   output = current         # surface crossing current spectrum
     part =  neutron  
# kf/name :  2112     
    gshow =    1            # 0: no 1:bnd, 2:bnd+mat, 3:bnd+reg 4:bnd+lat 5:bmp style
    ginfo =    1            # (D=0) 0:no, 1:show in graph, 2:add file
    resol =    1            # (D=1) resolution of gshow
    width = 0.5000000       # (D=0.5) width of lines for gshow
   epsout =    1            # (D=0) generate eps file by ANGEL
#    used :        main (  %)        temp (  %)       total (  %)
#  memory :          55 (  0)           0 (  0)          55 (  0)

#------------------------------------------------------------------------------
#newpage:
#   no. =  1   ir  =  1
#   r = (   0.0000E+00  -   5.5000E+00  )
#  ie =  1
#   e = (   0.0000E+00  -   1.0000E+03  )

x: z [cm]
y: Current [1/cm^2/source]                 
p: xlin ylog afac(0.8) form(0.9)
h:              x            y(neutron ),l3 n 
#       z surface position     neutron   r.err 
               -4.1000E+01   1.7121E+10  0.0130
               -3.9783E+01   8.3912E+09  0.0201
               -3.8565E+01   8.3052E+09  0.0203
               -3.7348E+01   8.2095E+09  0.0205
               -3.6130E+01   7.8155E+09  0.0211
               -3.4913E+01   7.4343E+09  0.0211
               -3.3696E+01   7.1148E+09  0.0218
               -3.2478E+01   6.4820E+09  0.0217
               -3.1261E+01   6.0107E+09  0.0222
               -3.0043E+01   5.4931E+09  0.0229
               -2.8826E+01   5.0490E+09  0.0233
               -2.7609E+01   4.5018E+09  0.0238
               -2.6391E+01   4.0176E+09  0.0246
               -2.5174E+01   3.4617E+09  0.0256
               -2.3957E+01   3.0256E+09  0.0269
               -2.2739E+01   2.5491E+09  0.0295
               -2.1522E+01   2.1458E+09  0.0326
               -2.0304E+01   1.8273E+09  0.0360
               -1.9087E+01   1.5655E+09  0.0399
               -1.7870E+01   1.3602E+09  0.0424
               -1.6652E+01   1.2261E+09  0.0444
               -1.5435E+01   1.1292E+09  0.0468
               -1.4217E+01   1.0528E+09  0.0493
               -1.3000E+01   9.8304E+08  0.0563
               -1.1783E+01   8.0222E+08  0.0678
               -1.0565E+01   6.8229E+08  0.0951
               -9.3478E+00   4.6677E+08  0.1166
               -8.1304E+00   3.8040E+08  0.1241
               -6.9130E+00   2.6400E+08  0.1415
               -5.6957E+00   2.2612E+08  0.1580
               -4.4783E+00   1.6687E+08  0.1828
               -3.2609E+00   1.3485E+08  0.1942
               -2.0435E+00   1.2444E+08  0.2037
               -8.2609E-01   9.5447E+07  0.2504
                3.9130E-01   8.8808E+07  0.2552
                1.6087E+00   5.7148E+07  0.3273
                2.8261E+00   5.2167E+07  0.2502
                4.0435E+00   3.5131E+07  0.2920
                5.2609E+00   2.9909E+07  0.3283
                6.4783E+00   3.6818E+07  0.2983
                7.6957E+00   2.3097E+07  0.3142
                8.9130E+00   1.5484E+07  0.3677
                1.0130E+01   1.2769E+07  0.4060
                1.1348E+01   1.1942E+07  0.4286
                1.2565E+01   1.1278E+07  0.4500
                1.3783E+01   1.1278E+07  0.4500
                1.5000E+01   1.2574E+07  0.4166

#   sum over    4.4666E+03   2.5535E+09

'no. =  1,  ie =  1,  ir =  1'
msuc: {\huge [t-cross] in r-z mesh}
msdr: {\it plotted by \ANGEL \version}
msdl: {\it calculated by \PHITS  3.31}
wt: s(0.7)
\vspace{-3}
  z surface crossing
  area  &=&   9.5033E+01 [cm^2]
  rmin  &=&   0.0000E+00 [cm]
  rmax  &=&   5.5000E+00 [cm]
  emin  &=&   0.0000E+00 [MeV]
  emax  &=&   1.0000E+03 [MeV]
e:

#------------------------------------------------------------------------------
 newpage:
#   no. =  2   ir surf =  2
#   rmesh =    5.5000E+00
#  ie =  1
#   e = (   0.0000E+00  -   1.0000E+03  )

x: z [cm]
y: Current [1/cm^2/source]                 
p: xlin ylog afac(0.8) form(0.9)
h:              x            y(neutron ),hh0l n 
#  z-lower      z-upper        neutron   r.err 
  -4.1000E+01  -3.9783E+01   1.0509E+10  0.0248
  -3.9783E+01  -3.8565E+01   9.7908E+09  0.0305
  -3.8565E+01  -3.7348E+01   9.5063E+09  0.0311
  -3.7348E+01  -3.6130E+01   9.5563E+09  0.0317
  -3.6130E+01  -3.4913E+01   8.8927E+09  0.0321
  -3.4913E+01  -3.3696E+01   8.3142E+09  0.0332
  -3.3696E+01  -3.2478E+01   7.2501E+09  0.0343
  -3.2478E+01  -3.1261E+01   6.9242E+09  0.0329
  -3.1261E+01  -3.0043E+01   5.8147E+09  0.0346
  -3.0043E+01  -2.8826E+01   5.4600E+09  0.0365
  -2.8826E+01  -2.7609E+01   4.7311E+09  0.0390
  -2.7609E+01  -2.6391E+01   3.9315E+09  0.0416
  -2.6391E+01  -2.5174E+01   3.3590E+09  0.0443
  -2.5174E+01  -2.3957E+01   2.2057E+09  0.0514
  -2.3957E+01  -2.2739E+01   1.3983E+09  0.0576
  -2.2739E+01  -2.1522E+01   1.1722E+09  0.0659
  -2.1522E+01  -2.0304E+01   1.0240E+09  0.0696
  -2.0304E+01  -1.9087E+01   9.6438E+08  0.0720
  -1.9087E+01  -1.7870E+01   8.0357E+08  0.0871
  -1.7870E+01  -1.6652E+01   7.2024E+08  0.0970
  -1.6652E+01  -1.5435E+01   6.6336E+08  0.0945
  -1.5435E+01  -1.4217E+01   5.1948E+08  0.0993
  -1.4217E+01  -1.3000E+01   4.5351E+08  0.1012
  -1.3000E+01  -1.1783E+01   4.5453E+08  0.0999
  -1.1783E+01  -1.0565E+01   4.1066E+08  0.1054
  -1.0565E+01  -9.3478E+00   3.6870E+08  0.1181
  -9.3478E+00  -8.1304E+00   3.2708E+08  0.1429
  -8.1304E+00  -6.9130E+00   2.9336E+08  0.1487
  -6.9130E+00  -5.6957E+00   2.6834E+08  0.1892
  -5.6957E+00  -4.4783E+00   2.1553E+08  0.2116
  -4.4783E+00  -3.2609E+00   1.3730E+08  0.2481
  -3.2609E+00  -2.0435E+00   8.5954E+07  0.2792
  -2.0435E+00  -8.2609E-01   1.0492E+08  0.2875
  -8.2609E-01   3.9130E-01   6.6918E+07  0.2863
   3.9130E-01   1.6087E+00   1.7824E+07  0.5543
   1.6087E+00   2.8261E+00   4.7270E+07  0.3824
   2.8261E+00   4.0435E+00   5.8500E+07  0.3863
   4.0435E+00   5.2609E+00   1.3618E+07  0.4830
   5.2609E+00   6.4783E+00   2.8363E+07  0.3738
   6.4783E+00   7.6957E+00   2.3452E+07  0.4651
   7.6957E+00   8.9130E+00   1.0478E+07  0.5545
   8.9130E+00   1.0130E+01   2.9967E+06  1.0000
   1.0130E+01   1.1348E+01   1.8695E+06  1.0000
   1.1348E+01   1.2565E+01   1.4997E+06  1.0000
   1.2565E+01   1.3783E+01   0.0000E+00  0.0000
   1.3783E+01   1.5000E+01   2.9280E+06  1.0000

#   sum over    1.9352E+03   2.3241E+09

'no. =  2,   ir surf =  2,   ie =  1'
msuc: {\huge [t-cross] in r-z mesh}
msdr: {\it plotted by \ANGEL \version}
msdl: {\it calculated by \PHITS  3.31}
wt: s(0.7)
\vspace{-3}
  r surface crossing
  r     &=&   5.5000E+00 [cm]
  emin  &=&   0.0000E+00 [MeV]
  emax  &=&   1.0000E+03 [MeV]
 tot area  &=&   1.9352E+03 [cm^2]
e:
 
# Information for Restart Calculation
# This calculation was newly started
# istdev =  2 # 1:Batch variance, 2:History variance
# resc2  = 4.27247102920542940E-09 # Total source weight or Total source weight / maxcas
# resc3  = 4.00000000000000000E+07 # Total history number or Total batch number
# maxcas =    10000000 # History / Batch, only used for istdev=1
# bitrseed = 0101001101111000100111010100100100100000111001011001010000100001 # bit data of rseed
