[ T-Track ]
    title = [t-track] in r-z mesh
     mesh =  r-z            # mesh type is r-z scoring mesh
       x0 =   0.000000      # center x-position of r-z mesh
       y0 =   0.000000      # center y-position of r-z mesh
   r-type =    2            # r-mesh is linear given by rmin, rmax and nr
     rmin =   0.000000      # minimum value of r-mesh points
     rmax =   5.500000      # maximum value of r-mesh points
#    rdel =   5.500000      # mesh width of r-mesh points
       nr =      1          # number of r-mesh points
#    data = ( r(i), i = 1, nr + 1 )
#           0.00000E+00  5.50000E+00
   z-type =    2            # z-mesh is linear given by zmin, zmax and nz
     zmin =  -41.00000      # minimum value of z-mesh points
     zmax =   15.00000      # maximum value of z-mesh points
#    zdel =   1.000000      # mesh width of z-mesh points
       nz =     56          # number of z-mesh points
#    data = ( z(i), i = 1, nz + 1 )
#          -4.10000E+01 -4.00000E+01 -3.90000E+01 -3.80000E+01 -3.70000E+01
#          -3.60000E+01 -3.50000E+01 -3.40000E+01 -3.30000E+01 -3.20000E+01
#          -3.10000E+01 -3.00000E+01 -2.90000E+01 -2.80000E+01 -2.70000E+01
#          -2.60000E+01 -2.50000E+01 -2.40000E+01 -2.30000E+01 -2.20000E+01
#          -2.10000E+01 -2.00000E+01 -1.90000E+01 -1.80000E+01 -1.70000E+01
#          -1.60000E+01 -1.50000E+01 -1.40000E+01 -1.30000E+01 -1.20000E+01
#          -1.10000E+01 -1.00000E+01 -9.00000E+00 -8.00000E+00 -7.00000E+00
#          -6.00000E+00 -5.00000E+00 -4.00000E+00 -3.00000E+00 -2.00000E+00
#          -1.00000E+00  0.00000E+00  1.00000E+00  2.00000E+00  3.00000E+00
#           4.00000E+00  5.00000E+00  6.00000E+00  7.00000E+00  8.00000E+00
#           9.00000E+00  1.00000E+01  1.10000E+01  1.20000E+01  1.30000E+01
#           1.40000E+01  1.50000E+01
     trcl =   2004          # transform ID
   e-type =    2            # e-mesh is linear given by emin, emax and ne
     emin =  1.0000000E-06  # minimum value of e-mesh points
     emax =  4.0000000E-02  # maximum value of e-mesh points
#    edel =  3.9999000E-02  # mesh width of e-mesh points
       ne =      1          # number of e-mesh points
#    data = ( e(i), i = 1, ne + 1 )
#           1.00000E-06  4.00000E-02
     unit =    1            # unit is [1/cm^2/source]
 material =  all            # (D=all) number of specific material
     axis =       z            # axis of output
     file = epithermal_neutron_flux.out  # file name of output for the above axis
     part =  neutron  
# kf/name :  2112     
    gshow =    1            # 0: no 1:bnd, 2:bnd+mat, 3:bnd+reg 4:bnd+lat 5:bmp style
    ginfo =    1            # (D=0) 0:no, 1:show in graph, 2:add file
    resol =    1            # (D=1) resolution of gshow or rshow
    width = 0.5000000       # (D=0.5) width of lines for gshow or rshow
   epsout =    1            # (D=0) generate eps file by ANGEL
#    used :        main (  %)        temp (  %)       total (  %)
#  memory :          65 (  0)           0 (  0)          65 (  0)

#------------------------------------------------------------------------------
#newpage:
#   no. =  1   ie  =  1   ir  =  1
#   e = (   1.0000E-06  -   4.0000E-02  )
#   r = (   0.0000E+00  -   5.5000E+00  )

x: z [cm]
y: Flux [1/cm^2/source]              
p: xlin ylog afac(0.8) form(0.9)
h: n            x            y(neutron ),hh0l n  
#  z-lower      z-upper        neutron   r.err 
  -4.1000E+01  -4.0000E+01   1.5826E+10  0.0040
  -4.0000E+01  -3.9000E+01   1.3221E+10  0.0059
  -3.9000E+01  -3.8000E+01   1.2953E+10  0.0060
  -3.8000E+01  -3.7000E+01   1.2489E+10  0.0062
  -3.7000E+01  -3.6000E+01   1.1786E+10  0.0064
  -3.6000E+01  -3.5000E+01   1.1026E+10  0.0065
  -3.5000E+01  -3.4000E+01   1.0183E+10  0.0067
  -3.4000E+01  -3.3000E+01   9.2684E+09  0.0070
  -3.3000E+01  -3.2000E+01   8.5067E+09  0.0071
  -3.2000E+01  -3.1000E+01   7.8641E+09  0.0073
  -3.1000E+01  -3.0000E+01   7.0866E+09  0.0075
  -3.0000E+01  -2.9000E+01   6.4015E+09  0.0078
  -2.9000E+01  -2.8000E+01   5.7309E+09  0.0082
  -2.8000E+01  -2.7000E+01   5.0681E+09  0.0084
  -2.7000E+01  -2.6000E+01   4.4007E+09  0.0087
  -2.6000E+01  -2.5000E+01   3.7439E+09  0.0089
  -2.5000E+01  -2.4000E+01   3.1290E+09  0.0088
  -2.4000E+01  -2.3000E+01   2.5773E+09  0.0088
  -2.3000E+01  -2.2000E+01   2.1663E+09  0.0092
  -2.2000E+01  -2.1000E+01   1.8477E+09  0.0100
  -2.1000E+01  -2.0000E+01   1.5726E+09  0.0111
  -2.0000E+01  -1.9000E+01   1.3101E+09  0.0111
  -1.9000E+01  -1.8000E+01   1.1082E+09  0.0112
  -1.8000E+01  -1.7000E+01   9.4139E+08  0.0115
  -1.7000E+01  -1.6000E+01   8.1127E+08  0.0121
  -1.6000E+01  -1.5000E+01   7.0854E+08  0.0128
  -1.5000E+01  -1.4000E+01   6.2483E+08  0.0135
  -1.4000E+01  -1.3000E+01   5.5023E+08  0.0142
  -1.3000E+01  -1.2000E+01   4.9171E+08  0.0150
  -1.2000E+01  -1.1000E+01   4.4133E+08  0.0158
  -1.1000E+01  -1.0000E+01   3.9461E+08  0.0166
  -1.0000E+01  -9.0000E+00   3.5653E+08  0.0174
  -9.0000E+00  -8.0000E+00   3.2350E+08  0.0182
  -8.0000E+00  -7.0000E+00   2.9772E+08  0.0189
  -7.0000E+00  -6.0000E+00   2.7289E+08  0.0199
  -6.0000E+00  -5.0000E+00   2.4717E+08  0.0208
  -5.0000E+00  -4.0000E+00   2.2804E+08  0.0216
  -4.0000E+00  -3.0000E+00   2.1052E+08  0.0224
  -3.0000E+00  -2.0000E+00   1.9364E+08  0.0233
  -2.0000E+00  -1.0000E+00   1.7865E+08  0.0242
  -1.0000E+00   0.0000E+00   1.6633E+08  0.0251
   0.0000E+00   1.0000E+00   1.5578E+08  0.0259
   1.0000E+00   2.0000E+00   1.4576E+08  0.0268
   2.0000E+00   3.0000E+00   1.3704E+08  0.0276
   3.0000E+00   4.0000E+00   1.2799E+08  0.0285
   4.0000E+00   5.0000E+00   1.2011E+08  0.0295
   5.0000E+00   6.0000E+00   1.1309E+08  0.0304
   6.0000E+00   7.0000E+00   1.0782E+08  0.0314
   7.0000E+00   8.0000E+00   1.0236E+08  0.0324
   8.0000E+00   9.0000E+00   9.7056E+07  0.0334
   9.0000E+00   1.0000E+01   9.1704E+07  0.0338
   1.0000E+01   1.1000E+01   8.7666E+07  0.0345
   1.1000E+01   1.2000E+01   8.3092E+07  0.0354
   1.2000E+01   1.3000E+01   7.9360E+07  0.0362
   1.3000E+01   1.4000E+01   7.5409E+07  0.0371
   1.4000E+01   1.5000E+01   7.2294E+07  0.0381

#   sum over    5.3219E+03   3.0054E+09

'no. =  1,  ie =  1,  ir =  1'
msuc: {\huge [t-track] in r-z mesh}
msdr: {\it plotted by \ANGEL \version}
msdl: {\it calculated by \PHITS  3.31}
wt: s(0.7)
\vspace{-3}
  emin  &=&   1.0000E-06 [MeV]
  emax  &=&   4.0000E-02 [MeV]
  rmin  &=&   0.0000E+00 [cm]
  rmax  &=&   5.5000E+00 [cm]
e:
 
# Information for Restart Calculation
# This calculation was newly started
# istdev =  2 # 1:Batch variance, 2:History variance
# resc2  = 8.97218917410922495E-08 # Total source weight or Total source weight / maxcas
# resc3  = 8.40000000000000000E+08 # Total history number or Total batch number
# maxcas =    10000000 # History / Batch, only used for istdev=1
# bitrseed = 1000001110011011000110101001100101111001110011011011011000110100 # bit data of rseed
