[ T-Track ]
    title = [t-track] in r-z mesh
     mesh =  r-z            # mesh type is r-z scoring mesh
       x0 =   0.000000      # center x-position of r-z mesh
       y0 =   0.000000      # center y-position of r-z mesh
   r-type =    2            # r-mesh is linear given by rmin, rmax and nr
     rmin =   0.000000      # minimum value of r-mesh points
     rmax =   5.500000      # maximum value of r-mesh points
#    rdel =   5.500000      # mesh width of r-mesh points
       nr =      1          # number of r-mesh points
#    data = ( r(i), i = 1, nr + 1 )
#           0.00000E+00  5.50000E+00
   z-type =    2            # z-mesh is linear given by zmin, zmax and nz
     zmin =  -41.00000      # minimum value of z-mesh points
     zmax =   15.00000      # maximum value of z-mesh points
#    zdel =   1.000000      # mesh width of z-mesh points
       nz =     56          # number of z-mesh points
#    data = ( z(i), i = 1, nz + 1 )
#          -4.10000E+01 -4.00000E+01 -3.90000E+01 -3.80000E+01 -3.70000E+01
#          -3.60000E+01 -3.50000E+01 -3.40000E+01 -3.30000E+01 -3.20000E+01
#          -3.10000E+01 -3.00000E+01 -2.90000E+01 -2.80000E+01 -2.70000E+01
#          -2.60000E+01 -2.50000E+01 -2.40000E+01 -2.30000E+01 -2.20000E+01
#          -2.10000E+01 -2.00000E+01 -1.90000E+01 -1.80000E+01 -1.70000E+01
#          -1.60000E+01 -1.50000E+01 -1.40000E+01 -1.30000E+01 -1.20000E+01
#          -1.10000E+01 -1.00000E+01 -9.00000E+00 -8.00000E+00 -7.00000E+00
#          -6.00000E+00 -5.00000E+00 -4.00000E+00 -3.00000E+00 -2.00000E+00
#          -1.00000E+00  0.00000E+00  1.00000E+00  2.00000E+00  3.00000E+00
#           4.00000E+00  5.00000E+00  6.00000E+00  7.00000E+00  8.00000E+00
#           9.00000E+00  1.00000E+01  1.10000E+01  1.20000E+01  1.30000E+01
#           1.40000E+01  1.50000E+01
     trcl =   2004          # transform ID
   e-type =    2            # e-mesh is linear given by emin, emax and ne
     emin =  1.0000000E-02  # minimum value of e-mesh points
     emax =   1000.000      # maximum value of e-mesh points
#    edel =   999.9900      # mesh width of e-mesh points
       ne =      1          # number of e-mesh points
#    data = ( e(i), i = 1, ne + 1 )
#           1.00000E-02  1.00000E+03
     unit =    1            # unit is [1/cm^2/source]
 material =  all            # (D=all) number of specific material
     axis =       z            # axis of output
     file = fast_neutron_flux.out  # file name of output for the above axis
     part =  neutron  
# kf/name :  2112     
    gshow =    1            # 0: no 1:bnd, 2:bnd+mat, 3:bnd+reg 4:bnd+lat 5:bmp style
    ginfo =    1            # (D=0) 0:no, 1:show in graph, 2:add file
    resol =    1            # (D=1) resolution of gshow or rshow
    width = 0.5000000       # (D=0.5) width of lines for gshow or rshow
   epsout =    1            # (D=0) generate eps file by ANGEL
#    used :        main (  %)        temp (  %)       total (  %)
#  memory :          65 (  0)           0 (  0)          65 (  0)

#------------------------------------------------------------------------------
#newpage:
#   no. =  1   ie  =  1   ir  =  1
#   e = (   1.0000E-02  -   1.0000E+03  )
#   r = (   0.0000E+00  -   5.5000E+00  )

x: z [cm]
y: Flux [1/cm^2/source]              
p: xlin ylog afac(0.8) form(0.9)
h: n            x            y(neutron ),hh0l n  
#  z-lower      z-upper        neutron   r.err 
  -4.1000E+01  -4.0000E+01   6.1265E+09  0.0071
  -4.0000E+01  -3.9000E+01   5.1042E+09  0.0088
  -3.9000E+01  -3.8000E+01   4.4256E+09  0.0090
  -3.8000E+01  -3.7000E+01   3.9472E+09  0.0095
  -3.7000E+01  -3.6000E+01   3.5199E+09  0.0100
  -3.6000E+01  -3.5000E+01   3.0964E+09  0.0104
  -3.5000E+01  -3.4000E+01   2.7620E+09  0.0109
  -3.4000E+01  -3.3000E+01   2.4053E+09  0.0113
  -3.3000E+01  -3.2000E+01   2.1051E+09  0.0118
  -3.2000E+01  -3.1000E+01   1.8501E+09  0.0120
  -3.1000E+01  -3.0000E+01   1.6634E+09  0.0128
  -3.0000E+01  -2.9000E+01   1.4962E+09  0.0133
  -2.9000E+01  -2.8000E+01   1.3314E+09  0.0140
  -2.8000E+01  -2.7000E+01   1.1830E+09  0.0145
  -2.7000E+01  -2.6000E+01   1.0579E+09  0.0154
  -2.6000E+01  -2.5000E+01   9.3637E+08  0.0158
  -2.5000E+01  -2.4000E+01   8.0000E+08  0.0157
  -2.4000E+01  -2.3000E+01   6.9076E+08  0.0162
  -2.3000E+01  -2.2000E+01   5.9896E+08  0.0162
  -2.2000E+01  -2.1000E+01   5.2967E+08  0.0171
  -2.1000E+01  -2.0000E+01   4.7284E+08  0.0189
  -2.0000E+01  -1.9000E+01   4.1438E+08  0.0192
  -1.9000E+01  -1.8000E+01   3.5952E+08  0.0188
  -1.8000E+01  -1.7000E+01   3.1817E+08  0.0192
  -1.7000E+01  -1.6000E+01   2.8478E+08  0.0200
  -1.6000E+01  -1.5000E+01   2.5762E+08  0.0208
  -1.5000E+01  -1.4000E+01   2.3459E+08  0.0216
  -1.4000E+01  -1.3000E+01   2.1226E+08  0.0226
  -1.3000E+01  -1.2000E+01   1.9458E+08  0.0235
  -1.2000E+01  -1.1000E+01   1.7704E+08  0.0245
  -1.1000E+01  -1.0000E+01   1.6212E+08  0.0256
  -1.0000E+01  -9.0000E+00   1.5052E+08  0.0265
  -9.0000E+00  -8.0000E+00   1.4004E+08  0.0274
  -8.0000E+00  -7.0000E+00   1.3055E+08  0.0283
  -7.0000E+00  -6.0000E+00   1.2197E+08  0.0293
  -6.0000E+00  -5.0000E+00   1.1457E+08  0.0302
  -5.0000E+00  -4.0000E+00   1.0859E+08  0.0310
  -4.0000E+00  -3.0000E+00   1.0214E+08  0.0319
  -3.0000E+00  -2.0000E+00   9.6455E+07  0.0329
  -2.0000E+00  -1.0000E+00   9.0728E+07  0.0338
  -1.0000E+00   0.0000E+00   8.4610E+07  0.0351
   0.0000E+00   1.0000E+00   7.9581E+07  0.0362
   1.0000E+00   2.0000E+00   7.4445E+07  0.0374
   2.0000E+00   3.0000E+00   7.0409E+07  0.0384
   3.0000E+00   4.0000E+00   6.6611E+07  0.0395
   4.0000E+00   5.0000E+00   6.4636E+07  0.0401
   5.0000E+00   6.0000E+00   6.2040E+07  0.0410
   6.0000E+00   7.0000E+00   5.9311E+07  0.0419
   7.0000E+00   8.0000E+00   5.5457E+07  0.0432
   8.0000E+00   9.0000E+00   5.2708E+07  0.0442
   9.0000E+00   1.0000E+01   5.0449E+07  0.0452
   1.0000E+01   1.1000E+01   4.7900E+07  0.0463
   1.1000E+01   1.2000E+01   4.5890E+07  0.0473
   1.2000E+01   1.3000E+01   4.4299E+07  0.0483
   1.3000E+01   1.4000E+01   4.2688E+07  0.0491
   1.4000E+01   1.5000E+01   4.1254E+07  0.0500

#   sum over    5.3219E+03   9.0564E+08

'no. =  1,  ie =  1,  ir =  1'
msuc: {\huge [t-track] in r-z mesh}
msdr: {\it plotted by \ANGEL \version}
msdl: {\it calculated by \PHITS  3.31}
wt: s(0.7)
\vspace{-3}
  emin  &=&   1.0000E-02 [MeV]
  emax  &=&   1.0000E+03 [MeV]
  rmin  &=&   0.0000E+00 [cm]
  rmax  &=&   5.5000E+00 [cm]
e:
 
# Information for Restart Calculation
# This calculation was newly started
# istdev =  2 # 1:Batch variance, 2:History variance
# resc2  = 8.97218917410922495E-08 # Total source weight or Total source weight / maxcas
# resc3  = 8.40000000000000000E+08 # Total history number or Total batch number
# maxcas =    10000000 # History / Batch, only used for istdev=1
# bitrseed = 1000001110011011000110101001100101111001110011011011011000110100 # bit data of rseed
