[ T-Deposit ]
    title = [t-deposit] in region mesh
     mesh =  reg            # mesh type is region-wise
      reg = 63 64 80 81 86 190 191 222 { 1001 - 1003 }
   volume                   # combined, lattice or level structure 
   non     reg      vol     # reg definition
    1       63   9.2000E+02 # 63
    2       64   6.9400E+02 # 64
    3       80   1.5600E+03 # 80
    4       81   1.8100E+03 # 81
    5       86   7.4000E+02 # 86
    6      190   2.3654E+02 # 190
    7      191   2.3654E+02 # 191
    8      222   1.4100E+03 # 222
    9     1001   8.1810E+00 # 1001
   10     1002   5.9560E+00 # 1002
   11     1003   8.3130E+00 # 1003
     unit =    0            # unit is [Gy/source]
   letmat =    0            # (D=0) mat ID for LET, 0:real mat, <0: electron for H2O
  dedxfnc =    0            # (D=0) user defined multiplier, 0(no), 1, 2
 material =  all            # (D=all) number of specific material
   output =  dose           # total deposit energy
  deposit =    0            # (D=0) 0-> total deposit dist, 1-> each process
     axis =   reg           # axis of output
     file = dose.out        # file name of output for the above axis
     part =  all        neutron    photon     proton    ( alpha      7Li      ) 
# kf/name :  0          2112       22         2212      ( 2000004    3000007  ) 
   epsout =    1            # (D=0) generate eps file by ANGEL
#    used :        main (  %)        temp (  %)       total (  %)
#  memory :          15 (  0)           0 (  0)          15 (  0)

#------------------------------------------------------------------------------
#newpage:
#   no. =  1

x: Serial Num. of Region
y: Dose [Gy/source]      
p: xlin ylog afac(0.8) form(0.9)
h:   x      n     n          y(all     ),l3 n   y(neutron ),d4r n   y(photon  ),u5b n   y(proton  ),m6g n   y(p5-group),q7rr n   
#  num    reg     volume       all       r.err      neutron   r.err      photon    r.err      proton    r.err      p5-group  r.err 
    1      63   9.2000E+02   1.3470E-04  0.2072   0.0000E+00  0.0000   7.4832E-05  0.1132   3.1981E-05  0.5777   2.1552E-05  0.4899
    2      64   6.9400E+02   3.6960E-04  0.0926   0.0000E+00  0.0000   2.1573E-04  0.0352   7.9582E-05  0.2847   4.6416E-05  0.3446
    3      80   1.5600E+03   5.9393E-04  0.0752   0.0000E+00  0.0000   3.8046E-04  0.0361   1.6137E-04  0.2411   3.1625E-05  0.4472
    4      81   1.8100E+03   2.2656E-04  0.1487   0.0000E+00  0.0000   1.4453E-04  0.0579   5.2774E-05  0.5197   6.6927E-06  1.0000
    5      86   7.4000E+02   7.4264E-04  0.0972   0.0000E+00  0.0000   3.9595E-04  0.0553   2.8299E-04  0.2261   2.9644E-05  0.4117
    6     190   2.3654E+02   2.7162E-03  0.0977   0.0000E+00  0.0000   1.1048E-03  0.0451   1.3118E-03  0.1850   1.5142E-04  0.4451
    7     191   2.3654E+02   5.5864E-04  0.2561   0.0000E+00  0.0000   2.4116E-04  0.1157   2.5819E-04  0.5033   1.8987E-05  1.0000
    8     222   1.4100E+03   2.9210E-04  0.0917   0.0000E+00  0.0000   1.2595E-04  0.0298   1.4059E-04  0.1815   8.7784E-06  0.5007
    9    1001   8.1810E+00   3.8541E-03  0.2876   0.0000E+00  0.0000   1.3766E-03  0.1365   7.9528E-05  0.5562   1.9014E-03  0.5018
   10    1002   5.9560E+00   2.0532E-03  0.4311   0.0000E+00  0.0000   1.1710E-03  0.1156   8.8119E-04  0.9926   0.0000E+00  0.0000
   11    1003   8.3130E+00   4.8589E-03  0.7059   0.0000E+00  0.0000   1.0950E-03  0.0985   3.7619E-03  0.9112   0.0000E+00  0.0000

#   sum over                 3.5372E+00           0.0000E+00           1.8900E+00           1.2481E+00           2.0367E-01

'no. =  1'
msuc: {\huge [t-deposit] in region mesh}
msdr: {\it plotted by \ANGEL \version}
msdl: {\it calculated by \PHITS  3.31}
 
# Information for Restart Calculation
# This calculation was newly started
# istdev =  2 # 1:Batch variance, 2:History variance
# resc2  = 1.06811775965360480E-07 # Total source weight or Total source weight / maxcas
# resc3  = 1.00000000000000000E+09 # Total history number or Total batch number
# maxcas =    10000000 # History / Batch, only used for istdev=1
# bitrseed = 0001001110011001001001110000100100110111001111011100001000101100 # bit data of rseed
