[ T-Track ]
    title = [t-track] in region mesh
     mesh =  reg            # mesh type is region-wise
      reg = 63 64 80 81 86 190 191 222 { 1001 - 1003 }
   volume                   # combined, lattice or level structure 
   non     reg      vol     # reg definition
    1       63   9.2000E+02 # 63
    2       64   6.9400E+02 # 64
    3       80   1.5600E+03 # 80
    4       81   1.8100E+03 # 81
    5       86   7.4000E+02 # 86
    6      190   2.3654E+02 # 190
    7      191   2.3654E+02 # 191
    8      222   1.4100E+03 # 222
    9     1001   8.1810E+00 # 1001
   10     1002   5.9560E+00 # 1002
   11     1003   8.3130E+00 # 1003
   e-type =    1            # e-mesh is given by the below data
       ne =      1          # number of e-mesh points
#    data = ( e(i), i = 1, ne + 1 )
            0.00000E+00  1.00000E+03
     unit =    1            # unit is [1/cm^2/source]
 material =  all            # (D=all) number of specific material
     axis =     reg            # axis of output
     file = neutron.out     # file name of output for the above axis
     part =  neutron  
# kf/name :  2112     
  multiplier =   7          # number of material group
     part =  all      
# kf/name :  0        
     emax =   1.00000E+10
      mat                   mset1  
        2    ( 3.47571E-11 2 1 -4 )
       11   ( 4.25141E-11 11 1 -4 )
       14   ( 4.26572E-11 14 1 -4 )
       15   ( 4.31002E-11 15 1 -4 )
       25   ( 4.81831E-11 25 1 -4 )
     1001 ( 4.14447E-11 1001 1 -4 )
     1002 ( 4.81831E-11 1002 1 -4 )
    y-txt = Dose [Gy/source]
   epsout =    1            # (D=0) generate eps file by ANGEL
#    used :        main (  %)        temp (  %)       total (  %)
#  memory :         148 (  0)           0 (  0)         148 (  0)

#------------------------------------------------------------------------------
#newpage:
#   no. =  1
#  ie =  1
#   e = (   0.0000E+00  -   1.0000E+03  )
#   mset =  1

x: Serial Num. of Region
y: Dose [Gy/source]
p: xlin ylog afac(0.8) form(0.9)
h:   x      n     n          y(neutron ),l3 n  
#  num    reg     volume       neutron   r.err 
    1      63   9.2000E+02   9.6635E-05  0.3100
    2      64   6.9400E+02   5.2094E-04  0.0931
    3      80   1.5600E+03   1.1054E-03  0.0777
    4      81   1.8100E+03   2.8834E-04  0.1767
    5      86   7.4000E+02   1.2963E-03  0.1390
    6     190   2.3654E+02   4.2216E-03  0.1002
    7     191   2.3654E+02   7.2357E-04  0.2949
    8     222   1.4100E+03   4.7235E-04  0.0618
    9    1001   8.1810E+00   3.3493E-03  0.3121
   10    1002   5.9560E+00   2.2686E-03  0.2773
   11    1003   8.3130E+00   3.1011E-03  0.3333

#   sum over    7.6295E+03   7.2855E-04

'no. =  1,  ie =  1,  mset =  1'
msuc: {\huge [t-track] in region mesh}
msdr: {\it plotted by \ANGEL \version}
msdl: {\it calculated by \PHITS  3.31}
wt: s(0.7)
\vspace{-3}
  emin  &=&   0.0000E+00 [MeV]
  emax  &=&   1.0000E+03 [MeV]
  mset  &=&   1
e:
 
# Information for Restart Calculation
# This calculation was newly started
# istdev =  2 # 1:Batch variance, 2:History variance
# resc2  = 1.06811775965360480E-07 # Total source weight or Total source weight / maxcas
# resc3  = 1.00000000000000000E+09 # Total history number or Total batch number
# maxcas =    10000000 # History / Batch, only used for istdev=1
# bitrseed = 0001001110011001001001110000100100110111001111011100001000101100 # bit data of rseed
