[ T-Deposit ]
    title = [t-deposit] in region mesh
     mesh =  reg            # mesh type is region-wise
      reg = 63 64 80 81 86 190 191 222 { 1001 - 1003 }
   volume                   # combined, lattice or level structure 
   non     reg      vol     # reg definition
    1       63   9.2000E+02 # 63
    2       64   6.9400E+02 # 64
    3       80   1.5600E+03 # 80
    4       81   1.8100E+03 # 81
    5       86   7.4000E+02 # 86
    6      190   2.3654E+02 # 190
    7      191   2.3654E+02 # 191
    8      222   1.4100E+03 # 222
    9     1001   8.1810E+00 # 1001
   10     1002   5.9560E+00 # 1002
   11     1003   8.3130E+00 # 1003
     unit =    0            # unit is [Gy/source]
   letmat =    0            # (D=0) mat ID for LET, 0:real mat, <0: electron for H2O
  dedxfnc =    0            # (D=0) user defined multiplier, 0(no), 1, 2
 material =  all            # (D=all) number of specific material
   output =  dose           # total deposit energy
  deposit =    0            # (D=0) 0-> total deposit dist, 1-> each process
     axis =   reg           # axis of output
     file = dose.out        # file name of output for the above axis
     part =  all        neutron    photon     proton    ( alpha      7Li      ) 
# kf/name :  0          2112       22         2212      ( 2000004    3000007  ) 
   epsout =    1            # (D=0) generate eps file by ANGEL
#    used :        main (  %)        temp (  %)       total (  %)
#  memory :          15 (  0)           0 (  0)          15 (  0)

#------------------------------------------------------------------------------
#newpage:
#   no. =  1

x: Serial Num. of Region
y: Dose [Gy/source]      
p: xlin ylog afac(0.8) form(0.9)
h:   x      n     n          y(all     ),l3 n   y(neutron ),d4r n   y(photon  ),u5b n   y(proton  ),m6g n   y(p5-group),q7rr n   
#  num    reg     volume       all       r.err      neutron   r.err      photon    r.err      proton    r.err      p5-group  r.err 
    1      63   9.2000E+02   3.2217E-04  0.3791   9.8356E-05  0.9793   2.2381E-04  0.2849   0.0000E+00  0.0000   0.0000E+00  0.0000
    2      64   6.9400E+02   6.6208E-04  0.1154   2.0008E-04  0.2564   4.6059E-04  0.1115   0.0000E+00  0.0000   0.0000E+00  0.0000
    3      80   1.5600E+03   1.8227E-03  0.1757   6.4735E-04  0.4089   1.1754E-03  0.1520   0.0000E+00  0.0000   0.0000E+00  0.0000
    4      81   1.8100E+03   3.5418E-04  0.3252   1.6107E-04  0.6520   1.9311E-04  0.2415   0.0000E+00  0.0000   0.0000E+00  0.0000
    5      86   7.4000E+02   1.8911E-03  0.2621   8.7418E-04  0.5228   1.0169E-03  0.1805   0.0000E+00  0.0000   0.0000E+00  0.0000
    6     190   2.3654E+02   4.4119E-03  0.1304   1.0174E-03  0.4045   3.3946E-03  0.1182   0.0000E+00  0.0000   0.0000E+00  0.0000
    7     191   2.3654E+02   5.2253E-04  0.4195   2.7402E-06  0.7362   5.1979E-04  0.4216   0.0000E+00  0.0000   0.0000E+00  0.0000
    8     222   1.4100E+03   4.9258E-04  0.0898   1.9905E-04  0.1655   2.9352E-04  0.0903   0.0000E+00  0.0000   0.0000E+00  0.0000
    9    1001   8.1810E+00   1.0472E-02  0.2744   2.2105E-03  0.3242   8.2612E-03  0.3250   0.0000E+00  0.0000   0.0000E+00  0.0000
   10    1002   5.9560E+00   7.7151E-03  0.2918   2.2147E-04  0.1838   7.4937E-03  0.3001   0.0000E+00  0.0000   0.0000E+00  0.0000
   11    1003   8.3130E+00   9.6565E-03  0.4472   4.3589E-03  0.9341   5.2976E-03  0.2707   0.0000E+00  0.0000   0.0000E+00  0.0000

#   sum over                 7.7135E+00           2.7552E+00           4.9572E+00           0.0000E+00           0.0000E+00

'no. =  1'
msuc: {\huge [t-deposit] in region mesh}
msdr: {\it plotted by \ANGEL \version}
msdl: {\it calculated by \PHITS  3.31}
 
# Information for Restart Calculation
# This calculation was newly started
# istdev =  2 # 1:Batch variance, 2:History variance
# resc2  = 2.06146727161397450E-09 # Total source weight or Total source weight / maxcas
# resc3  = 1.93000000000000000E+07 # Total history number or Total batch number
# maxcas =      100000 # History / Batch, only used for istdev=1
# bitrseed = 1111100101110011000010111110110001101001001000111100101001100011 # bit data of rseed
