[ T-Deposit ]
    title = [t-deposit] in r-z mesh
     mesh =  r-z            # mesh type is r-z scoring mesh
       x0 =   0.000000      # center x-position of r-z mesh
       y0 =   0.000000      # center y-position of r-z mesh
   r-type =    2            # r-mesh is linear given by rmin, rmax and nr
     rmin =   0.000000      # minimum value of r-mesh points
     rmax =   5.500000      # maximum value of r-mesh points
#    rdel =   5.500000      # mesh width of r-mesh points
       nr =      1          # number of r-mesh points
#    data = ( r(i), i = 1, nr + 1 )
#           0.00000E+00  5.50000E+00
   z-type =    2            # z-mesh is linear given by zmin, zmax and nz
     zmin =  -41.00000      # minimum value of z-mesh points
     zmax =  -5.000000      # maximum value of z-mesh points
#    zdel =  0.7826087      # mesh width of z-mesh points
       nz =     46          # number of z-mesh points
#    data = ( z(i), i = 1, nz + 1 )
#          -4.10000E+01 -4.02174E+01 -3.94348E+01 -3.86522E+01 -3.78696E+01
#          -3.70870E+01 -3.63043E+01 -3.55217E+01 -3.47391E+01 -3.39565E+01
#          -3.31739E+01 -3.23913E+01 -3.16087E+01 -3.08261E+01 -3.00435E+01
#          -2.92609E+01 -2.84783E+01 -2.76957E+01 -2.69130E+01 -2.61304E+01
#          -2.53478E+01 -2.45652E+01 -2.37826E+01 -2.30000E+01 -2.22174E+01
#          -2.14348E+01 -2.06522E+01 -1.98696E+01 -1.90870E+01 -1.83043E+01
#          -1.75217E+01 -1.67391E+01 -1.59565E+01 -1.51739E+01 -1.43913E+01
#          -1.36087E+01 -1.28261E+01 -1.20435E+01 -1.12609E+01 -1.04783E+01
#          -9.69565E+00 -8.91304E+00 -8.13043E+00 -7.34783E+00 -6.56522E+00
#          -5.78261E+00 -5.00000E+00
     trcl =   2004          # transform ID
     unit =    0            # unit is [Gy/source]
   letmat =    0            # (D=0) mat ID for LET, 0:real mat, <0: electron for H2O
  dedxfnc =    0            # (D=0) user defined multiplier, 0(no), 1, 2
 material =  all            # (D=all) number of specific material
   output =  dose           # total deposit energy
  deposit =    0            # (D=0) 0-> total deposit dist, 1-> each process
     axis =     z           # axis of output
     file = gamma_dose.out  # file name of output for the above axis
     part =  photon   
# kf/name :  22       
    gshow =    1            # 0: no 1:bnd, 2:bnd+mat, 3:bnd+reg 4:bnd+lat 5:bmp style
    ginfo =    1            # (D=0) 0:no, 1:show in graph, 2:add file
    resol =    1            # (D=1) resolution of gshow or rshow
    width = 0.5000000       # (D=0.5) width of lines for gshow or rshow
   epsout =    1            # (D=0) generate eps file by ANGEL
#    used :        main (  %)        temp (  %)       total (  %)
#  memory :          52 (  0)           0 (  0)          52 (  0)

#------------------------------------------------------------------------------
#newpage:
#   no. =  1   ir  =  1
#   r = (   0.0000E+00  -   5.5000E+00  )

x: z [cm]
y: Dose [Gy/source]      
p: xlin ylog afac(0.8) form(0.9)
h: n            x            y(photon  ),hh0l n 
#  z-lower      z-upper        photon    r.err 
  -4.1000E+01  -4.0217E+01   9.3848E-02  0.0032
  -4.0217E+01  -3.9435E+01   4.2160E-02  0.0065
  -3.9435E+01  -3.8652E+01   2.9697E-02  0.0082
  -3.8652E+01  -3.7870E+01   2.9577E-02  0.0085
  -3.7870E+01  -3.7087E+01   2.9257E-02  0.0086
  -3.7087E+01  -3.6304E+01   2.8649E-02  0.0090
  -3.6304E+01  -3.5522E+01   2.7841E-02  0.0093
  -3.5522E+01  -3.4739E+01   2.6781E-02  0.0096
  -3.4739E+01  -3.3957E+01   2.5414E-02  0.0104
  -3.3957E+01  -3.3174E+01   2.2471E-02  0.0105
  -3.3174E+01  -3.2391E+01   1.6941E-02  0.0107
  -3.2391E+01  -3.1609E+01   1.3819E-02  0.0102
  -3.1609E+01  -3.0826E+01   1.1973E-02  0.0103
  -3.0826E+01  -3.0043E+01   1.0583E-02  0.0102
  -3.0043E+01  -2.9261E+01   9.5230E-03  0.0107
  -2.9261E+01  -2.8478E+01   8.6428E-03  0.0111
  -2.8478E+01  -2.7696E+01   7.9522E-03  0.0117
  -2.7696E+01  -2.6913E+01   7.3702E-03  0.0115
  -2.6913E+01  -2.6130E+01   6.9606E-03  0.0122
  -2.6130E+01  -2.5348E+01   6.5735E-03  0.0121
  -2.5348E+01  -2.4565E+01   6.3386E-03  0.0116
  -2.4565E+01  -2.3783E+01   6.5657E-03  0.0115
  -2.3783E+01  -2.3000E+01   6.9485E-03  0.0114
  -2.3000E+01  -2.2217E+01   6.6636E-03  0.0114
  -2.2217E+01  -2.1435E+01   6.2698E-03  0.0111
  -2.1435E+01  -2.0652E+01   5.8177E-03  0.0114
  -2.0652E+01  -1.9870E+01   5.3937E-03  0.0116
  -1.9870E+01  -1.9087E+01   5.0040E-03  0.0121
  -1.9087E+01  -1.8304E+01   4.4176E-03  0.0130
  -1.8304E+01  -1.7522E+01   3.8883E-03  0.0133
  -1.7522E+01  -1.6739E+01   3.4840E-03  0.0141
  -1.6739E+01  -1.5957E+01   3.1329E-03  0.0147
  -1.5957E+01  -1.5174E+01   2.8509E-03  0.0157
  -1.5174E+01  -1.4391E+01   2.6220E-03  0.0163
  -1.4391E+01  -1.3609E+01   2.4334E-03  0.0171
  -1.3609E+01  -1.2826E+01   2.3503E-03  0.0177
  -1.2826E+01  -1.2043E+01   2.3120E-03  0.0191
  -1.2043E+01  -1.1261E+01   2.2650E-03  0.0195
  -1.1261E+01  -1.0478E+01   2.1801E-03  0.0205
  -1.0478E+01  -9.6957E+00   2.0593E-03  0.0212
  -9.6957E+00  -8.9130E+00   2.0042E-03  0.0233
  -8.9130E+00  -8.1304E+00   1.8814E-03  0.0237
  -8.1304E+00  -7.3478E+00   1.7522E-03  0.0246
  -7.3478E+00  -6.5652E+00   1.5947E-03  0.0258
  -6.5652E+00  -5.7826E+00   1.5246E-03  0.0300
  -5.7826E+00  -5.0000E+00   1.3903E-03  0.0273

'no. =  1,  ir =  1'
msuc: {\huge [t-deposit] in r-z mesh}
msdr: {\it plotted by \ANGEL \version}
msdl: {\it calculated by \PHITS  3.31}
wt: s(0.7)
\vspace{-3}
  rmin  &=&   0.0000E+00 [cm]
  rmax  &=&   5.5000E+00 [cm]
e:
 
# Information for Restart Calculation
# This calculation was newly started
# istdev =  2 # 1:Batch variance, 2:History variance
# resc2  = 1.06811775965360480E-07 # Total source weight or Total source weight / maxcas
# resc3  = 1.00000000000000000E+09 # Total history number or Total batch number
# maxcas =    10000000 # History / Batch, only used for istdev=1
# bitrseed = 0001001110011001001001110000100100110111001111011100001000101100 # bit data of rseed
