[ T-Track ]
    title = [t-track] in r-z mesh
     mesh =  r-z            # mesh type is r-z scoring mesh
       x0 =   0.000000      # center x-position of r-z mesh
       y0 =   0.000000      # center y-position of r-z mesh
   r-type =    2            # r-mesh is linear given by rmin, rmax and nr
     rmin =   0.000000      # minimum value of r-mesh points
     rmax =   5.500000      # maximum value of r-mesh points
#    rdel =   5.500000      # mesh width of r-mesh points
       nr =      1          # number of r-mesh points
#    data = ( r(i), i = 1, nr + 1 )
#           0.00000E+00  5.50000E+00
   z-type =    2            # z-mesh is linear given by zmin, zmax and nz
     zmin =  -41.00000      # minimum value of z-mesh points
     zmax =  -5.000000      # maximum value of z-mesh points
#    zdel =  0.7826087      # mesh width of z-mesh points
       nz =     46          # number of z-mesh points
#    data = ( z(i), i = 1, nz + 1 )
#          -4.10000E+01 -4.02174E+01 -3.94348E+01 -3.86522E+01 -3.78696E+01
#          -3.70870E+01 -3.63043E+01 -3.55217E+01 -3.47391E+01 -3.39565E+01
#          -3.31739E+01 -3.23913E+01 -3.16087E+01 -3.08261E+01 -3.00435E+01
#          -2.92609E+01 -2.84783E+01 -2.76957E+01 -2.69130E+01 -2.61304E+01
#          -2.53478E+01 -2.45652E+01 -2.37826E+01 -2.30000E+01 -2.22174E+01
#          -2.14348E+01 -2.06522E+01 -1.98696E+01 -1.90870E+01 -1.83043E+01
#          -1.75217E+01 -1.67391E+01 -1.59565E+01 -1.51739E+01 -1.43913E+01
#          -1.36087E+01 -1.28261E+01 -1.20435E+01 -1.12609E+01 -1.04783E+01
#          -9.69565E+00 -8.91304E+00 -8.13043E+00 -7.34783E+00 -6.56522E+00
#          -5.78261E+00 -5.00000E+00
     trcl =   2004          # transform ID
   e-type =    2            # e-mesh is linear given by emin, emax and ne
     emin =   0.000000      # minimum value of e-mesh points
     emax =  5.0000000E-07  # maximum value of e-mesh points
#    edel =  5.0000000E-07  # mesh width of e-mesh points
       ne =      1          # number of e-mesh points
#    data = ( e(i), i = 1, ne + 1 )
#           0.00000E+00  5.00000E-07
     unit =    1            # unit is [1/cm^2/source]
 material =  all            # (D=all) number of specific material
     axis =       z            # axis of output
     file = thermal_neutron_flux.out  # file name of output for the above axis
     part =  neutron  
# kf/name :  2112     
    gshow =    1            # 0: no 1:bnd, 2:bnd+mat, 3:bnd+reg 4:bnd+lat 5:bmp style
    ginfo =    1            # (D=0) 0:no, 1:show in graph, 2:add file
    resol =    1            # (D=1) resolution of gshow or rshow
    width = 0.5000000       # (D=0.5) width of lines for gshow or rshow
   epsout =    1            # (D=0) generate eps file by ANGEL
#    used :        main (  %)        temp (  %)       total (  %)
#  memory :          55 (  0)           0 (  0)          55 (  0)

#------------------------------------------------------------------------------
#newpage:
#   no. =  1   ie  =  1   ir  =  1
#   e = (   0.0000E+00  -   5.0000E-07  )
#   r = (   0.0000E+00  -   5.5000E+00  )

x: z [cm]
y: Flux [1/cm^2/source]              
p: xlin ylog afac(0.8) form(0.9)
h: n            x            y(neutron ),hh0l n  
#  z-lower      z-upper        neutron   r.err 
  -4.1000E+01  -4.0217E+01   2.6876E+09  0.0053
  -4.0217E+01  -3.9435E+01   1.9127E+09  0.0107
  -3.9435E+01  -3.8652E+01   2.3156E+09  0.0103
  -3.8652E+01  -3.7870E+01   2.6437E+09  0.0099
  -3.7870E+01  -3.7087E+01   2.8737E+09  0.0095
  -3.7087E+01  -3.6304E+01   3.0734E+09  0.0094
  -3.6304E+01  -3.5522E+01   3.1589E+09  0.0090
  -3.5522E+01  -3.4739E+01   3.3106E+09  0.0089
  -3.4739E+01  -3.3957E+01   3.3578E+09  0.0089
  -3.3957E+01  -3.3174E+01   3.4534E+09  0.0089
  -3.3174E+01  -3.2391E+01   3.6141E+09  0.0091
  -3.2391E+01  -3.1609E+01   3.7090E+09  0.0092
  -3.1609E+01  -3.0826E+01   3.6615E+09  0.0093
  -3.0826E+01  -3.0043E+01   3.5686E+09  0.0094
  -3.0043E+01  -2.9261E+01   3.3509E+09  0.0094
  -2.9261E+01  -2.8478E+01   3.1399E+09  0.0096
  -2.8478E+01  -2.7696E+01   2.9635E+09  0.0100
  -2.7696E+01  -2.6913E+01   2.6813E+09  0.0101
  -2.6913E+01  -2.6130E+01   2.3970E+09  0.0103
  -2.6130E+01  -2.5348E+01   2.0685E+09  0.0104
  -2.5348E+01  -2.4565E+01   1.8152E+09  0.0109
  -2.4565E+01  -2.3783E+01   1.5111E+09  0.0103
  -2.3783E+01  -2.3000E+01   1.1919E+09  0.0099
  -2.3000E+01  -2.2217E+01   9.7763E+08  0.0104
  -2.2217E+01  -2.1435E+01   8.1947E+08  0.0110
  -2.1435E+01  -2.0652E+01   7.0790E+08  0.0117
  -2.0652E+01  -1.9870E+01   6.2347E+08  0.0126
  -1.9870E+01  -1.9087E+01   5.6264E+08  0.0138
  -1.9087E+01  -1.8304E+01   5.2047E+08  0.0156
  -1.8304E+01  -1.7522E+01   4.8828E+08  0.0167
  -1.7522E+01  -1.6739E+01   4.6540E+08  0.0182
  -1.6739E+01  -1.5957E+01   4.3925E+08  0.0184
  -1.5957E+01  -1.5174E+01   4.2386E+08  0.0192
  -1.5174E+01  -1.4391E+01   4.1323E+08  0.0198
  -1.4391E+01  -1.3609E+01   4.1138E+08  0.0195
  -1.3609E+01  -1.2826E+01   4.6031E+08  0.0203
  -1.2826E+01  -1.2043E+01   5.4923E+08  0.0228
  -1.2043E+01  -1.1261E+01   5.9804E+08  0.0256
  -1.1261E+01  -1.0478E+01   6.1841E+08  0.0282
  -1.0478E+01  -9.6957E+00   6.1228E+08  0.0297
  -9.6957E+00  -8.9130E+00   6.1812E+08  0.0297
  -8.9130E+00  -8.1304E+00   6.0633E+08  0.0298
  -8.1304E+00  -7.3478E+00   5.5887E+08  0.0304
  -7.3478E+00  -6.5652E+00   4.9980E+08  0.0313
  -6.5652E+00  -5.7826E+00   4.6242E+08  0.0328
  -5.7826E+00  -5.0000E+00   4.0231E+08  0.0338

#   sum over    3.4212E+03   1.6804E+09

'no. =  1,  ie =  1,  ir =  1'
msuc: {\huge [t-track] in r-z mesh}
msdr: {\it plotted by \ANGEL \version}
msdl: {\it calculated by \PHITS  3.31}
wt: s(0.7)
\vspace{-3}
  emin  &=&   0.0000E+00 [MeV]
  emax  &=&   5.0000E-07 [MeV]
  rmin  &=&   0.0000E+00 [cm]
  rmax  &=&   5.5000E+00 [cm]
e:
 
# Information for Restart Calculation
# This calculation was newly started
# istdev =  2 # 1:Batch variance, 2:History variance
# resc2  = 1.06811775965360480E-07 # Total source weight or Total source weight / maxcas
# resc3  = 1.00000000000000000E+09 # Total history number or Total batch number
# maxcas =    10000000 # History / Batch, only used for istdev=1
# bitrseed = 0001001110011001001001110000100100110111001111011100001000101100 # bit data of rseed
