[ T-Cross ]
    title = [t-cross] in r-z mesh
     mesh =  r-z            # mesh type is r-z scoring mesh
       x0 =   0.000000      # center x-position of r-z mesh
       y0 =   0.000000      # center y-position of r-z mesh
   r-type =    2            # r-mesh is linear given by rmin, rmax and nr
     rmin =   0.000000      # minimum value of r-mesh points
     rmax =   5.500000      # maximum value of r-mesh points
#    rdel =   5.500000      # mesh width of r-mesh points
       nr =      1          # number of r-mesh points
#    data = ( r(i), i = 1, nr + 1 )
#           0.00000E+00  5.50000E+00
   z-type =    2            # z-mesh is linear given by zmin, zmax and nz
     zmin =  -41.00000      # minimum value of z-mesh points
     zmax =  -5.000000      # maximum value of z-mesh points
#    zdel =  0.7826087      # mesh width of z-mesh points
       nz =     46          # number of z-mesh points
#    data = ( z(i), i = 1, nz + 1 )
#          -4.10000E+01 -4.02174E+01 -3.94348E+01 -3.86522E+01 -3.78696E+01
#          -3.70870E+01 -3.63043E+01 -3.55217E+01 -3.47391E+01 -3.39565E+01
#          -3.31739E+01 -3.23913E+01 -3.16087E+01 -3.08261E+01 -3.00435E+01
#          -2.92609E+01 -2.84783E+01 -2.76957E+01 -2.69130E+01 -2.61304E+01
#          -2.53478E+01 -2.45652E+01 -2.37826E+01 -2.30000E+01 -2.22174E+01
#          -2.14348E+01 -2.06522E+01 -1.98696E+01 -1.90870E+01 -1.83043E+01
#          -1.75217E+01 -1.67391E+01 -1.59565E+01 -1.51739E+01 -1.43913E+01
#          -1.36087E+01 -1.28261E+01 -1.20435E+01 -1.12609E+01 -1.04783E+01
#          -9.69565E+00 -8.91304E+00 -8.13043E+00 -7.34783E+00 -6.56522E+00
#          -5.78261E+00 -5.00000E+00
     trcl =   2004          # transform ID
   e-type =    2            # e-mesh is linear given by emin, emax and ne
     emin =   0.000000      # minimum value of e-mesh points
     emax =   1000.000      # maximum value of e-mesh points
#    edel =   1000.000      # mesh width of e-mesh points
       ne =      1          # number of e-mesh points
#    data = ( e(i), i = 1, ne + 1 )
#           0.00000E+00  1.00000E+03
  eng2let =    0            # (D=0) Flag to convert energy to LET, 0: not convert, 1: convert
     unit =    1            # unit is [1/cm^2/source]
     axis =    z            # axis of output
     file = total_neutron_current.out  # file name of output for the above axis
   output = current         # surface crossing current spectrum
     part =  neutron  
# kf/name :  2112     
    gshow =    1            # 0: no 1:bnd, 2:bnd+mat, 3:bnd+reg 4:bnd+lat 5:bmp style
    ginfo =    1            # (D=0) 0:no, 1:show in graph, 2:add file
    resol =    1            # (D=1) resolution of gshow
    width = 0.5000000       # (D=0.5) width of lines for gshow
   epsout =    1            # (D=0) generate eps file by ANGEL
#    used :        main (  %)        temp (  %)       total (  %)
#  memory :          55 (  0)           0 (  0)          55 (  0)

#------------------------------------------------------------------------------
#newpage:
#   no. =  1   ir  =  1
#   r = (   0.0000E+00  -   5.5000E+00  )
#  ie =  1
#   e = (   0.0000E+00  -   1.0000E+03  )

x: z [cm]
y: Current [1/cm^2/source]                 
p: xlin ylog afac(0.8) form(0.9)
h:              x            y(neutron ),l3 n 
#       z surface position     neutron   r.err 
               -4.1000E+01   1.7591E+10  0.0026
               -4.0217E+01   8.8022E+09  0.0039
               -3.9435E+01   8.6559E+09  0.0040
               -3.8652E+01   8.5478E+09  0.0040
               -3.7870E+01   8.4307E+09  0.0040
               -3.7087E+01   8.2562E+09  0.0041
               -3.6304E+01   8.0065E+09  0.0041
               -3.5522E+01   7.7579E+09  0.0042
               -3.4739E+01   7.4448E+09  0.0042
               -3.3957E+01   7.0920E+09  0.0043
               -3.3174E+01   6.7032E+09  0.0043
               -3.2391E+01   6.4506E+09  0.0043
               -3.1609E+01   6.1719E+09  0.0044
               -3.0826E+01   5.8694E+09  0.0044
               -3.0043E+01   5.5541E+09  0.0045
               -2.9261E+01   5.2181E+09  0.0046
               -2.8478E+01   4.8814E+09  0.0047
               -2.7696E+01   4.5447E+09  0.0048
               -2.6913E+01   4.1913E+09  0.0048
               -2.6130E+01   3.8483E+09  0.0050
               -2.5348E+01   3.5328E+09  0.0051
               -2.4565E+01   3.2270E+09  0.0052
               -2.3783E+01   2.9560E+09  0.0054
               -2.3000E+01   2.6610E+09  0.0058
               -2.2217E+01   2.4015E+09  0.0061
               -2.1435E+01   2.1694E+09  0.0065
               -2.0652E+01   1.9729E+09  0.0069
               -1.9870E+01   1.7952E+09  0.0073
               -1.9087E+01   1.6482E+09  0.0077
               -1.8304E+01   1.5152E+09  0.0080
               -1.7522E+01   1.3953E+09  0.0084
               -1.6739E+01   1.2982E+09  0.0087
               -1.5957E+01   1.2130E+09  0.0091
               -1.5174E+01   1.1440E+09  0.0095
               -1.4391E+01   1.0836E+09  0.0099
               -1.3609E+01   1.0411E+09  0.0103
               -1.2826E+01   9.9848E+08  0.0115
               -1.2043E+01   9.1896E+08  0.0137
               -1.1261E+01   8.0528E+08  0.0158
               -1.0478E+01   6.8989E+08  0.0190
               -9.6957E+00   5.8666E+08  0.0215
               -8.9130E+00   5.0118E+08  0.0236
               -8.1304E+00   4.2671E+08  0.0255
               -7.3478E+00   3.6060E+08  0.0270
               -6.5652E+00   3.1695E+08  0.0282
               -5.7826E+00   2.7080E+08  0.0293
               -5.0000E+00   2.3937E+08  0.0315

#   sum over    4.4666E+03   3.8551E+09

'no. =  1,  ie =  1,  ir =  1'
msuc: {\huge [t-cross] in r-z mesh}
msdr: {\it plotted by \ANGEL \version}
msdl: {\it calculated by \PHITS  3.31}
wt: s(0.7)
\vspace{-3}
  z surface crossing
  area  &=&   9.5033E+01 [cm^2]
  rmin  &=&   0.0000E+00 [cm]
  rmax  &=&   5.5000E+00 [cm]
  emin  &=&   0.0000E+00 [MeV]
  emax  &=&   1.0000E+03 [MeV]
e:

#------------------------------------------------------------------------------
 newpage:
#   no. =  2   ir surf =  2
#   rmesh =    5.5000E+00
#  ie =  1
#   e = (   0.0000E+00  -   1.0000E+03  )

x: z [cm]
y: Current [1/cm^2/source]                 
p: xlin ylog afac(0.8) form(0.9)
h:              x            y(neutron ),hh0l n 
#  z-lower      z-upper        neutron   r.err 
  -4.1000E+01  -4.0217E+01   1.1290E+10  0.0056
  -4.0217E+01  -3.9435E+01   1.0116E+10  0.0068
  -3.9435E+01  -3.8652E+01   1.0357E+10  0.0070
  -3.8652E+01  -3.7870E+01   1.0208E+10  0.0070
  -3.7870E+01  -3.7087E+01   1.0022E+10  0.0071
  -3.7087E+01  -3.6304E+01   9.7908E+09  0.0071
  -3.6304E+01  -3.5522E+01   9.1834E+09  0.0073
  -3.5522E+01  -3.4739E+01   8.7987E+09  0.0075
  -3.4739E+01  -3.3957E+01   8.2159E+09  0.0077
  -3.3957E+01  -3.3174E+01   7.4691E+09  0.0080
  -3.3174E+01  -3.2391E+01   6.8305E+09  0.0078
  -3.2391E+01  -3.1609E+01   6.7237E+09  0.0077
  -3.1609E+01  -3.0826E+01   6.3206E+09  0.0080
  -3.0826E+01  -3.0043E+01   5.7644E+09  0.0082
  -3.0043E+01  -2.9261E+01   5.4540E+09  0.0085
  -2.9261E+01  -2.8478E+01   5.0414E+09  0.0088
  -2.8478E+01  -2.7696E+01   4.5091E+09  0.0093
  -2.7696E+01  -2.6913E+01   4.1491E+09  0.0096
  -2.6913E+01  -2.6130E+01   3.7161E+09  0.0101
  -2.6130E+01  -2.5348E+01   3.1041E+09  0.0109
  -2.5348E+01  -2.4565E+01   2.6690E+09  0.0118
  -2.4565E+01  -2.3783E+01   2.0381E+09  0.0128
  -2.3783E+01  -2.3000E+01   1.3971E+09  0.0145
  -2.3000E+01  -2.2217E+01   1.1850E+09  0.0158
  -2.2217E+01  -2.1435E+01   1.0771E+09  0.0166
  -2.1435E+01  -2.0652E+01   9.5927E+08  0.0176
  -2.0652E+01  -1.9870E+01   8.8630E+08  0.0184
  -1.9870E+01  -1.9087E+01   7.9597E+08  0.0197
  -1.9087E+01  -1.8304E+01   7.6541E+08  0.0213
  -1.8304E+01  -1.7522E+01   7.5436E+08  0.0211
  -1.7522E+01  -1.6739E+01   6.8867E+08  0.0222
  -1.6739E+01  -1.5957E+01   6.6983E+08  0.0226
  -1.5957E+01  -1.5174E+01   6.2588E+08  0.0233
  -1.5174E+01  -1.4391E+01   5.7411E+08  0.0241
  -1.4391E+01  -1.3609E+01   5.1805E+08  0.0245
  -1.3609E+01  -1.2826E+01   4.6868E+08  0.0245
  -1.2826E+01  -1.2043E+01   4.3459E+08  0.0256
  -1.2043E+01  -1.1261E+01   4.1718E+08  0.0258
  -1.1261E+01  -1.0478E+01   4.1717E+08  0.0263
  -1.0478E+01  -9.6957E+00   4.0976E+08  0.0272
  -9.6957E+00  -8.9130E+00   4.0258E+08  0.0310
  -8.9130E+00  -8.1304E+00   3.8688E+08  0.0324
  -8.1304E+00  -7.3478E+00   3.3508E+08  0.0353
  -7.3478E+00  -6.5652E+00   2.8867E+08  0.0386
  -6.5652E+00  -5.7826E+00   2.7060E+08  0.0428
  -5.7826E+00  -5.0000E+00   2.2498E+08  0.0442

#   sum over    1.2441E+03   3.6244E+09

'no. =  2,   ir surf =  2,   ie =  1'
msuc: {\huge [t-cross] in r-z mesh}
msdr: {\it plotted by \ANGEL \version}
msdl: {\it calculated by \PHITS  3.31}
wt: s(0.7)
\vspace{-3}
  r surface crossing
  r     &=&   5.5000E+00 [cm]
  emin  &=&   0.0000E+00 [MeV]
  emax  &=&   1.0000E+03 [MeV]
 tot area  &=&   1.2441E+03 [cm^2]
e:
 
# Information for Restart Calculation
# This calculation was newly started
# istdev =  2 # 1:Batch variance, 2:History variance
# resc2  = 1.06811775965360480E-07 # Total source weight or Total source weight / maxcas
# resc3  = 1.00000000000000000E+09 # Total history number or Total batch number
# maxcas =    10000000 # History / Batch, only used for istdev=1
# bitrseed = 0001001110011001001001110000100100110111001111011100001000101100 # bit data of rseed
