[ T-Deposit ]
    title = [t-deposit] in region mesh
     mesh =  reg            # mesh type is region-wise
      reg = 63 64 80 81 86 190 191 222 { 1001 - 1003 }
   volume                   # combined, lattice or level structure 
   non     reg      vol     # reg definition
    1       63   9.2000E+02 # 63
    2       64   6.9400E+02 # 64
    3       80   1.5600E+03 # 80
    4       81   1.8100E+03 # 81
    5       86   7.4000E+02 # 86
    6      190   2.3654E+02 # 190
    7      191   2.3654E+02 # 191
    8      222   1.4100E+03 # 222
    9     1001   8.1810E+00 # 1001
   10     1002   5.9560E+00 # 1002
   11     1003   8.3130E+00 # 1003
     unit =    0            # unit is [Gy/source]
   letmat =    0            # (D=0) mat ID for LET, 0:real mat, <0: electron for H2O
  dedxfnc =    0            # (D=0) user defined multiplier, 0(no), 1, 2
 material =  all            # (D=all) number of specific material
   output =  dose           # total deposit energy
  deposit =    0            # (D=0) 0-> total deposit dist, 1-> each process
     axis =   reg           # axis of output
     file = dose.out        # file name of output for the above axis
     part =  all        neutron    photon     proton    ( alpha      7Li      ) 
# kf/name :  0          2112       22         2212      ( 2000004    3000007  ) 
   epsout =    1            # (D=0) generate eps file by ANGEL
#    used :        main (  %)        temp (  %)       total (  %)
#  memory :          15 (  0)           0 (  0)          15 (  0)

#------------------------------------------------------------------------------
#newpage:
#   no. =  1

x: Serial Num. of Region
y: Dose [Gy/source]      
p: xlin ylog afac(0.8) form(0.9)
h:   x      n     n          y(all     ),l3 n   y(neutron ),d4r n   y(photon  ),u5b n   y(proton  ),m6g n   y(p5-group),q7rr n   
#  num    reg     volume       all       r.err      neutron   r.err      photon    r.err      proton    r.err      p5-group  r.err 
    1      63   9.2000E+02   1.6909E-04  0.2037   5.0831E-05  0.2685   9.1264E-05  0.0801   2.6165E-05  1.0000   0.0000E+00  0.0000
    2      64   6.9400E+02   4.6354E-04  0.0456   1.8219E-04  0.0914   2.7334E-04  0.0404   5.6634E-06  1.0000   0.0000E+00  0.0000
    3      80   1.5600E+03   9.0146E-04  0.0484   3.9187E-04  0.0974   5.0959E-04  0.0386   0.0000E+00  0.0000   0.0000E+00  0.0000
    4      81   1.8100E+03   3.4211E-04  0.1300   1.2264E-04  0.2222   1.9109E-04  0.0630   0.0000E+00  0.0000   1.7847E-05  1.0000
    5      86   7.4000E+02   1.2737E-03  0.1280   4.8173E-04  0.1802   5.8369E-04  0.0606   1.5040E-04  0.7435   1.6457E-05  1.0000
    6     190   2.3654E+02   3.7117E-03  0.0831   1.7451E-03  0.1190   1.7793E-03  0.0517   1.8730E-04  1.0000   0.0000E+00  0.0000
    7     191   2.3654E+02   7.0365E-04  0.1747   3.5800E-04  0.3182   3.4566E-04  0.1338   0.0000E+00  0.0000   0.0000E+00  0.0000
    8     222   1.4100E+03   3.5863E-04  0.0356   1.8743E-04  0.0574   1.7120E-04  0.0384   0.0000E+00  0.0000   0.0000E+00  0.0000
    9    1001   8.1810E+00   3.3984E-03  0.1460   1.4818E-03  0.2550   1.9166E-03  0.1649   0.0000E+00  0.0000   0.0000E+00  0.0000
   10    1002   5.9560E+00   2.9842E-03  0.1747   1.2261E-03  0.3750   1.7581E-03  0.1380   0.0000E+00  0.0000   0.0000E+00  0.0000
   11    1003   8.3130E+00   3.0662E-03  0.1759   1.3834E-03  0.3599   1.6828E-03  0.1211   0.0000E+00  0.0000   0.0000E+00  0.0000

#   sum over                 5.0665E+00           2.1557E+00           2.6306E+00           1.8360E-01           4.4481E-02

'no. =  1'
msuc: {\huge [t-deposit] in region mesh}
msdr: {\it plotted by \ANGEL \version}
msdl: {\it calculated by \PHITS  3.31}
 
# Information for Restart Calculation
# This calculation was newly started
# istdev =  2 # 1:Batch variance, 2:History variance
# resc2  = 4.00544163712505334E-08 # Total source weight or Total source weight / maxcas
# resc3  = 5.00000000000000000E+08 # Total history number or Total batch number
# maxcas =     5000000 # History / Batch, only used for istdev=1
# bitrseed = 1101101111010011011000101101110001100110110010110001010100010001 # bit data of rseed
