[ T-Deposit ]
    title = [t-deposit] in region mesh
     mesh =  reg            # mesh type is region-wise
      reg = 63 64 80 81 86 190 191 222 { 1001 - 1003 }
   volume                   # combined, lattice or level structure 
   non     reg      vol     # reg definition
    1       63   9.2000E+02 # 63
    2       64   6.9400E+02 # 64
    3       80   1.5600E+03 # 80
    4       81   1.8100E+03 # 81
    5       86   7.4000E+02 # 86
    6      190   2.3654E+02 # 190
    7      191   2.3654E+02 # 191
    8      222   1.4100E+03 # 222
    9     1001   8.1810E+00 # 1001
   10     1002   5.9560E+00 # 1002
   11     1003   8.3130E+00 # 1003
     unit =    0            # unit is [Gy/source]
   letmat =    0            # (D=0) mat ID for LET, 0:real mat, <0: electron for H2O
  dedxfnc =    0            # (D=0) user defined multiplier, 0(no), 1, 2
 material =  all            # (D=all) number of specific material
   output =  dose           # total deposit energy
  deposit =    0            # (D=0) 0-> total deposit dist, 1-> each process
     axis =   reg           # axis of output
     file = dose.out        # file name of output for the above axis
     part =  all        neutron    photon     proton    ( alpha      7Li      ) 
# kf/name :  0          2112       22         2212      ( 2000004    3000007  ) 
   epsout =    1            # (D=0) generate eps file by ANGEL
#    used :        main (  %)        temp (  %)       total (  %)
#  memory :          15 (  0)           0 (  0)          15 (  0)

#------------------------------------------------------------------------------
#newpage:
#   no. =  1

x: Serial Num. of Region
y: Dose [Gy/source]      
p: xlin ylog afac(0.8) form(0.9)
h:   x      n     n          y(all     ),l3 n   y(neutron ),d4r n   y(photon  ),u5b n   y(proton  ),m6g n   y(p5-group),q7rr n   
#  num    reg     volume       all       r.err      neutron   r.err      photon    r.err      proton    r.err      p5-group  r.err 
    1      63   9.2000E+02   3.0061E-04  0.3016   7.1968E-05  0.9639   2.2864E-04  0.2225   0.0000E+00  0.0000   0.0000E+00  0.0000
    2      64   6.9400E+02   6.7718E-04  0.0912   2.4815E-04  0.1706   4.2802E-04  0.0945   0.0000E+00  0.0000   0.0000E+00  0.0000
    3      80   1.5600E+03   1.9576E-03  0.1394   7.7540E-04  0.2808   1.1822E-03  0.1368   0.0000E+00  0.0000   0.0000E+00  0.0000
    4      81   1.8100E+03   2.9778E-04  0.2801   1.3323E-04  0.5703   1.6455E-04  0.2031   0.0000E+00  0.0000   0.0000E+00  0.0000
    5      86   7.4000E+02   2.0670E-03  0.1998   1.0271E-03  0.3673   1.0399E-03  0.1485   0.0000E+00  0.0000   0.0000E+00  0.0000
    6     190   2.3654E+02   5.1965E-03  0.1289   2.0519E-03  0.2819   3.1446E-03  0.1072   0.0000E+00  0.0000   0.0000E+00  0.0000
    7     191   2.3654E+02   3.7559E-04  0.4153   2.2295E-05  0.9020   3.5330E-04  0.4378   0.0000E+00  0.0000   0.0000E+00  0.0000
    8     222   1.4100E+03   4.5237E-04  0.0747   1.8357E-04  0.1364   2.6880E-04  0.0762   0.0000E+00  0.0000   0.0000E+00  0.0000
    9    1001   8.1810E+00   1.7802E-02  0.2302   1.1661E-02  0.2930   6.1413E-03  0.3153   0.0000E+00  0.0000   0.0000E+00  0.0000
   10    1002   5.9560E+00   7.4136E-03  0.2521   1.9035E-03  0.4867   5.5101E-03  0.2937   0.0000E+00  0.0000   0.0000E+00  0.0000
   11    1003   8.3130E+00   1.0297E-02  0.3237   5.8796E-03  0.5326   4.4177E-03  0.2579   0.0000E+00  0.0000   0.0000E+00  0.0000

#   sum over                 8.1001E+00           3.3543E+00           4.7451E+00           0.0000E+00           0.0000E+00

'no. =  1'
msuc: {\huge [t-deposit] in region mesh}
msdr: {\it plotted by \ANGEL \version}
msdl: {\it calculated by \PHITS  3.31}
 
# Information for Restart Calculation
# This calculation was newly started
# istdev =  2 # 1:Batch variance, 2:History variance
# resc2  = 2.86255558959642405E-09 # Total source weight or Total source weight / maxcas
# resc3  = 2.68000000000000000E+07 # Total history number or Total batch number
# maxcas =      100000 # History / Batch, only used for istdev=1
# bitrseed = 1110011101000111110010111101010100110100111001010101001000110111 # bit data of rseed
