[ T-Track ]
    title = [t-track] in r-z mesh
     mesh =  r-z            # mesh type is r-z scoring mesh
       x0 =   0.000000      # center x-position of r-z mesh
       y0 =   0.000000      # center y-position of r-z mesh
   r-type =    2            # r-mesh is linear given by rmin, rmax and nr
     rmin =   0.000000      # minimum value of r-mesh points
     rmax =   5.500000      # maximum value of r-mesh points
#    rdel =   5.500000      # mesh width of r-mesh points
       nr =      1          # number of r-mesh points
#    data = ( r(i), i = 1, nr + 1 )
#           0.00000E+00  5.50000E+00
   z-type =    2            # z-mesh is linear given by zmin, zmax and nz
     zmin =  -41.00000      # minimum value of z-mesh points
     zmax =   15.00000      # maximum value of z-mesh points
#    zdel =   1.000000      # mesh width of z-mesh points
       nz =     56          # number of z-mesh points
#    data = ( z(i), i = 1, nz + 1 )
#          -4.10000E+01 -4.00000E+01 -3.90000E+01 -3.80000E+01 -3.70000E+01
#          -3.60000E+01 -3.50000E+01 -3.40000E+01 -3.30000E+01 -3.20000E+01
#          -3.10000E+01 -3.00000E+01 -2.90000E+01 -2.80000E+01 -2.70000E+01
#          -2.60000E+01 -2.50000E+01 -2.40000E+01 -2.30000E+01 -2.20000E+01
#          -2.10000E+01 -2.00000E+01 -1.90000E+01 -1.80000E+01 -1.70000E+01
#          -1.60000E+01 -1.50000E+01 -1.40000E+01 -1.30000E+01 -1.20000E+01
#          -1.10000E+01 -1.00000E+01 -9.00000E+00 -8.00000E+00 -7.00000E+00
#          -6.00000E+00 -5.00000E+00 -4.00000E+00 -3.00000E+00 -2.00000E+00
#          -1.00000E+00  0.00000E+00  1.00000E+00  2.00000E+00  3.00000E+00
#           4.00000E+00  5.00000E+00  6.00000E+00  7.00000E+00  8.00000E+00
#           9.00000E+00  1.00000E+01  1.10000E+01  1.20000E+01  1.30000E+01
#           1.40000E+01  1.50000E+01
     trcl =   2004          # transform ID
   e-type =    2            # e-mesh is linear given by emin, emax and ne
     emin =  1.0000000E-06  # minimum value of e-mesh points
     emax =  4.0000000E-02  # maximum value of e-mesh points
#    edel =  3.9999000E-02  # mesh width of e-mesh points
       ne =      1          # number of e-mesh points
#    data = ( e(i), i = 1, ne + 1 )
#           1.00000E-06  4.00000E-02
     unit =    1            # unit is [1/cm^2/source]
 material =  all            # (D=all) number of specific material
     axis =       z            # axis of output
     file = epithermal_neutron_flux.out  # file name of output for the above axis
     part =  neutron  
# kf/name :  2112     
    gshow =    1            # 0: no 1:bnd, 2:bnd+mat, 3:bnd+reg 4:bnd+lat 5:bmp style
    ginfo =    1            # (D=0) 0:no, 1:show in graph, 2:add file
    resol =    1            # (D=1) resolution of gshow or rshow
    width = 0.5000000       # (D=0.5) width of lines for gshow or rshow
   epsout =    1            # (D=0) generate eps file by ANGEL
#    used :        main (  %)        temp (  %)       total (  %)
#  memory :          65 (  0)           0 (  0)          65 (  0)

#------------------------------------------------------------------------------
#newpage:
#   no. =  1   ie  =  1   ir  =  1
#   e = (   1.0000E-06  -   4.0000E-02  )
#   r = (   0.0000E+00  -   5.5000E+00  )

x: z [cm]
y: Flux [1/cm^2/source]              
p: xlin ylog afac(0.8) form(0.9)
h: n            x            y(neutron ),hh0l n  
#  z-lower      z-upper        neutron   r.err 
  -4.1000E+01  -4.0000E+01   1.5628E+10  0.0068
  -4.0000E+01  -3.9000E+01   1.3079E+10  0.0100
  -3.9000E+01  -3.8000E+01   1.2748E+10  0.0102
  -3.8000E+01  -3.7000E+01   1.2370E+10  0.0104
  -3.7000E+01  -3.6000E+01   1.1876E+10  0.0108
  -3.6000E+01  -3.5000E+01   1.1079E+10  0.0110
  -3.5000E+01  -3.4000E+01   1.0218E+10  0.0114
  -3.4000E+01  -3.3000E+01   9.3147E+09  0.0116
  -3.3000E+01  -3.2000E+01   8.4646E+09  0.0119
  -3.2000E+01  -3.1000E+01   7.9229E+09  0.0124
  -3.1000E+01  -3.0000E+01   7.0826E+09  0.0127
  -3.0000E+01  -2.9000E+01   6.4448E+09  0.0132
  -2.9000E+01  -2.8000E+01   5.7698E+09  0.0137
  -2.8000E+01  -2.7000E+01   5.1469E+09  0.0141
  -2.7000E+01  -2.6000E+01   4.4775E+09  0.0147
  -2.6000E+01  -2.5000E+01   3.8059E+09  0.0149
  -2.5000E+01  -2.4000E+01   3.1215E+09  0.0146
  -2.4000E+01  -2.3000E+01   2.5801E+09  0.0146
  -2.3000E+01  -2.2000E+01   2.1557E+09  0.0152
  -2.2000E+01  -2.1000E+01   1.8494E+09  0.0167
  -2.1000E+01  -2.0000E+01   1.5724E+09  0.0182
  -2.0000E+01  -1.9000E+01   1.3369E+09  0.0182
  -1.9000E+01  -1.8000E+01   1.1395E+09  0.0184
  -1.8000E+01  -1.7000E+01   9.6721E+08  0.0192
  -1.7000E+01  -1.6000E+01   8.2938E+08  0.0202
  -1.6000E+01  -1.5000E+01   7.2619E+08  0.0213
  -1.5000E+01  -1.4000E+01   6.3504E+08  0.0225
  -1.4000E+01  -1.3000E+01   5.6029E+08  0.0237
  -1.3000E+01  -1.2000E+01   4.9654E+08  0.0249
  -1.2000E+01  -1.1000E+01   4.4317E+08  0.0263
  -1.1000E+01  -1.0000E+01   3.9812E+08  0.0276
  -1.0000E+01  -9.0000E+00   3.5636E+08  0.0290
  -9.0000E+00  -8.0000E+00   3.2373E+08  0.0304
  -8.0000E+00  -7.0000E+00   2.9867E+08  0.0316
  -7.0000E+00  -6.0000E+00   2.7262E+08  0.0331
  -6.0000E+00  -5.0000E+00   2.4874E+08  0.0346
  -5.0000E+00  -4.0000E+00   2.3145E+08  0.0358
  -4.0000E+00  -3.0000E+00   2.1716E+08  0.0370
  -3.0000E+00  -2.0000E+00   2.0405E+08  0.0381
  -2.0000E+00  -1.0000E+00   1.9066E+08  0.0393
  -1.0000E+00   0.0000E+00   1.7841E+08  0.0405
   0.0000E+00   1.0000E+00   1.6826E+08  0.0419
   1.0000E+00   2.0000E+00   1.5980E+08  0.0442
   2.0000E+00   3.0000E+00   1.4750E+08  0.0445
   3.0000E+00   4.0000E+00   1.3781E+08  0.0461
   4.0000E+00   5.0000E+00   1.3005E+08  0.0474
   5.0000E+00   6.0000E+00   1.2370E+08  0.0489
   6.0000E+00   7.0000E+00   1.1771E+08  0.0499
   7.0000E+00   8.0000E+00   1.1116E+08  0.0515
   8.0000E+00   9.0000E+00   1.0750E+08  0.0522
   9.0000E+00   1.0000E+01   1.0222E+08  0.0534
   1.0000E+01   1.1000E+01   9.7391E+07  0.0548
   1.1000E+01   1.2000E+01   9.4053E+07  0.0558
   1.2000E+01   1.3000E+01   9.1005E+07  0.0567
   1.3000E+01   1.4000E+01   8.6600E+07  0.0581
   1.4000E+01   1.5000E+01   8.4501E+07  0.0596

#   sum over    5.3219E+03   3.0093E+09

'no. =  1,  ie =  1,  ir =  1'
msuc: {\huge [t-track] in r-z mesh}
msdr: {\it plotted by \ANGEL \version}
msdl: {\it calculated by \PHITS  3.31}
wt: s(0.7)
\vspace{-3}
  emin  &=&   1.0000E-06 [MeV]
  emax  &=&   4.0000E-02 [MeV]
  rmin  &=&   0.0000E+00 [cm]
  rmax  &=&   5.5000E+00 [cm]
e:
 
# Information for Restart Calculation
# This calculation was newly started
# istdev =  2 # 1:Batch variance, 2:History variance
# resc2  = 3.16696914853137037E-08 # Total source weight or Total source weight / maxcas
# resc3  = 2.96500000000000000E+08 # Total history number or Total batch number
# maxcas =      100000 # History / Batch, only used for istdev=1
# bitrseed = 1110111111111011101011000001110000011000010100100011001010101010 # bit data of rseed
