[ T-Track ]
    title = [t-track] in r-z mesh
     mesh =  r-z            # mesh type is r-z scoring mesh
       x0 =   0.000000      # center x-position of r-z mesh
       y0 =   0.000000      # center y-position of r-z mesh
   r-type =    2            # r-mesh is linear given by rmin, rmax and nr
     rmin =   0.000000      # minimum value of r-mesh points
     rmax =   5.500000      # maximum value of r-mesh points
#    rdel =   5.500000      # mesh width of r-mesh points
       nr =      1          # number of r-mesh points
#    data = ( r(i), i = 1, nr + 1 )
#           0.00000E+00  5.50000E+00
   z-type =    2            # z-mesh is linear given by zmin, zmax and nz
     zmin =  -41.00000      # minimum value of z-mesh points
     zmax =   15.00000      # maximum value of z-mesh points
#    zdel =   1.000000      # mesh width of z-mesh points
       nz =     56          # number of z-mesh points
#    data = ( z(i), i = 1, nz + 1 )
#          -4.10000E+01 -4.00000E+01 -3.90000E+01 -3.80000E+01 -3.70000E+01
#          -3.60000E+01 -3.50000E+01 -3.40000E+01 -3.30000E+01 -3.20000E+01
#          -3.10000E+01 -3.00000E+01 -2.90000E+01 -2.80000E+01 -2.70000E+01
#          -2.60000E+01 -2.50000E+01 -2.40000E+01 -2.30000E+01 -2.20000E+01
#          -2.10000E+01 -2.00000E+01 -1.90000E+01 -1.80000E+01 -1.70000E+01
#          -1.60000E+01 -1.50000E+01 -1.40000E+01 -1.30000E+01 -1.20000E+01
#          -1.10000E+01 -1.00000E+01 -9.00000E+00 -8.00000E+00 -7.00000E+00
#          -6.00000E+00 -5.00000E+00 -4.00000E+00 -3.00000E+00 -2.00000E+00
#          -1.00000E+00  0.00000E+00  1.00000E+00  2.00000E+00  3.00000E+00
#           4.00000E+00  5.00000E+00  6.00000E+00  7.00000E+00  8.00000E+00
#           9.00000E+00  1.00000E+01  1.10000E+01  1.20000E+01  1.30000E+01
#           1.40000E+01  1.50000E+01
     trcl =   2004          # transform ID
   e-type =    2            # e-mesh is linear given by emin, emax and ne
     emin =   0.000000      # minimum value of e-mesh points
     emax =  2.5000000E-08  # maximum value of e-mesh points
#    edel =  2.5000000E-08  # mesh width of e-mesh points
       ne =      1          # number of e-mesh points
#    data = ( e(i), i = 1, ne + 1 )
#           0.00000E+00  2.50000E-08
     unit =    1            # unit is [1/cm^2/source]
 material =  all            # (D=all) number of specific material
     axis =       z            # axis of output
     file = thermal_neutron_flux.out  # file name of output for the above axis
     part =  neutron  
# kf/name :  2112     
    gshow =    1            # 0: no 1:bnd, 2:bnd+mat, 3:bnd+reg 4:bnd+lat 5:bmp style
    ginfo =    1            # (D=0) 0:no, 1:show in graph, 2:add file
    resol =    1            # (D=1) resolution of gshow or rshow
    width = 0.5000000       # (D=0.5) width of lines for gshow or rshow
   epsout =    1            # (D=0) generate eps file by ANGEL
#    used :        main (  %)        temp (  %)       total (  %)
#  memory :          65 (  0)           0 (  0)          65 (  0)

#------------------------------------------------------------------------------
#newpage:
#   no. =  1   ie  =  1   ir  =  1
#   e = (   0.0000E+00  -   2.5000E-08  )
#   r = (   0.0000E+00  -   5.5000E+00  )

x: z [cm]
y: Flux [1/cm^2/source]              
p: xlin ylog afac(0.8) form(0.9)
h: n            x            y(neutron ),hh0l n  
#  z-lower      z-upper        neutron   r.err 
  -4.1000E+01  -4.0000E+01   3.3582E+08  0.0232
  -4.0000E+01  -3.9000E+01   2.8422E+08  0.0406
  -3.9000E+01  -3.8000E+01   3.5570E+08  0.0388
  -3.8000E+01  -3.7000E+01   3.9679E+08  0.0365
  -3.7000E+01  -3.6000E+01   4.1683E+08  0.0357
  -3.6000E+01  -3.5000E+01   4.3250E+08  0.0351
  -3.5000E+01  -3.4000E+01   4.5645E+08  0.0342
  -3.4000E+01  -3.3000E+01   5.2653E+08  0.0340
  -3.3000E+01  -3.2000E+01   6.1587E+08  0.0348
  -3.2000E+01  -3.1000E+01   6.5186E+08  0.0350
  -3.1000E+01  -3.0000E+01   6.4712E+08  0.0364
  -3.0000E+01  -2.9000E+01   5.3840E+08  0.0353
  -2.9000E+01  -2.8000E+01   5.0390E+08  0.0366
  -2.8000E+01  -2.7000E+01   4.5505E+08  0.0385
  -2.7000E+01  -2.6000E+01   4.1016E+08  0.0400
  -2.6000E+01  -2.5000E+01   3.4332E+08  0.0424
  -2.5000E+01  -2.4000E+01   2.6646E+08  0.0423
  -2.4000E+01  -2.3000E+01   1.9203E+08  0.0413
  -2.3000E+01  -2.2000E+01   1.4753E+08  0.0442
  -2.2000E+01  -2.1000E+01   1.1844E+08  0.0468
  -2.1000E+01  -2.0000E+01   1.0054E+08  0.0523
  -2.0000E+01  -1.9000E+01   8.2213E+07  0.0593
  -1.9000E+01  -1.8000E+01   6.5510E+07  0.0574
  -1.8000E+01  -1.7000E+01   5.4991E+07  0.0623
  -1.7000E+01  -1.6000E+01   4.5632E+07  0.0677
  -1.6000E+01  -1.5000E+01   3.8019E+07  0.0731
  -1.5000E+01  -1.4000E+01   3.1862E+07  0.0786
  -1.4000E+01  -1.3000E+01   2.7363E+07  0.0845
  -1.3000E+01  -1.2000E+01   2.3356E+07  0.0895
  -1.2000E+01  -1.1000E+01   1.9067E+07  0.0978
  -1.1000E+01  -1.0000E+01   1.6567E+07  0.1059
  -1.0000E+01  -9.0000E+00   1.5226E+07  0.1113
  -9.0000E+00  -8.0000E+00   1.3953E+07  0.1169
  -8.0000E+00  -7.0000E+00   1.2554E+07  0.1233
  -7.0000E+00  -6.0000E+00   1.0738E+07  0.1303
  -6.0000E+00  -5.0000E+00   9.1347E+06  0.1371
  -5.0000E+00  -4.0000E+00   8.2394E+06  0.1390
  -4.0000E+00  -3.0000E+00   6.5068E+06  0.1524
  -3.0000E+00  -2.0000E+00   5.8124E+06  0.1648
  -2.0000E+00  -1.0000E+00   5.2741E+06  0.1700
  -1.0000E+00   0.0000E+00   4.6919E+06  0.1792
   0.0000E+00   1.0000E+00   4.3813E+06  0.1859
   1.0000E+00   2.0000E+00   4.1735E+06  0.1915
   2.0000E+00   3.0000E+00   4.2538E+06  0.1928
   3.0000E+00   4.0000E+00   3.7625E+06  0.1980
   4.0000E+00   5.0000E+00   3.1531E+06  0.2060
   5.0000E+00   6.0000E+00   2.6259E+06  0.2218
   6.0000E+00   7.0000E+00   2.3637E+06  0.2368
   7.0000E+00   8.0000E+00   2.1285E+06  0.2390
   8.0000E+00   9.0000E+00   1.8875E+06  0.2597
   9.0000E+00   1.0000E+01   1.8634E+06  0.2599
   1.0000E+01   1.1000E+01   1.6172E+06  0.2772
   1.1000E+01   1.2000E+01   1.4540E+06  0.2931
   1.2000E+01   1.3000E+01   1.0703E+06  0.3545
   1.3000E+01   1.4000E+01   1.0408E+06  0.3641
   1.4000E+01   1.5000E+01   1.0408E+06  0.3641

#   sum over    5.3219E+03   1.5588E+08

'no. =  1,  ie =  1,  ir =  1'
msuc: {\huge [t-track] in r-z mesh}
msdr: {\it plotted by \ANGEL \version}
msdl: {\it calculated by \PHITS  3.31}
wt: s(0.7)
\vspace{-3}
  emin  &=&   0.0000E+00 [MeV]
  emax  &=&   2.5000E-08 [MeV]
  rmin  &=&   0.0000E+00 [cm]
  rmax  &=&   5.5000E+00 [cm]
e:
 
# Information for Restart Calculation
# This calculation was newly started
# istdev =  2 # 1:Batch variance, 2:History variance
# resc2  = 3.16696914853137037E-08 # Total source weight or Total source weight / maxcas
# resc3  = 2.96500000000000000E+08 # Total history number or Total batch number
# maxcas =      100000 # History / Batch, only used for istdev=1
# bitrseed = 1110111111111011101011000001110000011000010100100011001010101010 # bit data of rseed
