[ T-Track ]
    title = [t-track] in r-z mesh
     mesh =  r-z            # mesh type is r-z scoring mesh
       x0 =   0.000000      # center x-position of r-z mesh
       y0 =   0.000000      # center y-position of r-z mesh
   r-type =    2            # r-mesh is linear given by rmin, rmax and nr
     rmin =   0.000000      # minimum value of r-mesh points
     rmax =   5.500000      # maximum value of r-mesh points
#    rdel =   5.500000      # mesh width of r-mesh points
       nr =      1          # number of r-mesh points
#    data = ( r(i), i = 1, nr + 1 )
#           0.00000E+00  5.50000E+00
   z-type =    2            # z-mesh is linear given by zmin, zmax and nz
     zmin =  -41.00000      # minimum value of z-mesh points
     zmax =   15.00000      # maximum value of z-mesh points
#    zdel =   1.000000      # mesh width of z-mesh points
       nz =     56          # number of z-mesh points
#    data = ( z(i), i = 1, nz + 1 )
#          -4.10000E+01 -4.00000E+01 -3.90000E+01 -3.80000E+01 -3.70000E+01
#          -3.60000E+01 -3.50000E+01 -3.40000E+01 -3.30000E+01 -3.20000E+01
#          -3.10000E+01 -3.00000E+01 -2.90000E+01 -2.80000E+01 -2.70000E+01
#          -2.60000E+01 -2.50000E+01 -2.40000E+01 -2.30000E+01 -2.20000E+01
#          -2.10000E+01 -2.00000E+01 -1.90000E+01 -1.80000E+01 -1.70000E+01
#          -1.60000E+01 -1.50000E+01 -1.40000E+01 -1.30000E+01 -1.20000E+01
#          -1.10000E+01 -1.00000E+01 -9.00000E+00 -8.00000E+00 -7.00000E+00
#          -6.00000E+00 -5.00000E+00 -4.00000E+00 -3.00000E+00 -2.00000E+00
#          -1.00000E+00  0.00000E+00  1.00000E+00  2.00000E+00  3.00000E+00
#           4.00000E+00  5.00000E+00  6.00000E+00  7.00000E+00  8.00000E+00
#           9.00000E+00  1.00000E+01  1.10000E+01  1.20000E+01  1.30000E+01
#           1.40000E+01  1.50000E+01
     trcl =   2004          # transform ID
   e-type =    2            # e-mesh is linear given by emin, emax and ne
     emin =   0.000000      # minimum value of e-mesh points
     emax =   1000.000      # maximum value of e-mesh points
#    edel =   1000.000      # mesh width of e-mesh points
       ne =      1          # number of e-mesh points
#    data = ( e(i), i = 1, ne + 1 )
#           0.00000E+00  1.00000E+03
     unit =    1            # unit is [1/cm^2/source]
 material =  all            # (D=all) number of specific material
     axis =       z            # axis of output
     file = total_neutron_flux.out  # file name of output for the above axis
     part =  neutron  
# kf/name :  2112     
    gshow =    1            # 0: no 1:bnd, 2:bnd+mat, 3:bnd+reg 4:bnd+lat 5:bmp style
    ginfo =    1            # (D=0) 0:no, 1:show in graph, 2:add file
    resol =    1            # (D=1) resolution of gshow or rshow
    width = 0.5000000       # (D=0.5) width of lines for gshow or rshow
   epsout =    1            # (D=0) generate eps file by ANGEL
#    used :        main (  %)        temp (  %)       total (  %)
#  memory :          65 (  0)           0 (  0)          65 (  0)

#------------------------------------------------------------------------------
#newpage:
#   no. =  1   ie  =  1   ir  =  1
#   e = (   0.0000E+00  -   1.0000E+03  )
#   r = (   0.0000E+00  -   5.5000E+00  )

x: z [cm]
y: Flux [1/cm^2/source]              
p: xlin ylog afac(0.8) form(0.9)
h: n            x            y(neutron ),hh0l n  
#  z-lower      z-upper        neutron   r.err 
  -4.1000E+01  -4.0000E+01   2.0935E+10  0.0057
  -4.0000E+01  -3.9000E+01   1.7591E+10  0.0083
  -3.9000E+01  -3.8000E+01   1.7486E+10  0.0084
  -3.8000E+01  -3.7000E+01   1.7207E+10  0.0085
  -3.7000E+01  -3.6000E+01   1.6802E+10  0.0087
  -3.6000E+01  -3.5000E+01   1.5921E+10  0.0088
  -3.5000E+01  -3.4000E+01   1.5067E+10  0.0090
  -3.4000E+01  -3.3000E+01   1.4143E+10  0.0091
  -3.3000E+01  -3.2000E+01   1.3458E+10  0.0093
  -3.2000E+01  -3.1000E+01   1.2849E+10  0.0095
  -3.1000E+01  -3.0000E+01   1.1643E+10  0.0098
  -3.0000E+01  -2.9000E+01   1.0530E+10  0.0100
  -2.9000E+01  -2.8000E+01   9.4972E+09  0.0103
  -2.8000E+01  -2.7000E+01   8.5052E+09  0.0107
  -2.7000E+01  -2.6000E+01   7.4068E+09  0.0111
  -2.6000E+01  -2.5000E+01   6.3286E+09  0.0113
  -2.5000E+01  -2.4000E+01   5.1423E+09  0.0110
  -2.4000E+01  -2.3000E+01   4.1608E+09  0.0110
  -2.3000E+01  -2.2000E+01   3.4089E+09  0.0115
  -2.2000E+01  -2.1000E+01   2.8978E+09  0.0127
  -2.1000E+01  -2.0000E+01   2.4635E+09  0.0139
  -2.0000E+01  -1.9000E+01   2.0687E+09  0.0143
  -1.9000E+01  -1.8000E+01   1.7418E+09  0.0144
  -1.8000E+01  -1.7000E+01   1.4723E+09  0.0150
  -1.7000E+01  -1.6000E+01   1.2596E+09  0.0158
  -1.6000E+01  -1.5000E+01   1.0946E+09  0.0168
  -1.5000E+01  -1.4000E+01   9.6109E+08  0.0177
  -1.4000E+01  -1.3000E+01   8.4728E+08  0.0187
  -1.3000E+01  -1.2000E+01   7.4958E+08  0.0197
  -1.2000E+01  -1.1000E+01   6.6357E+08  0.0208
  -1.1000E+01  -1.0000E+01   5.9088E+08  0.0220
  -1.0000E+01  -9.0000E+00   5.3133E+08  0.0231
  -9.0000E+00  -8.0000E+00   4.8120E+08  0.0243
  -8.0000E+00  -7.0000E+00   4.4203E+08  0.0254
  -7.0000E+00  -6.0000E+00   4.0179E+08  0.0266
  -6.0000E+00  -5.0000E+00   3.6534E+08  0.0278
  -5.0000E+00  -4.0000E+00   3.3837E+08  0.0289
  -4.0000E+00  -3.0000E+00   3.1325E+08  0.0300
  -3.0000E+00  -2.0000E+00   2.9270E+08  0.0310
  -2.0000E+00  -1.0000E+00   2.7306E+08  0.0320
  -1.0000E+00   0.0000E+00   2.5519E+08  0.0331
   0.0000E+00   1.0000E+00   2.4064E+08  0.0342
   1.0000E+00   2.0000E+00   2.2625E+08  0.0360
   2.0000E+00   3.0000E+00   2.1093E+08  0.0364
   3.0000E+00   4.0000E+00   1.9600E+08  0.0377
   4.0000E+00   5.0000E+00   1.8438E+08  0.0389
   5.0000E+00   6.0000E+00   1.7502E+08  0.0401
   6.0000E+00   7.0000E+00   1.6619E+08  0.0410
   7.0000E+00   8.0000E+00   1.5668E+08  0.0423
   8.0000E+00   9.0000E+00   1.4941E+08  0.0432
   9.0000E+00   1.0000E+01   1.4133E+08  0.0444
   1.0000E+01   1.1000E+01   1.3351E+08  0.0458
   1.1000E+01   1.2000E+01   1.2897E+08  0.0467
   1.2000E+01   1.3000E+01   1.2457E+08  0.0476
   1.3000E+01   1.4000E+01   1.1973E+08  0.0485
   1.4000E+01   1.5000E+01   1.1641E+08  0.0496

#   sum over    5.3219E+03   4.4831E+09

'no. =  1,  ie =  1,  ir =  1'
msuc: {\huge [t-track] in r-z mesh}
msdr: {\it plotted by \ANGEL \version}
msdl: {\it calculated by \PHITS  3.31}
wt: s(0.7)
\vspace{-3}
  emin  &=&   0.0000E+00 [MeV]
  emax  &=&   1.0000E+03 [MeV]
  rmin  &=&   0.0000E+00 [cm]
  rmax  &=&   5.5000E+00 [cm]
e:
 
# Information for Restart Calculation
# This calculation was newly started
# istdev =  2 # 1:Batch variance, 2:History variance
# resc2  = 3.16696914853137037E-08 # Total source weight or Total source weight / maxcas
# resc3  = 2.96500000000000000E+08 # Total history number or Total batch number
# maxcas =      100000 # History / Batch, only used for istdev=1
# bitrseed = 1110111111111011101011000001110000011000010100100011001010101010 # bit data of rseed
