[ T-Track ]
    title = [t-track] in r-z mesh
     mesh =  r-z            # mesh type is r-z scoring mesh
       x0 =   0.000000      # center x-position of r-z mesh
       y0 =   0.000000      # center y-position of r-z mesh
   r-type =    2            # r-mesh is linear given by rmin, rmax and nr
     rmin =   0.000000      # minimum value of r-mesh points
     rmax =   5.500000      # maximum value of r-mesh points
#    rdel =   5.500000      # mesh width of r-mesh points
       nr =      1          # number of r-mesh points
#    data = ( r(i), i = 1, nr + 1 )
#           0.00000E+00  5.50000E+00
   z-type =    2            # z-mesh is linear given by zmin, zmax and nz
     zmin =  -41.00000      # minimum value of z-mesh points
     zmax =   15.00000      # maximum value of z-mesh points
#    zdel =   1.000000      # mesh width of z-mesh points
       nz =     56          # number of z-mesh points
#    data = ( z(i), i = 1, nz + 1 )
#          -4.10000E+01 -4.00000E+01 -3.90000E+01 -3.80000E+01 -3.70000E+01
#          -3.60000E+01 -3.50000E+01 -3.40000E+01 -3.30000E+01 -3.20000E+01
#          -3.10000E+01 -3.00000E+01 -2.90000E+01 -2.80000E+01 -2.70000E+01
#          -2.60000E+01 -2.50000E+01 -2.40000E+01 -2.30000E+01 -2.20000E+01
#          -2.10000E+01 -2.00000E+01 -1.90000E+01 -1.80000E+01 -1.70000E+01
#          -1.60000E+01 -1.50000E+01 -1.40000E+01 -1.30000E+01 -1.20000E+01
#          -1.10000E+01 -1.00000E+01 -9.00000E+00 -8.00000E+00 -7.00000E+00
#          -6.00000E+00 -5.00000E+00 -4.00000E+00 -3.00000E+00 -2.00000E+00
#          -1.00000E+00  0.00000E+00  1.00000E+00  2.00000E+00  3.00000E+00
#           4.00000E+00  5.00000E+00  6.00000E+00  7.00000E+00  8.00000E+00
#           9.00000E+00  1.00000E+01  1.10000E+01  1.20000E+01  1.30000E+01
#           1.40000E+01  1.50000E+01
     trcl =   2004          # transform ID
   e-type =    2            # e-mesh is linear given by emin, emax and ne
     emin =  1.0000000E-06  # minimum value of e-mesh points
     emax =  4.0000000E-02  # maximum value of e-mesh points
#    edel =  3.9999000E-02  # mesh width of e-mesh points
       ne =      1          # number of e-mesh points
#    data = ( e(i), i = 1, ne + 1 )
#           1.00000E-06  4.00000E-02
     unit =    1            # unit is [1/cm^2/source]
 material =  all            # (D=all) number of specific material
     axis =       z            # axis of output
     file = epithermal_neutron_flux.out  # file name of output for the above axis
     part =  neutron  
# kf/name :  2112     
    gshow =    1            # 0: no 1:bnd, 2:bnd+mat, 3:bnd+reg 4:bnd+lat 5:bmp style
    ginfo =    1            # (D=0) 0:no, 1:show in graph, 2:add file
    resol =    1            # (D=1) resolution of gshow or rshow
    width = 0.5000000       # (D=0.5) width of lines for gshow or rshow
   epsout =    1            # (D=0) generate eps file by ANGEL
#    used :        main (  %)        temp (  %)       total (  %)
#  memory :          65 (  0)           0 (  0)          65 (  0)

#------------------------------------------------------------------------------
#newpage:
#   no. =  1   ie  =  1   ir  =  1
#   e = (   1.0000E-06  -   4.0000E-02  )
#   r = (   0.0000E+00  -   5.5000E+00  )

x: z [cm]
y: Flux [1/cm^2/source]              
p: xlin ylog afac(0.8) form(0.9)
h: n            x            y(neutron ),hh0l n  
#  z-lower      z-upper        neutron   r.err 
  -4.1000E+01  -4.0000E+01   1.5704E+10  0.0112
  -4.0000E+01  -3.9000E+01   1.2646E+10  0.0165
  -3.9000E+01  -3.8000E+01   1.2715E+10  0.0171
  -3.8000E+01  -3.7000E+01   1.2383E+10  0.0173
  -3.7000E+01  -3.6000E+01   1.1653E+10  0.0174
  -3.6000E+01  -3.5000E+01   1.0987E+10  0.0179
  -3.5000E+01  -3.4000E+01   1.0217E+10  0.0183
  -3.4000E+01  -3.3000E+01   9.6378E+09  0.0193
  -3.3000E+01  -3.2000E+01   8.7009E+09  0.0198
  -3.2000E+01  -3.1000E+01   7.9815E+09  0.0204
  -3.1000E+01  -3.0000E+01   7.0715E+09  0.0206
  -3.0000E+01  -2.9000E+01   6.4693E+09  0.0217
  -2.9000E+01  -2.8000E+01   5.5912E+09  0.0220
  -2.8000E+01  -2.7000E+01   5.1320E+09  0.0233
  -2.7000E+01  -2.6000E+01   4.3857E+09  0.0238
  -2.6000E+01  -2.5000E+01   3.6303E+09  0.0239
  -2.5000E+01  -2.4000E+01   3.1094E+09  0.0236
  -2.4000E+01  -2.3000E+01   2.5038E+09  0.0232
  -2.3000E+01  -2.2000E+01   2.1034E+09  0.0247
  -2.2000E+01  -2.1000E+01   1.7732E+09  0.0263
  -2.1000E+01  -2.0000E+01   1.5217E+09  0.0281
  -2.0000E+01  -1.9000E+01   1.3301E+09  0.0302
  -1.9000E+01  -1.8000E+01   1.2186E+09  0.0362
  -1.8000E+01  -1.7000E+01   1.0760E+09  0.0370
  -1.7000E+01  -1.6000E+01   9.9317E+08  0.0396
  -1.6000E+01  -1.5000E+01   8.9516E+08  0.0386
  -1.5000E+01  -1.4000E+01   7.7671E+08  0.0397
  -1.4000E+01  -1.3000E+01   6.7603E+08  0.0400
  -1.3000E+01  -1.2000E+01   5.9611E+08  0.0407
  -1.2000E+01  -1.1000E+01   5.2083E+08  0.0418
  -1.1000E+01  -1.0000E+01   4.5279E+08  0.0442
  -1.0000E+01  -9.0000E+00   3.9767E+08  0.0464
  -9.0000E+00  -8.0000E+00   3.5554E+08  0.0486
  -8.0000E+00  -7.0000E+00   3.2462E+08  0.0511
  -7.0000E+00  -6.0000E+00   2.9778E+08  0.0534
  -6.0000E+00  -5.0000E+00   2.6899E+08  0.0557
  -5.0000E+00  -4.0000E+00   2.4022E+08  0.0580
  -4.0000E+00  -3.0000E+00   2.2343E+08  0.0599
  -3.0000E+00  -2.0000E+00   2.1020E+08  0.0617
  -2.0000E+00  -1.0000E+00   1.9803E+08  0.0635
  -1.0000E+00   0.0000E+00   1.8161E+08  0.0663
   0.0000E+00   1.0000E+00   1.6879E+08  0.0686
   1.0000E+00   2.0000E+00   1.5306E+08  0.0718
   2.0000E+00   3.0000E+00   1.4245E+08  0.0740
   3.0000E+00   4.0000E+00   1.3202E+08  0.0770
   4.0000E+00   5.0000E+00   1.2515E+08  0.0790
   5.0000E+00   6.0000E+00   1.1607E+08  0.0821
   6.0000E+00   7.0000E+00   1.1152E+08  0.0839
   7.0000E+00   8.0000E+00   1.0384E+08  0.0865
   8.0000E+00   9.0000E+00   9.9768E+07  0.0883
   9.0000E+00   1.0000E+01   9.4931E+07  0.0904
   1.0000E+01   1.1000E+01   8.9954E+07  0.0926
   1.1000E+01   1.2000E+01   8.4496E+07  0.0956
   1.2000E+01   1.3000E+01   7.9431E+07  0.0985
   1.3000E+01   1.4000E+01   7.3278E+07  0.1030
   1.4000E+01   1.5000E+01   7.1005E+07  0.1045

#   sum over    5.3219E+03   3.0142E+09

'no. =  1,  ie =  1,  ir =  1'
msuc: {\huge [t-track] in r-z mesh}
msdr: {\it plotted by \ANGEL \version}
msdl: {\it calculated by \PHITS  3.31}
wt: s(0.7)
\vspace{-3}
  emin  &=&   1.0000E-06 [MeV]
  emax  &=&   4.0000E-02 [MeV]
  rmin  &=&   0.0000E+00 [cm]
  rmax  &=&   5.5000E+00 [cm]
e:
 
# Information for Restart Calculation
# This calculation was newly started
# istdev =  2 # 1:Batch variance, 2:History variance
# resc2  = 1.17492953338958197E-08 # Total source weight or Total source weight / maxcas
# resc3  = 1.10000000000000000E+08 # Total history number or Total batch number
# maxcas =    10000000 # History / Batch, only used for istdev=1
# bitrseed = 0010111011011111100110010111010111100011011000101000110100100001 # bit data of rseed
