[ T-Deposit ]
    title = [t-deposit] in r-z mesh
     mesh =  r-z            # mesh type is r-z scoring mesh
       x0 =   0.000000      # center x-position of r-z mesh
       y0 =   0.000000      # center y-position of r-z mesh
   r-type =    2            # r-mesh is linear given by rmin, rmax and nr
     rmin =   0.000000      # minimum value of r-mesh points
     rmax =   5.500000      # maximum value of r-mesh points
#    rdel =   5.500000      # mesh width of r-mesh points
       nr =      1          # number of r-mesh points
#    data = ( r(i), i = 1, nr + 1 )
#           0.00000E+00  5.50000E+00
   z-type =    2            # z-mesh is linear given by zmin, zmax and nz
     zmin =  -41.00000      # minimum value of z-mesh points
     zmax =   15.00000      # maximum value of z-mesh points
#    zdel =   1.000000      # mesh width of z-mesh points
       nz =     56          # number of z-mesh points
#    data = ( z(i), i = 1, nz + 1 )
#          -4.10000E+01 -4.00000E+01 -3.90000E+01 -3.80000E+01 -3.70000E+01
#          -3.60000E+01 -3.50000E+01 -3.40000E+01 -3.30000E+01 -3.20000E+01
#          -3.10000E+01 -3.00000E+01 -2.90000E+01 -2.80000E+01 -2.70000E+01
#          -2.60000E+01 -2.50000E+01 -2.40000E+01 -2.30000E+01 -2.20000E+01
#          -2.10000E+01 -2.00000E+01 -1.90000E+01 -1.80000E+01 -1.70000E+01
#          -1.60000E+01 -1.50000E+01 -1.40000E+01 -1.30000E+01 -1.20000E+01
#          -1.10000E+01 -1.00000E+01 -9.00000E+00 -8.00000E+00 -7.00000E+00
#          -6.00000E+00 -5.00000E+00 -4.00000E+00 -3.00000E+00 -2.00000E+00
#          -1.00000E+00  0.00000E+00  1.00000E+00  2.00000E+00  3.00000E+00
#           4.00000E+00  5.00000E+00  6.00000E+00  7.00000E+00  8.00000E+00
#           9.00000E+00  1.00000E+01  1.10000E+01  1.20000E+01  1.30000E+01
#           1.40000E+01  1.50000E+01
     trcl =   2004          # transform ID
     unit =    0            # unit is [Gy/source]
   letmat =    0            # (D=0) mat ID for LET, 0:real mat, <0: electron for H2O
  dedxfnc =    0            # (D=0) user defined multiplier, 0(no), 1, 2
 material =  all            # (D=all) number of specific material
   output =  dose           # total deposit energy
  deposit =    0            # (D=0) 0-> total deposit dist, 1-> each process
     axis =     z           # axis of output
     file = gamma_dose.out  # file name of output for the above axis
     part =  photon   
# kf/name :  22       
    gshow =    1            # 0: no 1:bnd, 2:bnd+mat, 3:bnd+reg 4:bnd+lat 5:bmp style
    ginfo =    1            # (D=0) 0:no, 1:show in graph, 2:add file
    resol =    1            # (D=1) resolution of gshow or rshow
    width = 0.5000000       # (D=0.5) width of lines for gshow or rshow
   epsout =    1            # (D=0) generate eps file by ANGEL
#    used :        main (  %)        temp (  %)       total (  %)
#  memory :          62 (  0)           0 (  0)          62 (  0)

#------------------------------------------------------------------------------
#newpage:
#   no. =  1   ir  =  1
#   r = (   0.0000E+00  -   5.5000E+00  )

x: z [cm]
y: Dose [Gy/source]      
p: xlin ylog afac(0.8) form(0.9)
h: n            x            y(photon  ),hh0l n 
#  z-lower      z-upper        photon    r.err 
  -4.1000E+01  -4.0000E+01   9.0546E-02  0.0103
  -4.0000E+01  -3.9000E+01   3.1172E-02  0.0241
  -3.9000E+01  -3.8000E+01   3.0647E-02  0.0255
  -3.8000E+01  -3.7000E+01   3.0052E-02  0.0264
  -3.7000E+01  -3.6000E+01   2.8651E-02  0.0270
  -3.6000E+01  -3.5000E+01   2.8063E-02  0.0274
  -3.5000E+01  -3.4000E+01   2.4753E-02  0.0292
  -3.4000E+01  -3.3000E+01   2.1656E-02  0.0303
  -3.3000E+01  -3.2000E+01   1.5181E-02  0.0312
  -3.2000E+01  -3.1000E+01   1.2496E-02  0.0304
  -3.1000E+01  -3.0000E+01   1.0938E-02  0.0310
  -3.0000E+01  -2.9000E+01   9.4157E-03  0.0318
  -2.9000E+01  -2.8000E+01   8.2601E-03  0.0372
  -2.8000E+01  -2.7000E+01   7.2157E-03  0.0333
  -2.7000E+01  -2.6000E+01   6.8245E-03  0.0345
  -2.6000E+01  -2.5000E+01   6.4584E-03  0.0346
  -2.5000E+01  -2.4000E+01   6.4522E-03  0.0377
  -2.4000E+01  -2.3000E+01   6.8752E-03  0.0341
  -2.3000E+01  -2.2000E+01   6.5358E-03  0.0335
  -2.2000E+01  -2.1000E+01   5.9237E-03  0.0340
  -2.1000E+01  -2.0000E+01   5.4371E-03  0.0355
  -2.0000E+01  -1.9000E+01   4.7520E-03  0.0360
  -1.9000E+01  -1.8000E+01   4.0324E-03  0.0385
  -1.8000E+01  -1.7000E+01   3.4658E-03  0.0416
  -1.7000E+01  -1.6000E+01   3.0114E-03  0.0449
  -1.6000E+01  -1.5000E+01   2.6009E-03  0.0483
  -1.5000E+01  -1.4000E+01   2.3060E-03  0.0518
  -1.4000E+01  -1.3000E+01   2.0771E-03  0.0552
  -1.3000E+01  -1.2000E+01   1.8958E-03  0.0585
  -1.2000E+01  -1.1000E+01   1.7341E-03  0.0619
  -1.1000E+01  -1.0000E+01   1.5971E-03  0.0653
  -1.0000E+01  -9.0000E+00   1.4625E-03  0.0686
  -9.0000E+00  -8.0000E+00   1.3578E-03  0.0723
  -8.0000E+00  -7.0000E+00   1.2623E-03  0.0760
  -7.0000E+00  -6.0000E+00   1.1937E-03  0.0789
  -6.0000E+00  -5.0000E+00   1.1254E-03  0.0815
  -5.0000E+00  -4.0000E+00   1.0624E-03  0.0843
  -4.0000E+00  -3.0000E+00   1.0221E-03  0.0852
  -3.0000E+00  -2.0000E+00   9.4993E-04  0.0880
  -2.0000E+00  -1.0000E+00   9.1160E-04  0.0908
  -1.0000E+00   0.0000E+00   8.5643E-04  0.0946
   0.0000E+00   1.0000E+00   7.9872E-04  0.0983
   1.0000E+00   2.0000E+00   7.6112E-04  0.1013
   2.0000E+00   3.0000E+00   7.3891E-04  0.1034
   3.0000E+00   4.0000E+00   7.1176E-04  0.1063
   4.0000E+00   5.0000E+00   6.8196E-04  0.1098
   5.0000E+00   6.0000E+00   6.3292E-04  0.1119
   6.0000E+00   7.0000E+00   6.0826E-04  0.1150
   7.0000E+00   8.0000E+00   5.8602E-04  0.1182
   8.0000E+00   9.0000E+00   5.6595E-04  0.1198
   9.0000E+00   1.0000E+01   5.2194E-04  0.1236
   1.0000E+01   1.1000E+01   4.9451E-04  0.1275
   1.1000E+01   1.2000E+01   4.6762E-04  0.1296
   1.2000E+01   1.3000E+01   4.5167E-04  0.1321
   1.3000E+01   1.4000E+01   4.3783E-04  0.1342
   1.4000E+01   1.5000E+01   4.2882E-04  0.1361

'no. =  1,  ir =  1'
msuc: {\huge [t-deposit] in r-z mesh}
msdr: {\it plotted by \ANGEL \version}
msdl: {\it calculated by \PHITS  3.31}
wt: s(0.7)
\vspace{-3}
  rmin  &=&   0.0000E+00 [cm]
  rmax  &=&   5.5000E+00 [cm]
e:
 
# Information for Restart Calculation
# This calculation was newly started
# istdev =  2 # 1:Batch variance, 2:History variance
# resc2  = 1.17492953338958197E-08 # Total source weight or Total source weight / maxcas
# resc3  = 1.10000000000000000E+08 # Total history number or Total batch number
# maxcas =    10000000 # History / Batch, only used for istdev=1
# bitrseed = 0010111011011111100110010111010111100011011000101000110100100001 # bit data of rseed
