[ T-Cross ]
    title = [t-cross] in r-z mesh
     mesh =  r-z            # mesh type is r-z scoring mesh
       x0 =   0.000000      # center x-position of r-z mesh
       y0 =   0.000000      # center y-position of r-z mesh
   r-type =    2            # r-mesh is linear given by rmin, rmax and nr
     rmin =   0.000000      # minimum value of r-mesh points
     rmax =   5.500000      # maximum value of r-mesh points
#    rdel =   5.500000      # mesh width of r-mesh points
       nr =      1          # number of r-mesh points
#    data = ( r(i), i = 1, nr + 1 )
#           0.00000E+00  5.50000E+00
   z-type =    2            # z-mesh is linear given by zmin, zmax and nz
     zmin =  -41.00000      # minimum value of z-mesh points
     zmax =   15.00000      # maximum value of z-mesh points
#    zdel =   1.000000      # mesh width of z-mesh points
       nz =     56          # number of z-mesh points
#    data = ( z(i), i = 1, nz + 1 )
#          -4.10000E+01 -4.00000E+01 -3.90000E+01 -3.80000E+01 -3.70000E+01
#          -3.60000E+01 -3.50000E+01 -3.40000E+01 -3.30000E+01 -3.20000E+01
#          -3.10000E+01 -3.00000E+01 -2.90000E+01 -2.80000E+01 -2.70000E+01
#          -2.60000E+01 -2.50000E+01 -2.40000E+01 -2.30000E+01 -2.20000E+01
#          -2.10000E+01 -2.00000E+01 -1.90000E+01 -1.80000E+01 -1.70000E+01
#          -1.60000E+01 -1.50000E+01 -1.40000E+01 -1.30000E+01 -1.20000E+01
#          -1.10000E+01 -1.00000E+01 -9.00000E+00 -8.00000E+00 -7.00000E+00
#          -6.00000E+00 -5.00000E+00 -4.00000E+00 -3.00000E+00 -2.00000E+00
#          -1.00000E+00  0.00000E+00  1.00000E+00  2.00000E+00  3.00000E+00
#           4.00000E+00  5.00000E+00  6.00000E+00  7.00000E+00  8.00000E+00
#           9.00000E+00  1.00000E+01  1.10000E+01  1.20000E+01  1.30000E+01
#           1.40000E+01  1.50000E+01
     trcl =   2004          # transform ID
   e-type =    2            # e-mesh is linear given by emin, emax and ne
     emin =   0.000000      # minimum value of e-mesh points
     emax =   1000.000      # maximum value of e-mesh points
#    edel =   1000.000      # mesh width of e-mesh points
       ne =      1          # number of e-mesh points
#    data = ( e(i), i = 1, ne + 1 )
#           0.00000E+00  1.00000E+03
  eng2let =    0            # (D=0) Flag to convert energy to LET, 0: not convert, 1: convert
     unit =    1            # unit is [1/cm^2/source]
     axis =    z            # axis of output
     file = total_neutron_current.out  # file name of output for the above axis
   output = current         # surface crossing current spectrum
     part =  neutron  
# kf/name :  2112     
    gshow =    1            # 0: no 1:bnd, 2:bnd+mat, 3:bnd+reg 4:bnd+lat 5:bmp style
    ginfo =    1            # (D=0) 0:no, 1:show in graph, 2:add file
    resol =    1            # (D=1) resolution of gshow
    width = 0.5000000       # (D=0.5) width of lines for gshow
   epsout =    1            # (D=0) generate eps file by ANGEL
#    used :        main (  %)        temp (  %)       total (  %)
#  memory :          65 (  0)           0 (  0)          65 (  0)

#------------------------------------------------------------------------------
#newpage:
#   no. =  1   ir  =  1
#   r = (   0.0000E+00  -   5.5000E+00  )
#  ie =  1
#   e = (   0.0000E+00  -   1.0000E+03  )

x: z [cm]
y: Current [1/cm^2/source]                 
p: xlin ylog afac(0.8) form(0.9)
h:              x            y(neutron ),l3 n 
#       z surface position     neutron   r.err 
               -4.1000E+01   1.7421E+10  0.0078
               -4.0000E+01   8.4713E+09  0.0119
               -3.9000E+01   8.4074E+09  0.0122
               -3.8000E+01   8.3414E+09  0.0122
               -3.7000E+01   8.1537E+09  0.0124
               -3.6000E+01   7.8430E+09  0.0126
               -3.5000E+01   7.4742E+09  0.0127
               -3.4000E+01   7.1781E+09  0.0131
               -3.3000E+01   6.6343E+09  0.0131
               -3.2000E+01   6.3217E+09  0.0131
               -3.1000E+01   5.8758E+09  0.0133
               -3.0000E+01   5.4925E+09  0.0137
               -2.9000E+01   5.0757E+09  0.0139
               -2.8000E+01   4.6428E+09  0.0141
               -2.7000E+01   4.2210E+09  0.0145
               -2.6000E+01   3.7517E+09  0.0149
               -2.5000E+01   3.3507E+09  0.0153
               -2.4000E+01   2.9755E+09  0.0160
               -2.3000E+01   2.5806E+09  0.0172
               -2.2000E+01   2.2438E+09  0.0185
               -2.1000E+01   1.9766E+09  0.0199
               -2.0000E+01   1.7434E+09  0.0214
               -1.9000E+01   1.5400E+09  0.0229
               -1.8000E+01   1.3520E+09  0.0241
               -1.7000E+01   1.2036E+09  0.0253
               -1.6000E+01   1.1052E+09  0.0262
               -1.5000E+01   9.9336E+08  0.0273
               -1.4000E+01   9.0330E+08  0.0286
               -1.3000E+01   8.0589E+08  0.0303
               -1.2000E+01   7.1461E+08  0.0321
               -1.1000E+01   6.2548E+08  0.0343
               -1.0000E+01   5.6673E+08  0.0361
               -9.0000E+00   5.0628E+08  0.0381
               -8.0000E+00   4.6990E+08  0.0397
               -7.0000E+00   4.2543E+08  0.0417
               -6.0000E+00   3.9153E+08  0.0434
               -5.0000E+00   3.4824E+08  0.0459
               -4.0000E+00   3.2576E+08  0.0475
               -3.0000E+00   3.0591E+08  0.0491
               -2.0000E+00   2.8652E+08  0.0507
               -1.0000E+00   2.6604E+08  0.0527
                0.0000E+00   2.4112E+08  0.0553
                1.0000E+00   2.2671E+08  0.0570
                2.0000E+00   2.1045E+08  0.0591
                3.0000E+00   1.9323E+08  0.0615
                4.0000E+00   1.8151E+08  0.0633
                5.0000E+00   1.7281E+08  0.0648
                6.0000E+00   1.6427E+08  0.0667
                7.0000E+00   1.5609E+08  0.0683
                8.0000E+00   1.4875E+08  0.0700
                9.0000E+00   1.4083E+08  0.0717
                1.0000E+01   1.3498E+08  0.0733
                1.1000E+01   1.2590E+08  0.0759
                1.2000E+01   1.1920E+08  0.0780
                1.3000E+01   1.1229E+08  0.0804
                1.4000E+01   1.0877E+08  0.0815
                1.5000E+01   1.0618E+08  0.0826

#   sum over    5.4169E+03   2.5589E+09

'no. =  1,  ie =  1,  ir =  1'
msuc: {\huge [t-cross] in r-z mesh}
msdr: {\it plotted by \ANGEL \version}
msdl: {\it calculated by \PHITS  3.31}
wt: s(0.7)
\vspace{-3}
  z surface crossing
  area  &=&   9.5033E+01 [cm^2]
  rmin  &=&   0.0000E+00 [cm]
  rmax  &=&   5.5000E+00 [cm]
  emin  &=&   0.0000E+00 [MeV]
  emax  &=&   1.0000E+03 [MeV]
e:

#------------------------------------------------------------------------------
 newpage:
#   no. =  2   ir surf =  2
#   rmesh =    5.5000E+00
#  ie =  1
#   e = (   0.0000E+00  -   1.0000E+03  )

x: z [cm]
y: Current [1/cm^2/source]                 
p: xlin ylog afac(0.8) form(0.9)
h:              x            y(neutron ),hh0l n 
#  z-lower      z-upper        neutron   r.err 
  -4.1000E+01  -4.0000E+01   1.0923E+10  0.0157
  -4.0000E+01  -3.9000E+01   1.0070E+10  0.0193
  -3.9000E+01  -3.8000E+01   1.0070E+10  0.0197
  -3.8000E+01  -3.7000E+01   9.6942E+09  0.0198
  -3.7000E+01  -3.6000E+01   9.5540E+09  0.0200
  -3.6000E+01  -3.5000E+01   9.0465E+09  0.0208
  -3.5000E+01  -3.4000E+01   8.3032E+09  0.0212
  -3.4000E+01  -3.3000E+01   7.5447E+09  0.0224
  -3.3000E+01  -3.2000E+01   7.0740E+09  0.0212
  -3.2000E+01  -3.1000E+01   6.7185E+09  0.0217
  -3.1000E+01  -3.0000E+01   5.8198E+09  0.0224
  -3.0000E+01  -2.9000E+01   5.2665E+09  0.0240
  -2.9000E+01  -2.8000E+01   4.6651E+09  0.0247
  -2.8000E+01  -2.7000E+01   4.1595E+09  0.0264
  -2.7000E+01  -2.6000E+01   3.6638E+09  0.0281
  -2.6000E+01  -2.5000E+01   2.9202E+09  0.0303
  -2.5000E+01  -2.4000E+01   2.2216E+09  0.0337
  -2.4000E+01  -2.3000E+01   1.4486E+09  0.0385
  -2.3000E+01  -2.2000E+01   1.1360E+09  0.0432
  -2.2000E+01  -2.1000E+01   9.3882E+08  0.0481
  -2.1000E+01  -2.0000E+01   8.3358E+08  0.0501
  -2.0000E+01  -1.9000E+01   7.6227E+08  0.0535
  -1.9000E+01  -1.8000E+01   7.4722E+08  0.0609
  -1.8000E+01  -1.7000E+01   6.2241E+08  0.0636
  -1.7000E+01  -1.6000E+01   5.5510E+08  0.0701
  -1.6000E+01  -1.5000E+01   5.1377E+08  0.0690
  -1.5000E+01  -1.4000E+01   3.8610E+08  0.0767
  -1.4000E+01  -1.3000E+01   3.4352E+08  0.0771
  -1.3000E+01  -1.2000E+01   2.8849E+08  0.0834
  -1.2000E+01  -1.1000E+01   2.5767E+08  0.0889
  -1.1000E+01  -1.0000E+01   1.7211E+08  0.1071
  -1.0000E+01  -9.0000E+00   1.8052E+08  0.1073
  -9.0000E+00  -8.0000E+00   1.1794E+08  0.1313
  -8.0000E+00  -7.0000E+00   1.3243E+08  0.1236
  -7.0000E+00  -6.0000E+00   9.9426E+07  0.1456
  -6.0000E+00  -5.0000E+00   1.1809E+08  0.1299
  -5.0000E+00  -4.0000E+00   6.4801E+07  0.1728
  -4.0000E+00  -3.0000E+00   5.9401E+07  0.1774
  -3.0000E+00  -2.0000E+00   5.3329E+07  0.1938
  -2.0000E+00  -1.0000E+00   5.6984E+07  0.1834
  -1.0000E+00   0.0000E+00   6.7595E+07  0.1785
   0.0000E+00   1.0000E+00   3.9620E+07  0.2230
   1.0000E+00   2.0000E+00   4.4723E+07  0.2179
   2.0000E+00   3.0000E+00   4.7329E+07  0.2143
   3.0000E+00   4.0000E+00   3.2256E+07  0.2571
   4.0000E+00   5.0000E+00   2.7128E+07  0.2749
   5.0000E+00   6.0000E+00   2.3489E+07  0.2718
   6.0000E+00   7.0000E+00   2.1582E+07  0.3152
   7.0000E+00   8.0000E+00   2.3987E+07  0.2880
   8.0000E+00   9.0000E+00   2.1803E+07  0.3171
   9.0000E+00   1.0000E+01   1.6073E+07  0.3499
   1.0000E+01   1.1000E+01   2.4970E+07  0.2787
   1.1000E+01   1.2000E+01   1.8426E+07  0.3303
   1.2000E+01   1.3000E+01   1.8991E+07  0.3271
   1.3000E+01   1.4000E+01   9.7002E+06  0.4733
   1.4000E+01   1.5000E+01   7.1266E+06  0.5007

#   sum over    1.9352E+03   2.2866E+09

'no. =  2,   ir surf =  2,   ie =  1'
msuc: {\huge [t-cross] in r-z mesh}
msdr: {\it plotted by \ANGEL \version}
msdl: {\it calculated by \PHITS  3.31}
wt: s(0.7)
\vspace{-3}
  r surface crossing
  r     &=&   5.5000E+00 [cm]
  emin  &=&   0.0000E+00 [MeV]
  emax  &=&   1.0000E+03 [MeV]
 tot area  &=&   1.9352E+03 [cm^2]
e:
 
# Information for Restart Calculation
# This calculation was newly started
# istdev =  2 # 1:Batch variance, 2:History variance
# resc2  = 1.17492953338958197E-08 # Total source weight or Total source weight / maxcas
# resc3  = 1.10000000000000000E+08 # Total history number or Total batch number
# maxcas =    10000000 # History / Batch, only used for istdev=1
# bitrseed = 0010111011011111100110010111010111100011011000101000110100100001 # bit data of rseed
