[ T-Track ]
    title = [t-track] in r-z mesh
     mesh =  r-z            # mesh type is r-z scoring mesh
       x0 =   0.000000      # center x-position of r-z mesh
       y0 =   0.000000      # center y-position of r-z mesh
   r-type =    2            # r-mesh is linear given by rmin, rmax and nr
     rmin =   0.000000      # minimum value of r-mesh points
     rmax =   3.000000      # maximum value of r-mesh points
#    rdel =   3.000000      # mesh width of r-mesh points
       nr =      1          # number of r-mesh points
#    data = ( r(i), i = 1, nr + 1 )
#           0.00000E+00  3.00000E+00
   z-type =    2            # z-mesh is linear given by zmin, zmax and nz
     zmin =  -21.00000      # minimum value of z-mesh points
     zmax =   21.00000      # maximum value of z-mesh points
#    zdel =   1.000000      # mesh width of z-mesh points
       nz =     42          # number of z-mesh points
#    data = ( z(i), i = 1, nz + 1 )
#          -2.10000E+01 -2.00000E+01 -1.90000E+01 -1.80000E+01 -1.70000E+01
#          -1.60000E+01 -1.50000E+01 -1.40000E+01 -1.30000E+01 -1.20000E+01
#          -1.10000E+01 -1.00000E+01 -9.00000E+00 -8.00000E+00 -7.00000E+00
#          -6.00000E+00 -5.00000E+00 -4.00000E+00 -3.00000E+00 -2.00000E+00
#          -1.00000E+00  0.00000E+00  1.00000E+00  2.00000E+00  3.00000E+00
#           4.00000E+00  5.00000E+00  6.00000E+00  7.00000E+00  8.00000E+00
#           9.00000E+00  1.00000E+01  1.10000E+01  1.20000E+01  1.30000E+01
#           1.40000E+01  1.50000E+01  1.60000E+01  1.70000E+01  1.80000E+01
#           1.90000E+01  2.00000E+01  2.10000E+01
     trcl =   2004          # transform ID
   e-type =    2            # e-mesh is linear given by emin, emax and ne
     emin =  5.0000000E-07  # minimum value of e-mesh points
     emax =  1.0000000E-02  # maximum value of e-mesh points
#    edel =  9.9995000E-03  # mesh width of e-mesh points
       ne =      1          # number of e-mesh points
#    data = ( e(i), i = 1, ne + 1 )
#           5.00000E-07  1.00000E-02
     unit =    1            # unit is [1/cm^2/source]
 material =  all            # (D=all) number of specific material
     axis =       z            # axis of output
     file = epithermal_neutron_flux.out  # file name of output for the above axis
     part =  neutron  
# kf/name :  2112     
    gshow =    1            # 0: no 1:bnd, 2:bnd+mat, 3:bnd+reg 4:bnd+lat 5:bmp style
    ginfo =    1            # (D=0) 0:no, 1:show in graph, 2:add file
    resol =    1            # (D=1) resolution of gshow or rshow
    width = 0.5000000       # (D=0.5) width of lines for gshow or rshow
   epsout =    1            # (D=0) generate eps file by ANGEL
#    used :        main (  %)        temp (  %)       total (  %)
#  memory :          51 (  0)           0 (  0)          51 (  0)

#------------------------------------------------------------------------------
#newpage:
#   no. =  1   ie  =  1   ir  =  1
#   e = (   5.0000E-07  -   1.0000E-02  )
#   r = (   0.0000E+00  -   3.0000E+00  )

x: z [cm]
y: Flux [1/cm^2/source]              
p: xlin ylog afac(0.8) form(0.9)
h: n            x            y(neutron ),hh0l n  
#  z-lower      z-upper        neutron   r.err 
  -2.1000E+01  -2.0000E+01   1.1512E+09  0.0182
  -2.0000E+01  -1.9000E+01   1.0037E+09  0.0195
  -1.9000E+01  -1.8000E+01   8.8292E+08  0.0208
  -1.8000E+01  -1.7000E+01   8.0417E+08  0.0224
  -1.7000E+01  -1.6000E+01   7.4534E+08  0.0241
  -1.6000E+01  -1.5000E+01   7.1539E+08  0.0254
  -1.5000E+01  -1.4000E+01   7.1469E+08  0.0279
  -1.4000E+01  -1.3000E+01   5.6792E+08  0.0327
  -1.3000E+01  -1.2000E+01   3.7267E+08  0.0410
  -1.2000E+01  -1.1000E+01   2.3235E+08  0.0522
  -1.1000E+01  -1.0000E+01   1.2401E+08  0.0657
  -1.0000E+01  -9.0000E+00   7.7747E+07  0.0861
  -9.0000E+00  -8.0000E+00   4.1702E+07  0.1139
  -8.0000E+00  -7.0000E+00   2.7022E+07  0.1513
  -7.0000E+00  -6.0000E+00   1.7786E+07  0.2000
  -6.0000E+00  -5.0000E+00   1.0855E+07  0.2199
  -5.0000E+00  -4.0000E+00   9.3848E+06  0.2239
  -4.0000E+00  -3.0000E+00   8.5738E+06  0.2454
  -3.0000E+00  -2.0000E+00   6.9904E+06  0.2657
  -2.0000E+00  -1.0000E+00   5.4594E+06  0.2993
  -1.0000E+00   0.0000E+00   3.3984E+06  0.3472
   0.0000E+00   1.0000E+00   3.6999E+06  0.3353
   1.0000E+00   2.0000E+00   3.4291E+06  0.3701
   2.0000E+00   3.0000E+00   2.1146E+06  0.3612
   3.0000E+00   4.0000E+00   1.7449E+06  0.3857
   4.0000E+00   5.0000E+00   2.1840E+06  0.3570
   5.0000E+00   6.0000E+00   5.5904E+06  0.3385
   6.0000E+00   7.0000E+00   3.2841E+06  0.3733
   7.0000E+00   8.0000E+00   1.8552E+06  0.4431
   8.0000E+00   9.0000E+00   1.1432E+06  0.5234
   9.0000E+00   1.0000E+01   1.5869E+06  0.4919
   1.0000E+01   1.1000E+01   1.4451E+06  0.6153
   1.1000E+01   1.2000E+01   1.8370E+06  0.6734
   1.2000E+01   1.3000E+01   5.6989E+05  0.9499
   1.3000E+01   1.4000E+01   1.2178E+06  0.7703
   1.4000E+01   1.5000E+01   2.2141E+05  1.0000
   1.5000E+01   1.6000E+01   0.0000E+00  0.0000
   1.6000E+01   1.7000E+01   0.0000E+00  0.0000
   1.7000E+01   1.8000E+01   0.0000E+00  0.0000
   1.8000E+01   1.9000E+01   1.2205E+05  1.0000
   1.9000E+01   2.0000E+01   3.2111E+05  1.0000
   2.0000E+01   2.1000E+01   4.3521E+05  0.7830

#   sum over    1.1875E+03   1.7991E+08

'no. =  1,  ie =  1,  ir =  1'
msuc: {\huge [t-track] in r-z mesh}
msdr: {\it plotted by \ANGEL \version}
msdl: {\it calculated by \PHITS  3.31}
wt: s(0.7)
\vspace{-3}
  emin  &=&   5.0000E-07 [MeV]
  emax  &=&   1.0000E-02 [MeV]
  rmin  &=&   0.0000E+00 [cm]
  rmax  &=&   3.0000E+00 [cm]
e:
 
# Information for Restart Calculation
# This calculation was newly started
# istdev =  2 # 1:Batch variance, 2:History variance
# resc2  = 1.06811777143432578E-07 # Total source weight or Total source weight / maxcas
# resc3  = 1.00000000000000000E+09 # Total history number or Total batch number
# maxcas =      100000 # History / Batch, only used for istdev=1
# bitrseed = 0001001110011001001001110000100100110111001111011100001000101100 # bit data of rseed
