[ T-Deposit ]
    title = [t-deposit] in r-z mesh
     mesh =  r-z            # mesh type is r-z scoring mesh
       x0 =   0.000000      # center x-position of r-z mesh
       y0 =   0.000000      # center y-position of r-z mesh
   r-type =    2            # r-mesh is linear given by rmin, rmax and nr
     rmin =   0.000000      # minimum value of r-mesh points
     rmax =   5.500000      # maximum value of r-mesh points
#    rdel =   5.500000      # mesh width of r-mesh points
       nr =      1          # number of r-mesh points
#    data = ( r(i), i = 1, nr + 1 )
#           0.00000E+00  5.50000E+00
   z-type =    2            # z-mesh is linear given by zmin, zmax and nz
     zmin =  -41.00000      # minimum value of z-mesh points
     zmax =   15.00000      # maximum value of z-mesh points
#    zdel =   1.000000      # mesh width of z-mesh points
       nz =     56          # number of z-mesh points
#    data = ( z(i), i = 1, nz + 1 )
#          -4.10000E+01 -4.00000E+01 -3.90000E+01 -3.80000E+01 -3.70000E+01
#          -3.60000E+01 -3.50000E+01 -3.40000E+01 -3.30000E+01 -3.20000E+01
#          -3.10000E+01 -3.00000E+01 -2.90000E+01 -2.80000E+01 -2.70000E+01
#          -2.60000E+01 -2.50000E+01 -2.40000E+01 -2.30000E+01 -2.20000E+01
#          -2.10000E+01 -2.00000E+01 -1.90000E+01 -1.80000E+01 -1.70000E+01
#          -1.60000E+01 -1.50000E+01 -1.40000E+01 -1.30000E+01 -1.20000E+01
#          -1.10000E+01 -1.00000E+01 -9.00000E+00 -8.00000E+00 -7.00000E+00
#          -6.00000E+00 -5.00000E+00 -4.00000E+00 -3.00000E+00 -2.00000E+00
#          -1.00000E+00  0.00000E+00  1.00000E+00  2.00000E+00  3.00000E+00
#           4.00000E+00  5.00000E+00  6.00000E+00  7.00000E+00  8.00000E+00
#           9.00000E+00  1.00000E+01  1.10000E+01  1.20000E+01  1.30000E+01
#           1.40000E+01  1.50000E+01
     trcl =   2004          # transform ID
     unit =    0            # unit is [Gy/source]
   letmat =    0            # (D=0) mat ID for LET, 0:real mat, <0: electron for H2O
  dedxfnc =    0            # (D=0) user defined multiplier, 0(no), 1, 2
 material =  all            # (D=all) number of specific material
   output =  dose           # total deposit energy
  deposit =    0            # (D=0) 0-> total deposit dist, 1-> each process
     axis =     z           # axis of output
     file = gamma_dose.out  # file name of output for the above axis
     part =  photon   
# kf/name :  22       
    gshow =    1            # 0: no 1:bnd, 2:bnd+mat, 3:bnd+reg 4:bnd+lat 5:bmp style
    ginfo =    1            # (D=0) 0:no, 1:show in graph, 2:add file
    resol =    1            # (D=1) resolution of gshow or rshow
    width = 0.5000000       # (D=0.5) width of lines for gshow or rshow
   epsout =    1            # (D=0) generate eps file by ANGEL
#    used :        main (  %)        temp (  %)       total (  %)
#  memory :          62 (  0)           0 (  0)          62 (  0)

#------------------------------------------------------------------------------
#newpage:
#   no. =  1   ir  =  1
#   r = (   0.0000E+00  -   5.5000E+00  )

x: z [cm]
y: Dose [Gy/source]      
p: xlin ylog afac(0.8) form(0.9)
h: n            x            y(photon  ),hh0l n 
#  z-lower      z-upper        photon    r.err 
  -4.1000E+01  -4.0000E+01   2.9235E-02  0.0082
  -4.0000E+01  -3.9000E+01   2.8850E-02  0.0085
  -3.9000E+01  -3.8000E+01   2.7985E-02  0.0087
  -3.8000E+01  -3.7000E+01   2.6913E-02  0.0092
  -3.7000E+01  -3.6000E+01   2.4670E-02  0.0097
  -3.6000E+01  -3.5000E+01   2.1848E-02  0.0103
  -3.5000E+01  -3.4000E+01   1.5353E-02  0.0103
  -3.4000E+01  -3.3000E+01   1.2524E-02  0.0102
  -3.3000E+01  -3.2000E+01   1.0690E-02  0.0103
  -3.2000E+01  -3.1000E+01   9.2615E-03  0.0106
  -3.1000E+01  -3.0000E+01   8.1788E-03  0.0112
  -3.0000E+01  -2.9000E+01   7.3325E-03  0.0117
  -2.9000E+01  -2.8000E+01   6.6594E-03  0.0118
  -2.8000E+01  -2.7000E+01   6.2061E-03  0.0118
  -2.7000E+01  -2.6000E+01   6.0789E-03  0.0123
  -2.6000E+01  -2.5000E+01   6.5428E-03  0.0117
  -2.5000E+01  -2.4000E+01   5.9397E-03  0.0117
  -2.4000E+01  -2.3000E+01   4.9309E-03  0.0123
  -2.3000E+01  -2.2000E+01   4.0709E-03  0.0135
  -2.2000E+01  -2.1000E+01   3.5077E-03  0.0144
  -2.1000E+01  -2.0000E+01   3.0412E-03  0.0153
  -2.0000E+01  -1.9000E+01   2.7240E-03  0.0163
  -1.9000E+01  -1.8000E+01   2.4954E-03  0.0174
  -1.8000E+01  -1.7000E+01   2.3013E-03  0.0184
  -1.7000E+01  -1.6000E+01   2.1289E-03  0.0192
  -1.6000E+01  -1.5000E+01   2.0530E-03  0.0215
  -1.5000E+01  -1.4000E+01   2.0295E-03  0.0209
  -1.4000E+01  -1.3000E+01   1.9649E-03  0.0225
  -1.3000E+01  -1.2000E+01   1.8059E-03  0.0229
  -1.2000E+01  -1.1000E+01   1.6665E-03  0.0240
  -1.1000E+01  -1.0000E+01   1.5234E-03  0.0257
  -1.0000E+01  -9.0000E+00   1.3265E-03  0.0255
  -9.0000E+00  -8.0000E+00   1.2186E-03  0.0277
  -8.0000E+00  -7.0000E+00   1.1630E-03  0.0311
  -7.0000E+00  -6.0000E+00   1.0376E-03  0.0297
  -6.0000E+00  -5.0000E+00   9.3354E-04  0.0303
  -5.0000E+00  -4.0000E+00   8.3754E-04  0.0318
  -4.0000E+00  -3.0000E+00   7.8460E-04  0.0341
  -3.0000E+00  -2.0000E+00   7.2657E-04  0.0352
  -2.0000E+00  -1.0000E+00   6.6012E-04  0.0357
  -1.0000E+00   0.0000E+00   6.0830E-04  0.0372
   0.0000E+00   1.0000E+00   5.5962E-04  0.0385
   1.0000E+00   2.0000E+00   5.2143E-04  0.0400
   2.0000E+00   3.0000E+00   4.8288E-04  0.0415
   3.0000E+00   4.0000E+00   4.5571E-04  0.0431
   4.0000E+00   5.0000E+00   4.3110E-04  0.0448
   5.0000E+00   6.0000E+00   3.9857E-04  0.0466
   6.0000E+00   7.0000E+00   3.7993E-04  0.0476
   7.0000E+00   8.0000E+00   3.5708E-04  0.0491
   8.0000E+00   9.0000E+00   3.3340E-04  0.0507
   9.0000E+00   1.0000E+01   3.1599E-04  0.0529
   1.0000E+01   1.1000E+01   2.9594E-04  0.0543
   1.1000E+01   1.2000E+01   2.7942E-04  0.0560
   1.2000E+01   1.3000E+01   2.6744E-04  0.0603
   1.3000E+01   1.4000E+01   2.5435E-04  0.0622
   1.4000E+01   1.5000E+01   2.3431E-04  0.0614

'no. =  1,  ir =  1'
msuc: {\huge [t-deposit] in r-z mesh}
msdr: {\it plotted by \ANGEL \version}
msdl: {\it calculated by \PHITS  3.31}
wt: s(0.7)
\vspace{-3}
  rmin  &=&   0.0000E+00 [cm]
  rmax  &=&   5.5000E+00 [cm]
e:
 
# Information for Restart Calculation
# This calculation was newly started
# istdev =  2 # 1:Batch variance, 2:History variance
# resc2  = 1.06811775968502986E-07 # Total source weight or Total source weight / maxcas
# resc3  = 1.00000000000000000E+09 # Total history number or Total batch number
# maxcas =      100000 # History / Batch, only used for istdev=1
# bitrseed = 0001001110011001001001110000100100110111001111011100001000101100 # bit data of rseed
