[ T-Track ]
    title = [t-track] in r-z mesh
     mesh =  r-z            # mesh type is r-z scoring mesh
       x0 =   0.000000      # center x-position of r-z mesh
       y0 =   0.000000      # center y-position of r-z mesh
   r-type =    2            # r-mesh is linear given by rmin, rmax and nr
     rmin =   0.000000      # minimum value of r-mesh points
     rmax =   3.000000      # maximum value of r-mesh points
#    rdel =   3.000000      # mesh width of r-mesh points
       nr =      1          # number of r-mesh points
#    data = ( r(i), i = 1, nr + 1 )
#           0.00000E+00  3.00000E+00
   z-type =    2            # z-mesh is linear given by zmin, zmax and nz
     zmin =  -200.0000      # minimum value of z-mesh points
     zmax =   200.0000      # maximum value of z-mesh points
#    zdel =   1.000000      # mesh width of z-mesh points
       nz =    400          # number of z-mesh points
#    data = ( z(i), i = 1, nz + 1 )
#          -2.00000E+02 -1.99000E+02 -1.98000E+02 -1.97000E+02 -1.96000E+02
#          -1.95000E+02 -1.94000E+02 -1.93000E+02 -1.92000E+02 -1.91000E+02
#          -1.90000E+02 -1.89000E+02 -1.88000E+02 -1.87000E+02 -1.86000E+02
#          -1.85000E+02 -1.84000E+02 -1.83000E+02 -1.82000E+02 -1.81000E+02
#          -1.80000E+02 -1.79000E+02 -1.78000E+02 -1.77000E+02 -1.76000E+02
#          -1.75000E+02 -1.74000E+02 -1.73000E+02 -1.72000E+02 -1.71000E+02
#          -1.70000E+02 -1.69000E+02 -1.68000E+02 -1.67000E+02 -1.66000E+02
#          -1.65000E+02 -1.64000E+02 -1.63000E+02 -1.62000E+02 -1.61000E+02
#          -1.60000E+02 -1.59000E+02 -1.58000E+02 -1.57000E+02 -1.56000E+02
#          -1.55000E+02 -1.54000E+02 -1.53000E+02 -1.52000E+02 -1.51000E+02
#          -1.50000E+02 -1.49000E+02 -1.48000E+02 -1.47000E+02 -1.46000E+02
#          -1.45000E+02 -1.44000E+02 -1.43000E+02 -1.42000E+02 -1.41000E+02
#          -1.40000E+02 -1.39000E+02 -1.38000E+02 -1.37000E+02 -1.36000E+02
#          -1.35000E+02 -1.34000E+02 -1.33000E+02 -1.32000E+02 -1.31000E+02
#          -1.30000E+02 -1.29000E+02 -1.28000E+02 -1.27000E+02 -1.26000E+02
#          -1.25000E+02 -1.24000E+02 -1.23000E+02 -1.22000E+02 -1.21000E+02
#          -1.20000E+02 -1.19000E+02 -1.18000E+02 -1.17000E+02 -1.16000E+02
#          -1.15000E+02 -1.14000E+02 -1.13000E+02 -1.12000E+02 -1.11000E+02
#          -1.10000E+02 -1.09000E+02 -1.08000E+02 -1.07000E+02 -1.06000E+02
#          -1.05000E+02 -1.04000E+02 -1.03000E+02 -1.02000E+02 -1.01000E+02
#          -1.00000E+02 -9.90000E+01 -9.80000E+01 -9.70000E+01 -9.60000E+01
#          -9.50000E+01 -9.40000E+01 -9.30000E+01 -9.20000E+01 -9.10000E+01
#          -9.00000E+01 -8.90000E+01 -8.80000E+01 -8.70000E+01 -8.60000E+01
#          -8.50000E+01 -8.40000E+01 -8.30000E+01 -8.20000E+01 -8.10000E+01
#          -8.00000E+01 -7.90000E+01 -7.80000E+01 -7.70000E+01 -7.60000E+01
#          -7.50000E+01 -7.40000E+01 -7.30000E+01 -7.20000E+01 -7.10000E+01
#          -7.00000E+01 -6.90000E+01 -6.80000E+01 -6.70000E+01 -6.60000E+01
#          -6.50000E+01 -6.40000E+01 -6.30000E+01 -6.20000E+01 -6.10000E+01
#          -6.00000E+01 -5.90000E+01 -5.80000E+01 -5.70000E+01 -5.60000E+01
#          -5.50000E+01 -5.40000E+01 -5.30000E+01 -5.20000E+01 -5.10000E+01
#          -5.00000E+01 -4.90000E+01 -4.80000E+01 -4.70000E+01 -4.60000E+01
#          -4.50000E+01 -4.40000E+01 -4.30000E+01 -4.20000E+01 -4.10000E+01
#          -4.00000E+01 -3.90000E+01 -3.80000E+01 -3.70000E+01 -3.60000E+01
#          -3.50000E+01 -3.40000E+01 -3.30000E+01 -3.20000E+01 -3.10000E+01
#          -3.00000E+01 -2.90000E+01 -2.80000E+01 -2.70000E+01 -2.60000E+01
#          -2.50000E+01 -2.40000E+01 -2.30000E+01 -2.20000E+01 -2.10000E+01
#          -2.00000E+01 -1.90000E+01 -1.80000E+01 -1.70000E+01 -1.60000E+01
#          -1.50000E+01 -1.40000E+01 -1.30000E+01 -1.20000E+01 -1.10000E+01
#          -1.00000E+01 -9.00000E+00 -8.00000E+00 -7.00000E+00 -6.00000E+00
#          -5.00000E+00 -4.00000E+00 -3.00000E+00 -2.00000E+00 -1.00000E+00
#           0.00000E+00  1.00000E+00  2.00000E+00  3.00000E+00  4.00000E+00
#           5.00000E+00  6.00000E+00  7.00000E+00  8.00000E+00  9.00000E+00
#           1.00000E+01  1.10000E+01  1.20000E+01  1.30000E+01  1.40000E+01
#           1.50000E+01  1.60000E+01  1.70000E+01  1.80000E+01  1.90000E+01
#           2.00000E+01  2.10000E+01  2.20000E+01  2.30000E+01  2.40000E+01
#           2.50000E+01  2.60000E+01  2.70000E+01  2.80000E+01  2.90000E+01
#           3.00000E+01  3.10000E+01  3.20000E+01  3.30000E+01  3.40000E+01
#           3.50000E+01  3.60000E+01  3.70000E+01  3.80000E+01  3.90000E+01
#           4.00000E+01  4.10000E+01  4.20000E+01  4.30000E+01  4.40000E+01
#           4.50000E+01  4.60000E+01  4.70000E+01  4.80000E+01  4.90000E+01
#           5.00000E+01  5.10000E+01  5.20000E+01  5.30000E+01  5.40000E+01
#           5.50000E+01  5.60000E+01  5.70000E+01  5.80000E+01  5.90000E+01
#           6.00000E+01  6.10000E+01  6.20000E+01  6.30000E+01  6.40000E+01
#           6.50000E+01  6.60000E+01  6.70000E+01  6.80000E+01  6.90000E+01
#           7.00000E+01  7.10000E+01  7.20000E+01  7.30000E+01  7.40000E+01
#           7.50000E+01  7.60000E+01  7.70000E+01  7.80000E+01  7.90000E+01
#           8.00000E+01  8.10000E+01  8.20000E+01  8.30000E+01  8.40000E+01
#           8.50000E+01  8.60000E+01  8.70000E+01  8.80000E+01  8.90000E+01
#           9.00000E+01  9.10000E+01  9.20000E+01  9.30000E+01  9.40000E+01
#           9.50000E+01  9.60000E+01  9.70000E+01  9.80000E+01  9.90000E+01
#           1.00000E+02  1.01000E+02  1.02000E+02  1.03000E+02  1.04000E+02
#           1.05000E+02  1.06000E+02  1.07000E+02  1.08000E+02  1.09000E+02
#           1.10000E+02  1.11000E+02  1.12000E+02  1.13000E+02  1.14000E+02
#           1.15000E+02  1.16000E+02  1.17000E+02  1.18000E+02  1.19000E+02
#           1.20000E+02  1.21000E+02  1.22000E+02  1.23000E+02  1.24000E+02
#           1.25000E+02  1.26000E+02  1.27000E+02  1.28000E+02  1.29000E+02
#           1.30000E+02  1.31000E+02  1.32000E+02  1.33000E+02  1.34000E+02
#           1.35000E+02  1.36000E+02  1.37000E+02  1.38000E+02  1.39000E+02
#           1.40000E+02  1.41000E+02  1.42000E+02  1.43000E+02  1.44000E+02
#           1.45000E+02  1.46000E+02  1.47000E+02  1.48000E+02  1.49000E+02
#           1.50000E+02  1.51000E+02  1.52000E+02  1.53000E+02  1.54000E+02
#           1.55000E+02  1.56000E+02  1.57000E+02  1.58000E+02  1.59000E+02
#           1.60000E+02  1.61000E+02  1.62000E+02  1.63000E+02  1.64000E+02
#           1.65000E+02  1.66000E+02  1.67000E+02  1.68000E+02  1.69000E+02
#           1.70000E+02  1.71000E+02  1.72000E+02  1.73000E+02  1.74000E+02
#           1.75000E+02  1.76000E+02  1.77000E+02  1.78000E+02  1.79000E+02
#           1.80000E+02  1.81000E+02  1.82000E+02  1.83000E+02  1.84000E+02
#           1.85000E+02  1.86000E+02  1.87000E+02  1.88000E+02  1.89000E+02
#           1.90000E+02  1.91000E+02  1.92000E+02  1.93000E+02  1.94000E+02
#           1.95000E+02  1.96000E+02  1.97000E+02  1.98000E+02  1.99000E+02
#           2.00000E+02
     trcl =   2004          # transform ID
   e-type =    2            # e-mesh is linear given by emin, emax and ne
     emin =  1.0000000E-02  # minimum value of e-mesh points
     emax =   1000.000      # maximum value of e-mesh points
#    edel =   999.9900      # mesh width of e-mesh points
       ne =      1          # number of e-mesh points
#    data = ( e(i), i = 1, ne + 1 )
#           1.00000E-02  1.00000E+03
     unit =    1            # unit is [1/cm^2/source]
 material =  all            # (D=all) number of specific material
     axis =       z            # axis of output
     file = proton_flux.out  # file name of output for the above axis
     part =  proton   
# kf/name :  2212     
    gshow =    1            # 0: no 1:bnd, 2:bnd+mat, 3:bnd+reg 4:bnd+lat 5:bmp style
    ginfo =    1            # (D=0) 0:no, 1:show in graph, 2:add file
    resol =    1            # (D=1) resolution of gshow or rshow
    width = 0.5000000       # (D=0.5) width of lines for gshow or rshow
   epsout =    1            # (D=0) generate eps file by ANGEL
#    used :        main (  %)        temp (  %)       total (  %)
#  memory :         409 (  0)           0 (  0)         409 (  0)

#------------------------------------------------------------------------------
#newpage:
#   no. =  1   ie  =  1   ir  =  1
#   e = (   1.0000E-02  -   1.0000E+03  )
#   r = (   0.0000E+00  -   3.0000E+00  )

x: z [cm]
y: Flux [1/cm^2/source]              
p: xlin ylog afac(0.8) form(0.9)
h: n            x            y(proton  ),hh0l n  
#  z-lower      z-upper        proton    r.err 
  -2.0000E+02  -1.9900E+02   3.3112E+07  1.0000
  -1.9900E+02  -1.9800E+02   3.3112E+07  1.0000
  -1.9800E+02  -1.9700E+02   3.3112E+07  1.0000
  -1.9700E+02  -1.9600E+02   3.3112E+07  1.0000
  -1.9600E+02  -1.9500E+02   3.3112E+07  1.0000
  -1.9500E+02  -1.9400E+02   3.3112E+07  1.0000
  -1.9400E+02  -1.9300E+02   3.3112E+07  1.0000
  -1.9300E+02  -1.9200E+02   3.3112E+07  1.0000
  -1.9200E+02  -1.9100E+02   3.3112E+07  1.0000
  -1.9100E+02  -1.9000E+02   3.3112E+07  1.0000
  -1.9000E+02  -1.8900E+02   3.3112E+07  1.0000
  -1.8900E+02  -1.8800E+02   3.3112E+07  1.0000
  -1.8800E+02  -1.8700E+02   3.3112E+07  1.0000
  -1.8700E+02  -1.8600E+02   3.3112E+07  1.0000
  -1.8600E+02  -1.8500E+02   3.3112E+07  1.0000
  -1.8500E+02  -1.8400E+02   3.3112E+07  1.0000
  -1.8400E+02  -1.8300E+02   3.3112E+07  1.0000
  -1.8300E+02  -1.8200E+02   3.3112E+07  1.0000
  -1.8200E+02  -1.8100E+02   3.3112E+07  1.0000
  -1.8100E+02  -1.8000E+02   3.3112E+07  1.0000
  -1.8000E+02  -1.7900E+02   3.3112E+07  1.0000
  -1.7900E+02  -1.7800E+02   3.3112E+07  1.0000
  -1.7800E+02  -1.7700E+02   3.3112E+07  1.0000
  -1.7700E+02  -1.7600E+02   3.3112E+07  1.0000
  -1.7600E+02  -1.7500E+02   3.3112E+07  1.0000
  -1.7500E+02  -1.7400E+02   3.3112E+07  1.0000
  -1.7400E+02  -1.7300E+02   3.3112E+07  1.0000
  -1.7300E+02  -1.7200E+02   3.3112E+07  1.0000
  -1.7200E+02  -1.7100E+02   3.3112E+07  1.0000
  -1.7100E+02  -1.7000E+02   3.3112E+07  1.0000
  -1.7000E+02  -1.6900E+02   3.3112E+07  1.0000
  -1.6900E+02  -1.6800E+02   3.3112E+07  1.0000
  -1.6800E+02  -1.6700E+02   3.3112E+07  1.0000
  -1.6700E+02  -1.6600E+02   4.1910E+07  0.8175
  -1.6600E+02  -1.6500E+02   6.6236E+07  0.7071
  -1.6500E+02  -1.6400E+02   6.6236E+07  0.7071
  -1.6400E+02  -1.6300E+02   6.6236E+07  0.7071
  -1.6300E+02  -1.6200E+02   6.6236E+07  0.7071
  -1.6200E+02  -1.6100E+02   6.6236E+07  0.7071
  -1.6100E+02  -1.6000E+02   6.6236E+07  0.7071
  -1.6000E+02  -1.5900E+02   6.6236E+07  0.7071
  -1.5900E+02  -1.5800E+02   6.6236E+07  0.7071
  -1.5800E+02  -1.5700E+02   6.6236E+07  0.7071
  -1.5700E+02  -1.5600E+02   6.6236E+07  0.7071
  -1.5600E+02  -1.5500E+02   6.6236E+07  0.7071
  -1.5500E+02  -1.5400E+02   6.6236E+07  0.7071
  -1.5400E+02  -1.5300E+02   9.5078E+07  0.5785
  -1.5300E+02  -1.5200E+02   3.3112E+14  0.0000
  -1.5200E+02  -1.5100E+02   3.3112E+14  0.0000
  -1.5100E+02  -1.5000E+02   3.3112E+14  0.0000
  -1.5000E+02  -1.4900E+02   3.3112E+14  0.0000
  -1.4900E+02  -1.4800E+02   3.3112E+14  0.0000
  -1.4800E+02  -1.4700E+02   3.3112E+14  0.0000
  -1.4700E+02  -1.4600E+02   3.3112E+14  0.0000
  -1.4600E+02  -1.4500E+02   3.3112E+14  0.0000
  -1.4500E+02  -1.4400E+02   3.3112E+14  0.0000
  -1.4400E+02  -1.4300E+02   3.3112E+14  0.0000
  -1.4300E+02  -1.4200E+02   3.3112E+14  0.0000
  -1.4200E+02  -1.4100E+02   3.3112E+14  0.0000
  -1.4100E+02  -1.4000E+02   3.3112E+14  0.0000
  -1.4000E+02  -1.3900E+02   3.3112E+14  0.0000
  -1.3900E+02  -1.3800E+02   3.3112E+14  0.0000
  -1.3800E+02  -1.3700E+02   3.3112E+14  0.0000
  -1.3700E+02  -1.3600E+02   3.3112E+14  0.0000
  -1.3600E+02  -1.3500E+02   3.3112E+14  0.0000
  -1.3500E+02  -1.3400E+02   3.3112E+14  0.0000
  -1.3400E+02  -1.3300E+02   3.3112E+14  0.0000
  -1.3300E+02  -1.3200E+02   3.3112E+14  0.0000
  -1.3200E+02  -1.3100E+02   3.3112E+14  0.0000
  -1.3100E+02  -1.3000E+02   3.3112E+14  0.0000
  -1.3000E+02  -1.2900E+02   3.3112E+14  0.0000
  -1.2900E+02  -1.2800E+02   3.3112E+14  0.0000
  -1.2800E+02  -1.2700E+02   3.3112E+14  0.0000
  -1.2700E+02  -1.2600E+02   3.3112E+14  0.0000
  -1.2600E+02  -1.2500E+02   3.3112E+14  0.0000
  -1.2500E+02  -1.2400E+02   3.3112E+14  0.0000
  -1.2400E+02  -1.2300E+02   3.3112E+14  0.0000
  -1.2300E+02  -1.2200E+02   3.3112E+14  0.0000
  -1.2200E+02  -1.2100E+02   3.3112E+14  0.0000
  -1.2100E+02  -1.2000E+02   3.3112E+14  0.0000
  -1.2000E+02  -1.1900E+02   3.3112E+14  0.0000
  -1.1900E+02  -1.1800E+02   3.3112E+14  0.0000
  -1.1800E+02  -1.1700E+02   3.3112E+14  0.0000
  -1.1700E+02  -1.1600E+02   3.3112E+14  0.0000
  -1.1600E+02  -1.1500E+02   3.3112E+14  0.0000
  -1.1500E+02  -1.1400E+02   3.3112E+14  0.0000
  -1.1400E+02  -1.1300E+02   3.3112E+14  0.0000
  -1.1300E+02  -1.1200E+02   3.3112E+14  0.0000
  -1.1200E+02  -1.1100E+02   3.3112E+14  0.0000
  -1.1100E+02  -1.1000E+02   3.3112E+14  0.0000
  -1.1000E+02  -1.0900E+02   3.3113E+14  0.0000
  -1.0900E+02  -1.0800E+02   3.3113E+14  0.0000
  -1.0800E+02  -1.0700E+02   3.3113E+14  0.0000
  -1.0700E+02  -1.0600E+02   3.3113E+14  0.0000
  -1.0600E+02  -1.0500E+02   3.3113E+14  0.0000
  -1.0500E+02  -1.0400E+02   3.3114E+14  0.0000
  -1.0400E+02  -1.0300E+02   3.3115E+14  0.0000
  -1.0300E+02  -1.0200E+02   3.3118E+14  0.0000
  -1.0200E+02  -1.0100E+02   2.8316E+14  0.0000
  -1.0100E+02  -1.0000E+02   5.7861E+07  0.2012
  -1.0000E+02  -9.9000E+01   5.6230E+07  0.2171
  -9.9000E+01  -9.8000E+01   4.8785E+07  0.2393
  -9.8000E+01  -9.7000E+01   3.9763E+07  0.2521
  -9.7000E+01  -9.6000E+01   1.9555E+07  0.3616
  -9.6000E+01  -9.5000E+01   2.7269E+07  0.2860
  -9.5000E+01  -9.4000E+01   2.2225E+07  0.2986
  -9.4000E+01  -9.3000E+01   6.9748E+06  0.5207
  -9.3000E+01  -9.2000E+01   1.5186E+07  0.3977
  -9.2000E+01  -9.1000E+01   1.1691E+07  0.4686
  -9.1000E+01  -9.0000E+01   1.5460E+07  0.4208
  -9.0000E+01  -8.9000E+01   6.6499E+06  0.4848
  -8.9000E+01  -8.8000E+01   4.6761E+06  0.7488
  -8.8000E+01  -8.7000E+01   4.7054E+06  0.5580
  -8.7000E+01  -8.6000E+01   7.9364E+06  0.7136
  -8.6000E+01  -8.5000E+01   5.8734E+06  0.9681
  -8.5000E+01  -8.4000E+01   1.7184E+06  0.6399
  -8.4000E+01  -8.3000E+01   4.6628E+06  0.9664
  -8.3000E+01  -8.2000E+01   8.7356E+05  0.7546
  -8.2000E+01  -8.1000E+01   5.6292E+05  0.7285
  -8.1000E+01  -8.0000E+01   4.5958E+06  0.8516
  -8.0000E+01  -7.9000E+01   8.1957E+06  0.6133
  -7.9000E+01  -7.8000E+01   0.0000E+00  0.0000
  -7.8000E+01  -7.7000E+01   0.0000E+00  0.0000
  -7.7000E+01  -7.6000E+01   6.1733E+06  0.8996
  -7.6000E+01  -7.5000E+01   2.7231E+05  1.0000
  -7.5000E+01  -7.4000E+01   0.0000E+00  0.0000
  -7.4000E+01  -7.3000E+01   0.0000E+00  0.0000
  -7.3000E+01  -7.2000E+01   0.0000E+00  0.0000
  -7.2000E+01  -7.1000E+01   5.8224E+05  1.0000
  -7.1000E+01  -7.0000E+01   1.2826E+06  1.0000
  -7.0000E+01  -6.9000E+01   0.0000E+00  0.0000
  -6.9000E+01  -6.8000E+01   0.0000E+00  0.0000
  -6.8000E+01  -6.7000E+01   0.0000E+00  0.0000
  -6.7000E+01  -6.6000E+01   0.0000E+00  0.0000
  -6.6000E+01  -6.5000E+01   0.0000E+00  0.0000
  -6.5000E+01  -6.4000E+01   1.4778E+06  1.0000
  -6.4000E+01  -6.3000E+01   0.0000E+00  0.0000
  -6.3000E+01  -6.2000E+01   0.0000E+00  0.0000
  -6.2000E+01  -6.1000E+01   0.0000E+00  0.0000
  -6.1000E+01  -6.0000E+01   0.0000E+00  0.0000
  -6.0000E+01  -5.9000E+01   0.0000E+00  0.0000
  -5.9000E+01  -5.8000E+01   0.0000E+00  0.0000
  -5.8000E+01  -5.7000E+01   0.0000E+00  0.0000
  -5.7000E+01  -5.6000E+01   0.0000E+00  0.0000
  -5.6000E+01  -5.5000E+01   0.0000E+00  0.0000
  -5.5000E+01  -5.4000E+01   0.0000E+00  0.0000
  -5.4000E+01  -5.3000E+01   0.0000E+00  0.0000
  -5.3000E+01  -5.2000E+01   0.0000E+00  0.0000
  -5.2000E+01  -5.1000E+01   0.0000E+00  0.0000
  -5.1000E+01  -5.0000E+01   0.0000E+00  0.0000
  -5.0000E+01  -4.9000E+01   0.0000E+00  0.0000
  -4.9000E+01  -4.8000E+01   0.0000E+00  0.0000
  -4.8000E+01  -4.7000E+01   0.0000E+00  0.0000
  -4.7000E+01  -4.6000E+01   0.0000E+00  0.0000
  -4.6000E+01  -4.5000E+01   0.0000E+00  0.0000
  -4.5000E+01  -4.4000E+01   0.0000E+00  0.0000
  -4.4000E+01  -4.3000E+01   0.0000E+00  0.0000
  -4.3000E+01  -4.2000E+01   0.0000E+00  0.0000
  -4.2000E+01  -4.1000E+01   0.0000E+00  0.0000
  -4.1000E+01  -4.0000E+01   0.0000E+00  0.0000
  -4.0000E+01  -3.9000E+01   0.0000E+00  0.0000
  -3.9000E+01  -3.8000E+01   0.0000E+00  0.0000
  -3.8000E+01  -3.7000E+01   0.0000E+00  0.0000
  -3.7000E+01  -3.6000E+01   0.0000E+00  0.0000
  -3.6000E+01  -3.5000E+01   0.0000E+00  0.0000
  -3.5000E+01  -3.4000E+01   0.0000E+00  0.0000
  -3.4000E+01  -3.3000E+01   0.0000E+00  0.0000
  -3.3000E+01  -3.2000E+01   0.0000E+00  0.0000
  -3.2000E+01  -3.1000E+01   0.0000E+00  0.0000
  -3.1000E+01  -3.0000E+01   0.0000E+00  0.0000
  -3.0000E+01  -2.9000E+01   0.0000E+00  0.0000
  -2.9000E+01  -2.8000E+01   0.0000E+00  0.0000
  -2.8000E+01  -2.7000E+01   0.0000E+00  0.0000
  -2.7000E+01  -2.6000E+01   0.0000E+00  0.0000
  -2.6000E+01  -2.5000E+01   0.0000E+00  0.0000
  -2.5000E+01  -2.4000E+01   0.0000E+00  0.0000
  -2.4000E+01  -2.3000E+01   0.0000E+00  0.0000
  -2.3000E+01  -2.2000E+01   0.0000E+00  0.0000
  -2.2000E+01  -2.1000E+01   0.0000E+00  0.0000
  -2.1000E+01  -2.0000E+01   0.0000E+00  0.0000
  -2.0000E+01  -1.9000E+01   0.0000E+00  0.0000
  -1.9000E+01  -1.8000E+01   0.0000E+00  0.0000
  -1.8000E+01  -1.7000E+01   0.0000E+00  0.0000
  -1.7000E+01  -1.6000E+01   0.0000E+00  0.0000
  -1.6000E+01  -1.5000E+01   0.0000E+00  0.0000
  -1.5000E+01  -1.4000E+01   0.0000E+00  0.0000
  -1.4000E+01  -1.3000E+01   0.0000E+00  0.0000
  -1.3000E+01  -1.2000E+01   0.0000E+00  0.0000
  -1.2000E+01  -1.1000E+01   0.0000E+00  0.0000
  -1.1000E+01  -1.0000E+01   0.0000E+00  0.0000
  -1.0000E+01  -9.0000E+00   0.0000E+00  0.0000
  -9.0000E+00  -8.0000E+00   0.0000E+00  0.0000
  -8.0000E+00  -7.0000E+00   0.0000E+00  0.0000
  -7.0000E+00  -6.0000E+00   0.0000E+00  0.0000
  -6.0000E+00  -5.0000E+00   0.0000E+00  0.0000
  -5.0000E+00  -4.0000E+00   0.0000E+00  0.0000
  -4.0000E+00  -3.0000E+00   0.0000E+00  0.0000
  -3.0000E+00  -2.0000E+00   0.0000E+00  0.0000
  -2.0000E+00  -1.0000E+00   0.0000E+00  0.0000
  -1.0000E+00   0.0000E+00   0.0000E+00  0.0000
   0.0000E+00   1.0000E+00   0.0000E+00  0.0000
   1.0000E+00   2.0000E+00   0.0000E+00  0.0000
   2.0000E+00   3.0000E+00   0.0000E+00  0.0000
   3.0000E+00   4.0000E+00   0.0000E+00  0.0000
   4.0000E+00   5.0000E+00   0.0000E+00  0.0000
   5.0000E+00   6.0000E+00   0.0000E+00  0.0000
   6.0000E+00   7.0000E+00   0.0000E+00  0.0000
   7.0000E+00   8.0000E+00   0.0000E+00  0.0000
   8.0000E+00   9.0000E+00   0.0000E+00  0.0000
   9.0000E+00   1.0000E+01   0.0000E+00  0.0000
   1.0000E+01   1.1000E+01   0.0000E+00  0.0000
   1.1000E+01   1.2000E+01   0.0000E+00  0.0000
   1.2000E+01   1.3000E+01   0.0000E+00  0.0000
   1.3000E+01   1.4000E+01   0.0000E+00  0.0000
   1.4000E+01   1.5000E+01   0.0000E+00  0.0000
   1.5000E+01   1.6000E+01   0.0000E+00  0.0000
   1.6000E+01   1.7000E+01   0.0000E+00  0.0000
   1.7000E+01   1.8000E+01   0.0000E+00  0.0000
   1.8000E+01   1.9000E+01   0.0000E+00  0.0000
   1.9000E+01   2.0000E+01   0.0000E+00  0.0000
   2.0000E+01   2.1000E+01   0.0000E+00  0.0000
   2.1000E+01   2.2000E+01   0.0000E+00  0.0000
   2.2000E+01   2.3000E+01   0.0000E+00  0.0000
   2.3000E+01   2.4000E+01   0.0000E+00  0.0000
   2.4000E+01   2.5000E+01   0.0000E+00  0.0000
   2.5000E+01   2.6000E+01   0.0000E+00  0.0000
   2.6000E+01   2.7000E+01   0.0000E+00  0.0000
   2.7000E+01   2.8000E+01   0.0000E+00  0.0000
   2.8000E+01   2.9000E+01   0.0000E+00  0.0000
   2.9000E+01   3.0000E+01   0.0000E+00  0.0000
   3.0000E+01   3.1000E+01   0.0000E+00  0.0000
   3.1000E+01   3.2000E+01   0.0000E+00  0.0000
   3.2000E+01   3.3000E+01   0.0000E+00  0.0000
   3.3000E+01   3.4000E+01   0.0000E+00  0.0000
   3.4000E+01   3.5000E+01   0.0000E+00  0.0000
   3.5000E+01   3.6000E+01   0.0000E+00  0.0000
   3.6000E+01   3.7000E+01   0.0000E+00  0.0000
   3.7000E+01   3.8000E+01   0.0000E+00  0.0000
   3.8000E+01   3.9000E+01   0.0000E+00  0.0000
   3.9000E+01   4.0000E+01   0.0000E+00  0.0000
   4.0000E+01   4.1000E+01   0.0000E+00  0.0000
   4.1000E+01   4.2000E+01   0.0000E+00  0.0000
   4.2000E+01   4.3000E+01   0.0000E+00  0.0000
   4.3000E+01   4.4000E+01   0.0000E+00  0.0000
   4.4000E+01   4.5000E+01   0.0000E+00  0.0000
   4.5000E+01   4.6000E+01   0.0000E+00  0.0000
   4.6000E+01   4.7000E+01   0.0000E+00  0.0000
   4.7000E+01   4.8000E+01   0.0000E+00  0.0000
   4.8000E+01   4.9000E+01   0.0000E+00  0.0000
   4.9000E+01   5.0000E+01   0.0000E+00  0.0000
   5.0000E+01   5.1000E+01   0.0000E+00  0.0000
   5.1000E+01   5.2000E+01   0.0000E+00  0.0000
   5.2000E+01   5.3000E+01   0.0000E+00  0.0000
   5.3000E+01   5.4000E+01   0.0000E+00  0.0000
   5.4000E+01   5.5000E+01   0.0000E+00  0.0000
   5.5000E+01   5.6000E+01   0.0000E+00  0.0000
   5.6000E+01   5.7000E+01   0.0000E+00  0.0000
   5.7000E+01   5.8000E+01   0.0000E+00  0.0000
   5.8000E+01   5.9000E+01   0.0000E+00  0.0000
   5.9000E+01   6.0000E+01   0.0000E+00  0.0000
   6.0000E+01   6.1000E+01   0.0000E+00  0.0000
   6.1000E+01   6.2000E+01   0.0000E+00  0.0000
   6.2000E+01   6.3000E+01   0.0000E+00  0.0000
   6.3000E+01   6.4000E+01   0.0000E+00  0.0000
   6.4000E+01   6.5000E+01   0.0000E+00  0.0000
   6.5000E+01   6.6000E+01   0.0000E+00  0.0000
   6.6000E+01   6.7000E+01   0.0000E+00  0.0000
   6.7000E+01   6.8000E+01   0.0000E+00  0.0000
   6.8000E+01   6.9000E+01   0.0000E+00  0.0000
   6.9000E+01   7.0000E+01   0.0000E+00  0.0000
   7.0000E+01   7.1000E+01   0.0000E+00  0.0000
   7.1000E+01   7.2000E+01   0.0000E+00  0.0000
   7.2000E+01   7.3000E+01   0.0000E+00  0.0000
   7.3000E+01   7.4000E+01   0.0000E+00  0.0000
   7.4000E+01   7.5000E+01   0.0000E+00  0.0000
   7.5000E+01   7.6000E+01   0.0000E+00  0.0000
   7.6000E+01   7.7000E+01   0.0000E+00  0.0000
   7.7000E+01   7.8000E+01   0.0000E+00  0.0000
   7.8000E+01   7.9000E+01   0.0000E+00  0.0000
   7.9000E+01   8.0000E+01   0.0000E+00  0.0000
   8.0000E+01   8.1000E+01   0.0000E+00  0.0000
   8.1000E+01   8.2000E+01   0.0000E+00  0.0000
   8.2000E+01   8.3000E+01   0.0000E+00  0.0000
   8.3000E+01   8.4000E+01   0.0000E+00  0.0000
   8.4000E+01   8.5000E+01   0.0000E+00  0.0000
   8.5000E+01   8.6000E+01   0.0000E+00  0.0000
   8.6000E+01   8.7000E+01   0.0000E+00  0.0000
   8.7000E+01   8.8000E+01   0.0000E+00  0.0000
   8.8000E+01   8.9000E+01   0.0000E+00  0.0000
   8.9000E+01   9.0000E+01   0.0000E+00  0.0000
   9.0000E+01   9.1000E+01   0.0000E+00  0.0000
   9.1000E+01   9.2000E+01   0.0000E+00  0.0000
   9.2000E+01   9.3000E+01   0.0000E+00  0.0000
   9.3000E+01   9.4000E+01   0.0000E+00  0.0000
   9.4000E+01   9.5000E+01   0.0000E+00  0.0000
   9.5000E+01   9.6000E+01   0.0000E+00  0.0000
   9.6000E+01   9.7000E+01   0.0000E+00  0.0000
   9.7000E+01   9.8000E+01   0.0000E+00  0.0000
   9.8000E+01   9.9000E+01   0.0000E+00  0.0000
   9.9000E+01   1.0000E+02   0.0000E+00  0.0000
   1.0000E+02   1.0100E+02   0.0000E+00  0.0000
   1.0100E+02   1.0200E+02   0.0000E+00  0.0000
   1.0200E+02   1.0300E+02   0.0000E+00  0.0000
   1.0300E+02   1.0400E+02   0.0000E+00  0.0000
   1.0400E+02   1.0500E+02   0.0000E+00  0.0000
   1.0500E+02   1.0600E+02   0.0000E+00  0.0000
   1.0600E+02   1.0700E+02   0.0000E+00  0.0000
   1.0700E+02   1.0800E+02   0.0000E+00  0.0000
   1.0800E+02   1.0900E+02   0.0000E+00  0.0000
   1.0900E+02   1.1000E+02   0.0000E+00  0.0000
   1.1000E+02   1.1100E+02   0.0000E+00  0.0000
   1.1100E+02   1.1200E+02   0.0000E+00  0.0000
   1.1200E+02   1.1300E+02   0.0000E+00  0.0000
   1.1300E+02   1.1400E+02   0.0000E+00  0.0000
   1.1400E+02   1.1500E+02   0.0000E+00  0.0000
   1.1500E+02   1.1600E+02   0.0000E+00  0.0000
   1.1600E+02   1.1700E+02   0.0000E+00  0.0000
   1.1700E+02   1.1800E+02   0.0000E+00  0.0000
   1.1800E+02   1.1900E+02   0.0000E+00  0.0000
   1.1900E+02   1.2000E+02   0.0000E+00  0.0000
   1.2000E+02   1.2100E+02   0.0000E+00  0.0000
   1.2100E+02   1.2200E+02   0.0000E+00  0.0000
   1.2200E+02   1.2300E+02   0.0000E+00  0.0000
   1.2300E+02   1.2400E+02   0.0000E+00  0.0000
   1.2400E+02   1.2500E+02   0.0000E+00  0.0000
   1.2500E+02   1.2600E+02   0.0000E+00  0.0000
   1.2600E+02   1.2700E+02   0.0000E+00  0.0000
   1.2700E+02   1.2800E+02   0.0000E+00  0.0000
   1.2800E+02   1.2900E+02   0.0000E+00  0.0000
   1.2900E+02   1.3000E+02   0.0000E+00  0.0000
   1.3000E+02   1.3100E+02   0.0000E+00  0.0000
   1.3100E+02   1.3200E+02   0.0000E+00  0.0000
   1.3200E+02   1.3300E+02   0.0000E+00  0.0000
   1.3300E+02   1.3400E+02   0.0000E+00  0.0000
   1.3400E+02   1.3500E+02   0.0000E+00  0.0000
   1.3500E+02   1.3600E+02   0.0000E+00  0.0000
   1.3600E+02   1.3700E+02   0.0000E+00  0.0000
   1.3700E+02   1.3800E+02   0.0000E+00  0.0000
   1.3800E+02   1.3900E+02   0.0000E+00  0.0000
   1.3900E+02   1.4000E+02   0.0000E+00  0.0000
   1.4000E+02   1.4100E+02   0.0000E+00  0.0000
   1.4100E+02   1.4200E+02   0.0000E+00  0.0000
   1.4200E+02   1.4300E+02   0.0000E+00  0.0000
   1.4300E+02   1.4400E+02   0.0000E+00  0.0000
   1.4400E+02   1.4500E+02   0.0000E+00  0.0000
   1.4500E+02   1.4600E+02   0.0000E+00  0.0000
   1.4600E+02   1.4700E+02   0.0000E+00  0.0000
   1.4700E+02   1.4800E+02   0.0000E+00  0.0000
   1.4800E+02   1.4900E+02   0.0000E+00  0.0000
   1.4900E+02   1.5000E+02   0.0000E+00  0.0000
   1.5000E+02   1.5100E+02   0.0000E+00  0.0000
   1.5100E+02   1.5200E+02   0.0000E+00  0.0000
   1.5200E+02   1.5300E+02   0.0000E+00  0.0000
   1.5300E+02   1.5400E+02   0.0000E+00  0.0000
   1.5400E+02   1.5500E+02   0.0000E+00  0.0000
   1.5500E+02   1.5600E+02   0.0000E+00  0.0000
   1.5600E+02   1.5700E+02   0.0000E+00  0.0000
   1.5700E+02   1.5800E+02   0.0000E+00  0.0000
   1.5800E+02   1.5900E+02   0.0000E+00  0.0000
   1.5900E+02   1.6000E+02   0.0000E+00  0.0000
   1.6000E+02   1.6100E+02   0.0000E+00  0.0000
   1.6100E+02   1.6200E+02   0.0000E+00  0.0000
   1.6200E+02   1.6300E+02   0.0000E+00  0.0000
   1.6300E+02   1.6400E+02   0.0000E+00  0.0000
   1.6400E+02   1.6500E+02   0.0000E+00  0.0000
   1.6500E+02   1.6600E+02   0.0000E+00  0.0000
   1.6600E+02   1.6700E+02   0.0000E+00  0.0000
   1.6700E+02   1.6800E+02   0.0000E+00  0.0000
   1.6800E+02   1.6900E+02   0.0000E+00  0.0000
   1.6900E+02   1.7000E+02   0.0000E+00  0.0000
   1.7000E+02   1.7100E+02   0.0000E+00  0.0000
   1.7100E+02   1.7200E+02   0.0000E+00  0.0000
   1.7200E+02   1.7300E+02   0.0000E+00  0.0000
   1.7300E+02   1.7400E+02   0.0000E+00  0.0000
   1.7400E+02   1.7500E+02   0.0000E+00  0.0000
   1.7500E+02   1.7600E+02   0.0000E+00  0.0000
   1.7600E+02   1.7700E+02   0.0000E+00  0.0000
   1.7700E+02   1.7800E+02   0.0000E+00  0.0000
   1.7800E+02   1.7900E+02   0.0000E+00  0.0000
   1.7900E+02   1.8000E+02   0.0000E+00  0.0000
   1.8000E+02   1.8100E+02   0.0000E+00  0.0000
   1.8100E+02   1.8200E+02   0.0000E+00  0.0000
   1.8200E+02   1.8300E+02   0.0000E+00  0.0000
   1.8300E+02   1.8400E+02   0.0000E+00  0.0000
   1.8400E+02   1.8500E+02   0.0000E+00  0.0000
   1.8500E+02   1.8600E+02   0.0000E+00  0.0000
   1.8600E+02   1.8700E+02   0.0000E+00  0.0000
   1.8700E+02   1.8800E+02   0.0000E+00  0.0000
   1.8800E+02   1.8900E+02   0.0000E+00  0.0000
   1.8900E+02   1.9000E+02   0.0000E+00  0.0000
   1.9000E+02   1.9100E+02   0.0000E+00  0.0000
   1.9100E+02   1.9200E+02   0.0000E+00  0.0000
   1.9200E+02   1.9300E+02   0.0000E+00  0.0000
   1.9300E+02   1.9400E+02   0.0000E+00  0.0000
   1.9400E+02   1.9500E+02   0.0000E+00  0.0000
   1.9500E+02   1.9600E+02   0.0000E+00  0.0000
   1.9600E+02   1.9700E+02   0.0000E+00  0.0000
   1.9700E+02   1.9800E+02   0.0000E+00  0.0000
   1.9800E+02   1.9900E+02   0.0000E+00  0.0000
   1.9900E+02   2.0000E+02   0.0000E+00  0.0000

#   sum over    1.1310E+04   4.2926E+13

'no. =  1,  ie =  1,  ir =  1'
msuc: {\huge [t-track] in r-z mesh}
msdr: {\it plotted by \ANGEL \version}
msdl: {\it calculated by \PHITS  3.31}
wt: s(0.7)
\vspace{-3}
  emin  &=&   1.0000E-02 [MeV]
  emax  &=&   1.0000E+03 [MeV]
  rmin  &=&   0.0000E+00 [cm]
  rmax  &=&   3.0000E+00 [cm]
e:
 
# Information for Restart Calculation
# This calculation was newly started
# istdev =  2 # 1:Batch variance, 2:History variance
# resc2  = 1.06811775731573706E-09 # Total source weight or Total source weight / maxcas
# resc3  = 1.00000000000000000E+07 # Total history number or Total batch number
# maxcas =      100000 # History / Batch, only used for istdev=1
# bitrseed = 1000110000001000111111101100101001110101110010000011011101101000 # bit data of rseed
