[ T-Track ]
    title = [t-track] in r-z mesh
     mesh =  r-z            # mesh type is r-z scoring mesh
       x0 =   0.000000      # center x-position of r-z mesh
       y0 =   0.000000      # center y-position of r-z mesh
   r-type =    2            # r-mesh is linear given by rmin, rmax and nr
     rmin =   0.000000      # minimum value of r-mesh points
     rmax =   3.000000      # maximum value of r-mesh points
#    rdel =   3.000000      # mesh width of r-mesh points
       nr =      1          # number of r-mesh points
#    data = ( r(i), i = 1, nr + 1 )
#           0.00000E+00  3.00000E+00
   z-type =    2            # z-mesh is linear given by zmin, zmax and nz
     zmin =  -21.00000      # minimum value of z-mesh points
     zmax =   21.00000      # maximum value of z-mesh points
#    zdel =   1.000000      # mesh width of z-mesh points
       nz =     42          # number of z-mesh points
#    data = ( z(i), i = 1, nz + 1 )
#          -2.10000E+01 -2.00000E+01 -1.90000E+01 -1.80000E+01 -1.70000E+01
#          -1.60000E+01 -1.50000E+01 -1.40000E+01 -1.30000E+01 -1.20000E+01
#          -1.10000E+01 -1.00000E+01 -9.00000E+00 -8.00000E+00 -7.00000E+00
#          -6.00000E+00 -5.00000E+00 -4.00000E+00 -3.00000E+00 -2.00000E+00
#          -1.00000E+00  0.00000E+00  1.00000E+00  2.00000E+00  3.00000E+00
#           4.00000E+00  5.00000E+00  6.00000E+00  7.00000E+00  8.00000E+00
#           9.00000E+00  1.00000E+01  1.10000E+01  1.20000E+01  1.30000E+01
#           1.40000E+01  1.50000E+01  1.60000E+01  1.70000E+01  1.80000E+01
#           1.90000E+01  2.00000E+01  2.10000E+01
     trcl =   2004          # transform ID
   e-type =    2            # e-mesh is linear given by emin, emax and ne
     emin =   0.000000      # minimum value of e-mesh points
     emax =  5.0000000E-07  # maximum value of e-mesh points
#    edel =  5.0000000E-07  # mesh width of e-mesh points
       ne =      1          # number of e-mesh points
#    data = ( e(i), i = 1, ne + 1 )
#           0.00000E+00  5.00000E-07
     unit =    1            # unit is [1/cm^2/source]
 material =  all            # (D=all) number of specific material
     axis =       z            # axis of output
     file = thermal_neutron_flux.out  # file name of output for the above axis
     part =  neutron  
# kf/name :  2112     
    gshow =    1            # 0: no 1:bnd, 2:bnd+mat, 3:bnd+reg 4:bnd+lat 5:bmp style
    ginfo =    1            # (D=0) 0:no, 1:show in graph, 2:add file
    resol =    1            # (D=1) resolution of gshow or rshow
    width = 0.5000000       # (D=0.5) width of lines for gshow or rshow
   epsout =    1            # (D=0) generate eps file by ANGEL
#    used :        main (  %)        temp (  %)       total (  %)
#  memory :          51 (  0)           0 (  0)          51 (  0)

#------------------------------------------------------------------------------
#newpage:
#   no. =  1   ie  =  1   ir  =  1
#   e = (   0.0000E+00  -   5.0000E-07  )
#   r = (   0.0000E+00  -   3.0000E+00  )

x: z [cm]
y: Flux [1/cm^2/source]              
p: xlin ylog afac(0.8) form(0.9)
h: n            x            y(neutron ),hh0l n  
#  z-lower      z-upper        neutron   r.err 
  -2.1000E+01  -2.0000E+01   6.0975E+08  0.0228
  -2.0000E+01  -1.9000E+01   5.4704E+08  0.0241
  -1.9000E+01  -1.8000E+01   5.0134E+08  0.0257
  -1.8000E+01  -1.7000E+01   4.6894E+08  0.0278
  -1.7000E+01  -1.6000E+01   4.6650E+08  0.0296
  -1.6000E+01  -1.5000E+01   5.1934E+08  0.0301
  -1.5000E+01  -1.4000E+01   6.3759E+08  0.0324
  -1.4000E+01  -1.3000E+01   6.9250E+08  0.0361
  -1.3000E+01  -1.2000E+01   6.6386E+08  0.0405
  -1.2000E+01  -1.1000E+01   5.6075E+08  0.0442
  -1.1000E+01  -1.0000E+01   4.5021E+08  0.0501
  -1.0000E+01  -9.0000E+00   3.5209E+08  0.0553
  -9.0000E+00  -8.0000E+00   2.7330E+08  0.0620
  -8.0000E+00  -7.0000E+00   2.0246E+08  0.0692
  -7.0000E+00  -6.0000E+00   1.3237E+08  0.0801
  -6.0000E+00  -5.0000E+00   9.0141E+07  0.0896
  -5.0000E+00  -4.0000E+00   6.9028E+07  0.0979
  -4.0000E+00  -3.0000E+00   5.1829E+07  0.1166
  -3.0000E+00  -2.0000E+00   3.6666E+07  0.1337
  -2.0000E+00  -1.0000E+00   3.8733E+07  0.1497
  -1.0000E+00   0.0000E+00   2.6703E+07  0.1623
   0.0000E+00   1.0000E+00   1.9703E+07  0.1716
   1.0000E+00   2.0000E+00   2.0476E+07  0.1810
   2.0000E+00   3.0000E+00   1.3106E+07  0.1893
   3.0000E+00   4.0000E+00   1.3026E+07  0.2053
   4.0000E+00   5.0000E+00   8.0721E+06  0.2088
   5.0000E+00   6.0000E+00   9.2604E+06  0.2489
   6.0000E+00   7.0000E+00   1.5265E+07  0.2134
   7.0000E+00   8.0000E+00   1.6378E+07  0.2272
   8.0000E+00   9.0000E+00   1.1241E+07  0.2807
   9.0000E+00   1.0000E+01   5.6655E+06  0.2997
   1.0000E+01   1.1000E+01   5.1944E+06  0.4340
   1.1000E+01   1.2000E+01   5.2341E+06  0.4569
   1.2000E+01   1.3000E+01   2.4809E+06  0.5086
   1.3000E+01   1.4000E+01   2.3718E+06  0.4185
   1.4000E+01   1.5000E+01   2.1638E+06  0.4759
   1.5000E+01   1.6000E+01   1.1210E+06  0.4092
   1.6000E+01   1.7000E+01   1.3650E+06  0.4386
   1.7000E+01   1.8000E+01   1.5863E+06  0.5328
   1.8000E+01   1.9000E+01   1.8177E+06  0.4563
   1.9000E+01   2.0000E+01   1.1836E+06  0.4125
   2.0000E+01   2.1000E+01   6.8681E+05  0.5168

#   sum over    1.1875E+03   1.7973E+08

'no. =  1,  ie =  1,  ir =  1'
msuc: {\huge [t-track] in r-z mesh}
msdr: {\it plotted by \ANGEL \version}
msdl: {\it calculated by \PHITS  3.31}
wt: s(0.7)
\vspace{-3}
  emin  &=&   0.0000E+00 [MeV]
  emax  &=&   5.0000E-07 [MeV]
  rmin  &=&   0.0000E+00 [cm]
  rmax  &=&   3.0000E+00 [cm]
e:
 
# Information for Restart Calculation
# This calculation was newly started
# istdev =  2 # 1:Batch variance, 2:History variance
# resc2  = 1.06811777143432578E-07 # Total source weight or Total source weight / maxcas
# resc3  = 1.00000000000000000E+09 # Total history number or Total batch number
# maxcas =      100000 # History / Batch, only used for istdev=1
# bitrseed = 0001001110011001001001110000100100110111001111011100001000101100 # bit data of rseed
