[ T-Track ]
    title = [t-track] in r-z mesh
     mesh =  r-z            # mesh type is r-z scoring mesh
       x0 =   0.000000      # center x-position of r-z mesh
       y0 =   0.000000      # center y-position of r-z mesh
   r-type =    2            # r-mesh is linear given by rmin, rmax and nr
     rmin =   0.000000      # minimum value of r-mesh points
     rmax =   5.500000      # maximum value of r-mesh points
#    rdel =   5.500000      # mesh width of r-mesh points
       nr =      1          # number of r-mesh points
#    data = ( r(i), i = 1, nr + 1 )
#           0.00000E+00  5.50000E+00
   z-type =    2            # z-mesh is linear given by zmin, zmax and nz
     zmin =  -41.00000      # minimum value of z-mesh points
     zmax =   15.00000      # maximum value of z-mesh points
#    zdel =   1.000000      # mesh width of z-mesh points
       nz =     56          # number of z-mesh points
#    data = ( z(i), i = 1, nz + 1 )
#          -4.10000E+01 -4.00000E+01 -3.90000E+01 -3.80000E+01 -3.70000E+01
#          -3.60000E+01 -3.50000E+01 -3.40000E+01 -3.30000E+01 -3.20000E+01
#          -3.10000E+01 -3.00000E+01 -2.90000E+01 -2.80000E+01 -2.70000E+01
#          -2.60000E+01 -2.50000E+01 -2.40000E+01 -2.30000E+01 -2.20000E+01
#          -2.10000E+01 -2.00000E+01 -1.90000E+01 -1.80000E+01 -1.70000E+01
#          -1.60000E+01 -1.50000E+01 -1.40000E+01 -1.30000E+01 -1.20000E+01
#          -1.10000E+01 -1.00000E+01 -9.00000E+00 -8.00000E+00 -7.00000E+00
#          -6.00000E+00 -5.00000E+00 -4.00000E+00 -3.00000E+00 -2.00000E+00
#          -1.00000E+00  0.00000E+00  1.00000E+00  2.00000E+00  3.00000E+00
#           4.00000E+00  5.00000E+00  6.00000E+00  7.00000E+00  8.00000E+00
#           9.00000E+00  1.00000E+01  1.10000E+01  1.20000E+01  1.30000E+01
#           1.40000E+01  1.50000E+01
     trcl =   2004          # transform ID
   e-type =    2            # e-mesh is linear given by emin, emax and ne
     emin =   0.000000      # minimum value of e-mesh points
     emax =   1000.000      # maximum value of e-mesh points
#    edel =   1000.000      # mesh width of e-mesh points
       ne =      1          # number of e-mesh points
#    data = ( e(i), i = 1, ne + 1 )
#           0.00000E+00  1.00000E+03
     unit =    1            # unit is [1/cm^2/source]
 material =  all            # (D=all) number of specific material
     axis =       z            # axis of output
     file = total_neutron_flux.out  # file name of output for the above axis
     part =  neutron  
# kf/name :  2112     
    gshow =    1            # 0: no 1:bnd, 2:bnd+mat, 3:bnd+reg 4:bnd+lat 5:bmp style
    ginfo =    1            # (D=0) 0:no, 1:show in graph, 2:add file
    resol =    1            # (D=1) resolution of gshow or rshow
    width = 0.5000000       # (D=0.5) width of lines for gshow or rshow
   epsout =    1            # (D=0) generate eps file by ANGEL
#    used :        main (  %)        temp (  %)       total (  %)
#  memory :          65 (  0)           0 (  0)          65 (  0)

#------------------------------------------------------------------------------
#newpage:
#   no. =  1   ie  =  1   ir  =  1
#   e = (   0.0000E+00  -   1.0000E+03  )
#   r = (   0.0000E+00  -   5.5000E+00  )

x: z [cm]
y: Flux [1/cm^2/source]              
p: xlin ylog afac(0.8) form(0.9)
h: n            x            y(neutron ),hh0l n  
#  z-lower      z-upper        neutron   r.err 
  -4.1000E+01  -4.0000E+01   1.7729E+10  0.0046
  -4.0000E+01  -3.9000E+01   1.7487E+10  0.0046
  -3.9000E+01  -3.8000E+01   1.6847E+10  0.0047
  -3.8000E+01  -3.7000E+01   1.6022E+10  0.0048
  -3.7000E+01  -3.6000E+01   1.5049E+10  0.0049
  -3.6000E+01  -3.5000E+01   1.4072E+10  0.0050
  -3.5000E+01  -3.4000E+01   1.3349E+10  0.0050
  -3.4000E+01  -3.3000E+01   1.2547E+10  0.0052
  -3.3000E+01  -3.2000E+01   1.1536E+10  0.0053
  -3.2000E+01  -3.1000E+01   1.0514E+10  0.0054
  -3.1000E+01  -3.0000E+01   9.5281E+09  0.0056
  -3.0000E+01  -2.9000E+01   8.5335E+09  0.0058
  -2.9000E+01  -2.8000E+01   7.4096E+09  0.0060
  -2.8000E+01  -2.7000E+01   6.3704E+09  0.0061
  -2.7000E+01  -2.6000E+01   5.3295E+09  0.0061
  -2.6000E+01  -2.5000E+01   4.2727E+09  0.0061
  -2.5000E+01  -2.4000E+01   3.5175E+09  0.0065
  -2.4000E+01  -2.3000E+01   3.0250E+09  0.0071
  -2.3000E+01  -2.2000E+01   2.6097E+09  0.0077
  -2.2000E+01  -2.1000E+01   2.2586E+09  0.0081
  -2.1000E+01  -2.0000E+01   1.9562E+09  0.0082
  -2.0000E+01  -1.9000E+01   1.7323E+09  0.0088
  -1.9000E+01  -1.8000E+01   1.5637E+09  0.0094
  -1.8000E+01  -1.7000E+01   1.4502E+09  0.0102
  -1.7000E+01  -1.6000E+01   1.3594E+09  0.0110
  -1.6000E+01  -1.5000E+01   1.3281E+09  0.0120
  -1.5000E+01  -1.4000E+01   1.3368E+09  0.0135
  -1.4000E+01  -1.3000E+01   1.2202E+09  0.0155
  -1.3000E+01  -1.2000E+01   1.0033E+09  0.0175
  -1.2000E+01  -1.1000E+01   7.9016E+08  0.0197
  -1.1000E+01  -1.0000E+01   6.2534E+08  0.0226
  -1.0000E+01  -9.0000E+00   4.7157E+08  0.0255
  -9.0000E+00  -8.0000E+00   3.6127E+08  0.0283
  -8.0000E+00  -7.0000E+00   2.8264E+08  0.0314
  -7.0000E+00  -6.0000E+00   2.1385E+08  0.0341
  -6.0000E+00  -5.0000E+00   1.6332E+08  0.0382
  -5.0000E+00  -4.0000E+00   1.2269E+08  0.0397
  -4.0000E+00  -3.0000E+00   9.6664E+07  0.0418
  -3.0000E+00  -2.0000E+00   8.2853E+07  0.0453
  -2.0000E+00  -1.0000E+00   6.7331E+07  0.0538
  -1.0000E+00   0.0000E+00   5.5323E+07  0.0544
   0.0000E+00   1.0000E+00   4.7973E+07  0.0566
   1.0000E+00   2.0000E+00   4.4621E+07  0.0592
   2.0000E+00   3.0000E+00   3.9860E+07  0.0663
   3.0000E+00   4.0000E+00   3.6153E+07  0.0640
   4.0000E+00   5.0000E+00   3.2496E+07  0.0642
   5.0000E+00   6.0000E+00   3.1258E+07  0.0704
   6.0000E+00   7.0000E+00   2.9372E+07  0.0813
   7.0000E+00   8.0000E+00   2.6683E+07  0.0861
   8.0000E+00   9.0000E+00   2.3660E+07  0.0869
   9.0000E+00   1.0000E+01   2.2339E+07  0.0954
   1.0000E+01   1.1000E+01   1.9717E+07  0.0961
   1.1000E+01   1.2000E+01   1.7032E+07  0.0969
   1.2000E+01   1.3000E+01   1.3954E+07  0.0899
   1.3000E+01   1.4000E+01   1.2354E+07  0.0963
   1.4000E+01   1.5000E+01   1.0694E+07  0.0958

#   sum over    5.3219E+03   3.8339E+09

'no. =  1,  ie =  1,  ir =  1'
msuc: {\huge [t-track] in r-z mesh}
msdr: {\it plotted by \ANGEL \version}
msdl: {\it calculated by \PHITS  3.31}
wt: s(0.7)
\vspace{-3}
  emin  &=&   0.0000E+00 [MeV]
  emax  &=&   1.0000E+03 [MeV]
  rmin  &=&   0.0000E+00 [cm]
  rmax  &=&   5.5000E+00 [cm]
e:
 
# Information for Restart Calculation
# This calculation was newly started
# istdev =  2 # 1:Batch variance, 2:History variance
# resc2  = 1.06811775968502986E-07 # Total source weight or Total source weight / maxcas
# resc3  = 1.00000000000000000E+09 # Total history number or Total batch number
# maxcas =      100000 # History / Batch, only used for istdev=1
# bitrseed = 0001001110011001001001110000100100110111001111011100001000101100 # bit data of rseed
