[ T-Cross ]
    title = [t-cross] in r-z mesh
     mesh =  r-z            # mesh type is r-z scoring mesh
       x0 =   0.000000      # center x-position of r-z mesh
       y0 =   0.000000      # center y-position of r-z mesh
   r-type =    2            # r-mesh is linear given by rmin, rmax and nr
     rmin =   0.000000      # minimum value of r-mesh points
     rmax =   5.500000      # maximum value of r-mesh points
#    rdel =   5.500000      # mesh width of r-mesh points
       nr =      1          # number of r-mesh points
#    data = ( r(i), i = 1, nr + 1 )
#           0.00000E+00  5.50000E+00
   z-type =    2            # z-mesh is linear given by zmin, zmax and nz
     zmin =  -21.00000      # minimum value of z-mesh points
     zmax =   15.00000      # maximum value of z-mesh points
#    zdel =  0.6428571      # mesh width of z-mesh points
       nz =     56          # number of z-mesh points
#    data = ( z(i), i = 1, nz + 1 )
#          -2.10000E+01 -2.03571E+01 -1.97143E+01 -1.90714E+01 -1.84286E+01
#          -1.77857E+01 -1.71429E+01 -1.65000E+01 -1.58571E+01 -1.52143E+01
#          -1.45714E+01 -1.39286E+01 -1.32857E+01 -1.26429E+01 -1.20000E+01
#          -1.13571E+01 -1.07143E+01 -1.00714E+01 -9.42857E+00 -8.78571E+00
#          -8.14286E+00 -7.50000E+00 -6.85714E+00 -6.21429E+00 -5.57143E+00
#          -4.92857E+00 -4.28571E+00 -3.64286E+00 -3.00000E+00 -2.35714E+00
#          -1.71429E+00 -1.07143E+00 -4.28571E-01  2.14286E-01  8.57143E-01
#           1.50000E+00  2.14286E+00  2.78571E+00  3.42857E+00  4.07143E+00
#           4.71429E+00  5.35714E+00  6.00000E+00  6.64286E+00  7.28571E+00
#           7.92857E+00  8.57143E+00  9.21429E+00  9.85714E+00  1.05000E+01
#           1.11429E+01  1.17857E+01  1.24286E+01  1.30714E+01  1.37143E+01
#           1.43571E+01  1.50000E+01
     trcl =   2004          # transform ID
   e-type =    2            # e-mesh is linear given by emin, emax and ne
     emin =   0.000000      # minimum value of e-mesh points
     emax =   1000.000      # maximum value of e-mesh points
#    edel =   1000.000      # mesh width of e-mesh points
       ne =      1          # number of e-mesh points
#    data = ( e(i), i = 1, ne + 1 )
#           0.00000E+00  1.00000E+03
  eng2let =    0            # (D=0) Flag to convert energy to LET, 0: not convert, 1: convert
     unit =    1            # unit is [1/cm^2/source]
     axis =    z            # axis of output
     file = total_neutron_current.out  # file name of output for the above axis
   output = current         # surface crossing current spectrum
     part =  neutron  
# kf/name :  2112     
    gshow =    1            # 0: no 1:bnd, 2:bnd+mat, 3:bnd+reg 4:bnd+lat 5:bmp style
    ginfo =    1            # (D=0) 0:no, 1:show in graph, 2:add file
    resol =    1            # (D=1) resolution of gshow
    width = 0.5000000       # (D=0.5) width of lines for gshow
   epsout =    1            # (D=0) generate eps file by ANGEL
#    used :        main (  %)        temp (  %)       total (  %)
#  memory :          65 (  0)           0 (  0)          65 (  0)

#------------------------------------------------------------------------------
#newpage:
#   no. =  1   ir  =  1
#   r = (   0.0000E+00  -   5.5000E+00  )
#  ie =  1
#   e = (   0.0000E+00  -   1.0000E+03  )

x: z [cm]
y: Current [1/cm^2/source]                 
p: xlin ylog afac(0.8) form(0.9)
h:              x            y(neutron ),l3 n 
#       z surface position     neutron   r.err 
               -2.1000E+01   1.6087E+09  0.0075
               -2.0357E+01   1.5024E+09  0.0078
               -1.9714E+01   1.4056E+09  0.0081
               -1.9071E+01   1.3168E+09  0.0085
               -1.8429E+01   1.2320E+09  0.0088
               -1.7786E+01   1.1587E+09  0.0092
               -1.7143E+01   1.0976E+09  0.0096
               -1.6500E+01   1.0418E+09  0.0100
               -1.5857E+01   9.9234E+08  0.0105
               -1.5214E+01   9.4754E+08  0.0112
               -1.4571E+01   8.9908E+08  0.0124
               -1.3929E+01   8.1748E+08  0.0136
               -1.3286E+01   7.3275E+08  0.0148
               -1.2643E+01   6.3671E+08  0.0162
               -1.2000E+01   5.3787E+08  0.0174
               -1.1357E+01   4.6395E+08  0.0188
               -1.0714E+01   4.0214E+08  0.0204
               -1.0071E+01   3.3723E+08  0.0220
               -9.4286E+00   2.8343E+08  0.0239
               -8.7857E+00   2.3987E+08  0.0252
               -8.1429E+00   2.0873E+08  0.0267
               -7.5000E+00   1.7582E+08  0.0289
               -6.8571E+00   1.4955E+08  0.0306
               -6.2143E+00   1.2641E+08  0.0326
               -5.5714E+00   1.0890E+08  0.0335
               -4.9286E+00   9.2885E+07  0.0353
               -4.2857E+00   7.9561E+07  0.0372
               -3.6429E+00   7.2404E+07  0.0383
               -3.0000E+00   6.4919E+07  0.0407
               -2.3571E+00   5.9414E+07  0.0421
               -1.7143E+00   5.2137E+07  0.0456
               -1.0714E+00   4.6718E+07  0.0468
               -4.2857E-01   4.1649E+07  0.0515
                2.1429E-01   3.8822E+07  0.0519
                8.5714E-01   3.6672E+07  0.0515
                1.5000E+00   3.4808E+07  0.0522
                2.1429E+00   3.2575E+07  0.0559
                2.7857E+00   3.0524E+07  0.0563
                3.4286E+00   2.9177E+07  0.0577
                4.0714E+00   2.7806E+07  0.0588
                4.7143E+00   2.6555E+07  0.0608
                5.3571E+00   2.5823E+07  0.0636
                6.0000E+00   2.4185E+07  0.0673
                6.6429E+00   2.2500E+07  0.0697
                7.2857E+00   2.1392E+07  0.0725
                7.9286E+00   2.0287E+07  0.0772
                8.5714E+00   1.8655E+07  0.0769
                9.2143E+00   1.7228E+07  0.0788
                9.8571E+00   1.7379E+07  0.0867
                1.0500E+01   1.5573E+07  0.0875
                1.1143E+01   1.3730E+07  0.0829
                1.1786E+01   1.3530E+07  0.0825
                1.2429E+01   1.2320E+07  0.0842
                1.3071E+01   1.1196E+07  0.0867
                1.3714E+01   1.0490E+07  0.0899
                1.4357E+01   9.7916E+06  0.0935
                1.5000E+01   9.8300E+06  0.0941

#   sum over    5.4169E+03   3.4130E+08

'no. =  1,  ie =  1,  ir =  1'
msuc: {\huge [t-cross] in r-z mesh}
msdr: {\it plotted by \ANGEL \version}
msdl: {\it calculated by \PHITS  3.31}
wt: s(0.7)
\vspace{-3}
  z surface crossing
  area  &=&   9.5033E+01 [cm^2]
  rmin  &=&   0.0000E+00 [cm]
  rmax  &=&   5.5000E+00 [cm]
  emin  &=&   0.0000E+00 [MeV]
  emax  &=&   1.0000E+03 [MeV]
e:

#------------------------------------------------------------------------------
 newpage:
#   no. =  2   ir surf =  2
#   rmesh =    5.5000E+00
#  ie =  1
#   e = (   0.0000E+00  -   1.0000E+03  )

x: z [cm]
y: Current [1/cm^2/source]                 
p: xlin ylog afac(0.8) form(0.9)
h:              x            y(neutron ),hh0l n 
#  z-lower      z-upper        neutron   r.err 
  -2.1000E+01  -2.0357E+01   7.5017E+08  0.0215
  -2.0357E+01  -1.9714E+01   6.3465E+08  0.0231
  -1.9714E+01  -1.9071E+01   6.0082E+08  0.0239
  -1.9071E+01  -1.8429E+01   5.9830E+08  0.0240
  -1.8429E+01  -1.7786E+01   5.5711E+08  0.0252
  -1.7786E+01  -1.7143E+01   5.5810E+08  0.0254
  -1.7143E+01  -1.6500E+01   5.4376E+08  0.0264
  -1.6500E+01  -1.5857E+01   5.2200E+08  0.0272
  -1.5857E+01  -1.5214E+01   4.8808E+08  0.0284
  -1.5214E+01  -1.4571E+01   4.6253E+08  0.0294
  -1.4571E+01  -1.3929E+01   4.5207E+08  0.0302
  -1.3929E+01  -1.3286E+01   4.3583E+08  0.0307
  -1.3286E+01  -1.2643E+01   3.9357E+08  0.0322
  -1.2643E+01  -1.2000E+01   3.5088E+08  0.0343
  -1.2000E+01  -1.1357E+01   2.9371E+08  0.0360
  -1.1357E+01  -1.0714E+01   2.8513E+08  0.0364
  -1.0714E+01  -1.0071E+01   2.4853E+08  0.0384
  -1.0071E+01  -9.4286E+00   2.1619E+08  0.0421
  -9.4286E+00  -8.7857E+00   1.8777E+08  0.0446
  -8.7857E+00  -8.1429E+00   1.5877E+08  0.0490
  -8.1429E+00  -7.5000E+00   1.4015E+08  0.0530
  -7.5000E+00  -6.8571E+00   1.2257E+08  0.0591
  -6.8571E+00  -6.2143E+00   1.0868E+08  0.0592
  -6.2143E+00  -5.5714E+00   8.2713E+07  0.0671
  -5.5714E+00  -4.9286E+00   7.3094E+07  0.0703
  -4.9286E+00  -4.2857E+00   6.9086E+07  0.0776
  -4.2857E+00  -3.6429E+00   4.5503E+07  0.0940
  -3.6429E+00  -3.0000E+00   4.4264E+07  0.0874
  -3.0000E+00  -2.3571E+00   4.1830E+07  0.0971
  -2.3571E+00  -1.7143E+00   3.1466E+07  0.1029
  -1.7143E+00  -1.0714E+00   2.5592E+07  0.1155
  -1.0714E+00  -4.2857E-01   2.6202E+07  0.1144
  -4.2857E-01   2.1429E-01   2.0757E+07  0.1332
   2.1429E-01   8.5714E-01   1.6165E+07  0.1423
   8.5714E-01   1.5000E+00   1.6937E+07  0.1413
   1.5000E+00   2.1429E+00   1.5140E+07  0.1500
   2.1429E+00   2.7857E+00   1.0766E+07  0.1755
   2.7857E+00   3.4286E+00   1.0258E+07  0.1693
   3.4286E+00   4.0714E+00   8.1587E+06  0.1875
   4.0714E+00   4.7143E+00   1.0242E+07  0.1820
   4.7143E+00   5.3571E+00   9.9869E+06  0.1713
   5.3571E+00   6.0000E+00   8.5631E+06  0.1921
   6.0000E+00   6.6429E+00   5.9545E+06  0.2216
   6.6429E+00   7.2857E+00   1.0968E+07  0.1984
   7.2857E+00   7.9286E+00   7.5861E+06  0.2070
   7.9286E+00   8.5714E+00   6.2142E+06  0.2250
   8.5714E+00   9.2143E+00   6.8630E+06  0.2140
   9.2143E+00   9.8571E+00   3.4299E+06  0.3024
   9.8571E+00   1.0500E+01   6.8726E+06  0.2267
   1.0500E+01   1.1143E+01   5.0945E+06  0.2611
   1.1143E+01   1.1786E+01   2.9723E+06  0.3311
   1.1786E+01   1.2429E+01   3.8491E+06  0.2783
   1.2429E+01   1.3071E+01   3.1769E+06  0.3034
   1.3071E+01   1.3714E+01   3.0461E+06  0.3273
   1.3714E+01   1.4357E+01   4.2456E+06  0.2937
   1.4357E+01   1.5000E+01   5.7356E+05  0.7114

#   sum over    1.2441E+03   1.7405E+08

'no. =  2,   ir surf =  2,   ie =  1'
msuc: {\huge [t-cross] in r-z mesh}
msdr: {\it plotted by \ANGEL \version}
msdl: {\it calculated by \PHITS  3.31}
wt: s(0.7)
\vspace{-3}
  r surface crossing
  r     &=&   5.5000E+00 [cm]
  emin  &=&   0.0000E+00 [MeV]
  emax  &=&   1.0000E+03 [MeV]
 tot area  &=&   1.2441E+03 [cm^2]
e:
 
# Information for Restart Calculation
# This calculation was newly started
# istdev =  2 # 1:Batch variance, 2:History variance
# resc2  = 1.06811775968502986E-07 # Total source weight or Total source weight / maxcas
# resc3  = 1.00000000000000000E+09 # Total history number or Total batch number
# maxcas =      100000 # History / Batch, only used for istdev=1
# bitrseed = 0001001110011001001001110000100100110111001111011100001000101100 # bit data of rseed
