[ T-Deposit ]
    title = [t-deposit] in region mesh
     mesh =  reg            # mesh type is region-wise
      reg = 63 64 80 81 86 190 191 222 { 1001 - 1003 }
   volume                   # combined, lattice or level structure 
   non     reg      vol     # reg definition
    1       63   9.2000E+02 # 63
    2       64   6.9400E+02 # 64
    3       80   1.5600E+03 # 80
    4       81   1.8100E+03 # 81
    5       86   7.4000E+02 # 86
    6      190   2.3654E+02 # 190
    7      191   2.3654E+02 # 191
    8      222   1.4100E+03 # 222
    9     1001   8.1810E+00 # 1001
   10     1002   5.9560E+00 # 1002
   11     1003   8.3130E+00 # 1003
     unit =    0            # unit is [Gy/source]
   letmat =    0            # (D=0) mat ID for LET, 0:real mat, <0: electron for H2O
  dedxfnc =    0            # (D=0) user defined multiplier, 0(no), 1, 2
 material =  all            # (D=all) number of specific material
   output =  dose           # total deposit energy
  deposit =    0            # (D=0) 0-> total deposit dist, 1-> each process
     axis =   reg           # axis of output
     file = dose.out        # file name of output for the above axis
     part =  all        neutron    photon     proton    ( alpha      7Li      ) 
# kf/name :  0          2112       22         2212      ( 2000004    3000007  ) 
   epsout =    1            # (D=0) generate eps file by ANGEL
#    used :        main (  %)        temp (  %)       total (  %)
#  memory :          15 (  0)           0 (  0)          15 (  0)

#------------------------------------------------------------------------------
#newpage:
#   no. =  1

x: Serial Num. of Region
y: Dose [Gy/source]      
p: xlin ylog afac(0.8) form(0.9)
h:   x      n     n          y(all     ),l3 n   y(neutron ),d4r n   y(photon  ),u5b n   y(proton  ),m6g n   y(p5-group),q7rr n   
#  num    reg     volume       all       r.err      neutron   r.err      photon    r.err      proton    r.err      p5-group  r.err 
    1      63   9.2000E+02   2.8010E-04  0.1989   6.7654E-05  0.6301   2.1245E-04  0.1531   0.0000E+00  0.0000   0.0000E+00  0.0000
    2      64   6.9400E+02   6.8449E-04  0.0683   2.4118E-04  0.1333   4.4278E-04  0.0714   0.0000E+00  0.0000   0.0000E+00  0.0000
    3      80   1.5600E+03   1.7868E-03  0.1023   6.3015E-04  0.2260   1.1567E-03  0.0978   0.0000E+00  0.0000   0.0000E+00  0.0000
    4      81   1.8100E+03   2.8442E-04  0.2003   1.0798E-04  0.4285   1.7645E-04  0.1515   0.0000E+00  0.0000   0.0000E+00  0.0000
    5      86   7.4000E+02   1.7093E-03  0.1549   7.6524E-04  0.3065   9.4408E-04  0.1153   0.0000E+00  0.0000   0.0000E+00  0.0000
    6     190   2.3654E+02   5.1884E-03  0.0946   1.9335E-03  0.2114   3.2353E-03  0.0836   0.0000E+00  0.0000   0.0000E+00  0.0000
    7     191   2.3654E+02   2.6740E-04  0.3232   1.3049E-05  0.8099   2.5436E-04  0.3372   0.0000E+00  0.0000   0.0000E+00  0.0000
    8     222   1.4100E+03   4.6832E-04  0.0623   2.0069E-04  0.1199   2.6764E-04  0.0566   0.0000E+00  0.0000   0.0000E+00  0.0000
    9    1001   8.1810E+00   9.5488E-03  0.1918   4.7843E-03  0.2755   4.7645E-03  0.2541   0.0000E+00  0.0000   0.0000E+00  0.0000
   10    1002   5.9560E+00   6.0784E-03  0.1903   1.4166E-03  0.4124   4.6618E-03  0.2138   0.0000E+00  0.0000   0.0000E+00  0.0000
   11    1003   8.3130E+00   8.4615E-03  0.2292   3.9654E-03  0.4456   4.4961E-03  0.1775   0.0000E+00  0.0000   0.0000E+00  0.0000

#   sum over                 7.4354E+00           2.7983E+00           4.6321E+00           0.0000E+00           0.0000E+00

'no. =  1'
msuc: {\huge [t-deposit] in region mesh}
msdr: {\it plotted by \ANGEL \version}
msdl: {\it calculated by \PHITS  3.31}
 
# Information for Restart Calculation
# This calculation was newly started
# istdev =  2 # 1:Batch variance, 2:History variance
# resc2  = 5.46876291827541799E-09 # Total source weight or Total source weight / maxcas
# resc3  = 5.12000000000000000E+07 # Total history number or Total batch number
# maxcas =      100000 # History / Batch, only used for istdev=1
# bitrseed = 1110111010100110101100110010001011010010101001011001110010100101 # bit data of rseed
