[ T-Deposit ]
    title = [t-deposit] in region mesh
     mesh =  reg            # mesh type is region-wise
      reg = 63 64 80 81 86 190 191 222 { 1001 - 1003 }
   volume                   # combined, lattice or level structure 
   non     reg      vol     # reg definition
    1       63   9.2000E+02 # 63
    2       64   6.9400E+02 # 64
    3       80   1.5600E+03 # 80
    4       81   1.8100E+03 # 81
    5       86   7.4000E+02 # 86
    6      190   2.3654E+02 # 190
    7      191   2.3654E+02 # 191
    8      222   1.4100E+03 # 222
    9     1001   8.1810E+00 # 1001
   10     1002   5.9560E+00 # 1002
   11     1003   8.3130E+00 # 1003
     unit =    0            # unit is [Gy/source]
   letmat =    0            # (D=0) mat ID for LET, 0:real mat, <0: electron for H2O
  dedxfnc =    0            # (D=0) user defined multiplier, 0(no), 1, 2
 material =  all            # (D=all) number of specific material
   output =  dose           # total deposit energy
  deposit =    0            # (D=0) 0-> total deposit dist, 1-> each process
     axis =   reg           # axis of output
     file = dose.out        # file name of output for the above axis
     part =  all        neutron    photon     proton    ( alpha      7Li      ) 
# kf/name :  0          2112       22         2212      ( 2000004    3000007  ) 
   epsout =    1            # (D=0) generate eps file by ANGEL
#    used :        main (  %)        temp (  %)       total (  %)
#  memory :          15 (  0)           0 (  0)          15 (  0)

#------------------------------------------------------------------------------
#newpage:
#   no. =  1

x: Serial Num. of Region
y: Dose [Gy/source]      
p: xlin ylog afac(0.8) form(0.9)
h:   x      n     n          y(all     ),l3 n   y(neutron ),d4r n   y(photon  ),u5b n   y(proton  ),m6g n   y(p5-group),q7rr n   
#  num    reg     volume       all       r.err      neutron   r.err      photon    r.err      proton    r.err      p5-group  r.err 
    1      63   9.2000E+02   3.0365E-04  0.2228   8.3394E-05  0.6368   2.2026E-04  0.1701   0.0000E+00  0.0000   0.0000E+00  0.0000
    2      64   6.9400E+02   6.6833E-04  0.0722   2.2581E-04  0.1484   4.4186E-04  0.0721   0.0000E+00  0.0000   0.0000E+00  0.0000
    3      80   1.5600E+03   1.7894E-03  0.1124   6.4311E-04  0.2409   1.1463E-03  0.1106   0.0000E+00  0.0000   0.0000E+00  0.0000
    4      81   1.8100E+03   2.7123E-04  0.2187   1.0266E-04  0.5103   1.6857E-04  0.1621   0.0000E+00  0.0000   0.0000E+00  0.0000
    5      86   7.4000E+02   1.7200E-03  0.1760   8.2963E-04  0.3283   8.9036E-04  0.1273   0.0000E+00  0.0000   0.0000E+00  0.0000
    6     190   2.3654E+02   4.9546E-03  0.0994   1.7516E-03  0.2290   3.2030E-03  0.0890   0.0000E+00  0.0000   0.0000E+00  0.0000
    7     191   2.3654E+02   3.0413E-04  0.3482   1.4765E-05  0.8881   2.8936E-04  0.3631   0.0000E+00  0.0000   0.0000E+00  0.0000
    8     222   1.4100E+03   4.3275E-04  0.0601   1.6960E-04  0.1140   2.6316E-04  0.0602   0.0000E+00  0.0000   0.0000E+00  0.0000
    9    1001   8.1810E+00   1.2197E-02  0.1989   7.1467E-03  0.2660   5.0505E-03  0.2744   0.0000E+00  0.0000   0.0000E+00  0.0000
   10    1002   5.9560E+00   6.3118E-03  0.2122   1.8527E-03  0.3943   4.4591E-03  0.2511   0.0000E+00  0.0000   0.0000E+00  0.0000
   11    1003   8.3130E+00   9.0058E-03  0.2611   5.0269E-03  0.4380   3.9788E-03  0.2067   0.0000E+00  0.0000   0.0000E+00  0.0000

#   sum over                 7.3648E+00           2.8047E+00           4.5596E+00           0.0000E+00           0.0000E+00

'no. =  1'
msuc: {\huge [t-deposit] in region mesh}
msdr: {\it plotted by \ANGEL \version}
msdl: {\it calculated by \PHITS  3.31}
 
# Information for Restart Calculation
# This calculation was newly started
# istdev =  2 # 1:Batch variance, 2:History variance
# resc2  = 4.38996398287018640E-09 # Total source weight or Total source weight / maxcas
# resc3  = 4.11000000000000000E+07 # Total history number or Total batch number
# maxcas =      100000 # History / Batch, only used for istdev=1
# bitrseed = 1111110110101101110001101111001011101001110010101111000011110010 # bit data of rseed
