[ T-Track ]
    title = [t-track] in r-z mesh
     mesh =  r-z            # mesh type is r-z scoring mesh
       x0 =   0.000000      # center x-position of r-z mesh
       y0 =   0.000000      # center y-position of r-z mesh
   r-type =    2            # r-mesh is linear given by rmin, rmax and nr
     rmin =   0.000000      # minimum value of r-mesh points
     rmax =   5.500000      # maximum value of r-mesh points
#    rdel =   5.500000      # mesh width of r-mesh points
       nr =      1          # number of r-mesh points
#    data = ( r(i), i = 1, nr + 1 )
#           0.00000E+00  5.50000E+00
   z-type =    2            # z-mesh is linear given by zmin, zmax and nz
     zmin =  -41.00000      # minimum value of z-mesh points
     zmax =   15.00000      # maximum value of z-mesh points
#    zdel =   1.000000      # mesh width of z-mesh points
       nz =     56          # number of z-mesh points
#    data = ( z(i), i = 1, nz + 1 )
#          -4.10000E+01 -4.00000E+01 -3.90000E+01 -3.80000E+01 -3.70000E+01
#          -3.60000E+01 -3.50000E+01 -3.40000E+01 -3.30000E+01 -3.20000E+01
#          -3.10000E+01 -3.00000E+01 -2.90000E+01 -2.80000E+01 -2.70000E+01
#          -2.60000E+01 -2.50000E+01 -2.40000E+01 -2.30000E+01 -2.20000E+01
#          -2.10000E+01 -2.00000E+01 -1.90000E+01 -1.80000E+01 -1.70000E+01
#          -1.60000E+01 -1.50000E+01 -1.40000E+01 -1.30000E+01 -1.20000E+01
#          -1.10000E+01 -1.00000E+01 -9.00000E+00 -8.00000E+00 -7.00000E+00
#          -6.00000E+00 -5.00000E+00 -4.00000E+00 -3.00000E+00 -2.00000E+00
#          -1.00000E+00  0.00000E+00  1.00000E+00  2.00000E+00  3.00000E+00
#           4.00000E+00  5.00000E+00  6.00000E+00  7.00000E+00  8.00000E+00
#           9.00000E+00  1.00000E+01  1.10000E+01  1.20000E+01  1.30000E+01
#           1.40000E+01  1.50000E+01
     trcl =   2004          # transform ID
   e-type =    2            # e-mesh is linear given by emin, emax and ne
     emin =  1.0000000E-06  # minimum value of e-mesh points
     emax =  4.0000000E-02  # maximum value of e-mesh points
#    edel =  3.9999000E-02  # mesh width of e-mesh points
       ne =      1          # number of e-mesh points
#    data = ( e(i), i = 1, ne + 1 )
#           1.00000E-06  4.00000E-02
     unit =    1            # unit is [1/cm^2/source]
 material =  all            # (D=all) number of specific material
     axis =       z            # axis of output
     file = epithermal_neutron_flux.out  # file name of output for the above axis
     part =  neutron  
# kf/name :  2112     
    gshow =    1            # 0: no 1:bnd, 2:bnd+mat, 3:bnd+reg 4:bnd+lat 5:bmp style
    ginfo =    1            # (D=0) 0:no, 1:show in graph, 2:add file
    resol =    1            # (D=1) resolution of gshow or rshow
    width = 0.5000000       # (D=0.5) width of lines for gshow or rshow
   epsout =    1            # (D=0) generate eps file by ANGEL
#    used :        main (  %)        temp (  %)       total (  %)
#  memory :          65 (  0)           0 (  0)          65 (  0)

#------------------------------------------------------------------------------
#newpage:
#   no. =  1   ie  =  1   ir  =  1
#   e = (   1.0000E-06  -   4.0000E-02  )
#   r = (   0.0000E+00  -   5.5000E+00  )

x: z [cm]
y: Flux [1/cm^2/source]              
p: xlin ylog afac(0.8) form(0.9)
h: n            x            y(neutron ),hh0l n  
#  z-lower      z-upper        neutron   r.err 
  -4.1000E+01  -4.0000E+01   1.5847E+10  0.0037
  -4.0000E+01  -3.9000E+01   1.3330E+10  0.0054
  -3.9000E+01  -3.8000E+01   1.3013E+10  0.0055
  -3.8000E+01  -3.7000E+01   1.2531E+10  0.0057
  -3.7000E+01  -3.6000E+01   1.1910E+10  0.0058
  -3.6000E+01  -3.5000E+01   1.1132E+10  0.0060
  -3.5000E+01  -3.4000E+01   1.0258E+10  0.0062
  -3.4000E+01  -3.3000E+01   9.2857E+09  0.0063
  -3.3000E+01  -3.2000E+01   8.4871E+09  0.0065
  -3.2000E+01  -3.1000E+01   7.8513E+09  0.0067
  -3.1000E+01  -3.0000E+01   7.1424E+09  0.0069
  -3.0000E+01  -2.9000E+01   6.4654E+09  0.0071
  -2.9000E+01  -2.8000E+01   5.7974E+09  0.0074
  -2.8000E+01  -2.7000E+01   5.1278E+09  0.0077
  -2.7000E+01  -2.6000E+01   4.4203E+09  0.0079
  -2.6000E+01  -2.5000E+01   3.7829E+09  0.0082
  -2.5000E+01  -2.4000E+01   3.1335E+09  0.0081
  -2.4000E+01  -2.3000E+01   2.5766E+09  0.0081
  -2.3000E+01  -2.2000E+01   2.1485E+09  0.0084
  -2.2000E+01  -2.1000E+01   1.8512E+09  0.0092
  -2.1000E+01  -2.0000E+01   1.5783E+09  0.0100
  -2.0000E+01  -1.9000E+01   1.3339E+09  0.0101
  -1.9000E+01  -1.8000E+01   1.1223E+09  0.0102
  -1.8000E+01  -1.7000E+01   9.5648E+08  0.0105
  -1.7000E+01  -1.6000E+01   8.2479E+08  0.0110
  -1.6000E+01  -1.5000E+01   7.1885E+08  0.0117
  -1.5000E+01  -1.4000E+01   6.2726E+08  0.0123
  -1.4000E+01  -1.3000E+01   5.5300E+08  0.0130
  -1.3000E+01  -1.2000E+01   4.9249E+08  0.0138
  -1.2000E+01  -1.1000E+01   4.4159E+08  0.0144
  -1.1000E+01  -1.0000E+01   3.9604E+08  0.0151
  -1.0000E+01  -9.0000E+00   3.5754E+08  0.0159
  -9.0000E+00  -8.0000E+00   3.2707E+08  0.0167
  -8.0000E+00  -7.0000E+00   2.9944E+08  0.0173
  -7.0000E+00  -6.0000E+00   2.7355E+08  0.0182
  -6.0000E+00  -5.0000E+00   2.4923E+08  0.0189
  -5.0000E+00  -4.0000E+00   2.2822E+08  0.0197
  -4.0000E+00  -3.0000E+00   2.1044E+08  0.0205
  -3.0000E+00  -2.0000E+00   1.9522E+08  0.0213
  -2.0000E+00  -1.0000E+00   1.8295E+08  0.0219
  -1.0000E+00   0.0000E+00   1.7001E+08  0.0227
   0.0000E+00   1.0000E+00   1.5947E+08  0.0235
   1.0000E+00   2.0000E+00   1.4965E+08  0.0245
   2.0000E+00   3.0000E+00   1.3988E+08  0.0252
   3.0000E+00   4.0000E+00   1.3057E+08  0.0260
   4.0000E+00   5.0000E+00   1.2235E+08  0.0269
   5.0000E+00   6.0000E+00   1.1593E+08  0.0276
   6.0000E+00   7.0000E+00   1.0986E+08  0.0288
   7.0000E+00   8.0000E+00   1.0379E+08  0.0291
   8.0000E+00   9.0000E+00   9.9620E+07  0.0297
   9.0000E+00   1.0000E+01   9.4938E+07  0.0303
   1.0000E+01   1.1000E+01   9.0695E+07  0.0311
   1.1000E+01   1.2000E+01   8.6994E+07  0.0317
   1.2000E+01   1.3000E+01   8.3416E+07  0.0324
   1.3000E+01   1.4000E+01   7.8829E+07  0.0333
   1.4000E+01   1.5000E+01   7.6002E+07  0.0341

#   sum over    5.3219E+03   3.0227E+09

'no. =  1,  ie =  1,  ir =  1'
msuc: {\huge [t-track] in r-z mesh}
msdr: {\it plotted by \ANGEL \version}
msdl: {\it calculated by \PHITS  3.31}
wt: s(0.7)
\vspace{-3}
  emin  &=&   1.0000E-06 [MeV]
  emax  &=&   4.0000E-02 [MeV]
  rmin  &=&   0.0000E+00 [cm]
  rmax  &=&   5.5000E+00 [cm]
e:
 
# Information for Restart Calculation
# This calculation was newly started
# istdev =  2 # 1:Batch variance, 2:History variance
# resc2  = 1.06811775968502986E-07 # Total source weight or Total source weight / maxcas
# resc3  = 1.00000000000000000E+09 # Total history number or Total batch number
# maxcas =      100000 # History / Batch, only used for istdev=1
# bitrseed = 0001001110011001001001110000100100110111001111011100001000101100 # bit data of rseed
