[ T-Track ]
    title = [t-track] in r-z mesh
     mesh =  r-z            # mesh type is r-z scoring mesh
       x0 =   0.000000      # center x-position of r-z mesh
       y0 =   0.000000      # center y-position of r-z mesh
   r-type =    2            # r-mesh is linear given by rmin, rmax and nr
     rmin =   0.000000      # minimum value of r-mesh points
     rmax =   5.500000      # maximum value of r-mesh points
#    rdel =   5.500000      # mesh width of r-mesh points
       nr =      1          # number of r-mesh points
#    data = ( r(i), i = 1, nr + 1 )
#           0.00000E+00  5.50000E+00
   z-type =    2            # z-mesh is linear given by zmin, zmax and nz
     zmin =  -41.00000      # minimum value of z-mesh points
     zmax =   15.00000      # maximum value of z-mesh points
#    zdel =   1.000000      # mesh width of z-mesh points
       nz =     56          # number of z-mesh points
#    data = ( z(i), i = 1, nz + 1 )
#          -4.10000E+01 -4.00000E+01 -3.90000E+01 -3.80000E+01 -3.70000E+01
#          -3.60000E+01 -3.50000E+01 -3.40000E+01 -3.30000E+01 -3.20000E+01
#          -3.10000E+01 -3.00000E+01 -2.90000E+01 -2.80000E+01 -2.70000E+01
#          -2.60000E+01 -2.50000E+01 -2.40000E+01 -2.30000E+01 -2.20000E+01
#          -2.10000E+01 -2.00000E+01 -1.90000E+01 -1.80000E+01 -1.70000E+01
#          -1.60000E+01 -1.50000E+01 -1.40000E+01 -1.30000E+01 -1.20000E+01
#          -1.10000E+01 -1.00000E+01 -9.00000E+00 -8.00000E+00 -7.00000E+00
#          -6.00000E+00 -5.00000E+00 -4.00000E+00 -3.00000E+00 -2.00000E+00
#          -1.00000E+00  0.00000E+00  1.00000E+00  2.00000E+00  3.00000E+00
#           4.00000E+00  5.00000E+00  6.00000E+00  7.00000E+00  8.00000E+00
#           9.00000E+00  1.00000E+01  1.10000E+01  1.20000E+01  1.30000E+01
#           1.40000E+01  1.50000E+01
     trcl =   2004          # transform ID
   e-type =    2            # e-mesh is linear given by emin, emax and ne
     emin =   0.000000      # minimum value of e-mesh points
     emax =  2.5000000E-08  # maximum value of e-mesh points
#    edel =  2.5000000E-08  # mesh width of e-mesh points
       ne =      1          # number of e-mesh points
#    data = ( e(i), i = 1, ne + 1 )
#           0.00000E+00  2.50000E-08
     unit =    1            # unit is [1/cm^2/source]
 material =  all            # (D=all) number of specific material
     axis =       z            # axis of output
     file = thermal_neutron_flux.out  # file name of output for the above axis
     part =  neutron  
# kf/name :  2112     
    gshow =    1            # 0: no 1:bnd, 2:bnd+mat, 3:bnd+reg 4:bnd+lat 5:bmp style
    ginfo =    1            # (D=0) 0:no, 1:show in graph, 2:add file
    resol =    1            # (D=1) resolution of gshow or rshow
    width = 0.5000000       # (D=0.5) width of lines for gshow or rshow
   epsout =    1            # (D=0) generate eps file by ANGEL
#    used :        main (  %)        temp (  %)       total (  %)
#  memory :          65 (  0)           0 (  0)          65 (  0)

#------------------------------------------------------------------------------
#newpage:
#   no. =  1   ie  =  1   ir  =  1
#   e = (   0.0000E+00  -   2.5000E-08  )
#   r = (   0.0000E+00  -   5.5000E+00  )

x: z [cm]
y: Flux [1/cm^2/source]              
p: xlin ylog afac(0.8) form(0.9)
h: n            x            y(neutron ),hh0l n  
#  z-lower      z-upper        neutron   r.err 
  -4.1000E+01  -4.0000E+01   3.4349E+08  0.0128
  -4.0000E+01  -3.9000E+01   2.8116E+08  0.0232
  -3.9000E+01  -3.8000E+01   3.5564E+08  0.0214
  -3.8000E+01  -3.7000E+01   3.9354E+08  0.0202
  -3.7000E+01  -3.6000E+01   4.1878E+08  0.0196
  -3.6000E+01  -3.5000E+01   4.4487E+08  0.0193
  -3.5000E+01  -3.4000E+01   4.6618E+08  0.0183
  -3.4000E+01  -3.3000E+01   5.0859E+08  0.0183
  -3.3000E+01  -3.2000E+01   5.9120E+08  0.0194
  -3.2000E+01  -3.1000E+01   6.0791E+08  0.0193
  -3.1000E+01  -3.0000E+01   5.9880E+08  0.0198
  -3.0000E+01  -2.9000E+01   5.3730E+08  0.0195
  -2.9000E+01  -2.8000E+01   4.9919E+08  0.0207
  -2.8000E+01  -2.7000E+01   4.5345E+08  0.0210
  -2.7000E+01  -2.6000E+01   4.0500E+08  0.0219
  -2.6000E+01  -2.5000E+01   3.3655E+08  0.0227
  -2.5000E+01  -2.4000E+01   2.6821E+08  0.0229
  -2.4000E+01  -2.3000E+01   1.9947E+08  0.0230
  -2.3000E+01  -2.2000E+01   1.5623E+08  0.0250
  -2.2000E+01  -2.1000E+01   1.2739E+08  0.0270
  -2.1000E+01  -2.0000E+01   1.0375E+08  0.0301
  -2.0000E+01  -1.9000E+01   8.3374E+07  0.0315
  -1.9000E+01  -1.8000E+01   6.6259E+07  0.0325
  -1.8000E+01  -1.7000E+01   5.5404E+07  0.0342
  -1.7000E+01  -1.6000E+01   4.5681E+07  0.0368
  -1.6000E+01  -1.5000E+01   3.7863E+07  0.0398
  -1.5000E+01  -1.4000E+01   3.1662E+07  0.0431
  -1.4000E+01  -1.3000E+01   2.7031E+07  0.0467
  -1.3000E+01  -1.2000E+01   2.3199E+07  0.0499
  -1.2000E+01  -1.1000E+01   2.0004E+07  0.0535
  -1.1000E+01  -1.0000E+01   1.6998E+07  0.0570
  -1.0000E+01  -9.0000E+00   1.4778E+07  0.0612
  -9.0000E+00  -8.0000E+00   1.3561E+07  0.0639
  -8.0000E+00  -7.0000E+00   1.1691E+07  0.0675
  -7.0000E+00  -6.0000E+00   1.0181E+07  0.0718
  -6.0000E+00  -5.0000E+00   8.9126E+06  0.0762
  -5.0000E+00  -4.0000E+00   8.1031E+06  0.0787
  -4.0000E+00  -3.0000E+00   6.9122E+06  0.0851
  -3.0000E+00  -2.0000E+00   6.2346E+06  0.0891
  -2.0000E+00  -1.0000E+00   5.7506E+06  0.0933
  -1.0000E+00   0.0000E+00   5.3449E+06  0.0959
   0.0000E+00   1.0000E+00   4.9100E+06  0.0993
   1.0000E+00   2.0000E+00   4.5386E+06  0.1041
   2.0000E+00   3.0000E+00   4.2134E+06  0.1074
   3.0000E+00   4.0000E+00   3.6456E+06  0.1173
   4.0000E+00   5.0000E+00   3.2263E+06  0.1206
   5.0000E+00   6.0000E+00   3.0700E+06  0.1237
   6.0000E+00   7.0000E+00   2.9997E+06  0.1256
   7.0000E+00   8.0000E+00   2.8982E+06  0.1270
   8.0000E+00   9.0000E+00   2.5604E+06  0.1336
   9.0000E+00   1.0000E+01   2.3206E+06  0.1402
   1.0000E+01   1.1000E+01   2.0726E+06  0.1486
   1.1000E+01   1.2000E+01   1.9686E+06  0.1535
   1.2000E+01   1.3000E+01   1.8167E+06  0.1598
   1.3000E+01   1.4000E+01   1.6220E+06  0.1634
   1.4000E+01   1.5000E+01   1.4957E+06  0.1693

#   sum over    5.3219E+03   1.5427E+08

'no. =  1,  ie =  1,  ir =  1'
msuc: {\huge [t-track] in r-z mesh}
msdr: {\it plotted by \ANGEL \version}
msdl: {\it calculated by \PHITS  3.31}
wt: s(0.7)
\vspace{-3}
  emin  &=&   0.0000E+00 [MeV]
  emax  &=&   2.5000E-08 [MeV]
  rmin  &=&   0.0000E+00 [cm]
  rmax  &=&   5.5000E+00 [cm]
e:
 
# Information for Restart Calculation
# This calculation was newly started
# istdev =  2 # 1:Batch variance, 2:History variance
# resc2  = 1.06811775968502986E-07 # Total source weight or Total source weight / maxcas
# resc3  = 1.00000000000000000E+09 # Total history number or Total batch number
# maxcas =      100000 # History / Batch, only used for istdev=1
# bitrseed = 0001001110011001001001110000100100110111001111011100001000101100 # bit data of rseed
