[ T-Track ]
    title = [t-track] in r-z mesh
     mesh =  r-z            # mesh type is r-z scoring mesh
       x0 =   0.000000      # center x-position of r-z mesh
       y0 =   0.000000      # center y-position of r-z mesh
   r-type =    2            # r-mesh is linear given by rmin, rmax and nr
     rmin =   0.000000      # minimum value of r-mesh points
     rmax =   5.500000      # maximum value of r-mesh points
#    rdel =   5.500000      # mesh width of r-mesh points
       nr =      1          # number of r-mesh points
#    data = ( r(i), i = 1, nr + 1 )
#           0.00000E+00  5.50000E+00
   z-type =    2            # z-mesh is linear given by zmin, zmax and nz
     zmin =  -41.00000      # minimum value of z-mesh points
     zmax =   15.00000      # maximum value of z-mesh points
#    zdel =   1.000000      # mesh width of z-mesh points
       nz =     56          # number of z-mesh points
#    data = ( z(i), i = 1, nz + 1 )
#          -4.10000E+01 -4.00000E+01 -3.90000E+01 -3.80000E+01 -3.70000E+01
#          -3.60000E+01 -3.50000E+01 -3.40000E+01 -3.30000E+01 -3.20000E+01
#          -3.10000E+01 -3.00000E+01 -2.90000E+01 -2.80000E+01 -2.70000E+01
#          -2.60000E+01 -2.50000E+01 -2.40000E+01 -2.30000E+01 -2.20000E+01
#          -2.10000E+01 -2.00000E+01 -1.90000E+01 -1.80000E+01 -1.70000E+01
#          -1.60000E+01 -1.50000E+01 -1.40000E+01 -1.30000E+01 -1.20000E+01
#          -1.10000E+01 -1.00000E+01 -9.00000E+00 -8.00000E+00 -7.00000E+00
#          -6.00000E+00 -5.00000E+00 -4.00000E+00 -3.00000E+00 -2.00000E+00
#          -1.00000E+00  0.00000E+00  1.00000E+00  2.00000E+00  3.00000E+00
#           4.00000E+00  5.00000E+00  6.00000E+00  7.00000E+00  8.00000E+00
#           9.00000E+00  1.00000E+01  1.10000E+01  1.20000E+01  1.30000E+01
#           1.40000E+01  1.50000E+01
     trcl =   2004          # transform ID
   e-type =    2            # e-mesh is linear given by emin, emax and ne
     emin =  1.0000000E-02  # minimum value of e-mesh points
     emax =   1000.000      # maximum value of e-mesh points
#    edel =   999.9900      # mesh width of e-mesh points
       ne =      1          # number of e-mesh points
#    data = ( e(i), i = 1, ne + 1 )
#           1.00000E-02  1.00000E+03
     unit =    1            # unit is [1/cm^2/source]
 material =  all            # (D=all) number of specific material
     axis =       z            # axis of output
     file = fast_neutron_flux.out  # file name of output for the above axis
     part =  neutron  
# kf/name :  2112     
    gshow =    1            # 0: no 1:bnd, 2:bnd+mat, 3:bnd+reg 4:bnd+lat 5:bmp style
    ginfo =    1            # (D=0) 0:no, 1:show in graph, 2:add file
    resol =    1            # (D=1) resolution of gshow or rshow
    width = 0.5000000       # (D=0.5) width of lines for gshow or rshow
   epsout =    1            # (D=0) generate eps file by ANGEL
#    used :        main (  %)        temp (  %)       total (  %)
#  memory :          65 (  0)           0 (  0)          65 (  0)

#------------------------------------------------------------------------------
#newpage:
#   no. =  1   ie  =  1   ir  =  1
#   e = (   1.0000E-02  -   1.0000E+03  )
#   r = (   0.0000E+00  -   5.5000E+00  )

x: z [cm]
y: Flux [1/cm^2/source]              
p: xlin ylog afac(0.8) form(0.9)
h: n            x            y(neutron ),hh0l n  
#  z-lower      z-upper        neutron   r.err 
  -4.1000E+01  -4.0000E+01   5.9672E+09  0.0197
  -4.0000E+01  -3.9000E+01   4.9723E+09  0.0244
  -3.9000E+01  -3.8000E+01   4.2745E+09  0.0247
  -3.8000E+01  -3.7000E+01   3.9340E+09  0.0267
  -3.7000E+01  -3.6000E+01   3.4520E+09  0.0280
  -3.6000E+01  -3.5000E+01   3.0775E+09  0.0290
  -3.5000E+01  -3.4000E+01   2.7873E+09  0.0310
  -3.4000E+01  -3.3000E+01   2.4901E+09  0.0313
  -3.3000E+01  -3.2000E+01   2.1569E+09  0.0331
  -3.2000E+01  -3.1000E+01   1.8316E+09  0.0328
  -3.1000E+01  -3.0000E+01   1.6955E+09  0.0360
  -3.0000E+01  -2.9000E+01   1.5273E+09  0.0374
  -2.9000E+01  -2.8000E+01   1.3277E+09  0.0382
  -2.8000E+01  -2.7000E+01   1.1531E+09  0.0380
  -2.7000E+01  -2.6000E+01   1.0531E+09  0.0394
  -2.6000E+01  -2.5000E+01   9.2654E+08  0.0433
  -2.5000E+01  -2.4000E+01   8.2446E+08  0.0452
  -2.4000E+01  -2.3000E+01   7.1255E+08  0.0445
  -2.3000E+01  -2.2000E+01   5.9310E+08  0.0435
  -2.2000E+01  -2.1000E+01   5.2566E+08  0.0465
  -2.1000E+01  -2.0000E+01   4.8680E+08  0.0510
  -2.0000E+01  -1.9000E+01   4.6001E+08  0.0520
  -1.9000E+01  -1.8000E+01   4.1234E+08  0.0534
  -1.8000E+01  -1.7000E+01   3.7061E+08  0.0545
  -1.7000E+01  -1.6000E+01   3.4431E+08  0.0557
  -1.6000E+01  -1.5000E+01   3.2212E+08  0.0566
  -1.5000E+01  -1.4000E+01   2.9076E+08  0.0574
  -1.4000E+01  -1.3000E+01   2.7100E+08  0.0601
  -1.3000E+01  -1.2000E+01   2.3799E+08  0.0613
  -1.2000E+01  -1.1000E+01   2.0706E+08  0.0639
  -1.1000E+01  -1.0000E+01   1.8515E+08  0.0679
  -1.0000E+01  -9.0000E+00   1.7052E+08  0.0699
  -9.0000E+00  -8.0000E+00   1.5693E+08  0.0723
  -8.0000E+00  -7.0000E+00   1.4392E+08  0.0755
  -7.0000E+00  -6.0000E+00   1.3363E+08  0.0782
  -6.0000E+00  -5.0000E+00   1.2610E+08  0.0804
  -5.0000E+00  -4.0000E+00   1.2113E+08  0.0823
  -4.0000E+00  -3.0000E+00   1.1383E+08  0.0841
  -3.0000E+00  -2.0000E+00   1.0892E+08  0.0855
  -2.0000E+00  -1.0000E+00   1.0244E+08  0.0882
  -1.0000E+00   0.0000E+00   9.0758E+07  0.0931
   0.0000E+00   1.0000E+00   8.6245E+07  0.0961
   1.0000E+00   2.0000E+00   8.0332E+07  0.0995
   2.0000E+00   3.0000E+00   7.7534E+07  0.1011
   3.0000E+00   4.0000E+00   7.1579E+07  0.1046
   4.0000E+00   5.0000E+00   6.7341E+07  0.1074
   5.0000E+00   6.0000E+00   6.4669E+07  0.1099
   6.0000E+00   7.0000E+00   6.1323E+07  0.1122
   7.0000E+00   8.0000E+00   5.7551E+07  0.1159
   8.0000E+00   9.0000E+00   5.4792E+07  0.1175
   9.0000E+00   1.0000E+01   5.1398E+07  0.1219
   1.0000E+01   1.1000E+01   4.8879E+07  0.1254
   1.1000E+01   1.2000E+01   4.6966E+07  0.1282
   1.2000E+01   1.3000E+01   4.5682E+07  0.1304
   1.3000E+01   1.4000E+01   4.4399E+07  0.1325
   1.4000E+01   1.5000E+01   4.3313E+07  0.1342

#   sum over    5.3219E+03   9.1144E+08

'no. =  1,  ie =  1,  ir =  1'
msuc: {\huge [t-track] in r-z mesh}
msdr: {\it plotted by \ANGEL \version}
msdl: {\it calculated by \PHITS  3.31}
wt: s(0.7)
\vspace{-3}
  emin  &=&   1.0000E-02 [MeV]
  emax  &=&   1.0000E+03 [MeV]
  rmin  &=&   0.0000E+00 [cm]
  rmax  &=&   5.5000E+00 [cm]
e:
 
# Information for Restart Calculation
# This calculation was newly started
# istdev =  2 # 1:Batch variance, 2:History variance
# resc2  = 1.17492953338958197E-08 # Total source weight or Total source weight / maxcas
# resc3  = 1.10000000000000000E+08 # Total history number or Total batch number
# maxcas =    10000000 # History / Batch, only used for istdev=1
# bitrseed = 0010111011011111100110010111010111100011011000101000110100100001 # bit data of rseed
