           _________________________________________________________
          |                                                         |
          |       _/_/_/_/                                          |
          |      _/      _/                  _/_/_/_/_/_/           |
          |     _/      _/  _/      _/   _/      _/      _/_/_/_/_/ |
          |    _/_/_/_/    _/      _/   _/      _/      _/          |
          |   _/          _/_/_/_/_/   _/      _/       _/_/_/_/    |
          |  _/          _/      _/   _/      _/              _/    |
          | _/          _/      _/   _/      _/      _/_/_/_/_/     |
          |                                                         |
          |                                                         |
          |       Particle and Heavy Ion Transport code System      |
          |                      Version =  3.310                   |
          |                       developed by                      |
          |                                                         |
          |  Tatsuhiko SATO, Yosuke IWAMOTO, Shintaro HASHIMOTO,    |
          |    Tatsuhiko OGAWA, Takuya FURUTA, Shinichiro ABE,      |
          |    Takeshi KAI, Norihiro MATSUDA, Yusuke MATSUYA,       |
          | Yuho HIRATA, Lan YAO, Pi-En TSAI, Hunter RATLIFF (JAEA),|
          |                                                         |
          |            Hiroshi IWASE, Yasuhito SAKAKI (KEK),        |
          |                                                         |
          |           Nobuhiro SHIGYO (Kyushu University),          |
          |                                                         |
          |      Lembit SIHVER (Technische Universitat Wien), and   |
          |                                                         |
          |                     Koji NIITA (RIST)                   |
          |                                                         |
          |                 Last Revised  2023-04-11                |
          |_________________________________________________________|

                        Starting Date = 2023-06-21
                        Starting Time = 22h 28m 40

>>> Input Echo >>>=============================================================

[ Parameters ]
 icntl    =           7     # (D=0) 3:ECH 5:NOR 6:SRC 7,8:GSH 11:DSH 12:DUMP
 maxcas   =      100000     # (D=10) number of particles per one batch
 maxbch   =       10000     # (D=10) number of batches
 e-mode   =           0     # (D=0) 0: Normal, 1: Event generator mode Ver.1, 2: Ver.2

[ Source ]
  totfact =  9.36226E+15    # (D=1.0) global factor
   s-type =   1             # cylindrical source
     proj =  proton         # kind of incident particle         
       e0 =   30.000        # energy of beam [MeV/n]
       r0 =   1.5000        # radius [cm]
       r1 =   0.0000        # minimum radius [cm]
       x0 =   0.0000        # (D=0.0) center position of x-axis [cm]
       y0 =   0.0000        # (D=0.0) center position of y-axis [cm]
       z0 =   0.0000        # minimum position of z-axis [cm]
       z1 =   0.0000        # maximum position of z-axis [cm]
      dir =   1.0000        # z-direction of beam [cosine]
     trcl =   2003          # transform ID

[ Material ]
MAT[ 1 ] 
            C        -1.2400000E-04
            N        -7.5526800E-01
            O        -2.3178100E-01
           Ar        -1.2827000E-02
MAT[ 2 ] 
            H        -7.3370000E-02
            C        -2.5475000E-01
            N        -3.0570000E-02
            O        -4.7893000E-01
            F        -2.5000000E-04
           Na        -3.2600000E-03
           Mg        -1.1200000E-03
           Si        -2.0000000E-05
            P        -5.0950000E-02
            S        -1.7300000E-03
           Cl        -1.4300000E-03
            K        -1.5300000E-03
           Ca        -1.0190000E-01
           Fe        -8.0000000E-05
           Zn        -5.0000000E-05
           Rb        -2.0000000E-05
           Sr        -3.0000000E-05
           Pb        -1.0000000E-05
          10B        -1.0000000E-05
mt2      lwtr.20t  
MAT[ 4 ] 
            C        -1.2400000E-04
            N        -7.5526700E-01
            O        -2.3178100E-01
           Ar        -1.2827000E-02
MAT[ 5 ] 
            H        -8.8955000E-02
            C        -2.4069000E-01
            N        -2.7735000E-02
            O        -5.5709000E-01
            F        -1.2500000E-04
           Na        -2.1900000E-03
           Mg        -6.2500000E-04
           Si        -1.6000000E-04
            P        -2.6145000E-02
            S        -1.8850000E-03
           Cl        -1.3800000E-03
            K        -1.8050000E-03
           Ca        -5.1070000E-02
           Fe        -6.5000000E-05
           Zn        -4.0000000E-05
           Rb        -1.5000000E-05
           Sr        -1.5000000E-05
           Zr        -1.0000000E-05
           Pb        -5.0000000E-06
MAT[ 6 ] 
            H        -1.0700000E-01
            C        -1.4500000E-01
            N        -2.2000000E-02
            O        -7.1200000E-01
           Na        -2.0000000E-03
            P        -4.0000000E-03
            S        -2.0000000E-03
           Cl        -3.0000000E-03
            K        -3.0000000E-03
MAT[ 7 ] 
            H        -9.6000000E-02
            C        -1.9500000E-01
            N        -5.7000000E-02
            O        -6.4600000E-01
           Na        -1.0000000E-03
            P        -1.0000000E-03
            S        -3.0000000E-03
           Cl        -1.0000000E-03
MAT[ 8 ] 
            H        -9.6000000E-02
            C        -9.9000000E-02
            N        -2.2000000E-02
            O        -7.4400000E-01
           Na        -5.0000000E-03
            P        -2.2000000E-02
            S        -9.0000000E-03
           Cl        -3.0000000E-03
MAT[ 9 ] 
            H        -1.0500000E-01
            C        -2.5600000E-01
            N        -2.7000000E-02
            O        -6.0200000E-01
           Na        -1.0000000E-03
            P        -2.0000000E-03
            S        -3.0000000E-03
           Cl        -2.0000000E-03
            K        -2.0000000E-03
MAT[ 10 ] 
            H        -1.0400000E-01
            C        -1.1900000E-01
            N        -2.4000000E-02
            O        -7.4500000E-01
           Na        -2.0000000E-03
            P        -1.0000000E-03
            S        -1.0000000E-03
           Cl        -2.0000000E-03
            K        -1.0000000E-03
            I        -1.0000000E-03
MAT[ 11 ] 
            H        -1.0000000E-01
            C        -2.0400000E-01
            N        -4.2000000E-02
            O        -6.4500000E-01
           Na        -2.0000000E-03
            P        -1.0000000E-03
            S        -2.0000000E-03
           Cl        -3.0000000E-03
            K        -1.0000000E-03
          10B        -1.0000000E-05
MAT[ 12 ] 
            H        -1.0500000E-01
            C        -2.5600000E-01
            N        -2.7000000E-02
            O        -6.0200000E-01
           Na        -1.0000000E-03
            P        -2.0000000E-03
            S        -3.0000000E-03
           Cl        -2.0000000E-03
            K        -2.0000000E-03
MAT[ 13 ] 
            H        -1.0200000E-01
            C        -1.4300000E-01
            N        -3.4000000E-02
            O        -7.1000000E-01
           Na        -1.0000000E-03
            P        -2.0000000E-03
            S        -3.0000000E-03
           Cl        -1.0000000E-03
            K        -4.0000000E-03
MAT[ 14 ] 
            H        -1.0300000E-01
            C        -1.0500000E-01
            N        -3.1000000E-02
            O        -7.4900000E-01
           Na        -2.0000000E-03
            P        -2.0000000E-03
            S        -3.0000000E-03
           Cl        -3.0000000E-03
            K        -2.0000000E-03
          10B        -1.0000000E-05
mt14     lwtr.20t  
MAT[ 15 ] 
            H        -1.0400000E-01
            C        -1.3900000E-01
            N        -2.9000000E-02
            O        -7.1800000E-01
           Na        -1.0000000E-03
            P        -2.0000000E-03
            S        -2.0000000E-03
           Cl        -2.0000000E-03
            K        -3.0000000E-03
          10B        -1.0000000E-05
mt15     lwtr.20t  
MAT[ 16 ] 
            H        -1.0300000E-01
            C        -1.3200000E-01
            N        -3.0000000E-02
            O        -7.2400000E-01
           Na        -2.0000000E-03
            P        -2.0000000E-03
            S        -2.0000000E-03
           Cl        -2.0000000E-03
            K        -2.0000000E-03
           Ca        -1.0000000E-03
MAT[ 17 ] 
            H        -1.0300000E-01
            C        -1.8600000E-01
            N        -2.8000000E-02
            O        -6.7100000E-01
           Na        -2.0000000E-03
            P        -2.0000000E-03
            S        -3.0000000E-03
           Cl        -2.0000000E-03
            K        -3.0000000E-03
MAT[ 18 ] 
            H        -1.0600000E-01
            C        -1.6900000E-01
            N        -2.2000000E-02
            O        -6.9400000E-01
           Na        -2.0000000E-03
            P        -2.0000000E-03
            S        -1.0000000E-03
           Cl        -2.0000000E-03
            K        -2.0000000E-03
MAT[ 19 ] 
            H        -1.0300000E-01
            C        -1.1300000E-01
            N        -3.2000000E-02
            O        -7.4100000E-01
           Na        -1.0000000E-03
            P        -3.0000000E-03
            S        -2.0000000E-03
           Cl        -2.0000000E-03
            K        -3.0000000E-03
MAT[ 20 ] 
            H        -1.0600000E-01
            C        -1.1500000E-01
            N        -2.2000000E-02
            O        -7.5100000E-01
           Na        -1.0000000E-03
            P        -1.0000000E-03
            S        -1.0000000E-03
           Cl        -2.0000000E-03
            K        -1.0000000E-03
MAT[ 21 ] 
            H        -1.0500000E-01
            C        -9.6000000E-02
            N        -2.6000000E-02
            O        -7.6100000E-01
           Na        -2.0000000E-03
            P        -2.0000000E-03
            S        -2.0000000E-03
           Cl        -3.0000000E-03
            K        -3.0000000E-03
MAT[ 22 ] 
            H        -1.0600000E-01
            C        -9.9000000E-02
            N        -2.0000000E-02
            O        -7.6600000E-01
           Na        -2.0000000E-03
            P        -1.0000000E-03
            S        -2.0000000E-03
           Cl        -2.0000000E-03
            K        -2.0000000E-03
MAT[ 23 ] 
            H        -1.0500000E-01
            C        -9.3000000E-02
            N        -2.4000000E-02
            O        -7.6800000E-01
           Na        -2.0000000E-03
            P        -2.0000000E-03
            S        -2.0000000E-03
           Cl        -2.0000000E-03
            K        -2.0000000E-03
MAT[ 24 ] 
            H        -1.0600000E-01
            C        -3.1500000E-01
            N        -2.4000000E-02
            O        -5.4700000E-01
           Na        -1.0000000E-03
            P        -2.0000000E-03
            S        -2.0000000E-03
           Cl        -1.0000000E-03
            K        -2.0000000E-03
MAT[ 25 ] 
            H        -1.1600000E-01
            C        -5.1900000E-01
            O        -3.6500000E-01
          10B        -1.0000000E-05
mt25     lwtr.20t  
MAT[ 1001 ] 
            H        -9.9200000E-02
            C        -1.9360000E-01
            O        -6.5980000E-01
          10B        -1.0000000E-04
mt1001   lwtr.20t  
MAT[ 1002 ] 
            H        -1.1600000E-01
            C        -5.1900000E-01
            O        -3.6500000E-01
          10B        -1.0000000E-05
mt1002   lwtr.20t  
MAT[ 1111 ] 
            H         1.0000000E+00
MAT[ 2222 ] 
            N         1.0000000E+00
MAT[ 3333 ] 
          10B         1.0000000E+00
MAT[ 2001 ] 
          9Be        -1.0000000E+00
MAT[ 2002 ] 
        206Pb        -2.4400000E-01
        207Pb        -2.2400000E-01
        208Pb        -5.3200000E-01
MAT[ 2003 ] 
        209Bi        -1.0000000E+00
MAT[ 2004 ] 
           1H        -5.2620000E-01
            C        -2.9690000E-01
          16O        -1.0070000E-01
          6Li        -7.2400000E-02
          7Li        -3.8000000E-03
MAT[ 2005 ] 
           Ni        -9.5000000E-01
         55Mn        -1.5000000E-02
           Fe        -1.0000000E-02
           Si        -5.0000000E-03
           Cu        -1.0000000E-02
          12C        -5.0000000E-03
           Ti        -5.0000000E-03
MAT[ 2006 ] 
           Pb        -3.3300000E-01
          19F        -6.6700000E-01
MAT[ 2007 ] 
         27Al        -1.0000000E+00
MAT[ 2008 ] 
          7Li        -2.6785000E-01
          19F        -7.3241500E-01
MAT[ 2009 ] 
          10B        -7.8261000E-01
          12C        -2.1739000E-01
MAT[ 2010 ] 
           1H        -8.1000000E-02
          12C        -4.6900000E-01
          10B        -4.5000000E-01

[ Cell ]
 230         4 -1.2050000E-03  -400 #20001 #20002 #20003 #20004 #20005
                              #20006 #20007 #20008 #20009 #20011 #20012
                              #20013 #20014 #20018 #20023 #20024 
 231        -1                 400 
 20001    2004 -9.8430000E-01  ( 2011 -2002 2003 -2006 )
                              : ( -2009 -2001 2006 2014 )
                              : ( -2009 -2014 2016 2024 )  trcl=2002 
 20002    2006 -8.4500000E+00  ( -2024 2022 -2014 2019 2038 )
                              : ( 2019 -2035 2038 -2024 )  trcl=2002 
 20003    2006 -8.4500000E+00  -2006 2007 -2003 2014  trcl=2002 
 20004    2006 -8.4500000E+00  ( -2014 2035 2027 -2022 2038 )
                              : ( 2038 -2022 2035 -2018 )  trcl=2002 
 20005    2006 -8.4500000E+00  ( 2011 -2003 2004 -2007 )
                              : ( -2003 2010 -2007 2013 )
                              : ( 2027 -2007 2014 -2013 )  trcl=2002 
 20006    2007 -2.7000000E+00  -2013 2031 -2027  trcl=2002 
 20007    2007 -2.7000000E+00  ( 2013 -2010 -2004 2025 )
                              : ( 2013 -2010 -2005 )  trcl=2002 
 20008    2009 -2.5200000E+00  -2027 -2034 2018  trcl=2002 
 20009    2008 -2.6530000E+00  -2032 -2027 2017  trcl=2002 
 20011       0                 2004 -2012 -2026  trcl=2002 
 20012    2001 -1.8500000E+00  2005 -2004 -2025  trcl=2002 
 20013    2003 -9.8000000E+00  -2026 2004 2012 -2011  trcl=2002 
 20014    2003 -9.8000000E+00  2030 -2018 -2038  trcl=2002 
 20018    2005 -8.8600000E+00  2036 -2028 2037 -2038  trcl=2002 
 20023    2010 -9.3000000E-01  2038 -2009 -2019 2042  trcl=2002 
 20024    2002 -1.1340000E+01  2038 -2009 -2042 2043  trcl=2002 

[ Surface ]
 400           so    5.0000000E+02
 2001     2001 px    2.5210000E+02
 2002     2001 px    2.5200000E+02
 2003     2001 px    2.4200000E+02
 2004     2001 px    2.0500000E+02
 2005     2001 px    2.0450000E+02
 2006     2001 cx    5.7000000E+01
 2007     2001 cx    2.8000000E+01
 2008     2001 cx    6.7010000E+01
 2009     2001 cx    8.7000000E+01
 2010     2001 cx    2.5000000E+01
 2011     2001 cx    1.5000000E+01
 2012     2001 cx    5.0000000E+00
 2013     2001 px    1.6600000E+02
 2014     2001 px    1.5300000E+02
 2015     2001 px    1.4300000E+02
 2016     2001 px    1.2930000E+02
 2017     2001 px    1.4600000E+02
 2018     2001 px    1.4579100E+02
 2019     2001 px    1.2930000E+02
 2020     2001 px    1.3840000E+02
 2021     2001 kx    1.3300000E+02  2.0000000E+00
 2022     2001 kx    1.2500000E+02  6.0000000E-01
 2023     2001 kx    1.0590000E+02  9.0000000E-01
 2024     2001 kx    1.0600000E+02  9.0000000E-01
 2025     2001 cx    9.5000000E+00
 2026     2001 px    2.6000000E+02
 2027     2001 kx    1.3500000E+02  6.5000000E-01
 2028     2001 px    1.4529000E+02
 2029     2001 px    1.4579000E+02
 2030     2001 px    1.4529100E+02
 2031     2001 px    1.5400000E+02
 2032     2001 px    1.5399500E+02
 2033     2001 px    1.5200000E+02
 2034     2001 px    1.4599900E+02
 2035     2001 px    1.4400000E+02
 2036     2001 px    1.3830100E+02
 2037     2001 cx    5.0000000E+00
 2038     2001 cx    5.5000000E+00
 2039     2001 py    4.2000000E+00
 2040     2001 py   -4.2000000E+00
 2041     2001 px    9.8300000E+01
 2042     2001 px    1.2430000E+02
 2043     2001 px    1.1930000E+02

[ Transform ]
tr2001         0.0000000E+00  0.0000000E+00  1.3830000E+02
               0.0000000E+00  0.0000000E+00 -1.0000000E+00
               0.0000000E+00  1.0000000E+00  0.0000000E+00
               1.0000000E+00  0.0000000E+00  0.0000000E+00    1
*tr2002        1.0000000E+01 -3.3000000E+01  5.2000000E+01
               0.0000000E+00  1.8000000E+02  9.0000000E+01
               0.0000000E+00  0.0000000E+00  0.0000000E+00
               0.0000000E+00  0.0000000E+00  0.0000000E+00    2
*tr2003        1.0000000E+01 -1.5300000E+02  5.2000000E+01
               0.0000000E+00  1.8000000E+02  9.0000000E+01
               0.0000000E+00  0.0000000E+00  0.0000000E+00
               0.0000000E+00  0.0000000E+00  0.0000000E+00    2
*tr2004        1.0000000E+01  0.0000000E+00  5.2000000E+01
               0.0000000E+00  1.8000000E+02  9.0000000E+01
               0.0000000E+00  0.0000000E+00  0.0000000E+00
               0.0000000E+00  0.0000000E+00  0.0000000E+00    2

[ T-Track ]
    title = [t-track] in r-z mesh
     mesh =  r-z            # mesh type is r-z scoring mesh
       x0 =   0.000000      # center x-position of r-z mesh
       y0 =   0.000000      # center y-position of r-z mesh
   r-type =    2            # r-mesh is linear given by rmin, rmax and nr
     rmin =   0.000000      # minimum value of r-mesh points
     rmax =   5.500000      # maximum value of r-mesh points
#    rdel =   5.500000      # mesh width of r-mesh points
       nr =      1          # number of r-mesh points
#    data = ( r(i), i = 1, nr + 1 )
#           0.00000E+00  5.50000E+00
   z-type =    2            # z-mesh is linear given by zmin, zmax and nz
     zmin =  -41.00000      # minimum value of z-mesh points
     zmax =   15.00000      # maximum value of z-mesh points
#    zdel =   1.000000      # mesh width of z-mesh points
       nz =     56          # number of z-mesh points
#    data = ( z(i), i = 1, nz + 1 )
#          -4.10000E+01 -4.00000E+01 -3.90000E+01 -3.80000E+01 -3.70000E+01
#          -3.60000E+01 -3.50000E+01 -3.40000E+01 -3.30000E+01 -3.20000E+01
#          -3.10000E+01 -3.00000E+01 -2.90000E+01 -2.80000E+01 -2.70000E+01
#          -2.60000E+01 -2.50000E+01 -2.40000E+01 -2.30000E+01 -2.20000E+01
#          -2.10000E+01 -2.00000E+01 -1.90000E+01 -1.80000E+01 -1.70000E+01
#          -1.60000E+01 -1.50000E+01 -1.40000E+01 -1.30000E+01 -1.20000E+01
#          -1.10000E+01 -1.00000E+01 -9.00000E+00 -8.00000E+00 -7.00000E+00
#          -6.00000E+00 -5.00000E+00 -4.00000E+00 -3.00000E+00 -2.00000E+00
#          -1.00000E+00  0.00000E+00  1.00000E+00  2.00000E+00  3.00000E+00
#           4.00000E+00  5.00000E+00  6.00000E+00  7.00000E+00  8.00000E+00
#           9.00000E+00  1.00000E+01  1.10000E+01  1.20000E+01  1.30000E+01
#           1.40000E+01  1.50000E+01
     trcl =   2004          # transform ID
   e-type =    2            # e-mesh is linear given by emin, emax and ne
     emin =   0.000000      # minimum value of e-mesh points
     emax =  2.5000000E-08  # maximum value of e-mesh points
#    edel =  2.5000000E-08  # mesh width of e-mesh points
       ne =      1          # number of e-mesh points
#    data = ( e(i), i = 1, ne + 1 )
#           0.00000E+00  2.50000E-08
     unit =    1            # unit is [1/cm^2/source]
 material =  all            # (D=all) number of specific material
     axis =       z            # axis of output
     file = thermal_neutron_flux.out  # file name of output for the above axis
     part =  neutron  
# kf/name :  2112     
    gshow =    1            # 0: no 1:bnd, 2:bnd+mat, 3:bnd+reg 4:bnd+lat 5:bmp style
    ginfo =    1            # (D=0) 0:no, 1:show in graph, 2:add file
    resol =    1            # (D=1) resolution of gshow or rshow
    width = 0.5000000       # (D=0.5) width of lines for gshow or rshow
   epsout =    1            # (D=0) generate eps file by ANGEL
#    used :        main (  %)        temp (  %)       total (  %)
#  memory :          65 (  0)           0 (  0)          65 (  0)

[ T-Track ]
    title = [t-track] in r-z mesh
     mesh =  r-z            # mesh type is r-z scoring mesh
       x0 =   0.000000      # center x-position of r-z mesh
       y0 =   0.000000      # center y-position of r-z mesh
   r-type =    2            # r-mesh is linear given by rmin, rmax and nr
     rmin =   0.000000      # minimum value of r-mesh points
     rmax =   5.500000      # maximum value of r-mesh points
#    rdel =   5.500000      # mesh width of r-mesh points
       nr =      1          # number of r-mesh points
#    data = ( r(i), i = 1, nr + 1 )
#           0.00000E+00  5.50000E+00
   z-type =    2            # z-mesh is linear given by zmin, zmax and nz
     zmin =  -41.00000      # minimum value of z-mesh points
     zmax =   15.00000      # maximum value of z-mesh points
#    zdel =   1.000000      # mesh width of z-mesh points
       nz =     56          # number of z-mesh points
#    data = ( z(i), i = 1, nz + 1 )
#          -4.10000E+01 -4.00000E+01 -3.90000E+01 -3.80000E+01 -3.70000E+01
#          -3.60000E+01 -3.50000E+01 -3.40000E+01 -3.30000E+01 -3.20000E+01
#          -3.10000E+01 -3.00000E+01 -2.90000E+01 -2.80000E+01 -2.70000E+01
#          -2.60000E+01 -2.50000E+01 -2.40000E+01 -2.30000E+01 -2.20000E+01
#          -2.10000E+01 -2.00000E+01 -1.90000E+01 -1.80000E+01 -1.70000E+01
#          -1.60000E+01 -1.50000E+01 -1.40000E+01 -1.30000E+01 -1.20000E+01
#          -1.10000E+01 -1.00000E+01 -9.00000E+00 -8.00000E+00 -7.00000E+00
#          -6.00000E+00 -5.00000E+00 -4.00000E+00 -3.00000E+00 -2.00000E+00
#          -1.00000E+00  0.00000E+00  1.00000E+00  2.00000E+00  3.00000E+00
#           4.00000E+00  5.00000E+00  6.00000E+00  7.00000E+00  8.00000E+00
#           9.00000E+00  1.00000E+01  1.10000E+01  1.20000E+01  1.30000E+01
#           1.40000E+01  1.50000E+01
     trcl =   2004          # transform ID
   e-type =    2            # e-mesh is linear given by emin, emax and ne
     emin =  1.0000000E-06  # minimum value of e-mesh points
     emax =  4.0000000E-02  # maximum value of e-mesh points
#    edel =  3.9999000E-02  # mesh width of e-mesh points
       ne =      1          # number of e-mesh points
#    data = ( e(i), i = 1, ne + 1 )
#           1.00000E-06  4.00000E-02
     unit =    1            # unit is [1/cm^2/source]
 material =  all            # (D=all) number of specific material
     axis =       z            # axis of output
     file = epithermal_neutron_flux.out  # file name of output for the above axis
     part =  neutron  
# kf/name :  2112     
    gshow =    1            # 0: no 1:bnd, 2:bnd+mat, 3:bnd+reg 4:bnd+lat 5:bmp style
    ginfo =    1            # (D=0) 0:no, 1:show in graph, 2:add file
    resol =    1            # (D=1) resolution of gshow or rshow
    width = 0.5000000       # (D=0.5) width of lines for gshow or rshow
   epsout =    1            # (D=0) generate eps file by ANGEL
#    used :        main (  %)        temp (  %)       total (  %)
#  memory :          65 (  0)           0 (  0)          65 (  0)

[ T-Track ]
    title = [t-track] in r-z mesh
     mesh =  r-z            # mesh type is r-z scoring mesh
       x0 =   0.000000      # center x-position of r-z mesh
       y0 =   0.000000      # center y-position of r-z mesh
   r-type =    2            # r-mesh is linear given by rmin, rmax and nr
     rmin =   0.000000      # minimum value of r-mesh points
     rmax =   5.500000      # maximum value of r-mesh points
#    rdel =   5.500000      # mesh width of r-mesh points
       nr =      1          # number of r-mesh points
#    data = ( r(i), i = 1, nr + 1 )
#           0.00000E+00  5.50000E+00
   z-type =    2            # z-mesh is linear given by zmin, zmax and nz
     zmin =  -41.00000      # minimum value of z-mesh points
     zmax =   15.00000      # maximum value of z-mesh points
#    zdel =   1.000000      # mesh width of z-mesh points
       nz =     56          # number of z-mesh points
#    data = ( z(i), i = 1, nz + 1 )
#          -4.10000E+01 -4.00000E+01 -3.90000E+01 -3.80000E+01 -3.70000E+01
#          -3.60000E+01 -3.50000E+01 -3.40000E+01 -3.30000E+01 -3.20000E+01
#          -3.10000E+01 -3.00000E+01 -2.90000E+01 -2.80000E+01 -2.70000E+01
#          -2.60000E+01 -2.50000E+01 -2.40000E+01 -2.30000E+01 -2.20000E+01
#          -2.10000E+01 -2.00000E+01 -1.90000E+01 -1.80000E+01 -1.70000E+01
#          -1.60000E+01 -1.50000E+01 -1.40000E+01 -1.30000E+01 -1.20000E+01
#          -1.10000E+01 -1.00000E+01 -9.00000E+00 -8.00000E+00 -7.00000E+00
#          -6.00000E+00 -5.00000E+00 -4.00000E+00 -3.00000E+00 -2.00000E+00
#          -1.00000E+00  0.00000E+00  1.00000E+00  2.00000E+00  3.00000E+00
#           4.00000E+00  5.00000E+00  6.00000E+00  7.00000E+00  8.00000E+00
#           9.00000E+00  1.00000E+01  1.10000E+01  1.20000E+01  1.30000E+01
#           1.40000E+01  1.50000E+01
     trcl =   2004          # transform ID
   e-type =    2            # e-mesh is linear given by emin, emax and ne
     emin =  1.0000000E-02  # minimum value of e-mesh points
     emax =   1000.000      # maximum value of e-mesh points
#    edel =   999.9900      # mesh width of e-mesh points
       ne =      1          # number of e-mesh points
#    data = ( e(i), i = 1, ne + 1 )
#           1.00000E-02  1.00000E+03
     unit =    1            # unit is [1/cm^2/source]
 material =  all            # (D=all) number of specific material
     axis =       z            # axis of output
     file = fast_neutron_flux.out  # file name of output for the above axis
     part =  neutron  
# kf/name :  2112     
    gshow =    1            # 0: no 1:bnd, 2:bnd+mat, 3:bnd+reg 4:bnd+lat 5:bmp style
    ginfo =    1            # (D=0) 0:no, 1:show in graph, 2:add file
    resol =    1            # (D=1) resolution of gshow or rshow
    width = 0.5000000       # (D=0.5) width of lines for gshow or rshow
   epsout =    1            # (D=0) generate eps file by ANGEL
#    used :        main (  %)        temp (  %)       total (  %)
#  memory :          65 (  0)           0 (  0)          65 (  0)

[ T-Track ]
    title = [t-track] in r-z mesh
     mesh =  r-z            # mesh type is r-z scoring mesh
       x0 =   0.000000      # center x-position of r-z mesh
       y0 =   0.000000      # center y-position of r-z mesh
   r-type =    2            # r-mesh is linear given by rmin, rmax and nr
     rmin =   0.000000      # minimum value of r-mesh points
     rmax =   5.500000      # maximum value of r-mesh points
#    rdel =   5.500000      # mesh width of r-mesh points
       nr =      1          # number of r-mesh points
#    data = ( r(i), i = 1, nr + 1 )
#           0.00000E+00  5.50000E+00
   z-type =    2            # z-mesh is linear given by zmin, zmax and nz
     zmin =  -41.00000      # minimum value of z-mesh points
     zmax =   15.00000      # maximum value of z-mesh points
#    zdel =   1.000000      # mesh width of z-mesh points
       nz =     56          # number of z-mesh points
#    data = ( z(i), i = 1, nz + 1 )
#          -4.10000E+01 -4.00000E+01 -3.90000E+01 -3.80000E+01 -3.70000E+01
#          -3.60000E+01 -3.50000E+01 -3.40000E+01 -3.30000E+01 -3.20000E+01
#          -3.10000E+01 -3.00000E+01 -2.90000E+01 -2.80000E+01 -2.70000E+01
#          -2.60000E+01 -2.50000E+01 -2.40000E+01 -2.30000E+01 -2.20000E+01
#          -2.10000E+01 -2.00000E+01 -1.90000E+01 -1.80000E+01 -1.70000E+01
#          -1.60000E+01 -1.50000E+01 -1.40000E+01 -1.30000E+01 -1.20000E+01
#          -1.10000E+01 -1.00000E+01 -9.00000E+00 -8.00000E+00 -7.00000E+00
#          -6.00000E+00 -5.00000E+00 -4.00000E+00 -3.00000E+00 -2.00000E+00
#          -1.00000E+00  0.00000E+00  1.00000E+00  2.00000E+00  3.00000E+00
#           4.00000E+00  5.00000E+00  6.00000E+00  7.00000E+00  8.00000E+00
#           9.00000E+00  1.00000E+01  1.10000E+01  1.20000E+01  1.30000E+01
#           1.40000E+01  1.50000E+01
     trcl =   2004          # transform ID
   e-type =    2            # e-mesh is linear given by emin, emax and ne
     emin =   0.000000      # minimum value of e-mesh points
     emax =   1000.000      # maximum value of e-mesh points
#    edel =   1000.000      # mesh width of e-mesh points
       ne =      1          # number of e-mesh points
#    data = ( e(i), i = 1, ne + 1 )
#           0.00000E+00  1.00000E+03
     unit =    1            # unit is [1/cm^2/source]
 material =  all            # (D=all) number of specific material
     axis =       z            # axis of output
     file = total_neutron_flux.out  # file name of output for the above axis
     part =  neutron  
# kf/name :  2112     
    gshow =    1            # 0: no 1:bnd, 2:bnd+mat, 3:bnd+reg 4:bnd+lat 5:bmp style
    ginfo =    1            # (D=0) 0:no, 1:show in graph, 2:add file
    resol =    1            # (D=1) resolution of gshow or rshow
    width = 0.5000000       # (D=0.5) width of lines for gshow or rshow
   epsout =    1            # (D=0) generate eps file by ANGEL
#    used :        main (  %)        temp (  %)       total (  %)
#  memory :          65 (  0)           0 (  0)          65 (  0)

[ T-Deposit ]
    title = [t-deposit] in r-z mesh
     mesh =  r-z            # mesh type is r-z scoring mesh
       x0 =   0.000000      # center x-position of r-z mesh
       y0 =   0.000000      # center y-position of r-z mesh
   r-type =    2            # r-mesh is linear given by rmin, rmax and nr
     rmin =   0.000000      # minimum value of r-mesh points
     rmax =   5.500000      # maximum value of r-mesh points
#    rdel =   5.500000      # mesh width of r-mesh points
       nr =      1          # number of r-mesh points
#    data = ( r(i), i = 1, nr + 1 )
#           0.00000E+00  5.50000E+00
   z-type =    2            # z-mesh is linear given by zmin, zmax and nz
     zmin =  -41.00000      # minimum value of z-mesh points
     zmax =   15.00000      # maximum value of z-mesh points
#    zdel =   1.000000      # mesh width of z-mesh points
       nz =     56          # number of z-mesh points
#    data = ( z(i), i = 1, nz + 1 )
#          -4.10000E+01 -4.00000E+01 -3.90000E+01 -3.80000E+01 -3.70000E+01
#          -3.60000E+01 -3.50000E+01 -3.40000E+01 -3.30000E+01 -3.20000E+01
#          -3.10000E+01 -3.00000E+01 -2.90000E+01 -2.80000E+01 -2.70000E+01
#          -2.60000E+01 -2.50000E+01 -2.40000E+01 -2.30000E+01 -2.20000E+01
#          -2.10000E+01 -2.00000E+01 -1.90000E+01 -1.80000E+01 -1.70000E+01
#          -1.60000E+01 -1.50000E+01 -1.40000E+01 -1.30000E+01 -1.20000E+01
#          -1.10000E+01 -1.00000E+01 -9.00000E+00 -8.00000E+00 -7.00000E+00
#          -6.00000E+00 -5.00000E+00 -4.00000E+00 -3.00000E+00 -2.00000E+00
#          -1.00000E+00  0.00000E+00  1.00000E+00  2.00000E+00  3.00000E+00
#           4.00000E+00  5.00000E+00  6.00000E+00  7.00000E+00  8.00000E+00
#           9.00000E+00  1.00000E+01  1.10000E+01  1.20000E+01  1.30000E+01
#           1.40000E+01  1.50000E+01
     trcl =   2004          # transform ID
     unit =    0            # unit is [Gy/source]
   letmat =    0            # (D=0) mat ID for LET, 0:real mat, <0: electron for H2O
  dedxfnc =    0            # (D=0) user defined multiplier, 0(no), 1, 2
 material =  all            # (D=all) number of specific material
   output =  dose           # total deposit energy
  deposit =    0            # (D=0) 0-> total deposit dist, 1-> each process
     axis =     z           # axis of output
     file = gamma_dose.out  # file name of output for the above axis
     part =  photon   
# kf/name :  22       
    gshow =    1            # 0: no 1:bnd, 2:bnd+mat, 3:bnd+reg 4:bnd+lat 5:bmp style
    ginfo =    1            # (D=0) 0:no, 1:show in graph, 2:add file
    resol =    1            # (D=1) resolution of gshow or rshow
    width = 0.5000000       # (D=0.5) width of lines for gshow or rshow
   epsout =    1            # (D=0) generate eps file by ANGEL
#    used :        main (  %)        temp (  %)       total (  %)
#  memory :          62 (  0)           0 (  0)          62 (  0)

[ T-Track ]
    title = [t-track] in r-z mesh
     mesh =  r-z            # mesh type is r-z scoring mesh
       x0 =   0.000000      # center x-position of r-z mesh
       y0 =   0.000000      # center y-position of r-z mesh
   r-type =    2            # r-mesh is linear given by rmin, rmax and nr
     rmin =   0.000000      # minimum value of r-mesh points
     rmax =   5.500000      # maximum value of r-mesh points
#    rdel =   5.500000      # mesh width of r-mesh points
       nr =      1          # number of r-mesh points
#    data = ( r(i), i = 1, nr + 1 )
#           0.00000E+00  5.50000E+00
   z-type =    2            # z-mesh is linear given by zmin, zmax and nz
     zmin =  -41.00000      # minimum value of z-mesh points
     zmax =   15.00000      # maximum value of z-mesh points
#    zdel =   1.000000      # mesh width of z-mesh points
       nz =     56          # number of z-mesh points
#    data = ( z(i), i = 1, nz + 1 )
#          -4.10000E+01 -4.00000E+01 -3.90000E+01 -3.80000E+01 -3.70000E+01
#          -3.60000E+01 -3.50000E+01 -3.40000E+01 -3.30000E+01 -3.20000E+01
#          -3.10000E+01 -3.00000E+01 -2.90000E+01 -2.80000E+01 -2.70000E+01
#          -2.60000E+01 -2.50000E+01 -2.40000E+01 -2.30000E+01 -2.20000E+01
#          -2.10000E+01 -2.00000E+01 -1.90000E+01 -1.80000E+01 -1.70000E+01
#          -1.60000E+01 -1.50000E+01 -1.40000E+01 -1.30000E+01 -1.20000E+01
#          -1.10000E+01 -1.00000E+01 -9.00000E+00 -8.00000E+00 -7.00000E+00
#          -6.00000E+00 -5.00000E+00 -4.00000E+00 -3.00000E+00 -2.00000E+00
#          -1.00000E+00  0.00000E+00  1.00000E+00  2.00000E+00  3.00000E+00
#           4.00000E+00  5.00000E+00  6.00000E+00  7.00000E+00  8.00000E+00
#           9.00000E+00  1.00000E+01  1.10000E+01  1.20000E+01  1.30000E+01
#           1.40000E+01  1.50000E+01
     trcl =   2004          # transform ID
   e-type =    2            # e-mesh is linear given by emin, emax and ne
     emin =  1.0000000E-02  # minimum value of e-mesh points
     emax =   1000.000      # maximum value of e-mesh points
#    edel =   999.9900      # mesh width of e-mesh points
       ne =      1          # number of e-mesh points
#    data = ( e(i), i = 1, ne + 1 )
#           1.00000E-02  1.00000E+03
     unit =    1            # unit is [1/cm^2/source]
 material =  all            # (D=all) number of specific material
     axis =       z            # axis of output
     file = fast_neutron_dose.out  # file name of output for the above axis
     part =  neutron  
# kf/name :  2112     
  multiplier =   1          # number of material group
     part =  all      
# kf/name :  0        
     emax =   1.00000E+10
      mat                mset1  
        4 ( 1.82881E-11 4 1 -4 )
    y-txt = Dose [Gy/source]
    gshow =    1            # 0: no 1:bnd, 2:bnd+mat, 3:bnd+reg 4:bnd+lat 5:bmp style
    ginfo =    1            # (D=0) 0:no, 1:show in graph, 2:add file
    resol =    1            # (D=1) resolution of gshow or rshow
    width = 0.5000000       # (D=0.5) width of lines for gshow or rshow
   epsout =    1            # (D=0) generate eps file by ANGEL
#    used :        main (  %)        temp (  %)       total (  %)
#  memory :          84 (  0)           0 (  0)          84 (  0)

[ T-Cross ]
    title = [t-cross] in r-z mesh
     mesh =  r-z            # mesh type is r-z scoring mesh
       x0 =   0.000000      # center x-position of r-z mesh
       y0 =   0.000000      # center y-position of r-z mesh
   r-type =    2            # r-mesh is linear given by rmin, rmax and nr
     rmin =   0.000000      # minimum value of r-mesh points
     rmax =   5.500000      # maximum value of r-mesh points
#    rdel =   5.500000      # mesh width of r-mesh points
       nr =      1          # number of r-mesh points
#    data = ( r(i), i = 1, nr + 1 )
#           0.00000E+00  5.50000E+00
   z-type =    2            # z-mesh is linear given by zmin, zmax and nz
     zmin =  -41.00000      # minimum value of z-mesh points
     zmax =   15.00000      # maximum value of z-mesh points
#    zdel =   1.000000      # mesh width of z-mesh points
       nz =     56          # number of z-mesh points
#    data = ( z(i), i = 1, nz + 1 )
#          -4.10000E+01 -4.00000E+01 -3.90000E+01 -3.80000E+01 -3.70000E+01
#          -3.60000E+01 -3.50000E+01 -3.40000E+01 -3.30000E+01 -3.20000E+01
#          -3.10000E+01 -3.00000E+01 -2.90000E+01 -2.80000E+01 -2.70000E+01
#          -2.60000E+01 -2.50000E+01 -2.40000E+01 -2.30000E+01 -2.20000E+01
#          -2.10000E+01 -2.00000E+01 -1.90000E+01 -1.80000E+01 -1.70000E+01
#          -1.60000E+01 -1.50000E+01 -1.40000E+01 -1.30000E+01 -1.20000E+01
#          -1.10000E+01 -1.00000E+01 -9.00000E+00 -8.00000E+00 -7.00000E+00
#          -6.00000E+00 -5.00000E+00 -4.00000E+00 -3.00000E+00 -2.00000E+00
#          -1.00000E+00  0.00000E+00  1.00000E+00  2.00000E+00  3.00000E+00
#           4.00000E+00  5.00000E+00  6.00000E+00  7.00000E+00  8.00000E+00
#           9.00000E+00  1.00000E+01  1.10000E+01  1.20000E+01  1.30000E+01
#           1.40000E+01  1.50000E+01
     trcl =   2004          # transform ID
   e-type =    2            # e-mesh is linear given by emin, emax and ne
     emin =   0.000000      # minimum value of e-mesh points
     emax =   1000.000      # maximum value of e-mesh points
#    edel =   1000.000      # mesh width of e-mesh points
       ne =      1          # number of e-mesh points
#    data = ( e(i), i = 1, ne + 1 )
#           0.00000E+00  1.00000E+03
  eng2let =    0            # (D=0) Flag to convert energy to LET, 0: not convert, 1: convert
     unit =    1            # unit is [1/cm^2/source]
     axis =    z            # axis of output
     file = total_neutron_current.out  # file name of output for the above axis
   output = current         # surface crossing current spectrum
     part =  neutron  
# kf/name :  2112     
    gshow =    1            # 0: no 1:bnd, 2:bnd+mat, 3:bnd+reg 4:bnd+lat 5:bmp style
    ginfo =    1            # (D=0) 0:no, 1:show in graph, 2:add file
    resol =    1            # (D=1) resolution of gshow
    width = 0.5000000       # (D=0.5) width of lines for gshow
   epsout =    1            # (D=0) generate eps file by ANGEL
#    used :        main (  %)        temp (  %)       total (  %)
#  memory :          65 (  0)           0 (  0)          65 (  0)

[ T-Track ]
    title = Intensitas Radiasi XY
     mesh =  xyz            # mesh type is xyz scoring mesh
   x-type =    2            # x-mesh is linear given by xmin, xmax and nx
     xmin =  -90.00000      # minimum value of x-mesh points
     xmax =   110.0000      # maximum value of x-mesh points
#    xdel =   1.000000      # mesh width of x-mesh points
       nx =    200          # number of x-mesh points
#    data = ( x(i), i = 1, nx + 1 )
#          -9.00000E+01 -8.90000E+01 -8.80000E+01 -8.70000E+01 -8.60000E+01
#          -8.50000E+01 -8.40000E+01 -8.30000E+01 -8.20000E+01 -8.10000E+01
#          -8.00000E+01 -7.90000E+01 -7.80000E+01 -7.70000E+01 -7.60000E+01
#          -7.50000E+01 -7.40000E+01 -7.30000E+01 -7.20000E+01 -7.10000E+01
#          -7.00000E+01 -6.90000E+01 -6.80000E+01 -6.70000E+01 -6.60000E+01
#          -6.50000E+01 -6.40000E+01 -6.30000E+01 -6.20000E+01 -6.10000E+01
#          -6.00000E+01 -5.90000E+01 -5.80000E+01 -5.70000E+01 -5.60000E+01
#          -5.50000E+01 -5.40000E+01 -5.30000E+01 -5.20000E+01 -5.10000E+01
#          -5.00000E+01 -4.90000E+01 -4.80000E+01 -4.70000E+01 -4.60000E+01
#          -4.50000E+01 -4.40000E+01 -4.30000E+01 -4.20000E+01 -4.10000E+01
#          -4.00000E+01 -3.90000E+01 -3.80000E+01 -3.70000E+01 -3.60000E+01
#          -3.50000E+01 -3.40000E+01 -3.30000E+01 -3.20000E+01 -3.10000E+01
#          -3.00000E+01 -2.90000E+01 -2.80000E+01 -2.70000E+01 -2.60000E+01
#          -2.50000E+01 -2.40000E+01 -2.30000E+01 -2.20000E+01 -2.10000E+01
#          -2.00000E+01 -1.90000E+01 -1.80000E+01 -1.70000E+01 -1.60000E+01
#          -1.50000E+01 -1.40000E+01 -1.30000E+01 -1.20000E+01 -1.10000E+01
#          -1.00000E+01 -9.00000E+00 -8.00000E+00 -7.00000E+00 -6.00000E+00
#          -5.00000E+00 -4.00000E+00 -3.00000E+00 -2.00000E+00 -1.00000E+00
#           0.00000E+00  1.00000E+00  2.00000E+00  3.00000E+00  4.00000E+00
#           5.00000E+00  6.00000E+00  7.00000E+00  8.00000E+00  9.00000E+00
#           1.00000E+01  1.10000E+01  1.20000E+01  1.30000E+01  1.40000E+01
#           1.50000E+01  1.60000E+01  1.70000E+01  1.80000E+01  1.90000E+01
#           2.00000E+01  2.10000E+01  2.20000E+01  2.30000E+01  2.40000E+01
#           2.50000E+01  2.60000E+01  2.70000E+01  2.80000E+01  2.90000E+01
#           3.00000E+01  3.10000E+01  3.20000E+01  3.30000E+01  3.40000E+01
#           3.50000E+01  3.60000E+01  3.70000E+01  3.80000E+01  3.90000E+01
#           4.00000E+01  4.10000E+01  4.20000E+01  4.30000E+01  4.40000E+01
#           4.50000E+01  4.60000E+01  4.70000E+01  4.80000E+01  4.90000E+01
#           5.00000E+01  5.10000E+01  5.20000E+01  5.30000E+01  5.40000E+01
#           5.50000E+01  5.60000E+01  5.70000E+01  5.80000E+01  5.90000E+01
#           6.00000E+01  6.10000E+01  6.20000E+01  6.30000E+01  6.40000E+01
#           6.50000E+01  6.60000E+01  6.70000E+01  6.80000E+01  6.90000E+01
#           7.00000E+01  7.10000E+01  7.20000E+01  7.30000E+01  7.40000E+01
#           7.50000E+01  7.60000E+01  7.70000E+01  7.80000E+01  7.90000E+01
#           8.00000E+01  8.10000E+01  8.20000E+01  8.30000E+01  8.40000E+01
#           8.50000E+01  8.60000E+01  8.70000E+01  8.80000E+01  8.90000E+01
#           9.00000E+01  9.10000E+01  9.20000E+01  9.30000E+01  9.40000E+01
#           9.50000E+01  9.60000E+01  9.70000E+01  9.80000E+01  9.90000E+01
#           1.00000E+02  1.01000E+02  1.02000E+02  1.03000E+02  1.04000E+02
#           1.05000E+02  1.06000E+02  1.07000E+02  1.08000E+02  1.09000E+02
#           1.10000E+02
   y-type =    2            # y-mesh is linear given by ymin, ymax and ny
     ymin =  -170.0000      # minimum value of y-mesh points
     ymax =   20.00000      # maximum value of y-mesh points
#    ydel =   1.000000      # mesh width of y-mesh points
       ny =    190          # number of y-mesh points
#    data = ( y(i), i = 1, ny + 1 )
#          -1.70000E+02 -1.69000E+02 -1.68000E+02 -1.67000E+02 -1.66000E+02
#          -1.65000E+02 -1.64000E+02 -1.63000E+02 -1.62000E+02 -1.61000E+02
#          -1.60000E+02 -1.59000E+02 -1.58000E+02 -1.57000E+02 -1.56000E+02
#          -1.55000E+02 -1.54000E+02 -1.53000E+02 -1.52000E+02 -1.51000E+02
#          -1.50000E+02 -1.49000E+02 -1.48000E+02 -1.47000E+02 -1.46000E+02
#          -1.45000E+02 -1.44000E+02 -1.43000E+02 -1.42000E+02 -1.41000E+02
#          -1.40000E+02 -1.39000E+02 -1.38000E+02 -1.37000E+02 -1.36000E+02
#          -1.35000E+02 -1.34000E+02 -1.33000E+02 -1.32000E+02 -1.31000E+02
#          -1.30000E+02 -1.29000E+02 -1.28000E+02 -1.27000E+02 -1.26000E+02
#          -1.25000E+02 -1.24000E+02 -1.23000E+02 -1.22000E+02 -1.21000E+02
#          -1.20000E+02 -1.19000E+02 -1.18000E+02 -1.17000E+02 -1.16000E+02
#          -1.15000E+02 -1.14000E+02 -1.13000E+02 -1.12000E+02 -1.11000E+02
#          -1.10000E+02 -1.09000E+02 -1.08000E+02 -1.07000E+02 -1.06000E+02
#          -1.05000E+02 -1.04000E+02 -1.03000E+02 -1.02000E+02 -1.01000E+02
#          -1.00000E+02 -9.90000E+01 -9.80000E+01 -9.70000E+01 -9.60000E+01
#          -9.50000E+01 -9.40000E+01 -9.30000E+01 -9.20000E+01 -9.10000E+01
#          -9.00000E+01 -8.90000E+01 -8.80000E+01 -8.70000E+01 -8.60000E+01
#          -8.50000E+01 -8.40000E+01 -8.30000E+01 -8.20000E+01 -8.10000E+01
#          -8.00000E+01 -7.90000E+01 -7.80000E+01 -7.70000E+01 -7.60000E+01
#          -7.50000E+01 -7.40000E+01 -7.30000E+01 -7.20000E+01 -7.10000E+01
#          -7.00000E+01 -6.90000E+01 -6.80000E+01 -6.70000E+01 -6.60000E+01
#          -6.50000E+01 -6.40000E+01 -6.30000E+01 -6.20000E+01 -6.10000E+01
#          -6.00000E+01 -5.90000E+01 -5.80000E+01 -5.70000E+01 -5.60000E+01
#          -5.50000E+01 -5.40000E+01 -5.30000E+01 -5.20000E+01 -5.10000E+01
#          -5.00000E+01 -4.90000E+01 -4.80000E+01 -4.70000E+01 -4.60000E+01
#          -4.50000E+01 -4.40000E+01 -4.30000E+01 -4.20000E+01 -4.10000E+01
#          -4.00000E+01 -3.90000E+01 -3.80000E+01 -3.70000E+01 -3.60000E+01
#          -3.50000E+01 -3.40000E+01 -3.30000E+01 -3.20000E+01 -3.10000E+01
#          -3.00000E+01 -2.90000E+01 -2.80000E+01 -2.70000E+01 -2.60000E+01
#          -2.50000E+01 -2.40000E+01 -2.30000E+01 -2.20000E+01 -2.10000E+01
#          -2.00000E+01 -1.90000E+01 -1.80000E+01 -1.70000E+01 -1.60000E+01
#          -1.50000E+01 -1.40000E+01 -1.30000E+01 -1.20000E+01 -1.10000E+01
#          -1.00000E+01 -9.00000E+00 -8.00000E+00 -7.00000E+00 -6.00000E+00
#          -5.00000E+00 -4.00000E+00 -3.00000E+00 -2.00000E+00 -1.00000E+00
#           0.00000E+00  1.00000E+00  2.00000E+00  3.00000E+00  4.00000E+00
#           5.00000E+00  6.00000E+00  7.00000E+00  8.00000E+00  9.00000E+00
#           1.00000E+01  1.10000E+01  1.20000E+01  1.30000E+01  1.40000E+01
#           1.50000E+01  1.60000E+01  1.70000E+01  1.80000E+01  1.90000E+01
#           2.00000E+01
   z-type =    2            # z-mesh is linear given by zmin, zmax and nz
     zmin =   51.00000      # minimum value of z-mesh points
     zmax =   53.00000      # maximum value of z-mesh points
#    zdel =   2.000000      # mesh width of z-mesh points
       nz =      1          # number of z-mesh points
#    data = ( z(i), i = 1, nz + 1 )
#           5.10000E+01  5.30000E+01
   e-type =    1            # e-mesh is given by the below data
       ne =      1          # number of e-mesh points
#    data = ( e(i), i = 1, ne + 1 )
            0.00000E+00  1.00000E+03
     unit =    1            # unit is [1/cm^2/source]
 material =  all            # (D=all) number of specific material
  2D-type =    3            # 1:Cont, 2:Clust, 3:Color, 4:xyz, 5:mat, 6:Clust+Cont, 7:Col+Cont
     axis =      xy            # axis of output
     file = Flux_XY.out     # file name of output for the above axis
     part =  all        neutron    photon     proton    ( alpha      7Li      ) 
# kf/name :  0          2112       22         2212      ( 2000004    3000007  ) 
    gshow =    1            # 0: no 1:bnd, 2:bnd+mat, 3:bnd+reg 4:bnd+lat 5:bmp style
    ginfo =    1            # (D=0) 0:no, 1:show in graph, 2:add file
    resol =    1            # (D=1) resolution of gshow or rshow
    width = 0.5000000       # (D=0.5) width of lines for gshow or rshow
   epsout =    1            # (D=0) generate eps file by ANGEL
#    used :        main (  %)        temp (  %)       total (  %)
#  memory :         400 (  0)           0 (  0)         400 (  0)

[ T-Track ]
    title = Intensitas Radiasi YZ
     mesh =  xyz            # mesh type is xyz scoring mesh
   x-type =    2            # x-mesh is linear given by xmin, xmax and nx
     xmin =   9.000000      # minimum value of x-mesh points
     xmax =   11.00000      # maximum value of x-mesh points
#    xdel =   2.000000      # mesh width of x-mesh points
       nx =      1          # number of x-mesh points
#    data = ( x(i), i = 1, nx + 1 )
#           9.00000E+00  1.10000E+01
   y-type =    2            # y-mesh is linear given by ymin, ymax and ny
     ymin =  -170.0000      # minimum value of y-mesh points
     ymax =   20.00000      # maximum value of y-mesh points
#    ydel =   1.000000      # mesh width of y-mesh points
       ny =    190          # number of y-mesh points
#    data = ( y(i), i = 1, ny + 1 )
#          -1.70000E+02 -1.69000E+02 -1.68000E+02 -1.67000E+02 -1.66000E+02
#          -1.65000E+02 -1.64000E+02 -1.63000E+02 -1.62000E+02 -1.61000E+02
#          -1.60000E+02 -1.59000E+02 -1.58000E+02 -1.57000E+02 -1.56000E+02
#          -1.55000E+02 -1.54000E+02 -1.53000E+02 -1.52000E+02 -1.51000E+02
#          -1.50000E+02 -1.49000E+02 -1.48000E+02 -1.47000E+02 -1.46000E+02
#          -1.45000E+02 -1.44000E+02 -1.43000E+02 -1.42000E+02 -1.41000E+02
#          -1.40000E+02 -1.39000E+02 -1.38000E+02 -1.37000E+02 -1.36000E+02
#          -1.35000E+02 -1.34000E+02 -1.33000E+02 -1.32000E+02 -1.31000E+02
#          -1.30000E+02 -1.29000E+02 -1.28000E+02 -1.27000E+02 -1.26000E+02
#          -1.25000E+02 -1.24000E+02 -1.23000E+02 -1.22000E+02 -1.21000E+02
#          -1.20000E+02 -1.19000E+02 -1.18000E+02 -1.17000E+02 -1.16000E+02
#          -1.15000E+02 -1.14000E+02 -1.13000E+02 -1.12000E+02 -1.11000E+02
#          -1.10000E+02 -1.09000E+02 -1.08000E+02 -1.07000E+02 -1.06000E+02
#          -1.05000E+02 -1.04000E+02 -1.03000E+02 -1.02000E+02 -1.01000E+02
#          -1.00000E+02 -9.90000E+01 -9.80000E+01 -9.70000E+01 -9.60000E+01
#          -9.50000E+01 -9.40000E+01 -9.30000E+01 -9.20000E+01 -9.10000E+01
#          -9.00000E+01 -8.90000E+01 -8.80000E+01 -8.70000E+01 -8.60000E+01
#          -8.50000E+01 -8.40000E+01 -8.30000E+01 -8.20000E+01 -8.10000E+01
#          -8.00000E+01 -7.90000E+01 -7.80000E+01 -7.70000E+01 -7.60000E+01
#          -7.50000E+01 -7.40000E+01 -7.30000E+01 -7.20000E+01 -7.10000E+01
#          -7.00000E+01 -6.90000E+01 -6.80000E+01 -6.70000E+01 -6.60000E+01
#          -6.50000E+01 -6.40000E+01 -6.30000E+01 -6.20000E+01 -6.10000E+01
#          -6.00000E+01 -5.90000E+01 -5.80000E+01 -5.70000E+01 -5.60000E+01
#          -5.50000E+01 -5.40000E+01 -5.30000E+01 -5.20000E+01 -5.10000E+01
#          -5.00000E+01 -4.90000E+01 -4.80000E+01 -4.70000E+01 -4.60000E+01
#          -4.50000E+01 -4.40000E+01 -4.30000E+01 -4.20000E+01 -4.10000E+01
#          -4.00000E+01 -3.90000E+01 -3.80000E+01 -3.70000E+01 -3.60000E+01
#          -3.50000E+01 -3.40000E+01 -3.30000E+01 -3.20000E+01 -3.10000E+01
#          -3.00000E+01 -2.90000E+01 -2.80000E+01 -2.70000E+01 -2.60000E+01
#          -2.50000E+01 -2.40000E+01 -2.30000E+01 -2.20000E+01 -2.10000E+01
#          -2.00000E+01 -1.90000E+01 -1.80000E+01 -1.70000E+01 -1.60000E+01
#          -1.50000E+01 -1.40000E+01 -1.30000E+01 -1.20000E+01 -1.10000E+01
#          -1.00000E+01 -9.00000E+00 -8.00000E+00 -7.00000E+00 -6.00000E+00
#          -5.00000E+00 -4.00000E+00 -3.00000E+00 -2.00000E+00 -1.00000E+00
#           0.00000E+00  1.00000E+00  2.00000E+00  3.00000E+00  4.00000E+00
#           5.00000E+00  6.00000E+00  7.00000E+00  8.00000E+00  9.00000E+00
#           1.00000E+01  1.10000E+01  1.20000E+01  1.30000E+01  1.40000E+01
#           1.50000E+01  1.60000E+01  1.70000E+01  1.80000E+01  1.90000E+01
#           2.00000E+01
   z-type =    2            # z-mesh is linear given by zmin, zmax and nz
     zmin =  -90.00000      # minimum value of z-mesh points
     zmax =   150.0000      # maximum value of z-mesh points
#    zdel =   1.000000      # mesh width of z-mesh points
       nz =    240          # number of z-mesh points
#    data = ( z(i), i = 1, nz + 1 )
#          -9.00000E+01 -8.90000E+01 -8.80000E+01 -8.70000E+01 -8.60000E+01
#          -8.50000E+01 -8.40000E+01 -8.30000E+01 -8.20000E+01 -8.10000E+01
#          -8.00000E+01 -7.90000E+01 -7.80000E+01 -7.70000E+01 -7.60000E+01
#          -7.50000E+01 -7.40000E+01 -7.30000E+01 -7.20000E+01 -7.10000E+01
#          -7.00000E+01 -6.90000E+01 -6.80000E+01 -6.70000E+01 -6.60000E+01
#          -6.50000E+01 -6.40000E+01 -6.30000E+01 -6.20000E+01 -6.10000E+01
#          -6.00000E+01 -5.90000E+01 -5.80000E+01 -5.70000E+01 -5.60000E+01
#          -5.50000E+01 -5.40000E+01 -5.30000E+01 -5.20000E+01 -5.10000E+01
#          -5.00000E+01 -4.90000E+01 -4.80000E+01 -4.70000E+01 -4.60000E+01
#          -4.50000E+01 -4.40000E+01 -4.30000E+01 -4.20000E+01 -4.10000E+01
#          -4.00000E+01 -3.90000E+01 -3.80000E+01 -3.70000E+01 -3.60000E+01
#          -3.50000E+01 -3.40000E+01 -3.30000E+01 -3.20000E+01 -3.10000E+01
#          -3.00000E+01 -2.90000E+01 -2.80000E+01 -2.70000E+01 -2.60000E+01
#          -2.50000E+01 -2.40000E+01 -2.30000E+01 -2.20000E+01 -2.10000E+01
#          -2.00000E+01 -1.90000E+01 -1.80000E+01 -1.70000E+01 -1.60000E+01
#          -1.50000E+01 -1.40000E+01 -1.30000E+01 -1.20000E+01 -1.10000E+01
#          -1.00000E+01 -9.00000E+00 -8.00000E+00 -7.00000E+00 -6.00000E+00
#          -5.00000E+00 -4.00000E+00 -3.00000E+00 -2.00000E+00 -1.00000E+00
#           0.00000E+00  1.00000E+00  2.00000E+00  3.00000E+00  4.00000E+00
#           5.00000E+00  6.00000E+00  7.00000E+00  8.00000E+00  9.00000E+00
#           1.00000E+01  1.10000E+01  1.20000E+01  1.30000E+01  1.40000E+01
#           1.50000E+01  1.60000E+01  1.70000E+01  1.80000E+01  1.90000E+01
#           2.00000E+01  2.10000E+01  2.20000E+01  2.30000E+01  2.40000E+01
#           2.50000E+01  2.60000E+01  2.70000E+01  2.80000E+01  2.90000E+01
#           3.00000E+01  3.10000E+01  3.20000E+01  3.30000E+01  3.40000E+01
#           3.50000E+01  3.60000E+01  3.70000E+01  3.80000E+01  3.90000E+01
#           4.00000E+01  4.10000E+01  4.20000E+01  4.30000E+01  4.40000E+01
#           4.50000E+01  4.60000E+01  4.70000E+01  4.80000E+01  4.90000E+01
#           5.00000E+01  5.10000E+01  5.20000E+01  5.30000E+01  5.40000E+01
#           5.50000E+01  5.60000E+01  5.70000E+01  5.80000E+01  5.90000E+01
#           6.00000E+01  6.10000E+01  6.20000E+01  6.30000E+01  6.40000E+01
#           6.50000E+01  6.60000E+01  6.70000E+01  6.80000E+01  6.90000E+01
#           7.00000E+01  7.10000E+01  7.20000E+01  7.30000E+01  7.40000E+01
#           7.50000E+01  7.60000E+01  7.70000E+01  7.80000E+01  7.90000E+01
#           8.00000E+01  8.10000E+01  8.20000E+01  8.30000E+01  8.40000E+01
#           8.50000E+01  8.60000E+01  8.70000E+01  8.80000E+01  8.90000E+01
#           9.00000E+01  9.10000E+01  9.20000E+01  9.30000E+01  9.40000E+01
#           9.50000E+01  9.60000E+01  9.70000E+01  9.80000E+01  9.90000E+01
#           1.00000E+02  1.01000E+02  1.02000E+02  1.03000E+02  1.04000E+02
#           1.05000E+02  1.06000E+02  1.07000E+02  1.08000E+02  1.09000E+02
#           1.10000E+02  1.11000E+02  1.12000E+02  1.13000E+02  1.14000E+02
#           1.15000E+02  1.16000E+02  1.17000E+02  1.18000E+02  1.19000E+02
#           1.20000E+02  1.21000E+02  1.22000E+02  1.23000E+02  1.24000E+02
#           1.25000E+02  1.26000E+02  1.27000E+02  1.28000E+02  1.29000E+02
#           1.30000E+02  1.31000E+02  1.32000E+02  1.33000E+02  1.34000E+02
#           1.35000E+02  1.36000E+02  1.37000E+02  1.38000E+02  1.39000E+02
#           1.40000E+02  1.41000E+02  1.42000E+02  1.43000E+02  1.44000E+02
#           1.45000E+02  1.46000E+02  1.47000E+02  1.48000E+02  1.49000E+02
#           1.50000E+02
   e-type =    1            # e-mesh is given by the below data
       ne =      1          # number of e-mesh points
#    data = ( e(i), i = 1, ne + 1 )
            0.00000E+00  1.00000E+03
     unit =    1            # unit is [1/cm^2/source]
 material =  all            # (D=all) number of specific material
  2D-type =    3            # 1:Cont, 2:Clust, 3:Color, 4:xyz, 5:mat, 6:Clust+Cont, 7:Col+Cont
     axis =      yz            # axis of output
     file = Flux_YZ.out     # file name of output for the above axis
     part =  all        neutron    photon     proton    ( alpha      7Li      ) 
# kf/name :  0          2112       22         2212      ( 2000004    3000007  ) 
    gshow =    1            # 0: no 1:bnd, 2:bnd+mat, 3:bnd+reg 4:bnd+lat 5:bmp style
    ginfo =    1            # (D=0) 0:no, 1:show in graph, 2:add file
    resol =    1            # (D=1) resolution of gshow or rshow
    width = 0.5000000       # (D=0.5) width of lines for gshow or rshow
   epsout =    1            # (D=0) generate eps file by ANGEL
#    used :        main (  %)        temp (  %)       total (  %)
#  memory :         440 (  0)           0 (  0)         440 (  0)

[ T-Gshow ]
    title = [t-gshow] in xyz mesh
     mesh =  xyz            # mesh type is xyz scoring mesh
   x-type =    2            # x-mesh is linear given by xmin, xmax and nx
     xmin =   0.000000      # minimum value of x-mesh points
     xmax =   20.00000      # maximum value of x-mesh points
#    xdel =  0.1000000      # mesh width of x-mesh points
       nx =    200          # number of x-mesh points
   y-type =    2            # y-mesh is linear given by ymin, ymax and ny
     ymin =  -41.00000      # minimum value of y-mesh points
     ymax =  -5.000000      # maximum value of y-mesh points
#    ydel =  0.3600000      # mesh width of y-mesh points
       ny =    100          # number of y-mesh points
   z-type =    2            # z-mesh is linear given by zmin, zmax and nz
     zmin =   45.00000      # minimum value of z-mesh points
     zmax =   55.00000      # maximum value of z-mesh points
#    zdel =   1.000000      # mesh width of z-mesh points
       nz =     10          # number of z-mesh points
     axis =   xy            # axis of output
     file = 2d_xy_BSAORNL.out  # file name of output for the above axis
   output =    2            # (D=2) 1:bnd, 2:bnd+mat, 3:bnd+num 4:bnd+mat+num
    ginfo =    1            # (D=0) 0:no, 1:show in graph, 2:add file
    resol =    1            # (D=1) resolution of gshow or rshow
    width = 0.5000000       # (D=0.5) width of lines for gshow or rshow
   epsout =    1            # (D=0) generate eps file by ANGEL
#    used :        main (  %)        temp (  %)       total (  %)
#  memory :         313 (  0)       10151 (  0)       10464 (  0)

[END] of Input Echo <<<========================================================

<<< Report of real Geometry memory >>>
*           GG/CG memory =        2
*     total memory: mdas = 80000000
*                percent =     0.00 %

<<< Report of material memory for high energy>>>
*   high energy material =        1
*     total memory: mdas = 80000000
*                percent =     0.00 %

<<< Report of material memory for low energy>>>
*    low energy material =    29458
*     total memory: mdas = 80000000
*                percent =     0.04 %

<<< Report of real tally memory >>>
*      real tally memory =     1624
*     total memory: mdas = 80000000
*                percent =     0.00 %

<<< Report of temporary tally memory >>>
* temporary tally memory =    34614
*     total memory: mdas = 80000000
*                percent =     0.04 %

<<< Report of total memory >>>
*      used total memory =    39615
*     total memory: mdas = 80000000
*                percent =     0.05 %
*                ---------------------

-------------------------------------------------------------------------------
 job termination date : 2023/06/21
                 time :   22:29:06

 END 
