[ T-Track ]
    title = [t-track] in r-z mesh
     mesh =  r-z            # mesh type is r-z scoring mesh
       x0 =   0.000000      # center x-position of r-z mesh
       y0 =   0.000000      # center y-position of r-z mesh
   r-type =    2            # r-mesh is linear given by rmin, rmax and nr
     rmin =   0.000000      # minimum value of r-mesh points
     rmax =   5.500000      # maximum value of r-mesh points
#    rdel =   5.500000      # mesh width of r-mesh points
       nr =      1          # number of r-mesh points
#    data = ( r(i), i = 1, nr + 1 )
#           0.00000E+00  5.50000E+00
   z-type =    2            # z-mesh is linear given by zmin, zmax and nz
     zmin =  -41.00000      # minimum value of z-mesh points
     zmax =   15.00000      # maximum value of z-mesh points
#    zdel =   1.000000      # mesh width of z-mesh points
       nz =     56          # number of z-mesh points
#    data = ( z(i), i = 1, nz + 1 )
#          -4.10000E+01 -4.00000E+01 -3.90000E+01 -3.80000E+01 -3.70000E+01
#          -3.60000E+01 -3.50000E+01 -3.40000E+01 -3.30000E+01 -3.20000E+01
#          -3.10000E+01 -3.00000E+01 -2.90000E+01 -2.80000E+01 -2.70000E+01
#          -2.60000E+01 -2.50000E+01 -2.40000E+01 -2.30000E+01 -2.20000E+01
#          -2.10000E+01 -2.00000E+01 -1.90000E+01 -1.80000E+01 -1.70000E+01
#          -1.60000E+01 -1.50000E+01 -1.40000E+01 -1.30000E+01 -1.20000E+01
#          -1.10000E+01 -1.00000E+01 -9.00000E+00 -8.00000E+00 -7.00000E+00
#          -6.00000E+00 -5.00000E+00 -4.00000E+00 -3.00000E+00 -2.00000E+00
#          -1.00000E+00  0.00000E+00  1.00000E+00  2.00000E+00  3.00000E+00
#           4.00000E+00  5.00000E+00  6.00000E+00  7.00000E+00  8.00000E+00
#           9.00000E+00  1.00000E+01  1.10000E+01  1.20000E+01  1.30000E+01
#           1.40000E+01  1.50000E+01
     trcl =   2004          # transform ID
   e-type =    2            # e-mesh is linear given by emin, emax and ne
     emin =   0.000000      # minimum value of e-mesh points
     emax =   1000.000      # maximum value of e-mesh points
#    edel =   1000.000      # mesh width of e-mesh points
       ne =      1          # number of e-mesh points
#    data = ( e(i), i = 1, ne + 1 )
#           0.00000E+00  1.00000E+03
     unit =    1            # unit is [1/cm^2/source]
 material =  all            # (D=all) number of specific material
     axis =       z            # axis of output
     file = total_neutron_flux.out  # file name of output for the above axis
     part =  neutron  
# kf/name :  2112     
    gshow =    1            # 0: no 1:bnd, 2:bnd+mat, 3:bnd+reg 4:bnd+lat 5:bmp style
    ginfo =    1            # (D=0) 0:no, 1:show in graph, 2:add file
    resol =    1            # (D=1) resolution of gshow or rshow
    width = 0.5000000       # (D=0.5) width of lines for gshow or rshow
   epsout =    1            # (D=0) generate eps file by ANGEL
#    used :        main (  %)        temp (  %)       total (  %)
#  memory :          65 (  0)           0 (  0)          65 (  0)

#------------------------------------------------------------------------------
#newpage:
#   no. =  1   ie  =  1   ir  =  1
#   e = (   0.0000E+00  -   1.0000E+03  )
#   r = (   0.0000E+00  -   5.5000E+00  )

x: z [cm]
y: Flux [1/cm^2/source]              
p: xlin ylog afac(0.8) form(0.9)
h: n            x            y(neutron ),hh0l n  
#  z-lower      z-upper        neutron   r.err 
  -4.1000E+01  -4.0000E+01   2.0938E+10  0.0095
  -4.0000E+01  -3.9000E+01   1.7035E+10  0.0137
  -3.9000E+01  -3.8000E+01   1.7350E+10  0.0140
  -3.8000E+01  -3.7000E+01   1.7220E+10  0.0141
  -3.7000E+01  -3.6000E+01   1.6541E+10  0.0141
  -3.6000E+01  -3.5000E+01   1.5895E+10  0.0143
  -3.5000E+01  -3.4000E+01   1.5012E+10  0.0146
  -3.4000E+01  -3.3000E+01   1.4465E+10  0.0150
  -3.3000E+01  -3.2000E+01   1.3513E+10  0.0154
  -3.2000E+01  -3.1000E+01   1.2855E+10  0.0158
  -3.1000E+01  -3.0000E+01   1.1620E+10  0.0158
  -3.0000E+01  -2.9000E+01   1.0617E+10  0.0164
  -2.9000E+01  -2.8000E+01   9.4419E+09  0.0167
  -2.8000E+01  -2.7000E+01   8.5544E+09  0.0174
  -2.7000E+01  -2.6000E+01   7.3784E+09  0.0178
  -2.6000E+01  -2.5000E+01   6.1939E+09  0.0180
  -2.5000E+01  -2.4000E+01   5.1672E+09  0.0177
  -2.4000E+01  -2.3000E+01   4.0846E+09  0.0177
  -2.3000E+01  -2.2000E+01   3.3408E+09  0.0187
  -2.2000E+01  -2.1000E+01   2.7838E+09  0.0200
  -2.1000E+01  -2.0000E+01   2.3857E+09  0.0218
  -2.0000E+01  -1.9000E+01   2.0794E+09  0.0235
  -1.9000E+01  -1.8000E+01   1.8715E+09  0.0281
  -1.8000E+01  -1.7000E+01   1.6229E+09  0.0282
  -1.7000E+01  -1.6000E+01   1.4969E+09  0.0305
  -1.6000E+01  -1.5000E+01   1.3429E+09  0.0302
  -1.5000E+01  -1.4000E+01   1.1726E+09  0.0308
  -1.4000E+01  -1.3000E+01   1.0250E+09  0.0312
  -1.3000E+01  -1.2000E+01   8.8416E+08  0.0321
  -1.2000E+01  -1.1000E+01   7.5964E+08  0.0334
  -1.1000E+01  -1.0000E+01   6.6418E+08  0.0354
  -1.0000E+01  -9.0000E+00   5.8581E+08  0.0372
  -9.0000E+00  -8.0000E+00   5.2847E+08  0.0389
  -8.0000E+00  -7.0000E+00   4.8123E+08  0.0408
  -7.0000E+00  -6.0000E+00   4.3625E+08  0.0428
  -6.0000E+00  -5.0000E+00   3.9418E+08  0.0446
  -5.0000E+00  -4.0000E+00   3.5317E+08  0.0465
  -4.0000E+00  -3.0000E+00   3.2679E+08  0.0481
  -3.0000E+00  -2.0000E+00   3.0613E+08  0.0496
  -2.0000E+00  -1.0000E+00   2.8692E+08  0.0512
  -1.0000E+00   0.0000E+00   2.6024E+08  0.0536
   0.0000E+00   1.0000E+00   2.4078E+08  0.0558
   1.0000E+00   2.0000E+00   2.2028E+08  0.0582
   2.0000E+00   3.0000E+00   2.0798E+08  0.0595
   3.0000E+00   4.0000E+00   1.9046E+08  0.0621
   4.0000E+00   5.0000E+00   1.8174E+08  0.0635
   5.0000E+00   6.0000E+00   1.7181E+08  0.0654
   6.0000E+00   7.0000E+00   1.6349E+08  0.0670
   7.0000E+00   8.0000E+00   1.5400E+08  0.0688
   8.0000E+00   9.0000E+00   1.4678E+08  0.0704
   9.0000E+00   1.0000E+01   1.3992E+08  0.0721
   1.0000E+01   1.1000E+01   1.3217E+08  0.0741
   1.1000E+01   1.2000E+01   1.2427E+08  0.0765
   1.2000E+01   1.3000E+01   1.1813E+08  0.0784
   1.3000E+01   1.4000E+01   1.1183E+08  0.0807
   1.4000E+01   1.5000E+01   1.0920E+08  0.0816

#   sum over    5.3219E+03   4.4944E+09

'no. =  1,  ie =  1,  ir =  1'
msuc: {\huge [t-track] in r-z mesh}
msdr: {\it plotted by \ANGEL \version}
msdl: {\it calculated by \PHITS  3.31}
wt: s(0.7)
\vspace{-3}
  emin  &=&   0.0000E+00 [MeV]
  emax  &=&   1.0000E+03 [MeV]
  rmin  &=&   0.0000E+00 [cm]
  rmax  &=&   5.5000E+00 [cm]
e:
 
# Information for Restart Calculation
# This calculation was newly started
# istdev =  2 # 1:Batch variance, 2:History variance
# resc2  = 1.17492953338958197E-08 # Total source weight or Total source weight / maxcas
# resc3  = 1.10000000000000000E+08 # Total history number or Total batch number
# maxcas =    10000000 # History / Batch, only used for istdev=1
# bitrseed = 0010111011011111100110010111010111100011011000101000110100100001 # bit data of rseed
