[ T-Gshow ]
    title = [t-gshow] in xyz mesh
     mesh =  xyz            # mesh type is xyz scoring mesh
   x-type =    2            # x-mesh is linear given by xmin, xmax and nx
     xmin =   4.500000      # minimum value of x-mesh points
     xmax =   15.90000      # maximum value of x-mesh points
#    xdel =  0.1000000      # mesh width of x-mesh points
       nx =    114          # number of x-mesh points
   y-type =    2            # y-mesh is linear given by ymin, ymax and ny
     ymin =  -13.90000      # minimum value of y-mesh points
     ymax =  -6.500000      # maximum value of y-mesh points
#    ydel =  0.1000000      # mesh width of y-mesh points
       ny =     74          # number of y-mesh points
   z-type =    2            # z-mesh is linear given by zmin, zmax and nz
     zmin =   51.00000      # minimum value of z-mesh points
     zmax =   53.00000      # maximum value of z-mesh points
#    zdel =   2.000000      # mesh width of z-mesh points
       nz =      1          # number of z-mesh points
     axis =   xy            # axis of output
     file = 3_2d_xy_BSAORNL.out  # file name of output for the above axis
   output =    2            # (D=2) 1:bnd, 2:bnd+mat, 3:bnd+num 4:bnd+mat+num
    ginfo =    1            # (D=0) 0:no, 1:show in graph, 2:add file
    resol =    1            # (D=1) resolution of gshow or rshow
    width = 0.5000000       # (D=0.5) width of lines for gshow or rshow
   epsout =    1            # (D=0) generate eps file by ANGEL
#    used :        main (  %)        temp (  %)       total (  %)
#  memory :         192 (  0)        4313 (  0)        4505 (  0)

#------------------------------------------------------------------------------
#newpage:
#   no. =  1   z =    5.2000E+01

'no. =  1,    z =    5.2000E+01'
msuc: {\huge [t-gshow] in xyz mesh}
msdr: {\it plotted by \ANGEL \version}
msdl: {\it calculated by \PHITS  3.31}

x: x [cm]
y: y [cm]
set: c1[ 0.649] c2[ 1.117] c5[ 0.800] c6[ 0.860] c7[ 0.000] c8[ 0.216]
p: h2fs form[c1] xfac[c2] afac[c5] scal[c6] xorg[c7] yorg[c8] nosp
p: xmin(  4.500000    ) xmax(  15.90000    )
p: ymin( -13.90000    ) ymax( -6.500000    )

p: legs[c5*0.875]

h: x ny1,0  y2=[y1](Udara),ic[gray]
 -1.000000E+00 -1.000000E+00

hb:   line clip z   cb(gray)
frame:
  4.5000000E+00 -1.3900000E+01
  1.5900000E+01 -1.3900000E+01
  1.5900000E+01 -6.5000000E+00
  4.5000000E+00 -6.5000000E+00
clip:
  4.400870E+00 -1.399867E+01
  1.599913E+01 -1.399867E+01
  1.599913E+01 -1.389600E+01
  1.599913E+01 -1.379333E+01
  1.599913E+01 -1.369067E+01
  1.599913E+01 -1.358800E+01
  1.599913E+01 -1.348533E+01
  1.599913E+01 -1.338267E+01
  1.599913E+01 -1.328000E+01
  1.599913E+01 -1.317733E+01
  1.599913E+01 -1.307467E+01
  1.599913E+01 -1.297200E+01
  1.599913E+01 -1.286933E+01
  1.599913E+01 -1.276667E+01
  1.599913E+01 -1.266400E+01
  1.599913E+01 -1.256133E+01
  1.599913E+01 -1.245867E+01
  1.599913E+01 -1.235600E+01
  1.599913E+01 -1.225333E+01
  1.599913E+01 -1.215067E+01
  1.599913E+01 -1.204800E+01
  1.599913E+01 -1.194533E+01
  1.599913E+01 -1.184267E+01
  1.599913E+01 -1.174000E+01
  1.599913E+01 -1.163733E+01
  1.599913E+01 -1.153467E+01
  1.599913E+01 -1.143200E+01
  1.599913E+01 -1.132933E+01
  1.599913E+01 -1.122667E+01
  1.599913E+01 -1.112400E+01
  1.599913E+01 -1.102133E+01
  1.599913E+01 -1.091867E+01
  1.599913E+01 -1.081600E+01
  1.599913E+01 -1.071333E+01
  1.599913E+01 -1.061067E+01
  1.599913E+01 -1.050800E+01
  1.599913E+01 -1.040533E+01
  1.599913E+01 -1.030267E+01
  1.599913E+01 -1.020000E+01
  1.599913E+01 -1.009733E+01
  1.599913E+01 -9.994667E+00
  1.599913E+01 -9.892000E+00
  1.599913E+01 -9.789333E+00
  1.599913E+01 -9.686667E+00
  1.599913E+01 -9.584000E+00
  1.599913E+01 -9.481333E+00
  1.599913E+01 -9.378667E+00
  1.599913E+01 -9.276000E+00
  1.599913E+01 -9.173333E+00
  1.599913E+01 -9.070667E+00
  1.599913E+01 -8.968000E+00
  1.599913E+01 -8.865333E+00
  1.599913E+01 -8.762667E+00
  1.599913E+01 -8.660000E+00
  1.599913E+01 -8.557333E+00
  1.599913E+01 -8.454667E+00
  1.599913E+01 -8.352000E+00
  1.599913E+01 -8.249333E+00
  1.599913E+01 -8.146667E+00
  1.599913E+01 -8.044000E+00
  1.599913E+01 -7.941333E+00
  1.599913E+01 -7.838667E+00
  1.599913E+01 -7.736000E+00
  1.599913E+01 -7.633333E+00
  1.599913E+01 -7.530667E+00
  1.599913E+01 -7.428000E+00
  1.599913E+01 -7.325333E+00
  1.599913E+01 -7.222667E+00
  1.599913E+01 -7.120000E+00
  1.599913E+01 -7.017333E+00
  1.599913E+01 -6.914667E+00
  1.599913E+01 -6.812000E+00
  1.599913E+01 -6.709333E+00
  1.599913E+01 -6.606667E+00
  1.599913E+01 -6.504000E+00
  1.599913E+01 -6.401333E+00
  1.589739E+01 -6.401333E+00
  1.579565E+01 -6.401333E+00
  1.572672E+01 -6.401333E+00
  1.569391E+01 -6.421833E+00
  1.564350E+01 -6.453122E+00
  1.559217E+01 -6.484715E+00
  1.558028E+01 -6.491999E+00
  1.556064E+01 -6.504000E+00
  1.549043E+01 -6.546590E+00
  1.545314E+01 -6.569027E+00
  1.539008E+01 -6.606667E+00
  1.538870E+01 -6.607486E+00
  1.532504E+01 -6.645100E+00
  1.528696E+01 -6.667430E+00
  1.526064E+01 -6.682781E+00
  1.521488E+01 -6.709333E+00
  1.518522E+01 -6.726448E+00
  1.517052E+01 -6.812000E+00
  1.521514E+01 -6.914667E+00
  1.525687E+01 -7.017333E+00
  1.529577E+01 -7.120000E+00
  1.533190E+01 -7.222667E+00
  1.537089E+01 -7.343299E+00
  1.539608E+01 -7.428000E+00
  1.542423E+01 -7.530667E+00
  1.544980E+01 -7.633333E+00
  1.547592E+01 -7.750648E+00
  1.549337E+01 -7.838667E+00
  1.551142E+01 -7.941333E+00
  1.552702E+01 -8.044000E+00
  1.554018E+01 -8.146667E+00
  1.555093E+01 -8.249333E+00
  1.555928E+01 -8.352000E+00
  1.556523E+01 -8.454667E+00
  1.556881E+01 -8.557333E+00
  1.556994E+01 -8.682432E+00
  1.556819E+01 -8.786867E+00
  1.556384E+01 -8.893925E+00
  1.555668E+01 -9.003822E+00
  1.554645E+01 -9.116809E+00
  1.553287E+01 -9.233181E+00
  1.551558E+01 -9.353291E+00
  1.549417E+01 -9.477567E+00
  1.547295E+01 -9.584000E+00
  1.544992E+01 -9.686667E+00
  1.542436E+01 -9.789333E+00
  1.539623E+01 -9.892000E+00
  1.536548E+01 -9.994667E+00
  1.533207E+01 -1.009733E+01
  1.529595E+01 -1.020000E+01
  1.525707E+01 -1.030267E+01
  1.521536E+01 -1.040533E+01
  1.517075E+01 -1.050800E+01
  1.512317E+01 -1.061067E+01
  1.507253E+01 -1.071333E+01
  1.501875E+01 -1.081600E+01
  1.496172E+01 -1.091867E+01
  1.490132E+01 -1.102133E+01
  1.483744E+01 -1.112400E+01
  1.476992E+01 -1.122667E+01
  1.469862E+01 -1.132933E+01
  1.462335E+01 -1.143200E+01
  1.454393E+01 -1.153467E+01
  1.446013E+01 -1.163733E+01
  1.437170E+01 -1.174000E+01
  1.427834E+01 -1.184267E+01
  1.417974E+01 -1.194533E+01
  1.407551E+01 -1.204800E+01
  1.401806E+01 -1.210220E+01
  1.391074E+01 -1.219924E+01
  1.384829E+01 -1.225333E+01
  1.376087E+01 -1.232629E+01
  1.365913E+01 -1.240737E+01
  1.355739E+01 -1.248457E+01
  1.345112E+01 -1.256133E+01
  1.333262E+01 -1.264252E+01
  1.320867E+01 -1.272276E+01
  1.313768E+01 -1.276667E+01
  1.304870E+01 -1.281969E+01
  1.294696E+01 -1.287767E+01
  1.281978E+01 -1.294633E+01
  1.268436E+01 -1.301501E+01
  1.254000E+01 -1.308342E+01
  1.240453E+01 -1.314330E+01
  1.232314E+01 -1.317733E+01
  1.223478E+01 -1.321269E+01
  1.211226E+01 -1.325903E+01
  1.196125E+01 -1.331197E+01
  1.180685E+01 -1.336150E+01
  1.164894E+01 -1.340748E+01
  1.148738E+01 -1.344978E+01
  1.131913E+01 -1.348887E+01
  1.115265E+01 -1.352267E+01
  1.101391E+01 -1.354722E+01
  1.089067E+01 -1.356630E+01
  1.072477E+01 -1.358800E+01
  1.060696E+01 -1.360066E+01
  1.050522E+01 -1.360977E+01
  1.033471E+01 -1.362127E+01
  1.020000E+01 -1.362705E+01
  1.003828E+01 -1.363014E+01
  9.894783E+00 -1.362937E+01
  9.727269E+00 -1.362429E+01
  9.589565E+00 -1.361674E+01
  9.487826E+00 -1.360920E+01
  9.386087E+00 -1.359997E+01
  9.275229E+00 -1.358800E+01
  9.169416E+00 -1.357469E+01
  9.050683E+00 -1.355754E+01
  8.929122E+00 -1.353754E+01
  8.775652E+00 -1.350870E+01
  8.664733E+00 -1.348533E+01
  8.544713E+00 -1.345762E+01
  8.408804E+00 -1.342314E+01
  8.263883E+00 -1.338267E+01
  8.122270E+00 -1.333933E+01
  7.961739E+00 -1.328554E+01
  7.810699E+00 -1.323025E+01
  7.656522E+00 -1.316896E+01
  7.554783E+00 -1.312574E+01
  7.440951E+00 -1.307467E+01
  7.351304E+00 -1.303236E+01
  7.229805E+00 -1.297200E+01
  7.147826E+00 -1.292923E+01
  7.055943E+00 -1.287928E+01
  6.944348E+00 -1.281563E+01
  6.811781E+00 -1.273556E+01
  6.699868E+00 -1.266400E+01
  6.639130E+00 -1.262357E+01
  6.548882E+00 -1.256133E+01
  6.435652E+00 -1.247941E+01
  6.333913E+00 -1.240195E+01
  6.232174E+00 -1.232060E+01
  6.130435E+00 -1.223510E+01
  6.028696E+00 -1.214514E+01
  5.924494E+00 -1.204800E+01
  5.820261E+00 -1.194533E+01
  5.721658E+00 -1.184267E+01
  5.625209E+00 -1.173650E+01
  5.539869E+00 -1.163733E+01
  5.456067E+00 -1.153467E+01
  5.376645E+00 -1.143200E+01
  5.301382E+00 -1.132933E+01
  5.223887E+00 -1.121748E+01
  5.162564E+00 -1.112400E+01
  5.098678E+00 -1.102133E+01
  5.038282E+00 -1.091867E+01
  4.981249E+00 -1.081600E+01
  4.921411E+00 -1.070138E+01
  4.876832E+00 -1.061067E+01
  4.822595E+00 -1.049310E+01
  4.784645E+00 -1.040533E+01
  4.742933E+00 -1.030267E+01
  4.704049E+00 -1.020000E+01
  4.667931E+00 -1.009733E+01
  4.634522E+00 -9.994667E+00
  4.604348E+00 -9.931492E+00
  4.548270E+00 -9.938078E+00
  4.502609E+00 -9.943378E+00
  4.456977E+00 -9.948619E+00
  4.400870E+00 -9.954985E+00
  4.400870E+00 -9.994667E+00
  4.400870E+00 -1.009733E+01
  4.400870E+00 -1.020000E+01
  4.400870E+00 -1.030267E+01
  4.400870E+00 -1.040533E+01
  4.400870E+00 -1.050800E+01
  4.400870E+00 -1.061067E+01
  4.400870E+00 -1.071333E+01
  4.400870E+00 -1.081600E+01
  4.400870E+00 -1.091867E+01
  4.400870E+00 -1.102133E+01
  4.400870E+00 -1.112400E+01
  4.400870E+00 -1.122667E+01
  4.400870E+00 -1.132933E+01
  4.400870E+00 -1.143200E+01
  4.400870E+00 -1.153467E+01
  4.400870E+00 -1.163733E+01
  4.400870E+00 -1.174000E+01
  4.400870E+00 -1.184267E+01
  4.400870E+00 -1.194533E+01
  4.400870E+00 -1.204800E+01
  4.400870E+00 -1.215067E+01
  4.400870E+00 -1.225333E+01
  4.400870E+00 -1.235600E+01
  4.400870E+00 -1.245867E+01
  4.400870E+00 -1.256133E+01
  4.400870E+00 -1.266400E+01
  4.400870E+00 -1.276667E+01
  4.400870E+00 -1.286933E+01
  4.400870E+00 -1.297200E+01
  4.400870E+00 -1.307467E+01
  4.400870E+00 -1.317733E+01
  4.400870E+00 -1.328000E+01
  4.400870E+00 -1.338267E+01
  4.400870E+00 -1.348533E+01
  4.400870E+00 -1.358800E+01
  4.400870E+00 -1.369067E+01
  4.400870E+00 -1.379333E+01
  4.400870E+00 -1.389600E+01
  4.400870E+00 -1.399867E+01

h: x ny1,0  y2=[y1](Kulit),ic[orangeyellow]
 -1.000000E+00 -1.000000E+00

hb:   line clip z   cb(orangeyellow)
frame:
  4.5000000E+00 -1.3900000E+01
  1.5900000E+01 -1.3900000E+01
  1.5900000E+01 -6.5000000E+00
  4.5000000E+00 -6.5000000E+00
clip:
  9.283405E+00 -1.358895E+01
  9.399227E+00 -1.360126E+01
  9.510655E+00 -1.361104E+01
  9.619960E+00 -1.361867E+01
  9.793043E+00 -1.362682E+01
  9.936333E+00 -1.362993E+01
  1.009826E+01 -1.362948E+01
  1.023740E+01 -1.362574E+01
  1.040348E+01 -1.361720E+01
  1.052515E+01 -1.360812E+01
  1.061838E+01 -1.359953E+01
  1.072477E+01 -1.358800E+01
  1.089067E+01 -1.356630E+01
  1.101391E+01 -1.354722E+01
  1.115265E+01 -1.352267E+01
  1.132201E+01 -1.348824E+01
  1.148738E+01 -1.344978E+01
  1.164894E+01 -1.340748E+01
  1.173612E+01 -1.338267E+01
  1.182783E+01 -1.335503E+01
  1.196125E+01 -1.331197E+01
  1.205397E+01 -1.328000E+01
  1.218653E+01 -1.323131E+01
  1.233652E+01 -1.317184E+01
  1.247563E+01 -1.311238E+01
  1.255905E+01 -1.307467E+01
  1.268436E+01 -1.301501E+01
  1.277020E+01 -1.297200E+01
  1.288639E+01 -1.291088E+01
  1.296188E+01 -1.286933E+01
  1.304870E+01 -1.281969E+01
  1.315043E+01 -1.275889E+01
  1.327099E+01 -1.268299E+01
  1.339355E+01 -1.260133E+01
  1.351333E+01 -1.251687E+01
  1.359209E+01 -1.245867E+01
  1.368780E+01 -1.238493E+01
  1.380065E+01 -1.229348E+01
  1.391074E+01 -1.219924E+01
  1.396520E+01 -1.215067E+01
  1.406609E+01 -1.205700E+01
  1.416783E+01 -1.195736E+01
  1.426957E+01 -1.185204E+01
  1.427834E+01 -1.184267E+01
  1.437130E+01 -1.174044E+01
  1.446013E+01 -1.163733E+01
  1.454393E+01 -1.153467E+01
  1.462335E+01 -1.143200E+01
  1.469862E+01 -1.132933E+01
  1.476992E+01 -1.122667E+01
  1.483744E+01 -1.112400E+01
  1.490132E+01 -1.102133E+01
  1.496172E+01 -1.091867E+01
  1.501875E+01 -1.081600E+01
  1.507253E+01 -1.071333E+01
  1.512317E+01 -1.061067E+01
  1.517075E+01 -1.050800E+01
  1.521536E+01 -1.040533E+01
  1.525707E+01 -1.030267E+01
  1.530116E+01 -1.018567E+01
  1.535457E+01 -1.002910E+01
  1.538870E+01 -9.917976E+00
  1.539927E+01 -9.881326E+00
  1.542436E+01 -9.789333E+00
  1.543675E+01 -9.740837E+00
  1.544992E+01 -9.686667E+00
  1.546811E+01 -9.606530E+00
  1.549298E+01 -9.483901E+00
  1.551150E+01 -9.378667E+00
  1.552709E+01 -9.276000E+00
  1.554024E+01 -9.173333E+00
  1.555098E+01 -9.070667E+00
  1.555931E+01 -8.968000E+00
  1.556526E+01 -8.865333E+00
  1.556882E+01 -8.762667E+00
  1.557000E+01 -8.660000E+00
  1.556881E+01 -8.557333E+00
  1.556523E+01 -8.454667E+00
  1.555928E+01 -8.352000E+00
  1.555093E+01 -8.249333E+00
  1.554018E+01 -8.146667E+00
  1.552702E+01 -8.044000E+00
  1.550841E+01 -7.923196E+00
  1.549043E+01 -7.823209E+00
  1.545753E+01 -7.666540E+00
  1.543778E+01 -7.583799E+00
  1.541673E+01 -7.502376E+00
  1.538870E+01 -7.402532E+00
  1.534619E+01 -7.265562E+00
  1.532034E+01 -7.188977E+00
  1.528696E+01 -7.096092E+00
  1.523628E+01 -6.965803E+00
  1.518522E+01 -6.845079E+00
  1.514303E+01 -6.751908E+00
  1.518522E+01 -6.726448E+00
  1.519601E+01 -6.720228E+00
  1.521488E+01 -6.709333E+00
  1.528696E+01 -6.667430E+00
  1.532504E+01 -6.645100E+00
  1.538870E+01 -6.607486E+00
  1.572672E+01 -6.401333E+00
  1.569391E+01 -6.401333E+00
  1.559217E+01 -6.401333E+00
  1.549043E+01 -6.401333E+00
  1.538870E+01 -6.401333E+00
  1.536528E+01 -6.401333E+00
  1.528696E+01 -6.448042E+00
  1.525199E+01 -6.468711E+00
  1.519184E+01 -6.504000E+00
  1.518522E+01 -6.507864E+00
  1.512306E+01 -6.543946E+00
  1.508348E+01 -6.566747E+00
  1.505825E+01 -6.581207E+00
  1.501359E+01 -6.606667E+00
  1.498174E+01 -6.624717E+00
  1.492792E+01 -6.655022E+00
  1.490031E+01 -6.709333E+00
  1.492748E+01 -6.764088E+00
  1.495050E+01 -6.812000E+00
  1.496055E+01 -6.833385E+00
  1.498174E+01 -6.879465E+00
  1.499750E+01 -6.914667E+00
  1.502369E+01 -6.975005E+00
  1.504142E+01 -7.017333E+00
  1.505371E+01 -7.047378E+00
  1.508234E+01 -7.120000E+00
  1.508266E+01 -7.120830E+00
  1.508348E+01 -7.122973E+00
  1.512032E+01 -7.222667E+00
  1.513723E+01 -7.271093E+00
  1.515542E+01 -7.325333E+00
  1.516278E+01 -7.347971E+00
  1.518522E+01 -7.419721E+00
  1.518772E+01 -7.428000E+00
  1.521024E+01 -7.505413E+00
  1.521725E+01 -7.530667E+00
  1.523206E+01 -7.586062E+00
  1.524408E+01 -7.633333E+00
  1.525254E+01 -7.668060E+00
  1.526823E+01 -7.736000E+00
  1.527164E+01 -7.751460E+00
  1.528696E+01 -7.824625E+00
  1.528974E+01 -7.838667E+00
  1.530542E+01 -7.922703E+00
  1.530866E+01 -7.941333E+00
  1.531997E+01 -8.010681E+00
  1.532500E+01 -8.044000E+00
  1.533287E+01 -8.100330E+00
  1.533878E+01 -8.146667E+00
  1.534403E+01 -8.191736E+00
  1.535004E+01 -8.249333E+00
  1.535336E+01 -8.284995E+00
  1.535878E+01 -8.352000E+00
  1.536074E+01 -8.380213E+00
  1.536501E+01 -8.454667E+00
  1.536606E+01 -8.477511E+00
  1.536875E+01 -8.557333E+00
  1.536918E+01 -8.577024E+00
  1.537000E+01 -8.660000E+00
  1.536996E+01 -8.678908E+00
  1.536876E+01 -8.762667E+00
  1.536821E+01 -8.783337E+00
  1.536503E+01 -8.865333E+00
  1.536374E+01 -8.890517E+00
  1.535881E+01 -8.968000E+00
  1.535631E+01 -9.000685E+00
  1.535009E+01 -9.070667E+00
  1.534564E+01 -9.114119E+00
  1.533884E+01 -9.173333E+00
  1.533140E+01 -9.231151E+00
  1.532507E+01 -9.276000E+00
  1.531320E+01 -9.352182E+00
  1.530875E+01 -9.378667E+00
  1.529056E+01 -9.477699E+00
  1.528984E+01 -9.481333E+00
  1.528696E+01 -9.495883E+00
  1.527173E+01 -9.568632E+00
  1.526834E+01 -9.584000E+00
  1.526287E+01 -9.608311E+00
  1.524420E+01 -9.686667E+00
  1.522936E+01 -9.744793E+00
  1.521739E+01 -9.789333E+00
  1.518903E+01 -9.888156E+00
  1.518787E+01 -9.892000E+00
  1.518522E+01 -9.900787E+00
  1.516291E+01 -9.972153E+00
  1.515559E+01 -9.994667E+00
  1.514052E+01 -1.003977E+01
  1.512050E+01 -1.009733E+01
  1.508348E+01 -1.019754E+01
  1.508280E+01 -1.019931E+01
  1.508193E+01 -1.020156E+01
  1.504163E+01 -1.030267E+01
  1.501041E+01 -1.037640E+01
  1.499773E+01 -1.040533E+01
  1.498174E+01 -1.044104E+01
  1.496071E+01 -1.048678E+01
  1.495074E+01 -1.050800E+01
  1.492135E+01 -1.056894E+01
  1.490057E+01 -1.061067E+01
  1.488000E+01 -1.065095E+01
  1.485863E+01 -1.069177E+01
  1.484713E+01 -1.071333E+01
  1.480632E+01 -1.078768E+01
  1.479030E+01 -1.081600E+01
  1.477826E+01 -1.083699E+01
  1.474818E+01 -1.088831E+01
  1.472997E+01 -1.091867E+01
  1.467652E+01 -1.100485E+01
  1.467013E+01 -1.101488E+01
  1.466600E+01 -1.102133E+01
  1.464622E+01 -1.105191E+01
  1.459823E+01 -1.112400E+01
  1.457478E+01 -1.115821E+01
  1.454671E+01 -1.119833E+01
  1.452650E+01 -1.122667E+01
  1.447304E+01 -1.129959E+01
  1.446033E+01 -1.131651E+01
  1.445062E+01 -1.132933E+01
  1.437130E+01 -1.143082E+01
  1.437036E+01 -1.143200E+01
  1.436627E+01 -1.143708E+01
  1.428548E+01 -1.153467E+01
  1.426957E+01 -1.155330E+01
  1.423065E+01 -1.159806E+01
  1.419571E+01 -1.163733E+01
  1.416783E+01 -1.166808E+01
  1.413343E+01 -1.170529E+01
  1.410072E+01 -1.174000E+01
  1.406609E+01 -1.177602E+01
  1.403324E+01 -1.180952E+01
  1.400013E+01 -1.184267E+01
  1.396435E+01 -1.187780E+01
  1.393011E+01 -1.191078E+01
  1.389352E+01 -1.194533E+01
  1.386261E+01 -1.197400E+01
  1.382406E+01 -1.200910E+01
  1.378038E+01 -1.204800E+01
  1.376087E+01 -1.206509E+01
  1.371511E+01 -1.210449E+01
  1.366009E+01 -1.215067E+01
  1.365913E+01 -1.215146E+01
  1.360329E+01 -1.219699E+01
  1.355739E+01 -1.223346E+01
  1.354631E+01 -1.224215E+01
  1.353193E+01 -1.225333E+01
  1.345565E+01 -1.231139E+01
  1.343018E+01 -1.233029E+01
  1.339502E+01 -1.235600E+01
  1.335391E+01 -1.238550E+01
  1.331118E+01 -1.241554E+01
  1.325217E+01 -1.245600E+01
  1.325059E+01 -1.245707E+01
  1.324823E+01 -1.245867E+01
  1.315043E+01 -1.252311E+01
  1.312726E+01 -1.253794E+01
  1.309017E+01 -1.256133E+01
  1.304870E+01 -1.258700E+01
  1.300101E+01 -1.261588E+01
  1.294696E+01 -1.264781E+01
  1.293678E+01 -1.265373E+01
  1.291900E+01 -1.266400E+01
  1.284522E+01 -1.270569E+01
  1.280610E+01 -1.272719E+01
  1.274348E+01 -1.276077E+01
  1.273964E+01 -1.276279E+01
  1.273227E+01 -1.276667E+01
  1.264174E+01 -1.281314E+01
  1.260444E+01 -1.283169E+01
  1.254000E+01 -1.286293E+01
  1.253569E+01 -1.286498E+01
  1.252652E+01 -1.286933E+01
  1.243826E+01 -1.291020E+01
  1.239584E+01 -1.292920E+01
  1.233652E+01 -1.295506E+01
  1.232473E+01 -1.296011E+01
  1.229664E+01 -1.297200E+01
  1.223478E+01 -1.299757E+01
  1.218009E+01 -1.301948E+01
  1.213304E+01 -1.303781E+01
  1.210654E+01 -1.304792E+01
  1.203449E+01 -1.307467E+01
  1.203130E+01 -1.307582E+01
  1.195690E+01 -1.310225E+01
  1.192957E+01 -1.311168E+01
  1.188080E+01 -1.312812E+01
  1.182783E+01 -1.314543E+01
  1.180381E+01 -1.315310E+01
  1.172609E+01 -1.317712E+01
  1.162435E+01 -1.320680E+01
  1.156741E+01 -1.322254E+01
  1.152261E+01 -1.323450E+01
  1.148673E+01 -1.324380E+01
  1.142087E+01 -1.326025E+01
  1.140509E+01 -1.326407E+01
  1.133720E+01 -1.328000E+01
  1.131913E+01 -1.328410E+01
  1.123879E+01 -1.330160E+01
  1.121739E+01 -1.330606E+01
  1.115409E+01 -1.331879E+01
  1.111565E+01 -1.332618E+01
  1.106832E+01 -1.333491E+01
  1.101391E+01 -1.334446E+01
  1.098145E+01 -1.334991E+01
  1.091217E+01 -1.336093E+01
  1.089345E+01 -1.336377E+01
  1.081043E+01 -1.337562E+01
  1.080428E+01 -1.337645E+01
  1.075664E+01 -1.338267E+01
  1.070870E+01 -1.338853E+01
  1.062227E+01 -1.339812E+01
  1.060696E+01 -1.339969E+01
  1.052935E+01 -1.340702E+01
  1.050522E+01 -1.340910E+01
  1.043509E+01 -1.341457E+01
  1.040348E+01 -1.341677E+01
  1.033944E+01 -1.342071E+01
  1.030174E+01 -1.342272E+01
  1.024234E+01 -1.342539E+01
  1.020000E+01 -1.342694E+01
  1.014372E+01 -1.342855E+01
  1.009826E+01 -1.342946E+01
  1.004352E+01 -1.343010E+01
  9.996522E+00 -1.343025E+01
  9.941661E+00 -1.342997E+01
  9.894783E+00 -1.342934E+01
  9.838051E+00 -1.342808E+01
  9.793043E+00 -1.342671E+01
  9.732598E+00 -1.342434E+01
  9.691304E+00 -1.342237E+01
  9.625195E+00 -1.341862E+01
  9.589565E+00 -1.341630E+01
  9.515723E+00 -1.341082E+01
  9.487826E+00 -1.340851E+01
  9.404045E+00 -1.340079E+01
  9.386087E+00 -1.339898E+01
  9.290008E+00 -1.338838E+01
  9.284348E+00 -1.338771E+01
  9.243359E+00 -1.338267E+01
  9.189589E+00 -1.337562E+01
  9.182609E+00 -1.337467E+01
  9.173435E+00 -1.337341E+01
  9.080870E+00 -1.335986E+01
  9.054121E+00 -1.335567E+01
  8.979130E+00 -1.334327E+01
  8.931829E+00 -1.333493E+01
  8.877391E+00 -1.332486E+01
  8.806280E+00 -1.331091E+01
  8.775652E+00 -1.330462E+01
  8.677140E+00 -1.328326E+01
  8.673913E+00 -1.328253E+01
  8.662801E+00 -1.328000E+01
  8.589298E+00 -1.326272E+01
  8.572174E+00 -1.325855E+01
  8.544007E+00 -1.325158E+01
  8.470435E+00 -1.323266E+01
  8.406392E+00 -1.321537E+01
  8.368696E+00 -1.320483E+01
  8.274608E+00 -1.317733E+01
  8.268719E+00 -1.317555E+01
  8.266957E+00 -1.317502E+01
  8.263682E+00 -1.317403E+01
  8.165217E+00 -1.314319E+01
  8.115094E+00 -1.312675E+01
  8.063478E+00 -1.310930E+01
  7.965514E+00 -1.307467E+01
  7.962740E+00 -1.307366E+01
  7.961739E+00 -1.307329E+01
  7.959607E+00 -1.307252E+01
  7.860000E+00 -1.303513E+01
  7.795836E+00 -1.300992E+01
  7.758261E+00 -1.299474E+01
  7.703356E+00 -1.297200E+01
  7.670377E+00 -1.295802E+01
  7.656522E+00 -1.295207E+01
  7.621821E+00 -1.293698E+01
  7.554783E+00 -1.290705E+01
  7.473481E+00 -1.286933E+01
  7.459587E+00 -1.286273E+01
  7.453043E+00 -1.285960E+01
  7.434627E+00 -1.285075E+01
  7.351304E+00 -1.280965E+01
  7.267729E+00 -1.276667E+01
  7.255793E+00 -1.276038E+01
  7.249565E+00 -1.275709E+01
  7.229474E+00 -1.274639E+01
  7.147826E+00 -1.270183E+01
  7.080995E+00 -1.266400E+01
  7.058805E+00 -1.265117E+01
  7.046087E+00 -1.264375E+01
  6.997530E+00 -1.261500E+01
  6.944348E+00 -1.258273E+01
  6.909829E+00 -1.256133E+01
  6.868478E+00 -1.253523E+01
  6.842609E+00 -1.251863E+01
  6.751768E+00 -1.245867E+01
  6.745241E+00 -1.245426E+01
  6.740870E+00 -1.245129E+01
  6.718327E+00 -1.243592E+01
  6.639130E+00 -1.238054E+01
  6.604982E+00 -1.235600E+01
  6.565804E+00 -1.232733E+01
  6.537391E+00 -1.230619E+01
  6.468066E+00 -1.225333E+01
  6.449775E+00 -1.223908E+01
  6.435652E+00 -1.222799E+01
  6.339910E+00 -1.215067E+01
  6.336616E+00 -1.214794E+01
  6.333913E+00 -1.214570E+01
  6.305200E+00 -1.212169E+01
  6.232174E+00 -1.205901E+01
  6.219625E+00 -1.204800E+01
  6.172271E+00 -1.200578E+01
  6.130435E+00 -1.196759E+01
  6.106480E+00 -1.194533E+01
  6.066321E+00 -1.190737E+01
  6.028696E+00 -1.187103E+01
  5.999869E+00 -1.184267E+01
  5.963285E+00 -1.180601E+01
  5.926957E+00 -1.176884E+01
  5.899284E+00 -1.174000E+01
  5.863193E+00 -1.170168E+01
  5.825217E+00 -1.166046E+01
  5.804290E+00 -1.163733E+01
  5.766082E+00 -1.159434E+01
  5.723478E+00 -1.154518E+01
  5.714516E+00 -1.153467E+01
  5.671996E+00 -1.148395E+01
  5.629640E+00 -1.143200E+01
  5.626104E+00 -1.142760E+01
  5.621739E+00 -1.142214E+01
  5.549382E+00 -1.132933E+01
  5.536661E+00 -1.131252E+01
  5.520000E+00 -1.129026E+01
  5.473496E+00 -1.122667E+01
  5.450398E+00 -1.119424E+01
  5.418261E+00 -1.114813E+01
  5.401766E+00 -1.112400E+01
  5.367395E+00 -1.107266E+01
  5.333999E+00 -1.102133E+01
  5.327145E+00 -1.101061E+01
  5.316522E+00 -1.099387E+01
  5.270027E+00 -1.091867E+01
  5.249211E+00 -1.088392E+01
  5.214783E+00 -1.082490E+01
  5.152871E+00 -1.071333E+01
  5.099429E+00 -1.061067E+01
  5.049262E+00 -1.050800E+01
  5.002270E+00 -1.040533E+01
  4.958365E+00 -1.030267E+01
  4.915264E+00 -1.019425E+01
  4.879504E+00 -1.009733E+01
  4.844410E+00 -9.994667E+00
  4.807826E+00 -9.877613E+00
  4.766391E+00 -9.728480E+00
  4.706087E+00 -9.719217E+00
  4.644000E+00 -9.726681E+00
  4.604348E+00 -9.731392E+00
  4.552923E+00 -9.737439E+00
  4.502609E+00 -9.743286E+00
  4.461645E+00 -9.747996E+00
  4.400870E+00 -9.754901E+00
  4.400870E+00 -9.789333E+00
  4.400870E+00 -9.892000E+00
  4.400870E+00 -9.954985E+00
  4.456977E+00 -9.948619E+00
  4.502609E+00 -9.943378E+00
  4.548270E+00 -9.938078E+00
  4.604348E+00 -9.931492E+00
  4.634522E+00 -9.994667E+00
  4.651961E+00 -1.004929E+01
  4.667931E+00 -1.009733E+01
  4.677725E+00 -1.012595E+01
  4.704049E+00 -1.020000E+01
  4.704598E+00 -1.020150E+01
  4.706087E+00 -1.020557E+01
  4.742933E+00 -1.030267E+01
  4.761551E+00 -1.034936E+01
  4.784645E+00 -1.040533E+01
  4.791574E+00 -1.042173E+01
  4.807826E+00 -1.045953E+01
  4.829252E+00 -1.050800E+01
  4.854589E+00 -1.056348E+01
  4.876832E+00 -1.061067E+01
  4.887534E+00 -1.063290E+01
  4.909565E+00 -1.067775E+01
  4.927467E+00 -1.071333E+01
  4.956200E+00 -1.076894E+01
  4.981249E+00 -1.081600E+01
  4.991882E+00 -1.083560E+01
  5.011304E+00 -1.087084E+01
  5.038282E+00 -1.091867E+01
  5.065864E+00 -1.096628E+01
  5.098678E+00 -1.102133E+01
  5.104133E+00 -1.103033E+01
  5.113043E+00 -1.104492E+01
  5.162564E+00 -1.112400E+01
  5.183156E+00 -1.115591E+01
  5.214783E+00 -1.120389E+01
  5.230080E+00 -1.122667E+01
  5.265414E+00 -1.127824E+01
  5.301382E+00 -1.132933E+01
  5.307728E+00 -1.133821E+01
  5.316522E+00 -1.135043E+01
  5.376645E+00 -1.143200E+01
  5.394678E+00 -1.145580E+01
  5.418261E+00 -1.148648E+01
  5.456067E+00 -1.153467E+01
  5.484664E+00 -1.157032E+01
  5.520000E+00 -1.161349E+01
  5.539869E+00 -1.163733E+01
  5.577628E+00 -1.168185E+01
  5.621739E+00 -1.173257E+01
  5.628304E+00 -1.174000E+01
  5.673515E+00 -1.179042E+01
  5.721658E+00 -1.184267E+01
  5.722541E+00 -1.184361E+01
  5.723478E+00 -1.184461E+01
  5.820261E+00 -1.194533E+01
  5.822735E+00 -1.194784E+01
  5.825217E+00 -1.195035E+01
  5.924494E+00 -1.204800E+01
  5.925758E+00 -1.204921E+01
  5.926957E+00 -1.205036E+01
  5.964938E+00 -1.208633E+01
  6.028696E+00 -1.214514E+01
  6.034802E+00 -1.215067E+01
  6.085541E+00 -1.219597E+01
  6.130435E+00 -1.223510E+01
  6.151706E+00 -1.225333E+01
  6.195536E+00 -1.229031E+01
  6.232174E+00 -1.232060E+01
  6.275827E+00 -1.235600E+01
  6.308299E+00 -1.238185E+01
  6.333913E+00 -1.240195E+01
  6.407915E+00 -1.245867E+01
  6.423826E+00 -1.247060E+01
  6.435652E+00 -1.247941E+01
  6.510010E+00 -1.253370E+01
  6.537391E+00 -1.255322E+01
  6.548882E+00 -1.256133E+01
  6.602306E+00 -1.259849E+01
  6.639130E+00 -1.262357E+01
  6.699868E+00 -1.266400E+01
  6.724769E+00 -1.268025E+01
  6.740870E+00 -1.269065E+01
  6.811781E+00 -1.273556E+01
  6.842609E+00 -1.275462E+01
  6.862317E+00 -1.276667E+01
  6.913725E+00 -1.279757E+01
  6.944348E+00 -1.281563E+01
  7.038116E+00 -1.286933E+01
  7.043244E+00 -1.287220E+01
  7.046087E+00 -1.287379E+01
  7.055943E+00 -1.287928E+01
  7.147826E+00 -1.292923E+01
  7.229805E+00 -1.297200E+01
  7.242932E+00 -1.297869E+01
  7.249565E+00 -1.298206E+01
  7.269492E+00 -1.299211E+01
  7.351304E+00 -1.303236E+01
  7.440951E+00 -1.307467E+01
  7.449254E+00 -1.307849E+01
  7.453043E+00 -1.308023E+01
  7.463133E+00 -1.308485E+01
  7.554783E+00 -1.312574E+01
  7.642425E+00 -1.316311E+01
  7.656522E+00 -1.316896E+01
  7.676856E+00 -1.317733E+01
  7.735017E+00 -1.320079E+01
  7.758261E+00 -1.320996E+01
  7.810699E+00 -1.323025E+01
  7.860000E+00 -1.324880E+01
  7.946031E+00 -1.328000E+01
  7.957670E+00 -1.328411E+01
  7.961739E+00 -1.328554E+01
  7.970138E+00 -1.328848E+01
  8.063478E+00 -1.332021E+01
  8.122270E+00 -1.333933E+01
  8.165217E+00 -1.335287E+01
  8.263883E+00 -1.338267E+01
  8.266266E+00 -1.338336E+01
  8.268210E+00 -1.338393E+01
  8.368696E+00 -1.341233E+01
  8.408804E+00 -1.342314E+01
  8.470435E+00 -1.343919E+01
  8.544713E+00 -1.345762E+01
  8.572174E+00 -1.346419E+01
  8.664733E+00 -1.348533E+01
  8.672272E+00 -1.348699E+01
  8.673913E+00 -1.348735E+01
  8.676462E+00 -1.348791E+01
  8.775652E+00 -1.350870E+01
  8.804480E+00 -1.351442E+01
  8.877391E+00 -1.352827E+01
  8.929122E+00 -1.353754E+01
  8.979130E+00 -1.354607E+01
  9.050683E+00 -1.355754E+01
  9.080870E+00 -1.356212E+01
  9.169416E+00 -1.357469E+01
  9.182609E+00 -1.357645E+01
  9.275229E+00 -1.358800E+01

h: x ny1,0  y2=[y1](Payudara),ic[brown]
 -1.000000E+00 -1.000000E+00

hb:   line clip z   cb(brown)
clip:
  9.279885E+00 -1.338717E+01
  9.404045E+00 -1.340079E+01
  9.515723E+00 -1.341082E+01
  9.625195E+00 -1.341862E+01
  9.793043E+00 -1.342671E+01
  9.941661E+00 -1.342997E+01
  1.009826E+01 -1.342946E+01
  1.024234E+01 -1.342539E+01
  1.040348E+01 -1.341677E+01
  1.052935E+01 -1.340702E+01
  1.062227E+01 -1.339812E+01
  1.075664E+01 -1.338267E+01
  1.091217E+01 -1.336093E+01
  1.106832E+01 -1.333491E+01
  1.121739E+01 -1.330606E+01
  1.133720E+01 -1.328000E+01
  1.148673E+01 -1.324380E+01
  1.164713E+01 -1.320033E+01
  1.180381E+01 -1.315310E+01
  1.195690E+01 -1.310225E+01
  1.203449E+01 -1.307467E+01
  1.213304E+01 -1.303781E+01
  1.225282E+01 -1.299020E+01
  1.239584E+01 -1.292920E+01
  1.254000E+01 -1.286293E+01
  1.267242E+01 -1.279763E+01
  1.280610E+01 -1.272719E+01
  1.291900E+01 -1.266400E+01
  1.304870E+01 -1.258700E+01
  1.315043E+01 -1.252311E+01
  1.325217E+01 -1.245600E+01
  1.337104E+01 -1.237328E+01
  1.348860E+01 -1.228658E+01
  1.360329E+01 -1.219699E+01
  1.366009E+01 -1.215067E+01
  1.376087E+01 -1.206509E+01
  1.386261E+01 -1.197400E+01
  1.396435E+01 -1.187780E+01
  1.400013E+01 -1.184267E+01
  1.406609E+01 -1.177602E+01
  1.410072E+01 -1.174000E+01
  1.416783E+01 -1.166808E+01
  1.419571E+01 -1.163733E+01
  1.426957E+01 -1.155330E+01
  1.428548E+01 -1.153467E+01
  1.436627E+01 -1.143708E+01
  1.441595E+01 -1.137439E+01
  1.447304E+01 -1.129959E+01
  1.452650E+01 -1.122667E+01
  1.459823E+01 -1.112400E+01
  1.466600E+01 -1.102133E+01
  1.472997E+01 -1.091867E+01
  1.479030E+01 -1.081600E+01
  1.484713E+01 -1.071333E+01
  1.490057E+01 -1.061067E+01
  1.495074E+01 -1.050800E+01
  1.499773E+01 -1.040533E+01
  1.504163E+01 -1.030267E+01
  1.508348E+01 -1.019754E+01
  1.512050E+01 -1.009733E+01
  1.515559E+01 -9.994667E+00
  1.518903E+01 -9.888156E+00
  1.522936E+01 -9.744793E+00
  1.526287E+01 -9.608311E+00
  1.528696E+01 -9.495883E+00
  1.530875E+01 -9.378667E+00
  1.532507E+01 -9.276000E+00
  1.533884E+01 -9.173333E+00
  1.535009E+01 -9.070667E+00
  1.535881E+01 -8.968000E+00
  1.536503E+01 -8.865333E+00
  1.536876E+01 -8.762667E+00
  1.537000E+01 -8.660000E+00
  1.536875E+01 -8.557333E+00
  1.536501E+01 -8.454667E+00
  1.535878E+01 -8.352000E+00
  1.535004E+01 -8.249333E+00
  1.533878E+01 -8.146667E+00
  1.532500E+01 -8.044000E+00
  1.530866E+01 -7.941333E+00
  1.528696E+01 -7.824625E+00
  1.525254E+01 -7.668060E+00
  1.523206E+01 -7.586062E+00
  1.521024E+01 -7.505413E+00
  1.518522E+01 -7.419721E+00
  1.515542E+01 -7.325333E+00
  1.512032E+01 -7.222667E+00
  1.508234E+01 -7.120000E+00
  1.504142E+01 -7.017333E+00
  1.499262E+01 -6.903682E+00
  1.495050E+01 -6.812000E+00
  1.490031E+01 -6.709333E+00
  1.488000E+01 -6.681796E+00
  1.486241E+01 -6.691579E+00
  1.483035E+01 -6.709333E+00
  1.477826E+01 -6.738008E+00
  1.473069E+01 -6.763998E+00
  1.467652E+01 -6.793374E+00
  1.466450E+01 -6.799864E+00
  1.464195E+01 -6.812000E+00
  1.457478E+01 -6.847914E+00
  1.453142E+01 -6.870912E+00
  1.447304E+01 -6.901649E+00
  1.446455E+01 -6.906098E+00
  1.444817E+01 -6.914667E+00
  1.437130E+01 -6.954596E+00
  1.433014E+01 -6.975797E+00
  1.426957E+01 -7.006774E+00
  1.426261E+01 -7.010314E+00
  1.424879E+01 -7.017333E+00
  1.416783E+01 -7.058199E+00
  1.412688E+01 -7.078685E+00
  1.406609E+01 -7.108889E+00
  1.405870E+01 -7.112542E+00
  1.404359E+01 -7.120000E+00
  1.396435E+01 -7.158858E+00
  1.392168E+01 -7.179606E+00
  1.386261E+01 -7.208122E+00
  1.385284E+01 -7.212813E+00
  1.383229E+01 -7.222667E+00
  1.376087E+01 -7.256695E+00
  1.371454E+01 -7.278586E+00
  1.365913E+01 -7.304590E+00
  1.364508E+01 -7.311153E+00
  1.361462E+01 -7.325333E+00
  1.355739E+01 -7.351822E+00
  1.350552E+01 -7.375653E+00
  1.345565E+01 -7.398402E+00
  1.343542E+01 -7.407587E+00
  1.339027E+01 -7.428000E+00
  1.335391E+01 -7.444344E+00
  1.329462E+01 -7.470829E+00
  1.325217E+01 -7.489658E+00
  1.322390E+01 -7.502139E+00
  1.315888E+01 -7.530667E+00
  1.315043E+01 -7.534356E+00
  1.308187E+01 -7.564139E+00
  1.304870E+01 -7.578449E+00
  1.301054E+01 -7.594831E+00
  1.294696E+01 -7.621947E+00
  1.293901E+01 -7.625318E+00
  1.292010E+01 -7.633333E+00
  1.284522E+01 -7.664861E+00
  1.279535E+01 -7.685683E+00
  1.274348E+01 -7.707201E+00
  1.272322E+01 -7.715562E+00
  1.267348E+01 -7.736000E+00
  1.264174E+01 -7.748975E+00
  1.257836E+01 -7.774714E+00
  1.254000E+01 -7.790193E+00
  1.250564E+01 -7.803990E+00
  1.243826E+01 -7.830863E+00
  1.182783E+01 -8.063847E+00
  1.116321E+01 -8.297329E+00
  1.046883E+01 -8.520616E+00
  9.679549E+00 -8.750805E+00
  8.848723E+00 -8.968000E+00
  7.962401E+00 -9.173333E+00
  7.029537E+00 -9.361966E+00
  6.074536E+00 -9.527592E+00
  5.096412E+00 -9.669883E+00
  4.807826E+00 -9.706761E+00
  4.773172E+00 -9.754363E+00
  4.782606E+00 -9.789333E+00
  4.788113E+00 -9.809226E+00
  4.807826E+00 -9.877613E+00
  4.812128E+00 -9.892000E+00
  4.835389E+00 -9.966852E+00
  4.844410E+00 -9.994667E+00
  4.860857E+00 -1.004382E+01
  4.879504E+00 -1.009733E+01
  4.887494E+00 -1.011961E+01
  4.909565E+00 -1.017926E+01
  4.917467E+00 -1.020000E+01
  4.944135E+00 -1.026778E+01
  4.958365E+00 -1.030267E+01
  4.974078E+00 -1.034023E+01
  5.002270E+00 -1.040533E+01
  5.005063E+00 -1.041163E+01
  5.011304E+00 -1.042561E+01
  5.049262E+00 -1.050800E+01
  5.070063E+00 -1.055137E+01
  5.099429E+00 -1.061067E+01
  5.104030E+00 -1.061976E+01
  5.113043E+00 -1.063744E+01
  5.152871E+00 -1.071333E+01
  5.174795E+00 -1.075369E+01
  5.209696E+00 -1.081600E+01
  5.211555E+00 -1.081926E+01
  5.214783E+00 -1.082490E+01
  5.270027E+00 -1.091867E+01
  5.287745E+00 -1.094771E+01
  5.316522E+00 -1.099387E+01
  5.333999E+00 -1.102133E+01
  5.367395E+00 -1.107266E+01
  5.401766E+00 -1.112400E+01
  5.408484E+00 -1.113387E+01
  5.418261E+00 -1.114813E+01
  5.473496E+00 -1.122667E+01
  5.493128E+00 -1.125378E+01
  5.520000E+00 -1.129026E+01
  5.549382E+00 -1.132933E+01
  5.580990E+00 -1.137045E+01
  5.621739E+00 -1.142214E+01
  5.629640E+00 -1.143200E+01
  5.671996E+00 -1.148395E+01
  5.714516E+00 -1.153467E+01
  5.718657E+00 -1.153953E+01
  5.723478E+00 -1.154518E+01
  5.804290E+00 -1.163733E+01
  5.814262E+00 -1.164839E+01
  5.825217E+00 -1.166046E+01
  5.899284E+00 -1.174000E+01
  5.912869E+00 -1.175422E+01
  5.926957E+00 -1.176884E+01
  5.999869E+00 -1.184267E+01
  6.014437E+00 -1.185706E+01
  6.028696E+00 -1.187103E+01
  6.106480E+00 -1.194533E+01
  6.118933E+00 -1.195694E+01
  6.130435E+00 -1.196759E+01
  6.219625E+00 -1.204800E+01
  6.226332E+00 -1.205390E+01
  6.232174E+00 -1.205901E+01
  6.305200E+00 -1.212169E+01
  6.333913E+00 -1.214570E+01
  6.339910E+00 -1.215067E+01
  6.392837E+00 -1.219387E+01
  6.435652E+00 -1.222799E+01
  6.468066E+00 -1.225333E+01
  6.507431E+00 -1.228357E+01
  6.537391E+00 -1.230619E+01
  6.604982E+00 -1.235600E+01
  6.624896E+00 -1.237036E+01
  6.639130E+00 -1.238054E+01
  6.718327E+00 -1.243592E+01
  6.740870E+00 -1.245129E+01
  6.751768E+00 -1.245867E+01
  6.806497E+00 -1.249511E+01
  6.842609E+00 -1.251863E+01
  6.909829E+00 -1.256133E+01
  6.931187E+00 -1.257461E+01
  6.944348E+00 -1.258273E+01
  6.997530E+00 -1.261500E+01
  7.046087E+00 -1.264375E+01
  7.080995E+00 -1.266400E+01
  7.123721E+00 -1.268832E+01
  7.147826E+00 -1.270183E+01
  7.229474E+00 -1.274639E+01
  7.249565E+00 -1.275709E+01
  7.267729E+00 -1.276667E+01
  7.322960E+00 -1.279527E+01
  7.351304E+00 -1.280965E+01
  7.434627E+00 -1.285075E+01
  7.453043E+00 -1.285960E+01
  7.473481E+00 -1.286933E+01
  7.529063E+00 -1.289529E+01
  7.554783E+00 -1.290705E+01
  7.621821E+00 -1.293698E+01
  7.656522E+00 -1.295207E+01
  7.703356E+00 -1.297200E+01
  7.742236E+00 -1.298817E+01
  7.758261E+00 -1.299474E+01
  7.795836E+00 -1.300992E+01
  7.860000E+00 -1.303513E+01
  7.959607E+00 -1.307252E+01
  7.961739E+00 -1.307329E+01
  7.965514E+00 -1.307467E+01
  8.037924E+00 -1.310045E+01
  8.063478E+00 -1.310930E+01
  8.115094E+00 -1.312675E+01
  8.165217E+00 -1.314319E+01
  8.263682E+00 -1.317403E+01
  8.266957E+00 -1.317502E+01
  8.274608E+00 -1.317733E+01
  8.347450E+00 -1.319877E+01
  8.368696E+00 -1.320483E+01
  8.406392E+00 -1.321537E+01
  8.470435E+00 -1.323266E+01
  8.544007E+00 -1.325158E+01
  8.572174E+00 -1.325855E+01
  8.662801E+00 -1.328000E+01
  8.671868E+00 -1.328206E+01
  8.673913E+00 -1.328253E+01
  8.677140E+00 -1.328326E+01
  8.775652E+00 -1.330462E+01
  8.806280E+00 -1.331091E+01
  8.877391E+00 -1.332486E+01
  8.931829E+00 -1.333493E+01
  8.979130E+00 -1.334327E+01
  9.054121E+00 -1.335567E+01
  9.080870E+00 -1.335986E+01
  9.173435E+00 -1.337341E+01
  9.182609E+00 -1.337467E+01
  9.243359E+00 -1.338267E+01

h: x ny1,0  y2=[y1](CTV/GTV),ic[pastelviolet]
 -1.000000E+00 -1.000000E+00

hb:   line clip z   cb(pastelviolet)
clip:
  9.585217E+00 -1.236039E+01
  9.596633E+00 -1.236313E+01
  9.691304E+00 -1.238281E+01
  9.723245E+00 -1.238823E+01
  9.793043E+00 -1.239797E+01
  9.839498E+00 -1.240288E+01
  9.894783E+00 -1.240709E+01
  9.947774E+00 -1.240947E+01
  9.996522E+00 -1.241025E+01
  1.004959E+01 -1.240955E+01
  1.009826E+01 -1.240749E+01
  1.014598E+01 -1.240415E+01
  1.020000E+01 -1.239879E+01
  1.023769E+01 -1.239404E+01
  1.030174E+01 -1.238404E+01
  1.032528E+01 -1.237976E+01
  1.040348E+01 -1.236311E+01
  1.043237E+01 -1.235600E+01
  1.050522E+01 -1.233574E+01
  1.056713E+01 -1.231581E+01
  1.060696E+01 -1.230163E+01
  1.064167E+01 -1.228837E+01
  1.070870E+01 -1.226033E+01
  1.072429E+01 -1.225333E+01
  1.081043E+01 -1.221128E+01
  1.084960E+01 -1.219018E+01
  1.091217E+01 -1.215372E+01
  1.091715E+01 -1.215067E+01
  1.101391E+01 -1.208661E+01
  1.103620E+01 -1.207049E+01
  1.106614E+01 -1.204800E+01
  1.111565E+01 -1.200852E+01
  1.114965E+01 -1.197965E+01
  1.118789E+01 -1.194533E+01
  1.121739E+01 -1.191742E+01
  1.125464E+01 -1.188025E+01
  1.129012E+01 -1.184267E+01
  1.131913E+01 -1.181021E+01
  1.135119E+01 -1.177236E+01
  1.137719E+01 -1.174000E+01
  1.142087E+01 -1.168184E+01
  1.143921E+01 -1.165584E+01
  1.145183E+01 -1.163733E+01
  1.150623E+01 -1.155120E+01
  1.151588E+01 -1.153467E+01
  1.152261E+01 -1.152290E+01
  1.155444E+01 -1.146412E+01
  1.157064E+01 -1.143200E+01
  1.161171E+01 -1.134209E+01
  1.161704E+01 -1.132933E+01
  1.162435E+01 -1.131140E+01
  1.164759E+01 -1.125012E+01
  1.165580E+01 -1.122667E+01
  1.167124E+01 -1.117935E+01
  1.168744E+01 -1.112400E+01
  1.170851E+01 -1.103907E+01
  1.171234E+01 -1.102133E+01
  1.172609E+01 -1.094857E+01
  1.173019E+01 -1.092281E+01
  1.173082E+01 -1.091867E+01
  1.173164E+01 -1.091306E+01
  1.174306E+01 -1.081600E+01
  1.174463E+01 -1.079729E+01
  1.174919E+01 -1.071333E+01
  1.174976E+01 -1.068945E+01
  1.174930E+01 -1.061067E+01
  1.174851E+01 -1.058804E+01
  1.174336E+01 -1.050800E+01
  1.174190E+01 -1.049205E+01
  1.173133E+01 -1.040533E+01
  1.173065E+01 -1.040073E+01
  1.172609E+01 -1.037194E+01
  1.171308E+01 -1.030267E+01
  1.169630E+01 -1.023006E+01
  1.168839E+01 -1.020000E+01
  1.167394E+01 -1.014995E+01
  1.165699E+01 -1.009733E+01
  1.164851E+01 -1.007295E+01
  1.162435E+01 -1.000911E+01
  1.161848E+01 -9.994667E+00
  1.158919E+01 -9.927475E+00
  1.157235E+01 -9.892000E+00
  1.155563E+01 -9.858680E+00
  1.152261E+01 -9.797605E+00
  1.151789E+01 -9.789333E+00
  1.148126E+01 -9.728392E+00
  1.145418E+01 -9.686667E+00
  1.144063E+01 -9.666729E+00
  1.142087E+01 -9.638672E+00
  1.137992E+01 -9.584000E+00
  1.135276E+01 -9.550060E+00
  1.131913E+01 -9.510300E+00
  1.129331E+01 -9.481333E+00
  1.125635E+01 -9.442022E+00
  1.121739E+01 -9.403091E+00
  1.119165E+01 -9.378667E+00
  1.115151E+01 -9.342482E+00
  1.111565E+01 -9.311988E+00
  1.107067E+01 -9.276000E+00
  1.103821E+01 -9.251486E+00
  1.101391E+01 -9.233902E+00
  1.092280E+01 -9.173333E+00
  1.091621E+01 -9.169261E+00
  1.091217E+01 -9.166789E+00
  1.089604E+01 -9.157055E+00
  1.081043E+01 -9.109224E+00
  1.073192E+01 -9.070667E+00
  1.071591E+01 -9.063389E+00
  1.070870E+01 -9.060176E+00
  1.069039E+01 -9.052191E+00
  1.060696E+01 -9.018881E+00
  1.052918E+01 -8.992181E+00
  1.050522E+01 -8.984767E+00
  1.044584E+01 -8.968000E+00
  1.041197E+01 -8.959435E+00
  1.040348E+01 -8.957402E+00
  1.038983E+01 -8.954225E+00
  1.030174E+01 -8.936464E+00
  1.026443E+01 -8.930347E+00
  1.020000E+01 -8.921720E+00
  1.014908E+01 -8.916615E+00
  1.009826E+01 -8.913015E+00
  1.004152E+01 -8.910747E+00
  9.996522E+00 -8.910257E+00
  9.940307E+00 -8.911272E+00
  9.894783E+00 -8.913420E+00
  9.844425E+00 -8.917183E+00
  9.793043E+00 -8.922535E+00
  9.753158E+00 -8.927750E+00
  9.691304E+00 -8.937696E+00
  9.665965E+00 -8.942430E+00
  9.589565E+00 -8.959065E+00
  9.582432E+00 -8.960802E+00
  9.554157E+00 -8.968000E+00
  9.487826E+00 -8.986881E+00
  9.425109E+00 -9.007378E+00
  9.386087E+00 -9.021471E+00
  9.350849E+00 -9.035107E+00
  9.284348E+00 -9.063275E+00
  9.279282E+00 -9.065555E+00
  9.268076E+00 -9.070667E+00
  9.182609E+00 -9.112878E+00
  9.143697E+00 -9.134067E+00
  9.080870E+00 -9.171060E+00
  9.079472E+00 -9.171923E+00
  9.077196E+00 -9.173333E+00
  8.979130E+00 -9.238873E+00
  8.957779E+00 -9.254454E+00
  8.929327E+00 -9.276000E+00
  8.877391E+00 -9.317775E+00
  8.844766E+00 -9.345744E+00
  8.808348E+00 -9.378667E+00
  8.775652E+00 -9.409865E+00
  8.740217E+00 -9.445575E+00
  8.706692E+00 -9.481333E+00
  8.673913E+00 -9.518329E+00
  8.644090E+00 -9.553905E+00
  8.620081E+00 -9.584000E+00
  8.572174E+00 -9.648418E+00
  8.556523E+00 -9.670873E+00
  8.545824E+00 -9.686667E+00
  8.499037E+00 -9.760470E+00
  8.482108E+00 -9.789333E+00
  8.470435E+00 -9.810001E+00
  8.441998E+00 -9.863304E+00
  8.427650E+00 -9.892000E+00
  8.390921E+00 -9.972239E+00
  8.381515E+00 -9.994667E+00
  8.368696E+00 -1.002674E+01
  8.349659E+00 -1.007812E+01
  8.343009E+00 -1.009733E+01
  8.330369E+00 -1.013601E+01
  8.311608E+00 -1.020000E+01
  8.292509E+00 -1.027688E+01
  8.286923E+00 -1.030267E+01
  8.268966E+00 -1.040331E+01
  8.268667E+00 -1.040533E+01
  8.266957E+00 -1.041723E+01
  8.257496E+00 -1.049845E+01
  8.256636E+00 -1.050800E+01
  8.255679E+00 -1.051938E+01
  8.250703E+00 -1.061067E+01
  8.250307E+00 -1.062747E+01
  8.250805E+00 -1.071333E+01
  8.251354E+00 -1.072908E+01
  8.256944E+00 -1.081600E+01
  8.257795E+00 -1.082524E+01
  8.266957E+00 -1.090328E+01
  8.269184E+00 -1.091867E+01
  8.284099E+00 -1.100403E+01
  8.287656E+00 -1.102133E+01
  8.302990E+00 -1.108764E+01
  8.312564E+00 -1.112400E+01
  8.325235E+00 -1.116786E+01
  8.344199E+00 -1.122667E+01
  8.350569E+00 -1.124496E+01
  8.368696E+00 -1.129377E+01
  8.382956E+00 -1.132933E+01
  8.409698E+00 -1.139062E+01
  8.429361E+00 -1.143200E+01
  8.443177E+00 -1.145951E+01
  8.470435E+00 -1.151051E+01
  8.484117E+00 -1.153467E+01
  8.517383E+00 -1.158996E+01
  8.548168E+00 -1.163733E+01
  8.557939E+00 -1.165170E+01
  8.572174E+00 -1.167209E+01
  8.622811E+00 -1.174000E+01
  8.645654E+00 -1.176852E+01
  8.673913E+00 -1.180218E+01
  8.709884E+00 -1.184267E+01
  8.741924E+00 -1.187670E+01
  8.775652E+00 -1.191064E+01
  8.812115E+00 -1.194533E+01
  8.846617E+00 -1.197639E+01
  8.877391E+00 -1.200273E+01
  8.933857E+00 -1.204800E+01
  8.959775E+00 -1.206753E+01
  8.979130E+00 -1.208164E+01
  9.077749E+00 -1.214752E+01
  9.080870E+00 -1.214945E+01
  9.145923E+00 -1.218769E+01
  9.275708E+00 -1.225333E+01
  9.291267E+00 -1.226032E+01
  9.386087E+00 -1.229904E+01
  9.455515E+00 -1.232339E+01
  9.487826E+00 -1.233363E+01
  9.567628E+00 -1.235600E+01

hb:   line clip z   cb(pastelviolet)
clip:
  9.889333E+00 -1.215617E+01
  9.901045E+00 -1.215699E+01
  9.996522E+00 -1.216025E+01
  1.009826E+01 -1.215703E+01
  1.016932E+01 -1.215067E+01
  1.028430E+01 -1.213307E+01
  1.036764E+01 -1.211450E+01
  1.044714E+01 -1.209206E+01
  1.052313E+01 -1.206608E+01
  1.060696E+01 -1.203197E+01
  1.070870E+01 -1.198228E+01
  1.077367E+01 -1.194533E+01
  1.085798E+01 -1.189065E+01
  1.091687E+01 -1.184741E+01
  1.101391E+01 -1.176569E+01
  1.104122E+01 -1.174000E+01
  1.111565E+01 -1.166291E+01
  1.113812E+01 -1.163733E+01
  1.121739E+01 -1.153659E+01
  1.122233E+01 -1.152968E+01
  1.128624E+01 -1.143200E+01
  1.131913E+01 -1.137432E+01
  1.133461E+01 -1.134495E+01
  1.134251E+01 -1.132933E+01
  1.136426E+01 -1.128380E+01
  1.138895E+01 -1.122667E+01
  1.142087E+01 -1.114101E+01
  1.142511E+01 -1.112828E+01
  1.142923E+01 -1.111557E+01
  1.145589E+01 -1.102133E+01
  1.146656E+01 -1.097523E+01
  1.147757E+01 -1.091867E+01
  1.148781E+01 -1.085112E+01
  1.149189E+01 -1.081600E+01
  1.149797E+01 -1.073819E+01
  1.149906E+01 -1.071333E+01
  1.149977E+01 -1.063372E+01
  1.149918E+01 -1.061067E+01
  1.149485E+01 -1.053602E+01
  1.149225E+01 -1.050800E+01
  1.148432E+01 -1.044397E+01
  1.147818E+01 -1.040533E+01
  1.146898E+01 -1.035678E+01
  1.145675E+01 -1.030267E+01
  1.144939E+01 -1.027389E+01
  1.142764E+01 -1.020000E+01
  1.142087E+01 -1.017949E+01
  1.139037E+01 -1.009733E+01
  1.136894E+01 -1.004707E+01
  1.134424E+01 -9.994667E+00
  1.131913E+01 -9.946185E+00
  1.128833E+01 -9.892000E+00
  1.122127E+01 -9.789333E+00
  1.121739E+01 -9.783922E+00
  1.114111E+01 -9.686667E+00
  1.112925E+01 -9.672941E+00
  1.111565E+01 -9.657597E+00
  1.104483E+01 -9.584000E+00
  1.102896E+01 -9.568815E+00
  1.101391E+01 -9.554822E+00
  1.092744E+01 -9.481333E+00
  1.091883E+01 -9.474613E+00
  1.091217E+01 -9.469482E+00
  1.086850E+01 -9.437266E+00
  1.081043E+01 -9.398036E+00
  1.077944E+01 -9.378667E+00
  1.073465E+01 -9.352474E+00
  1.070870E+01 -9.338229E+00
  1.062948E+01 -9.298726E+00
  1.060696E+01 -9.288538E+00
  1.057779E+01 -9.276000E+00
  1.052566E+01 -9.255375E+00
  1.050522E+01 -9.247896E+00
  1.046315E+01 -9.233546E+00
  1.040348E+01 -9.215538E+00
  1.032383E+01 -9.195627E+00
  1.030174E+01 -9.190916E+00
  1.020036E+01 -9.173695E+00
  1.010741E+01 -9.164104E+00
  1.008785E+01 -9.162829E+00
  9.996522E+00 -9.160258E+00
  9.894783E+00 -9.163949E+00
  9.802347E+00 -9.173333E+00
  9.706981E+00 -9.189152E+00
  9.624049E+00 -9.208131E+00
  9.544924E+00 -9.230952E+00
  9.469276E+00 -9.257281E+00
  9.386087E+00 -9.291638E+00
  9.284348E+00 -9.341982E+00
  9.220555E+00 -9.378667E+00
  9.135872E+00 -9.434170E+00
  9.077237E+00 -9.477668E+00
  8.979130E+00 -9.561243E+00
  8.955166E+00 -9.584000E+00
  8.877391E+00 -9.665392E+00
  8.858892E+00 -9.686667E+00
  8.786921E+00 -9.777961E+00
  8.775652E+00 -9.793667E+00
  8.736239E+00 -9.852227E+00
  8.711673E+00 -9.892000E+00
  8.673913E+00 -9.959188E+00
  8.661851E+00 -9.982495E+00
  8.638772E+00 -1.003013E+01
  8.609633E+00 -1.009733E+01
  8.572444E+00 -1.019973E+01
  8.549147E+00 -1.027943E+01
  8.534419E+00 -1.034077E+01
  8.521820E+00 -1.040533E+01
  8.507747E+00 -1.050800E+01
  8.500820E+00 -1.061067E+01
  8.500939E+00 -1.071333E+01
  8.508108E+00 -1.081600E+01
  8.522427E+00 -1.091867E+01
  8.544108E+00 -1.102133E+01
  8.572174E+00 -1.111994E+01
  8.599949E+00 -1.119864E+01
  8.629971E+00 -1.127101E+01
  8.663023E+00 -1.134032E+01
  8.713762E+00 -1.143200E+01
  8.775652E+00 -1.152684E+01
  8.822746E+00 -1.158981E+01
  8.869109E+00 -1.164569E+01
  8.958775E+00 -1.174000E+01
  8.979130E+00 -1.175927E+01
  9.077016E+00 -1.184267E+01
  9.093257E+00 -1.185517E+01
  9.182609E+00 -1.191798E+01
  9.226326E+00 -1.194533E+01
  9.263104E+00 -1.196677E+01
  9.284348E+00 -1.197853E+01
  9.350985E+00 -1.201258E+01
  9.386087E+00 -1.202887E+01
  9.430649E+00 -1.204800E+01
  9.471795E+00 -1.206418E+01
  9.521359E+00 -1.208184E+01
  9.589565E+00 -1.210301E+01
  9.662747E+00 -1.212185E+01
  9.787561E+00 -1.214513E+01
  9.830677E+00 -1.215067E+01

h: x ny1,0  y2=[y1](GTV),ic[pastelpurple]
 -1.000000E+00 -1.000000E+00

hb:   line clip z   cb(pastelpurple)
clip:
  9.668643E+00 -1.186553E+01
  9.691304E+00 -1.187154E+01
  9.728769E+00 -1.188047E+01
  9.793043E+00 -1.189300E+01
  9.851214E+00 -1.190137E+01
  9.894783E+00 -1.190582E+01
  9.961161E+00 -1.190965E+01
  9.996522E+00 -1.191025E+01
  1.006198E+01 -1.190872E+01
  1.009826E+01 -1.190639E+01
  1.015560E+01 -1.190053E+01
  1.020000E+01 -1.189415E+01
  1.024329E+01 -1.188635E+01
  1.030174E+01 -1.187329E+01
  1.032588E+01 -1.186703E+01
  1.040348E+01 -1.184335E+01
  1.050522E+01 -1.180361E+01
  1.060696E+01 -1.175300E+01
  1.062980E+01 -1.174000E+01
  1.070870E+01 -1.168994E+01
  1.073928E+01 -1.166820E+01
  1.077963E+01 -1.163733E+01
  1.081043E+01 -1.161193E+01
  1.085112E+01 -1.157573E+01
  1.089325E+01 -1.153467E+01
  1.091217E+01 -1.151491E+01
  1.095114E+01 -1.147132E+01
  1.098331E+01 -1.143200E+01
  1.101391E+01 -1.139134E+01
  1.103923E+01 -1.135488E+01
  1.105586E+01 -1.132933E+01
  1.111288E+01 -1.122947E+01
  1.111565E+01 -1.122401E+01
  1.114745E+01 -1.115609E+01
  1.116079E+01 -1.112400E+01
  1.118704E+01 -1.105196E+01
  1.119671E+01 -1.102133E+01
  1.121739E+01 -1.094391E+01
  1.122200E+01 -1.092332E+01
  1.122449E+01 -1.091150E+01
  1.124026E+01 -1.081600E+01
  1.124326E+01 -1.078990E+01
  1.124887E+01 -1.071333E+01
  1.124983E+01 -1.068059E+01
  1.124902E+01 -1.061067E+01
  1.124744E+01 -1.058034E+01
  1.124069E+01 -1.050800E+01
  1.123797E+01 -1.048724E+01
  1.122373E+01 -1.040533E+01
  1.121739E+01 -1.037660E+01
  1.119776E+01 -1.030267E+01
  1.117737E+01 -1.024038E+01
  1.116218E+01 -1.020000E+01
  1.114850E+01 -1.016685E+01
  1.111607E+01 -1.009733E+01
  1.105806E+01 -9.994667E+00
  1.101391E+01 -9.929172E+00
  1.095274E+01 -9.851065E+00
  1.089666E+01 -9.789333E+00
  1.081043E+01 -9.708574E+00
  1.074129E+01 -9.653778E+00
  1.063575E+01 -9.584000E+00
  1.060696E+01 -9.567503E+00
  1.057216E+01 -9.548891E+00
  1.050522E+01 -9.516901E+00
  1.041551E+01 -9.481333E+00
  1.039726E+01 -9.475061E+00
  1.030174E+01 -9.447219E+00
  1.025797E+01 -9.437162E+00
  1.020000E+01 -9.426358E+00
  1.013703E+01 -9.417787E+00
  1.009826E+01 -9.414122E+00
  1.002814E+01 -9.410571E+00
  9.996522E+00 -9.410259E+00
  9.928134E+00 -9.412322E+00
  9.894783E+00 -9.414690E+00
  9.835163E+00 -9.421170E+00
  9.793043E+00 -9.427505E+00
  9.748033E+00 -9.435912E+00
  9.691304E+00 -9.448971E+00
  9.665926E+00 -9.455723E+00
  9.589565E+00 -9.479558E+00
  9.584493E+00 -9.481333E+00
  9.487826E+00 -9.520001E+00
  9.444626E+00 -9.540406E+00
  9.386087E+00 -9.571396E+00
  9.378099E+00 -9.575939E+00
  9.364251E+00 -9.584000E+00
  9.284348E+00 -9.635392E+00
  9.254699E+00 -9.656747E+00
  9.216018E+00 -9.686667E+00
  9.182609E+00 -9.714542E+00
  9.143470E+00 -9.749838E+00
  9.103341E+00 -9.789333E+00
  9.080870E+00 -9.813083E+00
  9.044057E+00 -9.854852E+00
  9.013954E+00 -9.892000E+00
  8.979130E+00 -9.938918E+00
  8.956592E+00 -9.971923E+00
  8.941939E+00 -9.994667E+00
  8.890915E+00 -1.008369E+01
  8.883926E+00 -1.009733E+01
  8.877391E+00 -1.011048E+01
  8.849404E+00 -1.017176E+01
  8.837818E+00 -1.020000E+01
  8.814724E+00 -1.026324E+01
  8.802239E+00 -1.030267E+01
  8.776435E+00 -1.040454E+01
  8.775652E+00 -1.040832E+01
  8.761186E+00 -1.049340E+01
  8.759307E+00 -1.050800E+01
  8.757159E+00 -1.052666E+01
  8.750984E+00 -1.061067E+01
  8.750229E+00 -1.063632E+01
  8.751127E+00 -1.071333E+01
  8.752349E+00 -1.073685E+01
  8.759741E+00 -1.081600E+01
  8.761603E+00 -1.083018E+01
  8.775652E+00 -1.091219E+01
  8.777002E+00 -1.091867E+01
  8.796998E+00 -1.099979E+01
  8.803287E+00 -1.102133E+01
  8.821704E+00 -1.107753E+01
  8.839207E+00 -1.112400E+01
  8.850444E+00 -1.115119E+01
  8.877391E+00 -1.121003E+01
  8.885695E+00 -1.122667E+01
  8.918797E+00 -1.128755E+01
  8.944144E+00 -1.132933E+01
  8.957977E+00 -1.135068E+01
  8.979130E+00 -1.138159E+01
  9.016685E+00 -1.143200E+01
  9.045649E+00 -1.146754E+01
  9.080870E+00 -1.150743E+01
  9.106746E+00 -1.153467E+01
  9.145263E+00 -1.157235E+01
  9.182609E+00 -1.160597E+01
  9.220374E+00 -1.163733E+01
  9.256694E+00 -1.166524E+01
  9.284348E+00 -1.168512E+01
  9.370200E+00 -1.174000E+01
  9.380307E+00 -1.174583E+01
  9.386087E+00 -1.174911E+01
  9.406014E+00 -1.176011E+01
  9.487826E+00 -1.180051E+01
  9.586965E+00 -1.184004E+01
  9.589565E+00 -1.184095E+01
  9.594537E+00 -1.184267E+01

h: x ny1,0  y2=[y1](Jaringan Lunak),ic[darkgreen]
 -1.000000E+00 -1.000000E+00

hb:   line clip z   cb(darkgreen)
frame:
  4.5000000E+00 -1.3900000E+01
  1.5900000E+01 -1.3900000E+01
  1.5900000E+01 -6.5000000E+00
  4.5000000E+00 -6.5000000E+00
clip:
  4.400870E+00 -9.754901E+00
  5.418261E+00 -9.626038E+00
  6.357458E+00 -9.481333E+00
  7.286041E+00 -9.312808E+00
  8.165217E+00 -9.128653E+00
  9.034789E+00 -8.921499E+00
  9.838891E+00 -8.706265E+00
  1.060696E+01 -8.477801E+00
  1.131913E+01 -8.244351E+00
  1.199103E+01 -8.003361E+00
  1.257836E+01 -7.774714E+00
  1.315888E+01 -7.530667E+00
  1.365913E+01 -7.304590E+00
  1.416783E+01 -7.058199E+00
  1.464195E+01 -6.812000E+00
  1.501359E+01 -6.606667E+00
  1.536528E+01 -6.401333E+00
  1.528696E+01 -6.401333E+00
  1.518522E+01 -6.401333E+00
  1.508348E+01 -6.401333E+00
  1.498174E+01 -6.401333E+00
  1.488000E+01 -6.401333E+00
  1.477826E+01 -6.401333E+00
  1.467652E+01 -6.401333E+00
  1.457478E+01 -6.401333E+00
  1.447304E+01 -6.401333E+00
  1.437130E+01 -6.401333E+00
  1.426957E+01 -6.401333E+00
  1.416783E+01 -6.401333E+00
  1.406609E+01 -6.401333E+00
  1.396435E+01 -6.401333E+00
  1.386261E+01 -6.401333E+00
  1.376087E+01 -6.401333E+00
  1.365913E+01 -6.401333E+00
  1.355739E+01 -6.401333E+00
  1.345565E+01 -6.401333E+00
  1.335391E+01 -6.401333E+00
  1.325217E+01 -6.401333E+00
  1.315043E+01 -6.401333E+00
  1.304870E+01 -6.401333E+00
  1.294696E+01 -6.401333E+00
  1.287219E+01 -6.401333E+00
  1.284522E+01 -6.419315E+00
  1.279454E+01 -6.452860E+00
  1.274348E+01 -6.486351E+00
  1.273286E+01 -6.493280E+00
  1.271638E+01 -6.504000E+00
  1.264174E+01 -6.552177E+00
  1.260868E+01 -6.573309E+00
  1.255611E+01 -6.606667E+00
  1.254000E+01 -6.616828E+00
  1.248345E+01 -6.652268E+00
  1.243826E+01 -6.680338E+00
  1.242044E+01 -6.691349E+00
  1.239121E+01 -6.709333E+00
  1.233652E+01 -6.742740E+00
  1.229363E+01 -6.768721E+00
  1.223478E+01 -6.804065E+00
  1.222984E+01 -6.807015E+00
  1.222149E+01 -6.812000E+00
  1.213304E+01 -6.864340E+00
  1.210149E+01 -6.882826E+00
  1.204674E+01 -6.914667E+00
  1.203130E+01 -6.923595E+00
  1.197212E+01 -6.957606E+00
  1.192957E+01 -6.981853E+00
  1.190705E+01 -6.994614E+00
  1.186676E+01 -7.017333E+00
  1.182783E+01 -7.039141E+00
  1.177616E+01 -7.067867E+00
  1.172609E+01 -7.095481E+00
  1.171035E+01 -7.104115E+00
  1.168128E+01 -7.120000E+00
  1.162435E+01 -7.150897E+00
  1.157796E+01 -7.175860E+00
  1.152261E+01 -7.205409E+00
  1.151140E+01 -7.211359E+00
  1.149005E+01 -7.222667E+00
  1.142087E+01 -7.259038E+00
  1.137754E+01 -7.281613E+00
  1.131913E+01 -7.311804E+00
  1.131025E+01 -7.316370E+00
  1.129278E+01 -7.325333E+00
  1.121739E+01 -7.363724E+00
  1.117493E+01 -7.385149E+00
  1.111565E+01 -7.414816E+00
  1.110690E+01 -7.419172E+00
  1.108913E+01 -7.428000E+00
  1.101391E+01 -7.465099E+00
  1.097014E+01 -7.486490E+00
  1.091217E+01 -7.514587E+00
  1.090139E+01 -7.519786E+00
  1.087877E+01 -7.530667E+00
  1.081043E+01 -7.563296E+00
  1.076319E+01 -7.585656E+00
  1.070870E+01 -7.611242E+00
  1.069373E+01 -7.618231E+00
  1.066127E+01 -7.633333E+00
  1.060696E+01 -7.658439E+00
  1.055410E+01 -7.682666E+00
  1.050522E+01 -7.704900E+00
  1.048394E+01 -7.714526E+00
  1.043621E+01 -7.736000E+00
  1.040348E+01 -7.750639E+00
  1.034290E+01 -7.777535E+00
  1.030174E+01 -7.795668E+00
  1.027203E+01 -7.808686E+00
  1.020308E+01 -7.838667E+00
  1.020000E+01 -7.840000E+00
  1.012959E+01 -7.870279E+00
  1.009826E+01 -7.883646E+00
  1.005802E+01 -7.900724E+00
  9.996522E+00 -7.926618E+00
  9.986216E+00 -7.930934E+00
  9.961316E+00 -7.941333E+00
  9.894783E+00 -7.968927E+00
  9.841918E+00 -7.990653E+00
  9.793043E+00 -8.010583E+00
  9.769421E+00 -8.020163E+00
  9.710268E+00 -8.044000E+00
  9.691304E+00 -8.051596E+00
  9.623737E+00 -8.078484E+00
  9.589565E+00 -8.091977E+00
  9.550550E+00 -8.107296E+00
  9.487826E+00 -8.131733E+00
  9.477133E+00 -8.135876E+00
  9.449198E+00 -8.146667E+00
  9.386087E+00 -8.170876E+00
  9.329611E+00 -8.192342E+00
  9.284348E+00 -8.209412E+00
  9.255506E+00 -8.220228E+00
  9.182609E+00 -8.247352E+00
  9.181172E+00 -8.247884E+00
  9.177252E+00 -8.249333E+00
  9.080870E+00 -8.284703E+00
  9.031819E+00 -8.302502E+00
  8.979130E+00 -8.321473E+00
  8.956800E+00 -8.329466E+00
  8.893432E+00 -8.352000E+00
  8.877391E+00 -8.357669E+00
  8.806078E+00 -8.382703E+00
  8.775652E+00 -8.393299E+00
  8.730375E+00 -8.408976E+00
  8.673913E+00 -8.428371E+00
  8.654444E+00 -8.435020E+00
  8.596561E+00 -8.454667E+00
  8.572174E+00 -8.462891E+00
  8.501898E+00 -8.486417E+00
  8.470435E+00 -8.496866E+00
  8.425284E+00 -8.511771E+00
  8.368696E+00 -8.530303E+00
  8.348442E+00 -8.536895E+00
  8.285238E+00 -8.557333E+00
  8.266957E+00 -8.563207E+00
  8.194075E+00 -8.586454E+00
  8.165217E+00 -8.595585E+00
  8.116550E+00 -8.610889E+00
  8.063478E+00 -8.627443E+00
  8.038797E+00 -8.635094E+00
  7.961739E+00 -8.658786E+00
  7.960816E+00 -8.659068E+00
  7.957765E+00 -8.660000E+00
  7.860000E+00 -8.689621E+00
  7.804169E+00 -8.706327E+00
  7.758261E+00 -8.719952E+00
  7.725504E+00 -8.729611E+00
  7.656522E+00 -8.749784E+00
  7.646610E+00 -8.752664E+00
  7.612060E+00 -8.762667E+00
  7.554783E+00 -8.779124E+00
  7.488136E+00 -8.798079E+00
  7.453043E+00 -8.807975E+00
  7.408555E+00 -8.820439E+00
  7.351304E+00 -8.836343E+00
  7.328745E+00 -8.842568E+00
  7.249565E+00 -8.864232E+00
  7.248706E+00 -8.864466E+00
  7.245512E+00 -8.865333E+00
  7.147826E+00 -8.891647E+00
  7.087937E+00 -8.907565E+00
  7.046087E+00 -8.918592E+00
  7.007207E+00 -8.928766E+00
  6.944348E+00 -8.945071E+00
  6.926246E+00 -8.949733E+00
  6.854780E+00 -8.968000E+00
  6.842609E+00 -8.971088E+00
  6.763631E+00 -8.990969E+00
  6.740870E+00 -8.996648E+00
  6.681976E+00 -9.011236E+00
  6.639130E+00 -9.021755E+00
  6.600089E+00 -9.031269E+00
  6.537391E+00 -9.046411E+00
  6.517969E+00 -9.051067E+00
  6.435652E+00 -9.070621E+00
  6.333913E+00 -9.094388E+00
  6.270208E+00 -9.109047E+00
  6.232174E+00 -9.117717E+00
  6.187152E+00 -9.127901E+00
  6.130435E+00 -9.140609E+00
  6.103861E+00 -9.146517E+00
  6.028696E+00 -9.163069E+00
  6.020334E+00 -9.164896E+00
  5.981539E+00 -9.173333E+00
  5.926957E+00 -9.185099E+00
  5.852571E+00 -9.200937E+00
  5.825217E+00 -9.206704E+00
  5.768334E+00 -9.218598E+00
  5.723478E+00 -9.227884E+00
  5.683858E+00 -9.236019E+00
  5.621739E+00 -9.248645E+00
  5.599144E+00 -9.253199E+00
  5.520000E+00 -9.268987E+00
  5.514190E+00 -9.270137E+00
  5.484438E+00 -9.276000E+00
  5.418261E+00 -9.288915E+00
  5.343560E+00 -9.303285E+00
  5.316522E+00 -9.308431E+00
  5.257883E+00 -9.319493E+00
  5.214783E+00 -9.327537E+00
  5.171963E+00 -9.335457E+00
  5.113043E+00 -9.346236E+00
  5.085800E+00 -9.351175E+00
  5.011304E+00 -9.364531E+00
  4.999392E+00 -9.366646E+00
  4.931113E+00 -9.378667E+00
  4.909565E+00 -9.382423E+00
  4.825842E+00 -9.396846E+00
  4.807826E+00 -9.399915E+00
  4.738696E+00 -9.411573E+00
  4.706087E+00 -9.417009E+00
  4.651303E+00 -9.426050E+00
  4.604348E+00 -9.433708E+00
  4.563661E+00 -9.440276E+00
  4.502609E+00 -9.450013E+00
  4.475769E+00 -9.454249E+00
  4.400870E+00 -9.465927E+00
  4.400870E+00 -9.481333E+00
  4.400870E+00 -9.584000E+00
  4.400870E+00 -9.686667E+00

h: x ny1,0  y2=[y1](Tulang Rusuk),ic[winered]
 -1.000000E+00 -1.000000E+00

hb:   line clip z   cb(winered)
frame:
  4.5000000E+00 -1.3900000E+01
  1.5900000E+01 -1.3900000E+01
  1.5900000E+01 -6.5000000E+00
  4.5000000E+00 -6.5000000E+00
clip:
  4.400870E+00 -9.465927E+00
  5.113043E+00 -9.346236E+00
  5.825217E+00 -9.206704E+00
  6.517969E+00 -9.051067E+00
  7.168436E+00 -8.886131E+00
  7.804169E+00 -8.706327E+00
  8.368696E+00 -8.530303E+00
  8.893432E+00 -8.352000E+00
  9.449198E+00 -8.146667E+00
  9.961316E+00 -7.941333E+00
  1.043621E+01 -7.736000E+00
  1.087877E+01 -7.530667E+00
  1.131913E+01 -7.311804E+00
  1.172609E+01 -7.095481E+00
  1.204674E+01 -6.914667E+00
  1.239121E+01 -6.709333E+00
  1.274348E+01 -6.486351E+00
  1.287219E+01 -6.401333E+00
  1.284522E+01 -6.401333E+00
  1.274348E+01 -6.401333E+00
  1.264174E+01 -6.401333E+00
  1.254000E+01 -6.401333E+00
  1.243826E+01 -6.401333E+00
  1.233652E+01 -6.401333E+00
  1.223478E+01 -6.401333E+00
  1.213304E+01 -6.401333E+00
  1.203130E+01 -6.401333E+00
  1.196929E+01 -6.401333E+00
  1.192957E+01 -6.424848E+00
  1.187998E+01 -6.453968E+00
  1.182783E+01 -6.484330E+00
  1.181544E+01 -6.491500E+00
  1.179378E+01 -6.504000E+00
  1.172609E+01 -6.542769E+00
  1.168556E+01 -6.565766E+00
  1.162435E+01 -6.600192E+00
  1.162022E+01 -6.602501E+00
  1.161277E+01 -6.606667E+00
  1.152261E+01 -6.656626E+00
  1.148877E+01 -6.675183E+00
  1.142598E+01 -6.709333E+00
  1.142087E+01 -6.712096E+00
  1.135628E+01 -6.746822E+00
  1.131913E+01 -6.766625E+00
  1.128965E+01 -6.782252E+00
  1.123313E+01 -6.812000E+00
  1.121739E+01 -6.820236E+00
  1.115563E+01 -6.852342E+00
  1.111565E+01 -6.872950E+00
  1.108824E+01 -6.887003E+00
  1.103391E+01 -6.914667E+00
  1.101391E+01 -6.924789E+00
  1.095270E+01 -6.955564E+00
  1.091217E+01 -6.975770E+00
  1.088456E+01 -6.989464E+00
  1.082796E+01 -7.017333E+00
  1.081043E+01 -7.025914E+00
  1.074752E+01 -7.056512E+00
  1.070870E+01 -7.075238E+00
  1.067863E+01 -7.089660E+00
  1.061490E+01 -7.120000E+00
  1.060696E+01 -7.123759E+00
  1.054011E+01 -7.155210E+00
  1.050522E+01 -7.171493E+00
  1.047048E+01 -7.187613E+00
  1.040348E+01 -7.218455E+00
  1.040061E+01 -7.219770E+00
  1.039427E+01 -7.222667E+00
  1.030174E+01 -7.264662E+00
  1.026013E+01 -7.283345E+00
  1.020000E+01 -7.310127E+00
  1.018953E+01 -7.314765E+00
  1.016560E+01 -7.325333E+00
  1.009826E+01 -7.354863E+00
  1.004760E+01 -7.376874E+00
  9.996522E+00 -7.398885E+00
  9.976270E+00 -7.407564E+00
  9.928324E+00 -7.428000E+00
  9.894783E+00 -7.442205E+00
  9.832897E+00 -7.468217E+00
  9.793043E+00 -7.484834E+00
  9.760851E+00 -7.498181E+00
  9.691304E+00 -7.526785E+00
  9.688567E+00 -7.527905E+00
  9.681808E+00 -7.530667E+00
  9.589565E+00 -7.568069E+00
  9.543285E+00 -7.586631E+00
  9.487826E+00 -7.608698E+00
  9.470288E+00 -7.615635E+00
  9.425331E+00 -7.633333E+00
  9.386087E+00 -7.648680E+00
  9.323584E+00 -7.672927E+00
  9.284348E+00 -7.688027E+00
  9.249877E+00 -7.701215E+00
  9.182609E+00 -7.726747E+00
  9.175935E+00 -7.729266E+00
  9.158054E+00 -7.736000E+00
  9.080870E+00 -7.764852E+00
  9.027345E+00 -7.784654E+00
  8.979130E+00 -7.802348E+00
  8.952697E+00 -7.811992E+00
  8.879002E+00 -7.838667E+00
  8.877391E+00 -7.839246E+00
  8.802698E+00 -7.865959E+00
  8.775652E+00 -7.875554E+00
  8.727347E+00 -7.892588E+00
  8.673913E+00 -7.911279E+00
  8.651762E+00 -7.918981E+00
  8.587028E+00 -7.941333E+00
  8.572174E+00 -7.946430E+00
  8.499892E+00 -7.971059E+00
  8.470435E+00 -7.981014E+00
  8.423606E+00 -7.996744E+00
  8.368696E+00 -8.015039E+00
  8.347087E+00 -8.022194E+00
  8.280765E+00 -8.044000E+00
  8.266957E+00 -8.048511E+00
  8.193348E+00 -8.072387E+00
  8.165217E+00 -8.081437E+00
  8.116129E+00 -8.097131E+00
  8.063478E+00 -8.113825E+00
  8.038677E+00 -8.121640E+00
  7.961739E+00 -8.145681E+00
  7.958563E+00 -8.146667E+00
  7.860000E+00 -8.177010E+00
  7.804922E+00 -8.193753E+00
  7.758261E+00 -8.207819E+00
  7.726537E+00 -8.217320E+00
  7.656522E+00 -8.238113E+00
  7.647919E+00 -8.240652E+00
  7.618400E+00 -8.249333E+00
  7.554783E+00 -8.267899E+00
  7.489982E+00 -8.286608E+00
  7.453043E+00 -8.297182E+00
  7.410663E+00 -8.309233E+00
  7.351304E+00 -8.325967E+00
  7.331110E+00 -8.331621E+00
  7.257752E+00 -8.352000E+00
  7.249565E+00 -8.354258E+00
  7.171302E+00 -8.375690E+00
  7.147826E+00 -8.382063E+00
  7.091047E+00 -8.397370E+00
  7.046087E+00 -8.409384E+00
  7.010557E+00 -8.418812E+00
  6.944348E+00 -8.436227E+00
  6.929832E+00 -8.440018E+00
  6.873394E+00 -8.454667E+00
  6.842609E+00 -8.462596E+00
  6.767676E+00 -8.481717E+00
  6.740870E+00 -8.488496E+00
  6.686244E+00 -8.502210E+00
  6.639130E+00 -8.513931E+00
  6.604577E+00 -8.522465E+00
  6.537391E+00 -8.538905E+00
  6.522672E+00 -8.542480E+00
  6.461097E+00 -8.557333E+00
  6.435652E+00 -8.563422E+00
  6.358153E+00 -8.581794E+00
  6.333913E+00 -8.587487E+00
  6.275537E+00 -8.601092E+00
  6.232174E+00 -8.611102E+00
  6.192683E+00 -8.620149E+00
  6.130435E+00 -8.634272E+00
  6.109589E+00 -8.638965E+00
  6.028696E+00 -8.657000E+00
  6.026257E+00 -8.657539E+00
  6.015118E+00 -8.660000E+00
  5.926957E+00 -8.679290E+00
  5.858873E+00 -8.693963E+00
  5.825217E+00 -8.701144E+00
  5.774820E+00 -8.711810E+00
  5.723478E+00 -8.722567E+00
  5.690526E+00 -8.729414E+00
  5.621739E+00 -8.743562E+00
  5.605990E+00 -8.746773E+00
  5.527310E+00 -8.762667E+00
  5.520000E+00 -8.764130E+00
  5.436188E+00 -8.780757E+00
  5.418261E+00 -8.784277E+00
  5.350922E+00 -8.797380E+00
  5.316522E+00 -8.804004E+00
  5.265411E+00 -8.813756E+00
  5.214783E+00 -8.823314E+00
  5.179654E+00 -8.829885E+00
  5.113043E+00 -8.842209E+00
  5.093651E+00 -8.845764E+00
  5.011304E+00 -8.860694E+00
  5.007402E+00 -8.861395E+00
  4.985410E+00 -8.865333E+00
  4.909565E+00 -8.878770E+00
  4.834158E+00 -8.891905E+00
  4.807826E+00 -8.896439E+00
  4.747162E+00 -8.906782E+00
  4.706087E+00 -8.913705E+00
  4.659915E+00 -8.921407E+00
  4.604348E+00 -8.930568E+00
  4.572418E+00 -8.935779E+00
  4.502609E+00 -8.947033E+00
  4.484667E+00 -8.949895E+00
  4.400870E+00 -8.963100E+00
  4.400870E+00 -8.968000E+00
  4.400870E+00 -9.070667E+00
  4.400870E+00 -9.173333E+00
  4.400870E+00 -9.276000E+00
  4.400870E+00 -9.378667E+00

hb:   line clip z   cb(darkgreen)
frame:
  4.5000000E+00 -1.3900000E+01
  1.5900000E+01 -1.3900000E+01
  1.5900000E+01 -6.5000000E+00
  4.5000000E+00 -6.5000000E+00
clip:
  4.400870E+00 -8.963100E+00
  5.113043E+00 -8.842209E+00
  5.825217E+00 -8.701144E+00
  6.461097E+00 -8.557333E+00
  7.091047E+00 -8.397370E+00
  7.656522E+00 -8.238113E+00
  8.193348E+00 -8.072387E+00
  8.727347E+00 -7.892588E+00
  9.249877E+00 -7.701215E+00
  9.760851E+00 -7.498181E+00
  1.020000E+01 -7.310127E+00
  1.061490E+01 -7.120000E+00
  1.103391E+01 -6.914667E+00
  1.142598E+01 -6.709333E+00
  1.179378E+01 -6.504000E+00
  1.196929E+01 -6.401333E+00
  1.192957E+01 -6.401333E+00
  1.182783E+01 -6.401333E+00
  1.172609E+01 -6.401333E+00
  1.162435E+01 -6.401333E+00
  1.152261E+01 -6.401333E+00
  1.142087E+01 -6.401333E+00
  1.131913E+01 -6.401333E+00
  1.121739E+01 -6.401333E+00
  1.111565E+01 -6.401333E+00
  1.101391E+01 -6.401333E+00
  1.091217E+01 -6.401333E+00
  1.081043E+01 -6.401333E+00
  1.070870E+01 -6.401333E+00
  1.060696E+01 -6.401333E+00
  1.050522E+01 -6.401333E+00
  1.041105E+01 -6.401333E+00
  1.040348E+01 -6.406408E+00
  1.034488E+01 -6.444866E+00
  1.030174E+01 -6.472267E+00
  1.028229E+01 -6.484373E+00
  1.025022E+01 -6.504000E+00
  1.020000E+01 -6.533899E+00
  1.015410E+01 -6.560351E+00
  1.009826E+01 -6.591423E+00
  1.008844E+01 -6.596760E+00
  1.007004E+01 -6.606667E+00
  9.996522E+00 -6.644944E+00
  9.953818E+00 -6.666241E+00
  9.894783E+00 -6.694561E+00
  9.884774E+00 -6.699234E+00
  9.862870E+00 -6.709333E+00
  9.793043E+00 -6.740358E+00
  9.743005E+00 -6.761505E+00
  9.691304E+00 -6.782413E+00
  9.670179E+00 -6.790682E+00
  9.613751E+00 -6.812000E+00
  9.589565E+00 -6.820795E+00
  9.520364E+00 -6.844835E+00
  9.487826E+00 -6.855566E+00
  9.443245E+00 -6.869679E+00
  9.386087E+00 -6.886781E+00
  9.364553E+00 -6.892936E+00
  9.284348E+00 -6.914487E+00
  9.182609E+00 -6.938727E+00
  9.118168E+00 -6.952305E+00
  9.080870E+00 -6.959538E+00
  9.032258E+00 -6.968279E+00
  8.979130E+00 -6.976949E+00
  8.944255E+00 -6.982139E+00
  8.877391E+00 -6.990986E+00
  8.854008E+00 -6.993737E+00
  8.775652E+00 -7.001669E+00
  8.761352E+00 -7.002903E+00
  8.673913E+00 -7.009014E+00
  8.666092E+00 -7.009441E+00
  8.572174E+00 -7.013032E+00
  8.568004E+00 -7.013126E+00
  8.470435E+00 -7.013727E+00
  8.466825E+00 -7.013691E+00
  8.368696E+00 -7.011101E+00
  8.362244E+00 -7.010823E+00
  8.266957E+00 -7.005151E+00
  8.253888E+00 -7.004145E+00
  8.165217E+00 -6.995867E+00
  8.141302E+00 -6.993200E+00
  8.063478E+00 -6.983237E+00
  8.023925E+00 -6.977419E+00
  8.000000E+00 -6.876057E+00
  8.000000E+00 -6.401333E+00
  7.961739E+00 -6.401333E+00
  7.860000E+00 -6.401333E+00
  7.758261E+00 -6.401333E+00
  7.656522E+00 -6.401333E+00
  7.554783E+00 -6.401333E+00
  7.453043E+00 -6.401333E+00
  7.351304E+00 -6.401333E+00
  7.249565E+00 -6.401333E+00
  7.147826E+00 -6.401333E+00
  7.046087E+00 -6.401333E+00
  6.944348E+00 -6.401333E+00
  6.842609E+00 -6.401333E+00
  6.740870E+00 -6.401333E+00
  6.639130E+00 -6.401333E+00
  6.537391E+00 -6.401333E+00
  6.435652E+00 -6.401333E+00
  6.333913E+00 -6.401333E+00
  6.232174E+00 -6.401333E+00
  6.130435E+00 -6.401333E+00
  6.028696E+00 -6.401333E+00
  5.926957E+00 -6.401333E+00
  5.825217E+00 -6.401333E+00
  5.723478E+00 -6.401333E+00
  5.621739E+00 -6.401333E+00
  5.520000E+00 -6.401333E+00
  5.418261E+00 -6.401333E+00
  5.316522E+00 -6.401333E+00
  5.214783E+00 -6.401333E+00
  5.113043E+00 -6.401333E+00
  5.011304E+00 -6.401333E+00
  4.909565E+00 -6.401333E+00
  4.807826E+00 -6.401333E+00
  4.706087E+00 -6.401333E+00
  4.604348E+00 -6.401333E+00
  4.502609E+00 -6.401333E+00
  4.400870E+00 -6.401333E+00
  4.400870E+00 -6.504000E+00
  4.400870E+00 -6.606667E+00
  4.400870E+00 -6.709333E+00
  4.400870E+00 -6.812000E+00
  4.400870E+00 -6.914667E+00
  4.400870E+00 -7.017333E+00
  4.400870E+00 -7.120000E+00
  4.400870E+00 -7.222667E+00
  4.400870E+00 -7.325333E+00
  4.400870E+00 -7.428000E+00
  4.400870E+00 -7.530667E+00
  4.400870E+00 -7.633333E+00
  4.400870E+00 -7.736000E+00
  4.400870E+00 -7.838667E+00
  4.400870E+00 -7.941333E+00
  4.400870E+00 -8.044000E+00
  4.400870E+00 -8.146667E+00
  4.400870E+00 -8.249333E+00
  4.400870E+00 -8.352000E+00
  4.400870E+00 -8.454667E+00
  4.400870E+00 -8.557333E+00
  4.400870E+00 -8.660000E+00
  4.400870E+00 -8.762667E+00
  4.400870E+00 -8.865333E+00

h: x ny1,0  y2=[y1](Paru-Paru),ic[pastelblue]
 -1.000000E+00 -1.000000E+00

hb:   line clip z   cb(pastelblue)
frame:
  4.5000000E+00 -1.3900000E+01
  1.5900000E+01 -1.3900000E+01
  1.5900000E+01 -6.5000000E+00
  4.5000000E+00 -6.5000000E+00
clip:
  8.004335E+00 -6.974349E+00
  8.063478E+00 -6.983237E+00
  8.141302E+00 -6.993200E+00
  8.253888E+00 -7.004145E+00
  8.362244E+00 -7.010823E+00
  8.466825E+00 -7.013691E+00
  8.568004E+00 -7.013126E+00
  8.666092E+00 -7.009441E+00
  8.761352E+00 -7.002903E+00
  8.854008E+00 -6.993737E+00
  8.944255E+00 -6.982139E+00
  9.032258E+00 -6.968279E+00
  9.118168E+00 -6.952305E+00
  9.202112E+00 -6.934347E+00
  9.364553E+00 -6.892936E+00
  9.443245E+00 -6.869679E+00
  9.520364E+00 -6.844835E+00
  9.595986E+00 -6.818480E+00
  9.691304E+00 -6.782413E+00
  9.793043E+00 -6.740358E+00
  9.862870E+00 -6.709333E+00
  9.953818E+00 -6.666241E+00
  1.002169E+01 -6.632069E+00
  1.009826E+01 -6.591423E+00
  1.020000E+01 -6.533899E+00
  1.025022E+01 -6.504000E+00
  1.030174E+01 -6.472267E+00
  1.040348E+01 -6.406408E+00
  1.041105E+01 -6.401333E+00
  1.040348E+01 -6.401333E+00
  1.030174E+01 -6.401333E+00
  1.020000E+01 -6.401333E+00
  1.009826E+01 -6.401333E+00
  9.996522E+00 -6.401333E+00
  9.894783E+00 -6.401333E+00
  9.793043E+00 -6.401333E+00
  9.691304E+00 -6.401333E+00
  9.589565E+00 -6.401333E+00
  9.487826E+00 -6.401333E+00
  9.386087E+00 -6.401333E+00
  9.284348E+00 -6.401333E+00
  9.182609E+00 -6.401333E+00
  9.080870E+00 -6.401333E+00
  8.979130E+00 -6.401333E+00
  8.877391E+00 -6.401333E+00
  8.775652E+00 -6.401333E+00
  8.673913E+00 -6.401333E+00
  8.572174E+00 -6.401333E+00
  8.470435E+00 -6.401333E+00
  8.368696E+00 -6.401333E+00
  8.266957E+00 -6.401333E+00
  8.165217E+00 -6.401333E+00
  8.063478E+00 -6.401333E+00
  8.000000E+00 -6.401333E+00
  8.000000E+00 -6.465390E+00
  8.000000E+00 -6.504000E+00
  8.000000E+00 -6.568057E+00
  8.000000E+00 -6.606667E+00
  8.000000E+00 -6.670724E+00
  8.000000E+00 -6.709333E+00
  8.000000E+00 -6.773390E+00
  8.000000E+00 -6.812000E+00
  8.000000E+00 -6.876057E+00
  8.000000E+00 -6.914667E+00
