[ T-Track ]
    title = [t-track] in r-z mesh
     mesh =  r-z            # mesh type is r-z scoring mesh
       x0 =   0.000000      # center x-position of r-z mesh
       y0 =   0.000000      # center y-position of r-z mesh
   r-type =    2            # r-mesh is linear given by rmin, rmax and nr
     rmin =   0.000000      # minimum value of r-mesh points
     rmax =   5.500000      # maximum value of r-mesh points
#    rdel =   5.500000      # mesh width of r-mesh points
       nr =      1          # number of r-mesh points
#    data = ( r(i), i = 1, nr + 1 )
#           0.00000E+00  5.50000E+00
   z-type =    2            # z-mesh is linear given by zmin, zmax and nz
     zmin =  -41.00000      # minimum value of z-mesh points
     zmax =   15.00000      # maximum value of z-mesh points
#    zdel =   1.000000      # mesh width of z-mesh points
       nz =     56          # number of z-mesh points
#    data = ( z(i), i = 1, nz + 1 )
#          -4.10000E+01 -4.00000E+01 -3.90000E+01 -3.80000E+01 -3.70000E+01
#          -3.60000E+01 -3.50000E+01 -3.40000E+01 -3.30000E+01 -3.20000E+01
#          -3.10000E+01 -3.00000E+01 -2.90000E+01 -2.80000E+01 -2.70000E+01
#          -2.60000E+01 -2.50000E+01 -2.40000E+01 -2.30000E+01 -2.20000E+01
#          -2.10000E+01 -2.00000E+01 -1.90000E+01 -1.80000E+01 -1.70000E+01
#          -1.60000E+01 -1.50000E+01 -1.40000E+01 -1.30000E+01 -1.20000E+01
#          -1.10000E+01 -1.00000E+01 -9.00000E+00 -8.00000E+00 -7.00000E+00
#          -6.00000E+00 -5.00000E+00 -4.00000E+00 -3.00000E+00 -2.00000E+00
#          -1.00000E+00  0.00000E+00  1.00000E+00  2.00000E+00  3.00000E+00
#           4.00000E+00  5.00000E+00  6.00000E+00  7.00000E+00  8.00000E+00
#           9.00000E+00  1.00000E+01  1.10000E+01  1.20000E+01  1.30000E+01
#           1.40000E+01  1.50000E+01
     trcl =   2004          # transform ID
   e-type =    2            # e-mesh is linear given by emin, emax and ne
     emin =  5.0000000E-07  # minimum value of e-mesh points
     emax =  1.0000000E-02  # maximum value of e-mesh points
#    edel =  9.9995000E-03  # mesh width of e-mesh points
       ne =      1          # number of e-mesh points
#    data = ( e(i), i = 1, ne + 1 )
#           5.00000E-07  1.00000E-02
     unit =    1            # unit is [1/cm^2/source]
 material =  all            # (D=all) number of specific material
     axis =       z            # axis of output
     file = epithermal_neutron_flux.out  # file name of output for the above axis
     part =  neutron  
# kf/name :  2112     
    gshow =    1            # 0: no 1:bnd, 2:bnd+mat, 3:bnd+reg 4:bnd+lat 5:bmp style
    ginfo =    1            # (D=0) 0:no, 1:show in graph, 2:add file
    resol =    1            # (D=1) resolution of gshow or rshow
    width = 0.5000000       # (D=0.5) width of lines for gshow or rshow
   epsout =    1            # (D=0) generate eps file by ANGEL
#    used :        main (  %)        temp (  %)       total (  %)
#  memory :          65 (  0)           0 (  0)          65 (  0)

#------------------------------------------------------------------------------
#newpage:
#   no. =  1   ie  =  1   ir  =  1
#   e = (   5.0000E-07  -   1.0000E-02  )
#   r = (   0.0000E+00  -   5.5000E+00  )

x: z [cm]
y: Flux [1/cm^2/source]              
p: xlin ylog afac(0.8) form(0.9)
h: n            x            y(neutron ),hh0l n  
#  z-lower      z-upper        neutron   r.err 
  -4.1000E+01  -4.0000E+01   4.7503E+10  0.0028
  -4.0000E+01  -3.9000E+01   4.2482E+10  0.0030
  -3.9000E+01  -3.8000E+01   3.7130E+10  0.0032
  -3.8000E+01  -3.7000E+01   3.1168E+10  0.0034
  -3.7000E+01  -3.6000E+01   2.4533E+10  0.0035
  -3.6000E+01  -3.5000E+01   1.2462E+10  0.0039
  -3.5000E+01  -3.4000E+01   1.0435E+10  0.0060
  -3.4000E+01  -3.3000E+01   1.0598E+10  0.0061
  -3.3000E+01  -3.2000E+01   1.0515E+10  0.0062
  -3.2000E+01  -3.1000E+01   1.0149E+10  0.0063
  -3.1000E+01  -3.0000E+01   9.7150E+09  0.0065
  -3.0000E+01  -2.9000E+01   9.0256E+09  0.0067
  -2.9000E+01  -2.8000E+01   8.3288E+09  0.0068
  -2.8000E+01  -2.7000E+01   7.5726E+09  0.0069
  -2.7000E+01  -2.6000E+01   7.0774E+09  0.0071
  -2.6000E+01  -2.5000E+01   6.5123E+09  0.0074
  -2.5000E+01  -2.4000E+01   5.8922E+09  0.0076
  -2.4000E+01  -2.3000E+01   5.2669E+09  0.0078
  -2.3000E+01  -2.2000E+01   4.7265E+09  0.0081
  -2.2000E+01  -2.1000E+01   4.1233E+09  0.0083
  -2.1000E+01  -2.0000E+01   3.5075E+09  0.0085
  -2.0000E+01  -1.9000E+01   2.9501E+09  0.0087
  -1.9000E+01  -1.8000E+01   2.3988E+09  0.0085
  -1.8000E+01  -1.7000E+01   2.0000E+09  0.0089
  -1.7000E+01  -1.6000E+01   1.7405E+09  0.0099
  -1.6000E+01  -1.5000E+01   1.5180E+09  0.0107
  -1.5000E+01  -1.4000E+01   1.3200E+09  0.0111
  -1.4000E+01  -1.3000E+01   1.2195E+09  0.0117
  -1.3000E+01  -1.2000E+01   1.1572E+09  0.0125
  -1.2000E+01  -1.1000E+01   9.3480E+08  0.0140
  -1.1000E+01  -1.0000E+01   6.5563E+08  0.0168
  -1.0000E+01  -9.0000E+00   4.2421E+08  0.0215
  -9.0000E+00  -8.0000E+00   2.7248E+08  0.0271
  -8.0000E+00  -7.0000E+00   1.8295E+08  0.0331
  -7.0000E+00  -6.0000E+00   1.1706E+08  0.0403
  -6.0000E+00  -5.0000E+00   8.8619E+07  0.0490
  -5.0000E+00  -4.0000E+00   6.2314E+07  0.0588
  -4.0000E+00  -3.0000E+00   4.4025E+07  0.0722
  -3.0000E+00  -2.0000E+00   3.3092E+07  0.0847
  -2.0000E+00  -1.0000E+00   2.3398E+07  0.0922
  -1.0000E+00   0.0000E+00   1.9221E+07  0.1041
   0.0000E+00   1.0000E+00   1.5478E+07  0.1105
   1.0000E+00   2.0000E+00   1.0280E+07  0.1320
   2.0000E+00   3.0000E+00   9.1990E+06  0.1404
   3.0000E+00   4.0000E+00   8.0573E+06  0.1583
   4.0000E+00   5.0000E+00   6.6985E+06  0.1751
   5.0000E+00   6.0000E+00   5.2547E+06  0.1860
   6.0000E+00   7.0000E+00   4.5789E+06  0.2162
   7.0000E+00   8.0000E+00   3.2139E+06  0.2070
   8.0000E+00   9.0000E+00   2.1711E+06  0.2371
   9.0000E+00   1.0000E+01   1.5873E+06  0.2909
   1.0000E+01   1.1000E+01   1.4197E+06  0.2909
   1.1000E+01   1.2000E+01   1.2454E+06  0.3648
   1.2000E+01   1.3000E+01   9.9400E+05  0.3695
   1.3000E+01   1.4000E+01   9.1218E+05  0.3914
   1.4000E+01   1.5000E+01   7.8536E+05  0.4098

#   sum over    5.3219E+03   5.8207E+09

'no. =  1,  ie =  1,  ir =  1'
msuc: {\huge [t-track] in r-z mesh}
msdr: {\it plotted by \ANGEL \version}
msdl: {\it calculated by \PHITS  3.31}
wt: s(0.7)
\vspace{-3}
  emin  &=&   5.0000E-07 [MeV]
  emax  &=&   1.0000E-02 [MeV]
  rmin  &=&   0.0000E+00 [cm]
  rmax  &=&   5.5000E+00 [cm]
e:
 
# Information for Restart Calculation
# This calculation was newly started
# istdev =  2 # 1:Batch variance, 2:History variance
# resc2  = 1.06811775968502986E-07 # Total source weight or Total source weight / maxcas
# resc3  = 1.00000000000000000E+09 # Total history number or Total batch number
# maxcas =      100000 # History / Batch, only used for istdev=1
# bitrseed = 0001001110011001001001110000100100110111001111011100001000101100 # bit data of rseed
