[ T-Track ]
    title = [t-track] in r-z mesh
     mesh =  r-z            # mesh type is r-z scoring mesh
       x0 =   0.000000      # center x-position of r-z mesh
       y0 =   0.000000      # center y-position of r-z mesh
   r-type =    2            # r-mesh is linear given by rmin, rmax and nr
     rmin =   0.000000      # minimum value of r-mesh points
     rmax =   5.500000      # maximum value of r-mesh points
#    rdel =   5.500000      # mesh width of r-mesh points
       nr =      1          # number of r-mesh points
#    data = ( r(i), i = 1, nr + 1 )
#           0.00000E+00  5.50000E+00
   z-type =    2            # z-mesh is linear given by zmin, zmax and nz
     zmin =  -41.00000      # minimum value of z-mesh points
     zmax =   15.00000      # maximum value of z-mesh points
#    zdel =   1.000000      # mesh width of z-mesh points
       nz =     56          # number of z-mesh points
#    data = ( z(i), i = 1, nz + 1 )
#          -4.10000E+01 -4.00000E+01 -3.90000E+01 -3.80000E+01 -3.70000E+01
#          -3.60000E+01 -3.50000E+01 -3.40000E+01 -3.30000E+01 -3.20000E+01
#          -3.10000E+01 -3.00000E+01 -2.90000E+01 -2.80000E+01 -2.70000E+01
#          -2.60000E+01 -2.50000E+01 -2.40000E+01 -2.30000E+01 -2.20000E+01
#          -2.10000E+01 -2.00000E+01 -1.90000E+01 -1.80000E+01 -1.70000E+01
#          -1.60000E+01 -1.50000E+01 -1.40000E+01 -1.30000E+01 -1.20000E+01
#          -1.10000E+01 -1.00000E+01 -9.00000E+00 -8.00000E+00 -7.00000E+00
#          -6.00000E+00 -5.00000E+00 -4.00000E+00 -3.00000E+00 -2.00000E+00
#          -1.00000E+00  0.00000E+00  1.00000E+00  2.00000E+00  3.00000E+00
#           4.00000E+00  5.00000E+00  6.00000E+00  7.00000E+00  8.00000E+00
#           9.00000E+00  1.00000E+01  1.10000E+01  1.20000E+01  1.30000E+01
#           1.40000E+01  1.50000E+01
     trcl =   2004          # transform ID
   e-type =    2            # e-mesh is linear given by emin, emax and ne
     emin =  1.0000000E-02  # minimum value of e-mesh points
     emax =   1000.000      # maximum value of e-mesh points
#    edel =   999.9900      # mesh width of e-mesh points
       ne =      1          # number of e-mesh points
#    data = ( e(i), i = 1, ne + 1 )
#           1.00000E-02  1.00000E+03
     unit =    1            # unit is [1/cm^2/source]
 material =  all            # (D=all) number of specific material
     axis =       z            # axis of output
     file = fast_neutron_flux.out  # file name of output for the above axis
     part =  neutron  
# kf/name :  2112     
    gshow =    1            # 0: no 1:bnd, 2:bnd+mat, 3:bnd+reg 4:bnd+lat 5:bmp style
    ginfo =    1            # (D=0) 0:no, 1:show in graph, 2:add file
    resol =    1            # (D=1) resolution of gshow or rshow
    width = 0.5000000       # (D=0.5) width of lines for gshow or rshow
   epsout =    1            # (D=0) generate eps file by ANGEL
#    used :        main (  %)        temp (  %)       total (  %)
#  memory :          65 (  0)           0 (  0)          65 (  0)

#------------------------------------------------------------------------------
#newpage:
#   no. =  1   ie  =  1   ir  =  1
#   e = (   1.0000E-02  -   1.0000E+03  )
#   r = (   0.0000E+00  -   5.5000E+00  )

x: z [cm]
y: Flux [1/cm^2/source]              
p: xlin ylog afac(0.8) form(0.9)
h: n            x            y(neutron ),hh0l n  
#  z-lower      z-upper        neutron   r.err 
  -4.1000E+01  -4.0000E+01   1.7433E+10  0.0044
  -4.0000E+01  -3.9000E+01   1.4750E+10  0.0048
  -3.9000E+01  -3.8000E+01   1.2387E+10  0.0052
  -3.8000E+01  -3.7000E+01   1.0283E+10  0.0056
  -3.7000E+01  -3.6000E+01   8.3104E+09  0.0061
  -3.6000E+01  -3.5000E+01   6.1955E+09  0.0065
  -3.5000E+01  -3.4000E+01   5.1104E+09  0.0081
  -3.4000E+01  -3.3000E+01   4.5730E+09  0.0084
  -3.3000E+01  -3.2000E+01   4.0188E+09  0.0087
  -3.2000E+01  -3.1000E+01   3.5612E+09  0.0091
  -3.1000E+01  -3.0000E+01   3.1027E+09  0.0095
  -3.0000E+01  -2.9000E+01   2.7443E+09  0.0100
  -2.9000E+01  -2.8000E+01   2.4217E+09  0.0104
  -2.8000E+01  -2.7000E+01   2.0925E+09  0.0109
  -2.7000E+01  -2.6000E+01   1.8572E+09  0.0111
  -2.6000E+01  -2.5000E+01   1.6675E+09  0.0119
  -2.5000E+01  -2.4000E+01   1.4821E+09  0.0123
  -2.4000E+01  -2.3000E+01   1.3210E+09  0.0130
  -2.3000E+01  -2.2000E+01   1.1674E+09  0.0134
  -2.2000E+01  -2.1000E+01   1.0516E+09  0.0141
  -2.1000E+01  -2.0000E+01   9.2811E+08  0.0145
  -2.0000E+01  -1.9000E+01   8.0529E+08  0.0147
  -1.9000E+01  -1.8000E+01   6.8775E+08  0.0146
  -1.8000E+01  -1.7000E+01   5.9849E+08  0.0149
  -1.7000E+01  -1.6000E+01   5.2784E+08  0.0158
  -1.6000E+01  -1.5000E+01   4.7334E+08  0.0167
  -1.5000E+01  -1.4000E+01   4.2270E+08  0.0175
  -1.4000E+01  -1.3000E+01   3.7978E+08  0.0179
  -1.3000E+01  -1.2000E+01   3.1503E+08  0.0190
  -1.2000E+01  -1.1000E+01   2.3955E+08  0.0219
  -1.1000E+01  -1.0000E+01   1.6644E+08  0.0272
  -1.0000E+01  -9.0000E+00   1.1503E+08  0.0330
  -9.0000E+00  -8.0000E+00   8.0491E+07  0.0401
  -8.0000E+00  -7.0000E+00   6.2303E+07  0.0486
  -7.0000E+00  -6.0000E+00   4.9076E+07  0.0560
  -6.0000E+00  -5.0000E+00   4.1713E+07  0.0613
  -5.0000E+00  -4.0000E+00   3.8615E+07  0.0661
  -4.0000E+00  -3.0000E+00   3.4055E+07  0.0675
  -3.0000E+00  -2.0000E+00   2.9626E+07  0.0690
  -2.0000E+00  -1.0000E+00   2.4914E+07  0.0713
  -1.0000E+00   0.0000E+00   2.2378E+07  0.0822
   0.0000E+00   1.0000E+00   1.8741E+07  0.0773
   1.0000E+00   2.0000E+00   1.8229E+07  0.0832
   2.0000E+00   3.0000E+00   1.6385E+07  0.0867
   3.0000E+00   4.0000E+00   1.6322E+07  0.0993
   4.0000E+00   5.0000E+00   1.4162E+07  0.0974
   5.0000E+00   6.0000E+00   1.2461E+07  0.1019
   6.0000E+00   7.0000E+00   1.1191E+07  0.1054
   7.0000E+00   8.0000E+00   1.1062E+07  0.1099
   8.0000E+00   9.0000E+00   8.5698E+06  0.1158
   9.0000E+00   1.0000E+01   7.7358E+06  0.1143
   1.0000E+01   1.1000E+01   7.2755E+06  0.1169
   1.1000E+01   1.2000E+01   7.0128E+06  0.1191
   1.2000E+01   1.3000E+01   6.6733E+06  0.1208
   1.3000E+01   1.4000E+01   6.5709E+06  0.1206
   1.4000E+01   1.5000E+01   6.3683E+06  0.1239

#   sum over    5.3219E+03   1.9954E+09

'no. =  1,  ie =  1,  ir =  1'
msuc: {\huge [t-track] in r-z mesh}
msdr: {\it plotted by \ANGEL \version}
msdl: {\it calculated by \PHITS  3.31}
wt: s(0.7)
\vspace{-3}
  emin  &=&   1.0000E-02 [MeV]
  emax  &=&   1.0000E+03 [MeV]
  rmin  &=&   0.0000E+00 [cm]
  rmax  &=&   5.5000E+00 [cm]
e:
 
# Information for Restart Calculation
# This calculation was newly started
# istdev =  2 # 1:Batch variance, 2:History variance
# resc2  = 1.06811775968502986E-07 # Total source weight or Total source weight / maxcas
# resc3  = 1.00000000000000000E+09 # Total history number or Total batch number
# maxcas =      100000 # History / Batch, only used for istdev=1
# bitrseed = 0001001110011001001001110000100100110111001111011100001000101100 # bit data of rseed
