[ T-Track ]
    title = [t-track] in r-z mesh
     mesh =  r-z            # mesh type is r-z scoring mesh
       x0 =   0.000000      # center x-position of r-z mesh
       y0 =   0.000000      # center y-position of r-z mesh
   r-type =    2            # r-mesh is linear given by rmin, rmax and nr
     rmin =   0.000000      # minimum value of r-mesh points
     rmax =   5.500000      # maximum value of r-mesh points
#    rdel =   5.500000      # mesh width of r-mesh points
       nr =      1          # number of r-mesh points
#    data = ( r(i), i = 1, nr + 1 )
#           0.00000E+00  5.50000E+00
   z-type =    2            # z-mesh is linear given by zmin, zmax and nz
     zmin =  -41.00000      # minimum value of z-mesh points
     zmax =   15.00000      # maximum value of z-mesh points
#    zdel =   1.000000      # mesh width of z-mesh points
       nz =     56          # number of z-mesh points
#    data = ( z(i), i = 1, nz + 1 )
#          -4.10000E+01 -4.00000E+01 -3.90000E+01 -3.80000E+01 -3.70000E+01
#          -3.60000E+01 -3.50000E+01 -3.40000E+01 -3.30000E+01 -3.20000E+01
#          -3.10000E+01 -3.00000E+01 -2.90000E+01 -2.80000E+01 -2.70000E+01
#          -2.60000E+01 -2.50000E+01 -2.40000E+01 -2.30000E+01 -2.20000E+01
#          -2.10000E+01 -2.00000E+01 -1.90000E+01 -1.80000E+01 -1.70000E+01
#          -1.60000E+01 -1.50000E+01 -1.40000E+01 -1.30000E+01 -1.20000E+01
#          -1.10000E+01 -1.00000E+01 -9.00000E+00 -8.00000E+00 -7.00000E+00
#          -6.00000E+00 -5.00000E+00 -4.00000E+00 -3.00000E+00 -2.00000E+00
#          -1.00000E+00  0.00000E+00  1.00000E+00  2.00000E+00  3.00000E+00
#           4.00000E+00  5.00000E+00  6.00000E+00  7.00000E+00  8.00000E+00
#           9.00000E+00  1.00000E+01  1.10000E+01  1.20000E+01  1.30000E+01
#           1.40000E+01  1.50000E+01
     trcl =   2004          # transform ID
   e-type =    2            # e-mesh is linear given by emin, emax and ne
     emin =   0.000000      # minimum value of e-mesh points
     emax =  5.0000000E-07  # maximum value of e-mesh points
#    edel =  5.0000000E-07  # mesh width of e-mesh points
       ne =      1          # number of e-mesh points
#    data = ( e(i), i = 1, ne + 1 )
#           0.00000E+00  5.00000E-07
     unit =    1            # unit is [1/cm^2/source]
 material =  all            # (D=all) number of specific material
     axis =       z            # axis of output
     file = thermal_neutron_flux.out  # file name of output for the above axis
     part =  neutron  
# kf/name :  2112     
    gshow =    1            # 0: no 1:bnd, 2:bnd+mat, 3:bnd+reg 4:bnd+lat 5:bmp style
    ginfo =    1            # (D=0) 0:no, 1:show in graph, 2:add file
    resol =    1            # (D=1) resolution of gshow or rshow
    width = 0.5000000       # (D=0.5) width of lines for gshow or rshow
   epsout =    1            # (D=0) generate eps file by ANGEL
#    used :        main (  %)        temp (  %)       total (  %)
#  memory :          65 (  0)           0 (  0)          65 (  0)

#------------------------------------------------------------------------------
#newpage:
#   no. =  1   ie  =  1   ir  =  1
#   e = (   0.0000E+00  -   5.0000E-07  )
#   r = (   0.0000E+00  -   5.5000E+00  )

x: z [cm]
y: Flux [1/cm^2/source]              
p: xlin ylog afac(0.8) form(0.9)
h: n            x            y(neutron ),hh0l n  
#  z-lower      z-upper        neutron   r.err 
  -4.1000E+01  -4.0000E+01   1.5126E+10  0.0039
  -4.0000E+01  -3.9000E+01   1.3770E+10  0.0041
  -3.9000E+01  -3.8000E+01   1.1960E+10  0.0044
  -3.8000E+01  -3.7000E+01   9.8688E+09  0.0047
  -3.7000E+01  -3.6000E+01   7.4502E+09  0.0050
  -3.6000E+01  -3.5000E+01   2.5157E+09  0.0054
  -3.5000E+01  -3.4000E+01   2.1589E+09  0.0102
  -3.4000E+01  -3.3000E+01   2.5500E+09  0.0096
  -3.3000E+01  -3.2000E+01   2.8995E+09  0.0091
  -3.2000E+01  -3.1000E+01   3.1172E+09  0.0089
  -3.1000E+01  -3.0000E+01   3.2823E+09  0.0088
  -3.0000E+01  -2.9000E+01   3.3588E+09  0.0086
  -2.9000E+01  -2.8000E+01   3.4921E+09  0.0085
  -2.8000E+01  -2.7000E+01   3.7666E+09  0.0087
  -2.7000E+01  -2.6000E+01   3.7315E+09  0.0087
  -2.6000E+01  -2.5000E+01   3.6200E+09  0.0090
  -2.5000E+01  -2.4000E+01   3.3904E+09  0.0091
  -2.4000E+01  -2.3000E+01   3.1424E+09  0.0093
  -2.3000E+01  -2.2000E+01   2.8049E+09  0.0095
  -2.2000E+01  -2.1000E+01   2.4833E+09  0.0098
  -2.1000E+01  -2.0000E+01   2.1364E+09  0.0101
  -2.0000E+01  -1.9000E+01   1.7403E+09  0.0100
  -1.9000E+01  -1.8000E+01   1.3538E+09  0.0099
  -1.8000E+01  -1.7000E+01   1.1047E+09  0.0105
  -1.7000E+01  -1.6000E+01   9.6759E+08  0.0115
  -1.6000E+01  -1.5000E+01   8.6932E+08  0.0126
  -1.5000E+01  -1.4000E+01   8.0420E+08  0.0134
  -1.4000E+01  -1.3000E+01   8.1992E+08  0.0143
  -1.3000E+01  -1.2000E+01   9.3654E+08  0.0157
  -1.2000E+01  -1.1000E+01   9.8334E+08  0.0178
  -1.1000E+01  -1.0000E+01   9.1650E+08  0.0202
  -1.0000E+01  -9.0000E+00   8.4285E+08  0.0217
  -9.0000E+00  -8.0000E+00   7.8448E+08  0.0227
  -8.0000E+00  -7.0000E+00   7.0972E+08  0.0240
  -7.0000E+00  -6.0000E+00   6.3843E+08  0.0253
  -6.0000E+00  -5.0000E+00   5.4260E+08  0.0268
  -5.0000E+00  -4.0000E+00   4.6965E+08  0.0282
  -4.0000E+00  -3.0000E+00   4.1009E+08  0.0303
  -3.0000E+00  -2.0000E+00   3.5425E+08  0.0319
  -2.0000E+00  -1.0000E+00   3.0398E+08  0.0337
  -1.0000E+00   0.0000E+00   2.5283E+08  0.0373
   0.0000E+00   1.0000E+00   2.1216E+08  0.0391
   1.0000E+00   2.0000E+00   1.7941E+08  0.0412
   2.0000E+00   3.0000E+00   1.5578E+08  0.0442
   3.0000E+00   4.0000E+00   1.2864E+08  0.0464
   4.0000E+00   5.0000E+00   1.0695E+08  0.0512
   5.0000E+00   6.0000E+00   8.9528E+07  0.0557
   6.0000E+00   7.0000E+00   6.7633E+07  0.0627
   7.0000E+00   8.0000E+00   4.4769E+07  0.0752
   8.0000E+00   9.0000E+00   2.1646E+07  0.0883
   9.0000E+00   1.0000E+01   1.0084E+07  0.0910
   1.0000E+01   1.1000E+01   7.9501E+06  0.0884
   1.1000E+01   1.2000E+01   7.3535E+06  0.0935
   1.2000E+01   1.3000E+01   6.9929E+06  0.0961
   1.3000E+01   1.4000E+01   6.5556E+06  0.1000
   1.4000E+01   1.5000E+01   5.7289E+06  0.1023

#   sum over    5.3219E+03   2.2050E+09

'no. =  1,  ie =  1,  ir =  1'
msuc: {\huge [t-track] in r-z mesh}
msdr: {\it plotted by \ANGEL \version}
msdl: {\it calculated by \PHITS  3.31}
wt: s(0.7)
\vspace{-3}
  emin  &=&   0.0000E+00 [MeV]
  emax  &=&   5.0000E-07 [MeV]
  rmin  &=&   0.0000E+00 [cm]
  rmax  &=&   5.5000E+00 [cm]
e:
 
# Information for Restart Calculation
# This calculation was newly started
# istdev =  2 # 1:Batch variance, 2:History variance
# resc2  = 1.06811775968502986E-07 # Total source weight or Total source weight / maxcas
# resc3  = 1.00000000000000000E+09 # Total history number or Total batch number
# maxcas =      100000 # History / Batch, only used for istdev=1
# bitrseed = 0001001110011001001001110000100100110111001111011100001000101100 # bit data of rseed
