[ T-Track ]
    title = [t-track] in r-z mesh
     mesh =  r-z            # mesh type is r-z scoring mesh
       x0 =   0.000000      # center x-position of r-z mesh
       y0 =   0.000000      # center y-position of r-z mesh
   r-type =    2            # r-mesh is linear given by rmin, rmax and nr
     rmin =   0.000000      # minimum value of r-mesh points
     rmax =   5.500000      # maximum value of r-mesh points
#    rdel =   5.500000      # mesh width of r-mesh points
       nr =      1          # number of r-mesh points
#    data = ( r(i), i = 1, nr + 1 )
#           0.00000E+00  5.50000E+00
   z-type =    2            # z-mesh is linear given by zmin, zmax and nz
     zmin =  -41.00000      # minimum value of z-mesh points
     zmax =   15.00000      # maximum value of z-mesh points
#    zdel =   1.000000      # mesh width of z-mesh points
       nz =     56          # number of z-mesh points
#    data = ( z(i), i = 1, nz + 1 )
#          -4.10000E+01 -4.00000E+01 -3.90000E+01 -3.80000E+01 -3.70000E+01
#          -3.60000E+01 -3.50000E+01 -3.40000E+01 -3.30000E+01 -3.20000E+01
#          -3.10000E+01 -3.00000E+01 -2.90000E+01 -2.80000E+01 -2.70000E+01
#          -2.60000E+01 -2.50000E+01 -2.40000E+01 -2.30000E+01 -2.20000E+01
#          -2.10000E+01 -2.00000E+01 -1.90000E+01 -1.80000E+01 -1.70000E+01
#          -1.60000E+01 -1.50000E+01 -1.40000E+01 -1.30000E+01 -1.20000E+01
#          -1.10000E+01 -1.00000E+01 -9.00000E+00 -8.00000E+00 -7.00000E+00
#          -6.00000E+00 -5.00000E+00 -4.00000E+00 -3.00000E+00 -2.00000E+00
#          -1.00000E+00  0.00000E+00  1.00000E+00  2.00000E+00  3.00000E+00
#           4.00000E+00  5.00000E+00  6.00000E+00  7.00000E+00  8.00000E+00
#           9.00000E+00  1.00000E+01  1.10000E+01  1.20000E+01  1.30000E+01
#           1.40000E+01  1.50000E+01
     trcl =   2004          # transform ID
   e-type =    2            # e-mesh is linear given by emin, emax and ne
     emin =   0.000000      # minimum value of e-mesh points
     emax =   1000.000      # maximum value of e-mesh points
#    edel =   1000.000      # mesh width of e-mesh points
       ne =      1          # number of e-mesh points
#    data = ( e(i), i = 1, ne + 1 )
#           0.00000E+00  1.00000E+03
     unit =    1            # unit is [1/cm^2/source]
 material =  all            # (D=all) number of specific material
     axis =       z            # axis of output
     file = total_neutron_flux.out  # file name of output for the above axis
     part =  neutron  
# kf/name :  2112     
    gshow =    1            # 0: no 1:bnd, 2:bnd+mat, 3:bnd+reg 4:bnd+lat 5:bmp style
    ginfo =    1            # (D=0) 0:no, 1:show in graph, 2:add file
    resol =    1            # (D=1) resolution of gshow or rshow
    width = 0.5000000       # (D=0.5) width of lines for gshow or rshow
   epsout =    1            # (D=0) generate eps file by ANGEL
#    used :        main (  %)        temp (  %)       total (  %)
#  memory :          65 (  0)           0 (  0)          65 (  0)

#------------------------------------------------------------------------------
#newpage:
#   no. =  1   ie  =  1   ir  =  1
#   e = (   0.0000E+00  -   1.0000E+03  )
#   r = (   0.0000E+00  -   5.5000E+00  )

x: z [cm]
y: Flux [1/cm^2/source]              
p: xlin ylog afac(0.8) form(0.9)
h: n            x            y(neutron ),hh0l n  
#  z-lower      z-upper        neutron   r.err 
  -4.1000E+01  -4.0000E+01   8.0062E+10  0.0021
  -4.0000E+01  -3.9000E+01   7.1002E+10  0.0023
  -3.9000E+01  -3.8000E+01   6.1477E+10  0.0024
  -3.8000E+01  -3.7000E+01   5.1320E+10  0.0026
  -3.7000E+01  -3.6000E+01   4.0293E+10  0.0027
  -3.6000E+01  -3.5000E+01   2.1174E+10  0.0031
  -3.5000E+01  -3.4000E+01   1.7704E+10  0.0045
  -3.4000E+01  -3.3000E+01   1.7721E+10  0.0046
  -3.3000E+01  -3.2000E+01   1.7434E+10  0.0046
  -3.2000E+01  -3.1000E+01   1.6827E+10  0.0047
  -3.1000E+01  -3.0000E+01   1.6100E+10  0.0048
  -3.0000E+01  -2.9000E+01   1.5129E+10  0.0049
  -2.9000E+01  -2.8000E+01   1.4243E+10  0.0050
  -2.8000E+01  -2.7000E+01   1.3432E+10  0.0050
  -2.7000E+01  -2.6000E+01   1.2666E+10  0.0051
  -2.6000E+01  -2.5000E+01   1.1800E+10  0.0053
  -2.5000E+01  -2.4000E+01   1.0765E+10  0.0054
  -2.4000E+01  -2.3000E+01   9.7303E+09  0.0056
  -2.3000E+01  -2.2000E+01   8.6989E+09  0.0058
  -2.2000E+01  -2.1000E+01   7.6583E+09  0.0059
  -2.1000E+01  -2.0000E+01   6.5721E+09  0.0061
  -2.0000E+01  -1.9000E+01   5.4957E+09  0.0061
  -1.9000E+01  -1.8000E+01   4.4404E+09  0.0061
  -1.8000E+01  -1.7000E+01   3.7032E+09  0.0064
  -1.7000E+01  -1.6000E+01   3.2360E+09  0.0071
  -1.6000E+01  -1.5000E+01   2.8607E+09  0.0077
  -1.5000E+01  -1.4000E+01   2.5469E+09  0.0081
  -1.4000E+01  -1.3000E+01   2.4192E+09  0.0087
  -1.3000E+01  -1.2000E+01   2.4088E+09  0.0099
  -1.2000E+01  -1.1000E+01   2.1577E+09  0.0117
  -1.1000E+01  -1.0000E+01   1.7386E+09  0.0141
  -1.0000E+01  -9.0000E+00   1.3821E+09  0.0165
  -9.0000E+00  -8.0000E+00   1.1375E+09  0.0188
  -8.0000E+00  -7.0000E+00   9.5497E+08  0.0207
  -7.0000E+00  -6.0000E+00   8.0457E+08  0.0225
  -6.0000E+00  -5.0000E+00   6.7293E+08  0.0243
  -5.0000E+00  -4.0000E+00   5.7058E+08  0.0258
  -4.0000E+00  -3.0000E+00   4.8817E+08  0.0280
  -3.0000E+00  -2.0000E+00   4.1696E+08  0.0296
  -2.0000E+00  -1.0000E+00   3.5230E+08  0.0312
  -1.0000E+00   0.0000E+00   2.9443E+08  0.0343
   0.0000E+00   1.0000E+00   2.4638E+08  0.0357
   1.0000E+00   2.0000E+00   2.0792E+08  0.0374
   2.0000E+00   3.0000E+00   1.8137E+08  0.0403
   3.0000E+00   4.0000E+00   1.5302E+08  0.0424
   4.0000E+00   5.0000E+00   1.2781E+08  0.0464
   5.0000E+00   6.0000E+00   1.0724E+08  0.0498
   6.0000E+00   7.0000E+00   8.3404E+07  0.0552
   7.0000E+00   8.0000E+00   5.9045E+07  0.0629
   8.0000E+00   9.0000E+00   3.2387E+07  0.0701
   9.0000E+00   1.0000E+01   1.9407E+07  0.0703
   1.0000E+01   1.1000E+01   1.6645E+07  0.0708
   1.1000E+01   1.2000E+01   1.5612E+07  0.0751
   1.2000E+01   1.3000E+01   1.4660E+07  0.0758
   1.3000E+01   1.4000E+01   1.4039E+07  0.0775
   1.4000E+01   1.5000E+01   1.2883E+07  0.0803

#   sum over    5.3219E+03   1.0021E+10

'no. =  1,  ie =  1,  ir =  1'
msuc: {\huge [t-track] in r-z mesh}
msdr: {\it plotted by \ANGEL \version}
msdl: {\it calculated by \PHITS  3.31}
wt: s(0.7)
\vspace{-3}
  emin  &=&   0.0000E+00 [MeV]
  emax  &=&   1.0000E+03 [MeV]
  rmin  &=&   0.0000E+00 [cm]
  rmax  &=&   5.5000E+00 [cm]
e:
 
# Information for Restart Calculation
# This calculation was newly started
# istdev =  2 # 1:Batch variance, 2:History variance
# resc2  = 1.06811775968502986E-07 # Total source weight or Total source weight / maxcas
# resc3  = 1.00000000000000000E+09 # Total history number or Total batch number
# maxcas =      100000 # History / Batch, only used for istdev=1
# bitrseed = 0001001110011001001001110000100100110111001111011100001000101100 # bit data of rseed
