[ T-Cross ]
    title = [t-cross] in r-z mesh
     mesh =  r-z            # mesh type is r-z scoring mesh
       x0 =   0.000000      # center x-position of r-z mesh
       y0 =   0.000000      # center y-position of r-z mesh
   r-type =    2            # r-mesh is linear given by rmin, rmax and nr
     rmin =   0.000000      # minimum value of r-mesh points
     rmax =   5.500000      # maximum value of r-mesh points
#    rdel =   5.500000      # mesh width of r-mesh points
       nr =      1          # number of r-mesh points
#    data = ( r(i), i = 1, nr + 1 )
#           0.00000E+00  5.50000E+00
   z-type =    2            # z-mesh is linear given by zmin, zmax and nz
     zmin =  -41.00000      # minimum value of z-mesh points
     zmax =   15.00000      # maximum value of z-mesh points
#    zdel =   1.000000      # mesh width of z-mesh points
       nz =     56          # number of z-mesh points
#    data = ( z(i), i = 1, nz + 1 )
#          -4.10000E+01 -4.00000E+01 -3.90000E+01 -3.80000E+01 -3.70000E+01
#          -3.60000E+01 -3.50000E+01 -3.40000E+01 -3.30000E+01 -3.20000E+01
#          -3.10000E+01 -3.00000E+01 -2.90000E+01 -2.80000E+01 -2.70000E+01
#          -2.60000E+01 -2.50000E+01 -2.40000E+01 -2.30000E+01 -2.20000E+01
#          -2.10000E+01 -2.00000E+01 -1.90000E+01 -1.80000E+01 -1.70000E+01
#          -1.60000E+01 -1.50000E+01 -1.40000E+01 -1.30000E+01 -1.20000E+01
#          -1.10000E+01 -1.00000E+01 -9.00000E+00 -8.00000E+00 -7.00000E+00
#          -6.00000E+00 -5.00000E+00 -4.00000E+00 -3.00000E+00 -2.00000E+00
#          -1.00000E+00  0.00000E+00  1.00000E+00  2.00000E+00  3.00000E+00
#           4.00000E+00  5.00000E+00  6.00000E+00  7.00000E+00  8.00000E+00
#           9.00000E+00  1.00000E+01  1.10000E+01  1.20000E+01  1.30000E+01
#           1.40000E+01  1.50000E+01
     trcl =   2004          # transform ID
   e-type =    2            # e-mesh is linear given by emin, emax and ne
     emin =   0.000000      # minimum value of e-mesh points
     emax =   1000.000      # maximum value of e-mesh points
#    edel =   1000.000      # mesh width of e-mesh points
       ne =      1          # number of e-mesh points
#    data = ( e(i), i = 1, ne + 1 )
#           0.00000E+00  1.00000E+03
  eng2let =    0            # (D=0) Flag to convert energy to LET, 0: not convert, 1: convert
     unit =    1            # unit is [1/cm^2/source]
     axis =    z            # axis of output
     file = total_neutron_current.out  # file name of output for the above axis
   output = current         # surface crossing current spectrum
     part =  neutron  
# kf/name :  2112     
    gshow =    1            # 0: no 1:bnd, 2:bnd+mat, 3:bnd+reg 4:bnd+lat 5:bmp style
    ginfo =    1            # (D=0) 0:no, 1:show in graph, 2:add file
    resol =    1            # (D=1) resolution of gshow
    width = 0.5000000       # (D=0.5) width of lines for gshow
   epsout =    1            # (D=0) generate eps file by ANGEL
#    used :        main (  %)        temp (  %)       total (  %)
#  memory :          65 (  0)           0 (  0)          65 (  0)

#------------------------------------------------------------------------------
#newpage:
#   no. =  1   ir  =  1
#   r = (   0.0000E+00  -   5.5000E+00  )
#  ie =  1
#   e = (   0.0000E+00  -   1.0000E+03  )

x: z [cm]
y: Current [1/cm^2/source]                 
p: xlin ylog afac(0.8) form(0.9)
h:              x            y(neutron ),l3 n 
#       z surface position     neutron   r.err 
               -4.1000E+01   4.2041E+10  0.0020
               -4.0000E+01   3.7503E+10  0.0021
               -3.9000E+01   3.2868E+10  0.0022
               -3.8000E+01   2.7940E+10  0.0024
               -3.7000E+01   2.2962E+10  0.0025
               -3.6000E+01   1.7587E+10  0.0026
               -3.5000E+01   8.7585E+09  0.0039
               -3.4000E+01   8.6317E+09  0.0040
               -3.3000E+01   8.4718E+09  0.0040
               -3.2000E+01   8.2324E+09  0.0041
               -3.1000E+01   7.9297E+09  0.0042
               -3.0000E+01   7.5735E+09  0.0042
               -2.9000E+01   7.1463E+09  0.0043
               -2.8000E+01   6.6451E+09  0.0043
               -2.7000E+01   6.3519E+09  0.0043
               -2.6000E+01   5.9734E+09  0.0044
               -2.5000E+01   5.5703E+09  0.0045
               -2.4000E+01   5.1552E+09  0.0046
               -2.3000E+01   4.7347E+09  0.0047
               -2.2000E+01   4.3264E+09  0.0049
               -2.1000E+01   3.9090E+09  0.0050
               -2.0000E+01   3.5006E+09  0.0052
               -1.9000E+01   3.1660E+09  0.0054
               -1.8000E+01   2.7974E+09  0.0059
               -1.7000E+01   2.4829E+09  0.0063
               -1.6000E+01   2.2062E+09  0.0067
               -1.5000E+01   1.9747E+09  0.0072
               -1.4000E+01   1.8110E+09  0.0077
               -1.3000E+01   1.6769E+09  0.0085
               -1.2000E+01   1.4574E+09  0.0102
               -1.1000E+01   1.1609E+09  0.0124
               -1.0000E+01   8.8006E+08  0.0151
               -9.0000E+00   6.8011E+08  0.0179
               -8.0000E+00   5.4824E+08  0.0204
               -7.0000E+00   4.5467E+08  0.0222
               -6.0000E+00   3.8308E+08  0.0237
               -5.0000E+00   3.2955E+08  0.0253
               -4.0000E+00   2.7537E+08  0.0264
               -3.0000E+00   2.3329E+08  0.0281
               -2.0000E+00   2.0381E+08  0.0302
               -1.0000E+00   1.7158E+08  0.0320
                0.0000E+00   1.4321E+08  0.0344
                1.0000E+00   1.2101E+08  0.0359
                2.0000E+00   1.0352E+08  0.0381
                3.0000E+00   9.1029E+07  0.0401
                4.0000E+00   7.5995E+07  0.0435
                5.0000E+00   6.4657E+07  0.0462
                6.0000E+00   5.2745E+07  0.0527
                7.0000E+00   4.1072E+07  0.0578
                8.0000E+00   2.5767E+07  0.0683
                9.0000E+00   1.6272E+07  0.0728
                1.0000E+01   1.3169E+07  0.0716
                1.1000E+01   1.2794E+07  0.0724
                1.2000E+01   1.2122E+07  0.0750
                1.3000E+01   1.1543E+07  0.0767
                1.4000E+01   1.1316E+07  0.0776
                1.5000E+01   1.0352E+07  0.0814

#   sum over    5.4169E+03   5.3949E+09

'no. =  1,  ie =  1,  ir =  1'
msuc: {\huge [t-cross] in r-z mesh}
msdr: {\it plotted by \ANGEL \version}
msdl: {\it calculated by \PHITS  3.31}
wt: s(0.7)
\vspace{-3}
  z surface crossing
  area  &=&   9.5033E+01 [cm^2]
  rmin  &=&   0.0000E+00 [cm]
  rmax  &=&   5.5000E+00 [cm]
  emin  &=&   0.0000E+00 [MeV]
  emax  &=&   1.0000E+03 [MeV]
e:

#------------------------------------------------------------------------------
 newpage:
#   no. =  2   ir surf =  2
#   rmesh =    5.5000E+00
#  ie =  1
#   e = (   0.0000E+00  -   1.0000E+03  )

x: z [cm]
y: Current [1/cm^2/source]                 
p: xlin ylog afac(0.8) form(0.9)
h:              x            y(neutron ),hh0l n 
#  z-lower      z-upper        neutron   r.err 
  -4.1000E+01  -4.0000E+01   4.0717E+10  0.0028
  -4.0000E+01  -3.9000E+01   3.6248E+10  0.0030
  -3.9000E+01  -3.8000E+01   3.1586E+10  0.0032
  -3.8000E+01  -3.7000E+01   2.6362E+10  0.0035
  -3.7000E+01  -3.6000E+01   2.0756E+10  0.0038
  -3.6000E+01  -3.5000E+01   1.0982E+10  0.0052
  -3.5000E+01  -3.4000E+01   1.0155E+10  0.0063
  -3.4000E+01  -3.3000E+01   1.0368E+10  0.0064
  -3.3000E+01  -3.2000E+01   9.9648E+09  0.0065
  -3.2000E+01  -3.1000E+01   9.4742E+09  0.0066
  -3.1000E+01  -3.0000E+01   8.9891E+09  0.0069
  -3.0000E+01  -2.9000E+01   8.2932E+09  0.0071
  -2.9000E+01  -2.8000E+01   7.4607E+09  0.0073
  -2.8000E+01  -2.7000E+01   6.7751E+09  0.0071
  -2.7000E+01  -2.6000E+01   6.4403E+09  0.0072
  -2.6000E+01  -2.5000E+01   5.9171E+09  0.0075
  -2.5000E+01  -2.4000E+01   5.4238E+09  0.0078
  -2.4000E+01  -2.3000E+01   4.8544E+09  0.0082
  -2.3000E+01  -2.2000E+01   4.2296E+09  0.0087
  -2.2000E+01  -2.1000E+01   3.7611E+09  0.0092
  -2.1000E+01  -2.0000E+01   3.1052E+09  0.0101
  -2.0000E+01  -1.9000E+01   2.4814E+09  0.0109
  -1.9000E+01  -1.8000E+01   1.4888E+09  0.0126
  -1.8000E+01  -1.7000E+01   1.2815E+09  0.0137
  -1.7000E+01  -1.6000E+01   1.2397E+09  0.0148
  -1.6000E+01  -1.5000E+01   1.1899E+09  0.0151
  -1.5000E+01  -1.4000E+01   1.0544E+09  0.0159
  -1.4000E+01  -1.3000E+01   8.6723E+08  0.0162
  -1.3000E+01  -1.2000E+01   8.1226E+08  0.0165
  -1.2000E+01  -1.1000E+01   7.4892E+08  0.0172
  -1.1000E+01  -1.0000E+01   7.0601E+08  0.0182
  -1.0000E+01  -9.0000E+00   6.0747E+08  0.0211
  -9.0000E+00  -8.0000E+00   5.0637E+08  0.0252
  -8.0000E+00  -7.0000E+00   4.3103E+08  0.0280
  -7.0000E+00  -6.0000E+00   3.7731E+08  0.0303
  -6.0000E+00  -5.0000E+00   3.0716E+08  0.0331
  -5.0000E+00  -4.0000E+00   2.4363E+08  0.0367
  -4.0000E+00  -3.0000E+00   2.1809E+08  0.0385
  -3.0000E+00  -2.0000E+00   1.8788E+08  0.0412
  -2.0000E+00  -1.0000E+00   1.5175E+08  0.0462
  -1.0000E+00   0.0000E+00   1.3173E+08  0.0479
   0.0000E+00   1.0000E+00   1.1145E+08  0.0507
   1.0000E+00   2.0000E+00   8.6781E+07  0.0500
   2.0000E+00   3.0000E+00   7.6259E+07  0.0586
   3.0000E+00   4.0000E+00   6.6394E+07  0.0616
   4.0000E+00   5.0000E+00   5.0533E+07  0.0705
   5.0000E+00   6.0000E+00   4.5103E+07  0.0725
   6.0000E+00   7.0000E+00   3.2753E+07  0.0865
   7.0000E+00   8.0000E+00   1.9858E+07  0.1034
   8.0000E+00   9.0000E+00   1.3607E+07  0.1194
   9.0000E+00   1.0000E+01   6.1269E+06  0.1885
   1.0000E+01   1.1000E+01   4.6849E+06  0.1831
   1.1000E+01   1.2000E+01   3.9255E+06  0.2050
   1.2000E+01   1.3000E+01   4.3371E+06  0.1941
   1.3000E+01   1.4000E+01   4.1319E+06  0.1917
   1.4000E+01   1.5000E+01   3.1247E+06  0.2291

#   sum over    1.9352E+03   5.1326E+09

'no. =  2,   ir surf =  2,   ie =  1'
msuc: {\huge [t-cross] in r-z mesh}
msdr: {\it plotted by \ANGEL \version}
msdl: {\it calculated by \PHITS  3.31}
wt: s(0.7)
\vspace{-3}
  r surface crossing
  r     &=&   5.5000E+00 [cm]
  emin  &=&   0.0000E+00 [MeV]
  emax  &=&   1.0000E+03 [MeV]
 tot area  &=&   1.9352E+03 [cm^2]
e:
 
# Information for Restart Calculation
# This calculation was newly started
# istdev =  2 # 1:Batch variance, 2:History variance
# resc2  = 1.06811775968502986E-07 # Total source weight or Total source weight / maxcas
# resc3  = 1.00000000000000000E+09 # Total history number or Total batch number
# maxcas =      100000 # History / Batch, only used for istdev=1
# bitrseed = 0001001110011001001001110000100100110111001111011100001000101100 # bit data of rseed
